/home/kli3/.conda/envs/scbert/lib/python3.9/site-packages/torch/distributed/launch.py:181: FutureWarning: The module torch.distributed.launch is deprecated
and will be removed in future. Use torchrun.
Note that --use-env is set by default in torchrun.
If your script expects `--local-rank` argument to be set, please
change it to read from `os.environ['LOCAL_RANK']` instead. See 
https://pytorch.org/docs/stable/distributed.html#launch-utility for 
further instructions

  warnings.warn(
WARNING:torch.distributed.run:
*****************************************
Setting OMP_NUM_THREADS environment variable for each process to be 1 in default, to avoid your system being overloaded, please further tune the variable for optimal performance in your application as needed. 
*****************************************
Batch Size (per node): Batch Size (per node):  3Batch Size (per node):  
 3Learning Rate: 3
 
Learning Rate: 0.0001Learning Rate:  
 0.00010.0001

Batch Size (per node):  3
Learning Rate:  0.0001
DEVICES:  [<torch.cuda.device object at 0x1458737b54c0>, <torch.cuda.device object at 0x1458737b5490>, <torch.cuda.device object at 0x1458737b5310>, <torch.cuda.device object at 0x1458737b54f0>]
DEVICES:  [<torch.cuda.device object at 0x15456e575340>, <torch.cuda.device object at 0x15456e5753d0>, <torch.cuda.device object at 0x15456e575250>, <torch.cuda.device object at 0x15456e575430>]
DEVICES:  [<torch.cuda.device object at 0x14f18ef67370>, <torch.cuda.device object at 0x14f18ef67400>, <torch.cuda.device object at 0x14f18ef67280>, <torch.cuda.device object at 0x14f18ef67460>]
DEVICES:  [<torch.cuda.device object at 0x1486e5383430>, <torch.cuda.device object at 0x1486e53834c0>, <torch.cuda.device object at 0x1486e5383340>, <torch.cuda.device object at 0x1486e5383520>]
/panfs/ccds02/nobackup/people/kli3/RNALearner/performer_pytorch/performer_pytorch.py:115: UserWarning: torch.qr is deprecated in favor of torch.linalg.qr and will be removed in a future PyTorch release.
The boolean parameter 'some' has been replaced with a string parameter 'mode'.
Q, R = torch.qr(A, some)
should be replaced with
Q, R = torch.linalg.qr(A, 'reduced' if some else 'complete') (Triggered internally at /opt/conda/conda-bld/pytorch_1678402374358/work/aten/src/ATen/native/BatchLinearAlgebra.cpp:2425.)
  q, r = torch.qr(unstructured_block.cpu(), some = True)
/panfs/ccds02/nobackup/people/kli3/RNALearner/performer_pytorch/performer_pytorch.py:115: UserWarning: torch.qr is deprecated in favor of torch.linalg.qr and will be removed in a future PyTorch release.
The boolean parameter 'some' has been replaced with a string parameter 'mode'.
Q, R = torch.qr(A, some)
should be replaced with
Q, R = torch.linalg.qr(A, 'reduced' if some else 'complete') (Triggered internally at /opt/conda/conda-bld/pytorch_1678402374358/work/aten/src/ATen/native/BatchLinearAlgebra.cpp:2425.)
  q, r = torch.qr(unstructured_block.cpu(), some = True)
/panfs/ccds02/nobackup/people/kli3/RNALearner/performer_pytorch/performer_pytorch.py:115: UserWarning: torch.qr is deprecated in favor of torch.linalg.qr and will be removed in a future PyTorch release.
The boolean parameter 'some' has been replaced with a string parameter 'mode'.
Q, R = torch.qr(A, some)
should be replaced with
Q, R = torch.linalg.qr(A, 'reduced' if some else 'complete') (Triggered internally at /opt/conda/conda-bld/pytorch_1678402374358/work/aten/src/ATen/native/BatchLinearAlgebra.cpp:2425.)
  q, r = torch.qr(unstructured_block.cpu(), some = True)
/panfs/ccds02/nobackup/people/kli3/RNALearner/performer_pytorch/performer_pytorch.py:115: UserWarning: torch.qr is deprecated in favor of torch.linalg.qr and will be removed in a future PyTorch release.
The boolean parameter 'some' has been replaced with a string parameter 'mode'.
Q, R = torch.qr(A, some)
should be replaced with
Q, R = torch.linalg.qr(A, 'reduced' if some else 'complete') (Triggered internally at /opt/conda/conda-bld/pytorch_1678402374358/work/aten/src/ATen/native/BatchLinearAlgebra.cpp:2425.)
  q, r = torch.qr(unstructured_block.cpu(), some = True)
slurmstepd: error: *** JOB 36514541 ON gpu007 CANCELLED AT 2023-04-04T04:08:57 ***
WARNING:torch.distributed.elastic.agent.server.api:Received 15 death signal, shutting down workers
WARNING:torch.distributed.elastic.multiprocessing.api:Sending process 1262154 closing signal SIGTERM
WARNING:torch.distributed.elastic.multiprocessing.api:Sending process 1262155 closing signal SIGTERM
WARNING:torch.distributed.elastic.multiprocessing.api:Sending process 1262156 closing signal SIGTERM
WARNING:torch.distributed.elastic.multiprocessing.api:Sending process 1262157 closing signal SIGTERM
WARNING:torch.distributed.elastic.multiprocessing.api:Sending process 1262154 closing signal SIGTERM
WARNING:torch.distributed.elastic.multiprocessing.api:Sending process 1262155 closing signal SIGTERM
WARNING:torch.distributed.elastic.multiprocessing.api:Sending process 1262156 closing signal SIGTERM
WARNING:torch.distributed.elastic.multiprocessing.api:Sending process 1262157 closing signal SIGTERM
Traceback (most recent call last):
  File "/home/kli3/.conda/envs/scbert/lib/python3.9/site-packages/torch/distributed/elastic/agent/server/api.py", line 723, in run
    result = self._invoke_run(role)
  File "/home/kli3/.conda/envs/scbert/lib/python3.9/site-packages/torch/distributed/elastic/agent/server/api.py", line 864, in _invoke_run
    time.sleep(monitor_interval)
  File "/home/kli3/.conda/envs/scbert/lib/python3.9/site-packages/torch/distributed/elastic/multiprocessing/api.py", line 62, in _terminate_process_handler
    raise SignalException(f"Process {os.getpid()} got signal: {sigval}", sigval=sigval)
torch.distributed.elastic.multiprocessing.api.SignalException: Process 1262151 got signal: 15

During handling of the above exception, another exception occurred:

Traceback (most recent call last):
  File "/home/kli3/.conda/envs/scbert/lib/python3.9/runpy.py", line 197, in _run_module_as_main
    return _run_code(code, main_globals, None,
  File "/home/kli3/.conda/envs/scbert/lib/python3.9/runpy.py", line 87, in _run_code
    exec(code, run_globals)
  File "/home/kli3/.conda/envs/scbert/lib/python3.9/site-packages/torch/distributed/launch.py", line 196, in <module>
    main()
  File "/home/kli3/.conda/envs/scbert/lib/python3.9/site-packages/torch/distributed/launch.py", line 192, in main
    launch(args)
  File "/home/kli3/.conda/envs/scbert/lib/python3.9/site-packages/torch/distributed/launch.py", line 177, in launch
    run(args)
  File "/home/kli3/.conda/envs/scbert/lib/python3.9/site-packages/torch/distributed/run.py", line 785, in run
    elastic_launch(
  File "/home/kli3/.conda/envs/scbert/lib/python3.9/site-packages/torch/distributed/launcher/api.py", line 134, in __call__
    return launch_agent(self._config, self._entrypoint, list(args))
  File "/home/kli3/.conda/envs/scbert/lib/python3.9/site-packages/torch/distributed/launcher/api.py", line 241, in launch_agent
    result = agent.run()
  File "/home/kli3/.conda/envs/scbert/lib/python3.9/site-packages/torch/distributed/elastic/metrics/api.py", line 129, in wrapper
    result = f(*args, **kwargs)
  File "/home/kli3/.conda/envs/scbert/lib/python3.9/site-packages/torch/distributed/elastic/agent/server/api.py", line 730, in run
    self._shutdown(e.sigval)
  File "/home/kli3/.conda/envs/scbert/lib/python3.9/site-packages/torch/distributed/elastic/agent/server/local_elastic_agent.py", line 289, in _shutdown
    self._pcontext.close(death_sig)
  File "/home/kli3/.conda/envs/scbert/lib/python3.9/site-packages/torch/distributed/elastic/multiprocessing/api.py", line 331, in close
    self._close(death_sig=death_sig, timeout=timeout)
  File "/home/kli3/.conda/envs/scbert/lib/python3.9/site-packages/torch/distributed/elastic/multiprocessing/api.py", line 708, in _close
    handler.proc.wait(time_to_wait)
  File "/home/kli3/.conda/envs/scbert/lib/python3.9/subprocess.py", line 1189, in wait
    return self._wait(timeout=timeout)
  File "/home/kli3/.conda/envs/scbert/lib/python3.9/subprocess.py", line 1911, in _wait
    time.sleep(delay)
  File "/home/kli3/.conda/envs/scbert/lib/python3.9/site-packages/torch/distributed/elastic/multiprocessing/api.py", line 62, in _terminate_process_handler
    raise SignalException(f"Process {os.getpid()} got signal: {sigval}", sigval=sigval)
torch.distributed.elastic.multiprocessing.api.SignalException: Process 1262151 got signal: 15
