/home/kli3/.conda/envs/scbert/lib/python3.9/site-packages/torch/distributed/launch.py:181: FutureWarning: The module torch.distributed.launch is deprecated
and will be removed in future. Use torchrun.
Note that --use-env is set by default in torchrun.
If your script expects `--local-rank` argument to be set, please
change it to read from `os.environ['LOCAL_RANK']` instead. See 
https://pytorch.org/docs/stable/distributed.html#launch-utility for 
further instructions

  warnings.warn(
WARNING:torch.distributed.run:
*****************************************
Setting OMP_NUM_THREADS environment variable for each process to be 1 in default, to avoid your system being overloaded, please further tune the variable for optimal performance in your application as needed. 
*****************************************
Batch Size (per node): Batch Size (per node):   33

Learning Rate: Learning Rate:   0.00010.0001Batch Size (per node): 

 3
Learning Rate:  0.0001
Batch Size (per node):  3
Learning Rate:  0.0001
DEVICES:  [<torch.cuda.device object at 0x14fd91bcbc40>, <torch.cuda.device object at 0x14fd91bcbc10>, <torch.cuda.device object at 0x14fd91bcba90>, <torch.cuda.device object at 0x14fd91bcbc70>]
DEVICES:  [<torch.cuda.device object at 0x1490c29d0ca0>, <torch.cuda.device object at 0x1490c29d0d30>, <torch.cuda.device object at 0x1490c29d0bb0>, <torch.cuda.device object at 0x1490c29d0d90>]
DEVICES:  [<torch.cuda.device object at 0x14cbc04c6c70>, <torch.cuda.device object at 0x14cbc04c6d00>, <torch.cuda.device object at 0x14cbc04c6b80>, <torch.cuda.device object at 0x14cbc04c6d60>]
DEVICES:  [<torch.cuda.device object at 0x15054824ab50>, <torch.cuda.device object at 0x15054824abe0>, <torch.cuda.device object at 0x15054824aa60>, <torch.cuda.device object at 0x15054824ac40>]
/panfs/ccds02/nobackup/people/kli3/RNALearner/performer_pytorch/performer_pytorch.py:115: UserWarning: torch.qr is deprecated in favor of torch.linalg.qr and will be removed in a future PyTorch release.
The boolean parameter 'some' has been replaced with a string parameter 'mode'.
Q, R = torch.qr(A, some)
should be replaced with
Q, R = torch.linalg.qr(A, 'reduced' if some else 'complete') (Triggered internally at /opt/conda/conda-bld/pytorch_1678402374358/work/aten/src/ATen/native/BatchLinearAlgebra.cpp:2425.)
  q, r = torch.qr(unstructured_block.cpu(), some = True)
/panfs/ccds02/nobackup/people/kli3/RNALearner/performer_pytorch/performer_pytorch.py:115: UserWarning: torch.qr is deprecated in favor of torch.linalg.qr and will be removed in a future PyTorch release.
The boolean parameter 'some' has been replaced with a string parameter 'mode'.
Q, R = torch.qr(A, some)
should be replaced with
Q, R = torch.linalg.qr(A, 'reduced' if some else 'complete') (Triggered internally at /opt/conda/conda-bld/pytorch_1678402374358/work/aten/src/ATen/native/BatchLinearAlgebra.cpp:2425.)
  q, r = torch.qr(unstructured_block.cpu(), some = True)
/panfs/ccds02/nobackup/people/kli3/RNALearner/performer_pytorch/performer_pytorch.py:115: UserWarning: torch.qr is deprecated in favor of torch.linalg.qr and will be removed in a future PyTorch release.
The boolean parameter 'some' has been replaced with a string parameter 'mode'.
Q, R = torch.qr(A, some)
should be replaced with
Q, R = torch.linalg.qr(A, 'reduced' if some else 'complete') (Triggered internally at /opt/conda/conda-bld/pytorch_1678402374358/work/aten/src/ATen/native/BatchLinearAlgebra.cpp:2425.)
  q, r = torch.qr(unstructured_block.cpu(), some = True)
/panfs/ccds02/nobackup/people/kli3/RNALearner/performer_pytorch/performer_pytorch.py:115: UserWarning: torch.qr is deprecated in favor of torch.linalg.qr and will be removed in a future PyTorch release.
The boolean parameter 'some' has been replaced with a string parameter 'mode'.
Q, R = torch.qr(A, some)
should be replaced with
Q, R = torch.linalg.qr(A, 'reduced' if some else 'complete') (Triggered internally at /opt/conda/conda-bld/pytorch_1678402374358/work/aten/src/ATen/native/BatchLinearAlgebra.cpp:2425.)
  q, r = torch.qr(unstructured_block.cpu(), some = True)
tensor([[ 1.5340e-02, -3.0224e-02,  1.2831e-02,  ..., -3.8870e-02,
         -1.9051e-02,  8.9922e-03],
        [ 1.4721e-03, -5.5096e-03,  1.3849e-03,  ..., -3.1479e-03,
          1.3084e-03,  4.3480e-03],
        [ 2.2229e-04, -9.2349e-04,  1.9176e-04,  ..., -1.9300e-03,
         -8.0391e-04,  2.8399e-04],
        ...,
        [-3.3492e-06, -1.0624e-05, -2.1967e-06,  ..., -1.0961e-05,
         -1.6972e-06, -4.0971e-06],
        [ 4.1614e-05,  3.2596e-05,  3.1872e-05,  ..., -2.3580e-05,
          6.2007e-06,  1.8593e-05],
        [-2.7185e-03, -4.7148e-02, -2.9669e-03,  ..., -7.3378e-03,
          3.8556e-02,  5.6023e-02]], device='cuda:1')
tensor([[ 1.5340e-02, -3.0224e-02,  1.2831e-02,  ..., -3.8870e-02,
         -1.9051e-02,  8.9922e-03],
        [ 1.4721e-03, -5.5096e-03,  1.3849e-03,  ..., -3.1479e-03,
          1.3084e-03,  4.3480e-03],
        [ 2.2229e-04, -9.2349e-04,  1.9176e-04,  ..., -1.9300e-03,
         -8.0391e-04,  2.8399e-04],
        ...,
        [-3.3492e-06, -1.0624e-05, -2.1967e-06,  ..., -1.0961e-05,
         -1.6972e-06, -4.0971e-06],
        [ 4.1614e-05,  3.2596e-05,  3.1872e-05,  ..., -2.3580e-05,
          6.2007e-06,  1.8593e-05],
        [-2.7185e-03, -4.7148e-02, -2.9669e-03,  ..., -7.3378e-03,
          3.8556e-02,  5.6023e-02]], device='cuda:0')tensor([[ 1.5340e-02, -3.0224e-02,  1.2831e-02,  ..., -3.8870e-02,
         -1.9051e-02,  8.9922e-03],
        [ 1.4721e-03, -5.5096e-03,  1.3849e-03,  ..., -3.1479e-03,
          1.3084e-03,  4.3480e-03],
        [ 2.2229e-04, -9.2349e-04,  1.9176e-04,  ..., -1.9300e-03,
         -8.0391e-04,  2.8399e-04],
        ...,
        [-3.3492e-06, -1.0624e-05, -2.1967e-06,  ..., -1.0961e-05,
         -1.6972e-06, -4.0971e-06],
        [ 4.1614e-05,  3.2596e-05,  3.1872e-05,  ..., -2.3580e-05,
          6.2007e-06,  1.8593e-05],
        [-2.7185e-03, -4.7148e-02, -2.9669e-03,  ..., -7.3378e-03,
          3.8556e-02,  5.6023e-02]], device='cuda:3')
module.token_emb.weight

tensor([[ 1.5340e-02, -3.0224e-02,  1.2831e-02,  ..., -3.8870e-02,
         -1.9051e-02,  8.9922e-03],
        [ 1.4721e-03, -5.5096e-03,  1.3849e-03,  ..., -3.1479e-03,
          1.3084e-03,  4.3480e-03],
        [ 2.2229e-04, -9.2349e-04,  1.9176e-04,  ..., -1.9300e-03,
         -8.0391e-04,  2.8399e-04],
        ...,
        [-3.3492e-06, -1.0624e-05, -2.1967e-06,  ..., -1.0961e-05,
         -1.6972e-06, -4.0971e-06],
        [ 4.1614e-05,  3.2596e-05,  3.1872e-05,  ..., -2.3580e-05,
          6.2007e-06,  1.8593e-05],
        [-2.7185e-03, -4.7148e-02, -2.9669e-03,  ..., -7.3378e-03,
          3.8556e-02,  5.6023e-02]], device='cuda:2')module.token_emb.weightmodule.token_emb.weight


module.token_emb.weight
None
module.pos_emb.emb.weight
NoneNone

Nonemodule.pos_emb.emb.weightmodule.pos_emb.emb.weight


module.pos_emb.emb.weight
Traceback (most recent call last):
Traceback (most recent call last):
  File "/panfs/ccds02/nobackup/people/kli3/RNALearner/pretrain.py", line 236, in <module>
  File "/panfs/ccds02/nobackup/people/kli3/RNALearner/pretrain.py", line 236, in <module>
Traceback (most recent call last):
  File "/panfs/ccds02/nobackup/people/kli3/RNALearner/pretrain.py", line 236, in <module>
    param.grad *= guidance_mask[name]
    Traceback (most recent call last):
TypeErrorparam.grad *= guidance_mask[name]  File "/panfs/ccds02/nobackup/people/kli3/RNALearner/pretrain.py", line 236, in <module>
: 
unsupported operand type(s) for *=: 'NoneType' and 'int'
TypeError: unsupported operand type(s) for *=: 'NoneType' and 'int'
    param.grad *= guidance_mask[name]
TypeError: unsupported operand type(s) for *=: 'NoneType' and 'int'
    param.grad *= guidance_mask[name]
TypeError: unsupported operand type(s) for *=: 'NoneType' and 'int'
ERROR:torch.distributed.elastic.multiprocessing.api:failed (exitcode: 1) local_rank: 0 (pid: 768949) of binary: /home/kli3/.conda/envs/scbert/bin/python3
Traceback (most recent call last):
  File "/home/kli3/.conda/envs/scbert/lib/python3.9/runpy.py", line 197, in _run_module_as_main
    return _run_code(code, main_globals, None,
  File "/home/kli3/.conda/envs/scbert/lib/python3.9/runpy.py", line 87, in _run_code
    exec(code, run_globals)
  File "/home/kli3/.conda/envs/scbert/lib/python3.9/site-packages/torch/distributed/launch.py", line 196, in <module>
    main()
  File "/home/kli3/.conda/envs/scbert/lib/python3.9/site-packages/torch/distributed/launch.py", line 192, in main
    launch(args)
  File "/home/kli3/.conda/envs/scbert/lib/python3.9/site-packages/torch/distributed/launch.py", line 177, in launch
    run(args)
  File "/home/kli3/.conda/envs/scbert/lib/python3.9/site-packages/torch/distributed/run.py", line 785, in run
    elastic_launch(
  File "/home/kli3/.conda/envs/scbert/lib/python3.9/site-packages/torch/distributed/launcher/api.py", line 134, in __call__
    return launch_agent(self._config, self._entrypoint, list(args))
  File "/home/kli3/.conda/envs/scbert/lib/python3.9/site-packages/torch/distributed/launcher/api.py", line 250, in launch_agent
    raise ChildFailedError(
torch.distributed.elastic.multiprocessing.errors.ChildFailedError: 
============================================================
pretrain.py FAILED
------------------------------------------------------------
Failures:
[1]:
  time      : 2023-03-30_20:32:42
  host      : gpu001.atstor.adapt.nccs.nasa.gov
  rank      : 1 (local_rank: 1)
  exitcode  : 1 (pid: 768950)
  error_file: <N/A>
  traceback : To enable traceback see: https://pytorch.org/docs/stable/elastic/errors.html
[2]:
  time      : 2023-03-30_20:32:42
  host      : gpu001.atstor.adapt.nccs.nasa.gov
  rank      : 2 (local_rank: 2)
  exitcode  : 1 (pid: 768951)
  error_file: <N/A>
  traceback : To enable traceback see: https://pytorch.org/docs/stable/elastic/errors.html
[3]:
  time      : 2023-03-30_20:32:42
  host      : gpu001.atstor.adapt.nccs.nasa.gov
  rank      : 3 (local_rank: 3)
  exitcode  : 1 (pid: 768952)
  error_file: <N/A>
  traceback : To enable traceback see: https://pytorch.org/docs/stable/elastic/errors.html
------------------------------------------------------------
Root Cause (first observed failure):
[0]:
  time      : 2023-03-30_20:32:42
  host      : gpu001.atstor.adapt.nccs.nasa.gov
  rank      : 0 (local_rank: 0)
  exitcode  : 1 (pid: 768949)
  error_file: <N/A>
  traceback : To enable traceback see: https://pytorch.org/docs/stable/elastic/errors.html
============================================================
JobID        JobIDRaw        JobName  Partition  MaxVMSize  MaxVMSizeNode  MaxVMSizeTask  AveVMSize     MaxRSS MaxRSSNode MaxRSSTask     AveRSS MaxPages MaxPagesNode   MaxPagesTask   AvePages     MinCPU MinCPUNode MinCPUTask     AveCPU   NTasks  AllocCPUS    Elapsed      State ExitCode AveCPUFreq ReqCPUFreqMin ReqCPUFreqMax ReqCPUFreqGov     ReqMem ConsumedEnergy  MaxDiskRead MaxDiskReadNode MaxDiskReadTask    AveDiskRead MaxDiskWrite MaxDiskWriteNode MaxDiskWriteTask   AveDiskWrite    ReqTRES  AllocTRES TRESUsageInAve TRESUsageInMax TRESUsageInMaxNode TRESUsageInMaxTask TRESUsageInMin TRESUsageInMinNode TRESUsageInMinTask TRESUsageInTot TRESUsageOutMax TRESUsageOutMaxNode TRESUsageOutMaxTask TRESUsageOutAve TRESUsageOutTot 
------------ ------------ ---------- ---------- ---------- -------------- -------------- ---------- ---------- ---------- ---------- ---------- -------- ------------ -------------- ---------- ---------- ---------- ---------- ---------- -------- ---------- ---------- ---------- -------- ---------- ------------- ------------- ------------- ---------- -------------- ------------ --------------- --------------- -------------- ------------ ---------------- ---------------- -------------- ---------- ---------- -------------- -------------- ------------------ ------------------ -------------- ------------------ ------------------ -------------- --------------- ------------------- ------------------- --------------- --------------- 
36514392     36514392        GTLTest    compute                                                                                                                                                                                                              32   00:02:15    RUNNING      0:0                  Unknown       Unknown       Unknown       720G                                                                                                                                          billing=3+ billing=3+                                                                                                                                                                                                                                 
36514392.ba+ 36514392.ba+      batch                                                                                                                                                                                                               1         32   00:02:15    RUNNING      0:0          0             0             0             0                         0                                                                                                                                      cpu=32,gr+                                                                                                                                                                                                                                 
