/home/kli3/.conda/envs/scbert/lib/python3.9/site-packages/torch/distributed/launch.py:180: FutureWarning: The module torch.distributed.launch is deprecated
and will be removed in future. Use torchrun.
Note that --use_env is set by default in torchrun.
If your script expects `--local_rank` argument to be set, please
change it to read from `os.environ['LOCAL_RANK']` instead. See 
https://pytorch.org/docs/stable/distributed.html#launch-utility for 
further instructions

  warnings.warn(
DEVICES:  [<torch.cuda.device object at 0x148c95800fd0>, <torch.cuda.device object at 0x148c95800fa0>, <torch.cuda.device object at 0x148c95800e20>, <torch.cuda.device object at 0x148c95815040>]
DEBUG:  /panfs/ccds02/nobackup/people/kli3/RNALearner
/panfs/ccds02/nobackup/people/kli3/RNALearner/performer_pytorch/performer_pytorch.py:115: UserWarning: torch.qr is deprecated in favor of torch.linalg.qr and will be removed in a future PyTorch release.
The boolean parameter 'some' has been replaced with a string parameter 'mode'.
Q, R = torch.qr(A, some)
should be replaced with
Q, R = torch.linalg.qr(A, 'reduced' if some else 'complete') (Triggered internally at ../aten/src/ATen/native/BatchLinearAlgebra.cpp:2349.)
  q, r = torch.qr(unstructured_block.cpu(), some = True)
Traceback (most recent call last):
  File "/panfs/ccds02/nobackup/people/kli3/RNALearner/pretrain.py", line 203, in <module>
    logits = model(data)
  File "/home/kli3/.conda/envs/scbert/lib/python3.9/site-packages/torch/nn/modules/module.py", line 1194, in _call_impl
    return forward_call(*input, **kwargs)
  File "/home/kli3/.conda/envs/scbert/lib/python3.9/site-packages/torch/nn/parallel/distributed.py", line 1040, in forward
    output = self._run_ddp_forward(*inputs, **kwargs)
  File "/home/kli3/.conda/envs/scbert/lib/python3.9/site-packages/torch/nn/parallel/distributed.py", line 1000, in _run_ddp_forward
    return module_to_run(*inputs[0], **kwargs[0])
  File "/home/kli3/.conda/envs/scbert/lib/python3.9/site-packages/torch/nn/modules/module.py", line 1194, in _call_impl
    return forward_call(*input, **kwargs)
  File "/panfs/ccds02/nobackup/people/kli3/RNALearner/performer_pytorch/performer_pytorch.py", line 630, in forward
    x = self.performer(x, pos_emb = layer_pos_emb, output_attentions = output_attentions, **kwargs)
  File "/home/kli3/.conda/envs/scbert/lib/python3.9/site-packages/torch/nn/modules/module.py", line 1194, in _call_impl
    return forward_call(*input, **kwargs)
  File "/panfs/ccds02/nobackup/people/kli3/RNALearner/performer_pytorch/performer_pytorch.py", line 544, in forward
    return self.net(x, output_attentions = output_attentions, **kwargs)
  File "/home/kli3/.conda/envs/scbert/lib/python3.9/site-packages/torch/nn/modules/module.py", line 1194, in _call_impl
    return forward_call(*input, **kwargs)
  File "/panfs/ccds02/nobackup/people/kli3/RNALearner/performer_pytorch/reversible.py", line 144, in forward
    x = x + f(x, **f_args)
  File "/home/kli3/.conda/envs/scbert/lib/python3.9/site-packages/torch/nn/modules/module.py", line 1194, in _call_impl
    return forward_call(*input, **kwargs)
  File "/panfs/ccds02/nobackup/people/kli3/RNALearner/performer_pytorch/performer_pytorch.py", line 298, in forward
    return self.fn(self.norm(x), **kwargs)
  File "/home/kli3/.conda/envs/scbert/lib/python3.9/site-packages/torch/nn/modules/module.py", line 1194, in _call_impl
    return forward_call(*input, **kwargs)
  File "/panfs/ccds02/nobackup/people/kli3/RNALearner/performer_pytorch/performer_pytorch.py", line 395, in forward
    out = self.fast_attention(q, k, v)
  File "/home/kli3/.conda/envs/scbert/lib/python3.9/site-packages/torch/nn/modules/module.py", line 1194, in _call_impl
    return forward_call(*input, **kwargs)
  File "/panfs/ccds02/nobackup/people/kli3/RNALearner/performer_pytorch/performer_pytorch.py", line 249, in forward
    q = create_kernel(q, is_query = True)
  File "/panfs/ccds02/nobackup/people/kli3/RNALearner/performer_pytorch/performer_pytorch.py", line 89, in softmax_kernel
    torch.exp(data_dash - diag_data -
torch.cuda.OutOfMemoryError: CUDA out of memory. Tried to allocate 9.59 GiB (GPU 0; 31.74 GiB total capacity; 27.77 GiB already allocated; 731.38 MiB free; 29.96 GiB reserved in total by PyTorch) If reserved memory is >> allocated memory try setting max_split_size_mb to avoid fragmentation.  See documentation for Memory Management and PYTORCH_CUDA_ALLOC_CONF
ERROR:torch.distributed.elastic.multiprocessing.api:failed (exitcode: 1) local_rank: 0 (pid: 761230) of binary: /home/kli3/.conda/envs/scbert/bin/python3
Traceback (most recent call last):
  File "/home/kli3/.conda/envs/scbert/lib/python3.9/runpy.py", line 197, in _run_module_as_main
    return _run_code(code, main_globals, None,
  File "/home/kli3/.conda/envs/scbert/lib/python3.9/runpy.py", line 87, in _run_code
    exec(code, run_globals)
  File "/home/kli3/.conda/envs/scbert/lib/python3.9/site-packages/torch/distributed/launch.py", line 195, in <module>
    main()
  File "/home/kli3/.conda/envs/scbert/lib/python3.9/site-packages/torch/distributed/launch.py", line 191, in main
    launch(args)
  File "/home/kli3/.conda/envs/scbert/lib/python3.9/site-packages/torch/distributed/launch.py", line 176, in launch
    run(args)
  File "/home/kli3/.conda/envs/scbert/lib/python3.9/site-packages/torch/distributed/run.py", line 753, in run
    elastic_launch(
  File "/home/kli3/.conda/envs/scbert/lib/python3.9/site-packages/torch/distributed/launcher/api.py", line 132, in __call__
    return launch_agent(self._config, self._entrypoint, list(args))
  File "/home/kli3/.conda/envs/scbert/lib/python3.9/site-packages/torch/distributed/launcher/api.py", line 246, in launch_agent
    raise ChildFailedError(
torch.distributed.elastic.multiprocessing.errors.ChildFailedError: 
============================================================
pretrain.py FAILED
------------------------------------------------------------
Failures:
  <NO_OTHER_FAILURES>
------------------------------------------------------------
Root Cause (first observed failure):
[0]:
  time      : 2023-03-02_05:07:51
  host      : gpu011.atstor.adapt.nccs.nasa.gov
  rank      : 0 (local_rank: 0)
  exitcode  : 1 (pid: 761230)
  error_file: <N/A>
  traceback : To enable traceback see: https://pytorch.org/docs/stable/elastic/errors.html
============================================================
JobID        JobIDRaw        JobName  Partition  MaxVMSize  MaxVMSizeNode  MaxVMSizeTask  AveVMSize     MaxRSS MaxRSSNode MaxRSSTask     AveRSS MaxPages MaxPagesNode   MaxPagesTask   AvePages     MinCPU MinCPUNode MinCPUTask     AveCPU   NTasks  AllocCPUS    Elapsed      State ExitCode AveCPUFreq ReqCPUFreqMin ReqCPUFreqMax ReqCPUFreqGov     ReqMem ConsumedEnergy  MaxDiskRead MaxDiskReadNode MaxDiskReadTask    AveDiskRead MaxDiskWrite MaxDiskWriteNode MaxDiskWriteTask   AveDiskWrite    ReqTRES  AllocTRES TRESUsageInAve TRESUsageInMax TRESUsageInMaxNode TRESUsageInMaxTask TRESUsageInMin TRESUsageInMinNode TRESUsageInMinTask TRESUsageInTot TRESUsageOutMax TRESUsageOutMaxNode TRESUsageOutMaxTask TRESUsageOutAve TRESUsageOutTot 
------------ ------------ ---------- ---------- ---------- -------------- -------------- ---------- ---------- ---------- ---------- ---------- -------- ------------ -------------- ---------- ---------- ---------- ---------- ---------- -------- ---------- ---------- ---------- -------- ---------- ------------- ------------- ------------- ---------- -------------- ------------ --------------- --------------- -------------- ------------ ---------------- ---------------- -------------- ---------- ---------- -------------- -------------- ------------------ ------------------ -------------- ------------------ ------------------ -------------- --------------- ------------------- ------------------- --------------- --------------- 
36513241     36513241     scbertpre+    compute                                                                                                                                                                                                              32   00:03:14    RUNNING      0:0                  Unknown       Unknown       Unknown       400G                                                                                                                                          billing=3+ billing=3+                                                                                                                                                                                                                                 
36513241.ba+ 36513241.ba+      batch                                                                                                                                                                                                               1         32   00:03:14    RUNNING      0:0          0             0             0             0                         0                                                                                                                                      cpu=32,gr+                                                                                                                                                                                                                                 
