/home/kli3/.conda/envs/scbert/lib/python3.9/site-packages/torch/distributed/launch.py:181: FutureWarning: The module torch.distributed.launch is deprecated
and will be removed in future. Use torchrun.
Note that --use-env is set by default in torchrun.
If your script expects `--local-rank` argument to be set, please
change it to read from `os.environ['LOCAL_RANK']` instead. See 
https://pytorch.org/docs/stable/distributed.html#launch-utility for 
further instructions

  warnings.warn(
WARNING:torch.distributed.run:
*****************************************
Setting OMP_NUM_THREADS environment variable for each process to be 1 in default, to avoid your system being overloaded, please further tune the variable for optimal performance in your application as needed. 
*****************************************
(15170, 15117)
(3793, 15117)
(15170, 15117)
(3793, 15117)
(15170, 15117)
(3793, 15117)
/panfs/ccds02/nobackup/people/kli3/RNALearner/performer_pytorch/performer_pytorch.py:115: UserWarning: torch.qr is deprecated in favor of torch.linalg.qr and will be removed in a future PyTorch release.
The boolean parameter 'some' has been replaced with a string parameter 'mode'.
Q, R = torch.qr(A, some)
should be replaced with
Q, R = torch.linalg.qr(A, 'reduced' if some else 'complete') (Triggered internally at /opt/conda/conda-bld/pytorch_1678402374358/work/aten/src/ATen/native/BatchLinearAlgebra.cpp:2425.)
  q, r = torch.qr(unstructured_block.cpu(), some = True)
(15170, 15117)
(3793, 15117)
/panfs/ccds02/nobackup/people/kli3/RNALearner/performer_pytorch/performer_pytorch.py:115: UserWarning: torch.qr is deprecated in favor of torch.linalg.qr and will be removed in a future PyTorch release.
The boolean parameter 'some' has been replaced with a string parameter 'mode'.
Q, R = torch.qr(A, some)
should be replaced with
Q, R = torch.linalg.qr(A, 'reduced' if some else 'complete') (Triggered internally at /opt/conda/conda-bld/pytorch_1678402374358/work/aten/src/ATen/native/BatchLinearAlgebra.cpp:2425.)
  q, r = torch.qr(unstructured_block.cpu(), some = True)
/panfs/ccds02/nobackup/people/kli3/RNALearner/performer_pytorch/performer_pytorch.py:115: UserWarning: torch.qr is deprecated in favor of torch.linalg.qr and will be removed in a future PyTorch release.
The boolean parameter 'some' has been replaced with a string parameter 'mode'.
Q, R = torch.qr(A, some)
should be replaced with
Q, R = torch.linalg.qr(A, 'reduced' if some else 'complete') (Triggered internally at /opt/conda/conda-bld/pytorch_1678402374358/work/aten/src/ATen/native/BatchLinearAlgebra.cpp:2425.)
  q, r = torch.qr(unstructured_block.cpu(), some = True)
/panfs/ccds02/nobackup/people/kli3/RNALearner/performer_pytorch/performer_pytorch.py:115: UserWarning: torch.qr is deprecated in favor of torch.linalg.qr and will be removed in a future PyTorch release.
The boolean parameter 'some' has been replaced with a string parameter 'mode'.
Q, R = torch.qr(A, some)
should be replaced with
Q, R = torch.linalg.qr(A, 'reduced' if some else 'complete') (Triggered internally at /opt/conda/conda-bld/pytorch_1678402374358/work/aten/src/ATen/native/BatchLinearAlgebra.cpp:2425.)
  q, r = torch.qr(unstructured_block.cpu(), some = True)
begin trainingbegin trainingbegin training
begin training


    ==  Epoch: 1 | Training Loss: 0.690570 | Accuracy: 48.4848%  ==
    ==  Epoch: 1 | Validation Loss: 0.685745 | Accuracy: 48.5104%  ==
[[   0 1953]
 [   0 1840]]
    ==  Epoch: 2 | Training Loss: 0.352737 | Accuracy: 90.4875%  ==
    ==  Epoch: 2 | Validation Loss: 0.023972 | Accuracy: 100.0000%  ==
[[1953    0]
 [   0 1840]]
    ==  Epoch: 3 | Training Loss: 0.004447 | Accuracy: 99.9802%  ==
    ==  Epoch: 3 | Validation Loss: 0.001294 | Accuracy: 99.9473%  ==
[[1951    2]
 [   0 1840]]
    ==  Epoch: 4 | Training Loss: 0.000613 | Accuracy: 99.9934%  ==
    ==  Epoch: 4 | Validation Loss: 0.001213 | Accuracy: 99.9473%  ==
[[1951    2]
 [   0 1840]]
    ==  Epoch: 5 | Training Loss: 0.000285 | Accuracy: 99.9934%  ==
    ==  Epoch: 5 | Validation Loss: 0.000944 | Accuracy: 99.9736%  ==
[[1952    1]
 [   0 1840]]
    ==  Epoch: 6 | Training Loss: 0.000149 | Accuracy: 100.0000%  ==
    ==  Epoch: 6 | Validation Loss: 0.001449 | Accuracy: 99.9473%  ==
[[1953    0]
 [   2 1838]]
    ==  Epoch: 7 | Training Loss: 0.000073 | Accuracy: 100.0000%  ==
    ==  Epoch: 7 | Validation Loss: 0.000955 | Accuracy: 99.9473%  ==
[[1952    1]
 [   1 1839]]
    ==  Epoch: 8 | Training Loss: 0.000046 | Accuracy: 100.0000%  ==
    ==  Epoch: 8 | Validation Loss: 0.001022 | Accuracy: 99.9473%  ==
[[1952    1]
 [   1 1839]]
    ==  Epoch: 9 | Training Loss: 0.000037 | Accuracy: 100.0000%  ==
    ==  Epoch: 9 | Validation Loss: 0.001011 | Accuracy: 99.9473%  ==
[[1952    1]
 [   1 1839]]
    ==  Epoch: 10 | Training Loss: 0.000032 | Accuracy: 100.0000%  ==
    ==  Epoch: 10 | Validation Loss: 0.001042 | Accuracy: 99.9473%  ==
[[1952    1]
 [   1 1839]]
    ==  Epoch: 11 | Training Loss: 0.000029 | Accuracy: 100.0000%  ==
    ==  Epoch: 11 | Validation Loss: 0.001034 | Accuracy: 99.9473%  ==
[[1952    1]
 [   1 1839]]
    ==  Epoch: 12 | Training Loss: 0.000027 | Accuracy: 100.0000%  ==
    ==  Epoch: 12 | Validation Loss: 0.001042 | Accuracy: 99.9473%  ==
[[1952    1]
 [   1 1839]]
    ==  Epoch: 13 | Training Loss: 0.000026 | Accuracy: 100.0000%  ==
    ==  Epoch: 13 | Validation Loss: 0.001042 | Accuracy: 99.9473%  ==
[[1952    1]
 [   1 1839]]
    ==  Epoch: 14 | Training Loss: 0.000025 | Accuracy: 100.0000%  ==
    ==  Epoch: 14 | Validation Loss: 0.001053 | Accuracy: 99.9473%  ==
[[1952    1]
 [   1 1839]]
    ==  Epoch: 15 | Training Loss: 0.000025 | Accuracy: 100.0000%  ==
    ==  Epoch: 15 | Validation Loss: 0.001066 | Accuracy: 99.9473%  ==
[[1952    1]
 [   1 1839]]
[E ProcessGroupNCCL.cpp:828] [Rank 0] Watchdog caught collective operation timeout: WorkNCCL(SeqNum=1405, OpType=ALLREDUCE, Timeout(ms)=1800000) ran for 1808617 milliseconds before timing out.
[E ProcessGroupNCCL.cpp:828] [Rank 2] Watchdog caught collective operation timeout: WorkNCCL(SeqNum=1405, OpType=ALLREDUCE, Timeout(ms)=1800000) ran for 1808904 milliseconds before timing out.
[E ProcessGroupNCCL.cpp:828] [Rank 1] Watchdog caught collective operation timeout: WorkNCCL(SeqNum=1405, OpType=ALLREDUCE, Timeout(ms)=1800000) ran for 1808930 milliseconds before timing out.
[E ProcessGroupNCCL.cpp:455] Some NCCL operations have failed or timed out. Due to the asynchronous nature of CUDA kernels, subsequent GPU operations might run on corrupted/incomplete data.
[E ProcessGroupNCCL.cpp:460] To avoid data inconsistency, we are taking the entire process down.
terminate called after throwing an instance of 'std::runtime_error'
  what():  [Rank 0] Watchdog caught collective operation timeout: WorkNCCL(SeqNum=1405, OpType=ALLREDUCE, Timeout(ms)=1800000) ran for 1808617 milliseconds before timing out.
[E ProcessGroupNCCL.cpp:455] Some NCCL operations have failed or timed out. Due to the asynchronous nature of CUDA kernels, subsequent GPU operations might run on corrupted/incomplete data.
[E ProcessGroupNCCL.cpp:460] To avoid data inconsistency, we are taking the entire process down.
terminate called after throwing an instance of 'std::runtime_error'
  what():  [Rank 2] Watchdog caught collective operation timeout: WorkNCCL(SeqNum=1405, OpType=ALLREDUCE, Timeout(ms)=1800000) ran for 1808904 milliseconds before timing out.
[E ProcessGroupNCCL.cpp:455] Some NCCL operations have failed or timed out. Due to the asynchronous nature of CUDA kernels, subsequent GPU operations might run on corrupted/incomplete data.
[E ProcessGroupNCCL.cpp:460] To avoid data inconsistency, we are taking the entire process down.
terminate called after throwing an instance of 'std::runtime_error'
  what():  [Rank 1] Watchdog caught collective operation timeout: WorkNCCL(SeqNum=1405, OpType=ALLREDUCE, Timeout(ms)=1800000) ran for 1808930 milliseconds before timing out.
ERROR:torch.distributed.elastic.multiprocessing.api:failed (exitcode: -6) local_rank: 0 (pid: 828844) of binary: /home/kli3/.conda/envs/scbert/bin/python3
Traceback (most recent call last):
  File "/home/kli3/.conda/envs/scbert/lib/python3.9/runpy.py", line 197, in _run_module_as_main
    return _run_code(code, main_globals, None,
  File "/home/kli3/.conda/envs/scbert/lib/python3.9/runpy.py", line 87, in _run_code
    exec(code, run_globals)
  File "/home/kli3/.conda/envs/scbert/lib/python3.9/site-packages/torch/distributed/launch.py", line 196, in <module>
    main()
  File "/home/kli3/.conda/envs/scbert/lib/python3.9/site-packages/torch/distributed/launch.py", line 192, in main
    launch(args)
  File "/home/kli3/.conda/envs/scbert/lib/python3.9/site-packages/torch/distributed/launch.py", line 177, in launch
    run(args)
  File "/home/kli3/.conda/envs/scbert/lib/python3.9/site-packages/torch/distributed/run.py", line 785, in run
    elastic_launch(
  File "/home/kli3/.conda/envs/scbert/lib/python3.9/site-packages/torch/distributed/launcher/api.py", line 134, in __call__
    return launch_agent(self._config, self._entrypoint, list(args))
  File "/home/kli3/.conda/envs/scbert/lib/python3.9/site-packages/torch/distributed/launcher/api.py", line 250, in launch_agent
    raise ChildFailedError(
torch.distributed.elastic.multiprocessing.errors.ChildFailedError: 
=======================================================
scout.py FAILED
-------------------------------------------------------
Failures:
[1]:
  time      : 2023-04-22_09:14:51
  host      : gpu010.atstor.adapt.nccs.nasa.gov
  rank      : 1 (local_rank: 1)
  exitcode  : -6 (pid: 828845)
  error_file: <N/A>
  traceback : Signal 6 (SIGABRT) received by PID 828845
[2]:
  time      : 2023-04-22_09:14:51
  host      : gpu010.atstor.adapt.nccs.nasa.gov
  rank      : 2 (local_rank: 2)
  exitcode  : -6 (pid: 828846)
  error_file: <N/A>
  traceback : Signal 6 (SIGABRT) received by PID 828846
-------------------------------------------------------
Root Cause (first observed failure):
[0]:
  time      : 2023-04-22_09:14:51
  host      : gpu010.atstor.adapt.nccs.nasa.gov
  rank      : 0 (local_rank: 0)
  exitcode  : -6 (pid: 828844)
  error_file: <N/A>
  traceback : Signal 6 (SIGABRT) received by PID 828844
=======================================================
JobID        JobIDRaw        JobName  Partition  MaxVMSize  MaxVMSizeNode  MaxVMSizeTask  AveVMSize     MaxRSS MaxRSSNode MaxRSSTask     AveRSS MaxPages MaxPagesNode   MaxPagesTask   AvePages     MinCPU MinCPUNode MinCPUTask     AveCPU   NTasks  AllocCPUS    Elapsed      State ExitCode AveCPUFreq ReqCPUFreqMin ReqCPUFreqMax ReqCPUFreqGov     ReqMem ConsumedEnergy  MaxDiskRead MaxDiskReadNode MaxDiskReadTask    AveDiskRead MaxDiskWrite MaxDiskWriteNode MaxDiskWriteTask   AveDiskWrite    ReqTRES  AllocTRES TRESUsageInAve TRESUsageInMax TRESUsageInMaxNode TRESUsageInMaxTask TRESUsageInMin TRESUsageInMinNode TRESUsageInMinTask TRESUsageInTot TRESUsageOutMax TRESUsageOutMaxNode TRESUsageOutMaxTask TRESUsageOutAve TRESUsageOutTot 
------------ ------------ ---------- ---------- ---------- -------------- -------------- ---------- ---------- ---------- ---------- ---------- -------- ------------ -------------- ---------- ---------- ---------- ---------- ---------- -------- ---------- ---------- ---------- -------- ---------- ------------- ------------- ------------- ---------- -------------- ------------ --------------- --------------- -------------- ------------ ---------------- ---------------- -------------- ---------- ---------- -------------- -------------- ------------------ ------------------ -------------- ------------------ ------------------ -------------- --------------- ------------------- ------------------- --------------- --------------- 
36516227     36516227          scout    compute                                                                                                                                                                                                              32   02:32:14    RUNNING      0:0                  Unknown       Unknown       Unknown       720G                                                                                                                                          billing=3+ billing=3+                                                                                                                                                                                                                                 
36516227.ba+ 36516227.ba+      batch                                                                                                                                                                                                               1         32   02:32:14    RUNNING      0:0          0             0             0             0                         0                                                                                                                                      cpu=32,gr+                                                                                                                                                                                                                                 
