/home/kli3/.conda/envs/scbert/lib/python3.9/site-packages/torch/distributed/launch.py:181: FutureWarning: The module torch.distributed.launch is deprecated
and will be removed in future. Use torchrun.
Note that --use-env is set by default in torchrun.
If your script expects `--local-rank` argument to be set, please
change it to read from `os.environ['LOCAL_RANK']` instead. See 
https://pytorch.org/docs/stable/distributed.html#launch-utility for 
further instructions

  warnings.warn(
WARNING:torch.distributed.run:
*****************************************
Setting OMP_NUM_THREADS environment variable for each process to be 1 in default, to avoid your system being overloaded, please further tune the variable for optimal performance in your application as needed. 
*****************************************
Batch Size (per node): Batch Size (per node):  Batch Size (per node):  3Batch Size (per node): 3 

 3Learning Rate: Learning Rate: 3
  
Learning Rate: 0.00010.0001Learning Rate:  

 0.00010.0001

DEVICES:  [<torch.cuda.device object at 0x14ee2a77b4f0>, <torch.cuda.device object at 0x14ee2a77b4c0>, <torch.cuda.device object at 0x14ee2a77b340>, <torch.cuda.device object at 0x14ee2a77b520>]
DEVICES:  [<torch.cuda.device object at 0x14f2b30364c0>, <torch.cuda.device object at 0x14f2b3036550>, <torch.cuda.device object at 0x14f2b30363d0>, <torch.cuda.device object at 0x14f2b30365b0>]
DEVICES:  [<torch.cuda.device object at 0x148d138e7430>, <torch.cuda.device object at 0x148d138e74c0>, <torch.cuda.device object at 0x148d138e7340>, <torch.cuda.device object at 0x148d138e7520>]
DEVICES:  [<torch.cuda.device object at 0x1518192e5490>, <torch.cuda.device object at 0x1518192e5520>, <torch.cuda.device object at 0x1518192e53a0>, <torch.cuda.device object at 0x1518192e5580>]
/panfs/ccds02/nobackup/people/kli3/RNALearner/performer_pytorch/performer_pytorch.py:115: UserWarning: torch.qr is deprecated in favor of torch.linalg.qr and will be removed in a future PyTorch release.
The boolean parameter 'some' has been replaced with a string parameter 'mode'.
Q, R = torch.qr(A, some)
should be replaced with
Q, R = torch.linalg.qr(A, 'reduced' if some else 'complete') (Triggered internally at /opt/conda/conda-bld/pytorch_1678402374358/work/aten/src/ATen/native/BatchLinearAlgebra.cpp:2425.)
  q, r = torch.qr(unstructured_block.cpu(), some = True)
/panfs/ccds02/nobackup/people/kli3/RNALearner/performer_pytorch/performer_pytorch.py:115: UserWarning: torch.qr is deprecated in favor of torch.linalg.qr and will be removed in a future PyTorch release.
The boolean parameter 'some' has been replaced with a string parameter 'mode'.
Q, R = torch.qr(A, some)
should be replaced with
Q, R = torch.linalg.qr(A, 'reduced' if some else 'complete') (Triggered internally at /opt/conda/conda-bld/pytorch_1678402374358/work/aten/src/ATen/native/BatchLinearAlgebra.cpp:2425.)
  q, r = torch.qr(unstructured_block.cpu(), some = True)
/panfs/ccds02/nobackup/people/kli3/RNALearner/performer_pytorch/performer_pytorch.py:115: UserWarning: torch.qr is deprecated in favor of torch.linalg.qr and will be removed in a future PyTorch release.
The boolean parameter 'some' has been replaced with a string parameter 'mode'.
Q, R = torch.qr(A, some)
should be replaced with
Q, R = torch.linalg.qr(A, 'reduced' if some else 'complete') (Triggered internally at /opt/conda/conda-bld/pytorch_1678402374358/work/aten/src/ATen/native/BatchLinearAlgebra.cpp:2425.)
  q, r = torch.qr(unstructured_block.cpu(), some = True)
/panfs/ccds02/nobackup/people/kli3/RNALearner/performer_pytorch/performer_pytorch.py:115: UserWarning: torch.qr is deprecated in favor of torch.linalg.qr and will be removed in a future PyTorch release.
The boolean parameter 'some' has been replaced with a string parameter 'mode'.
Q, R = torch.qr(A, some)
should be replaced with
Q, R = torch.linalg.qr(A, 'reduced' if some else 'complete') (Triggered internally at /opt/conda/conda-bld/pytorch_1678402374358/work/aten/src/ATen/native/BatchLinearAlgebra.cpp:2425.)
  q, r = torch.qr(unstructured_block.cpu(), some = True)
    ==  Epoch: 1 | Training Loss: 0.039956 | Accuracy: 1.1699%  ==
    ==  Epoch: 1 | Validation Loss: 2.310746 | Accuracy: 3.3333%  ==
    ==  Epoch: 2 | Training Loss: 0.021903 | Accuracy: 62.1839%  ==
    ==  Epoch: 2 | Validation Loss: 0.836594 | Accuracy: 81.1518%  ==
    ==  Epoch: 3 | Training Loss: 0.013845 | Accuracy: 76.1325%  ==
    ==  Epoch: 3 | Validation Loss: 0.766470 | Accuracy: 78.6885%  ==
    ==  Epoch: 4 | Training Loss: 0.012861 | Accuracy: 76.6577%  ==
    ==  Epoch: 4 | Validation Loss: 0.729162 | Accuracy: 69.8925%  ==
    ==  Epoch: 5 | Training Loss: 0.012174 | Accuracy: 76.0661%  ==
    ==  Epoch: 5 | Validation Loss: 0.722526 | Accuracy: 74.8603%  ==
    ==  Epoch: 6 | Training Loss: 0.011884 | Accuracy: 77.8781%  ==
    ==  Epoch: 6 | Validation Loss: 0.690701 | Accuracy: 79.1519%  ==
    ==  Epoch: 7 | Training Loss: 0.011715 | Accuracy: 77.7674%  ==
    ==  Epoch: 7 | Validation Loss: 0.675263 | Accuracy: 82.0690%  ==
    ==  Epoch: 8 | Training Loss: 0.011577 | Accuracy: 77.9714%  ==
    ==  Epoch: 8 | Validation Loss: 0.664413 | Accuracy: 82.0312%  ==
    ==  Epoch: 9 | Training Loss: 0.011479 | Accuracy: 77.9537%  ==
    ==  Epoch: 9 | Validation Loss: 0.693328 | Accuracy: 52.7778%  ==
    ==  Epoch: 10 | Training Loss: 0.011460 | Accuracy: 77.8753%  ==
    ==  Epoch: 10 | Validation Loss: 0.651483 | Accuracy: 89.3258%  ==
    ==  Epoch: 11 | Training Loss: 0.011425 | Accuracy: 77.8235%  ==
    ==  Epoch: 11 | Validation Loss: 0.663590 | Accuracy: 81.1927%  ==
    ==  Epoch: 12 | Training Loss: 0.011366 | Accuracy: 78.1829%  ==
    ==  Epoch: 12 | Validation Loss: 0.664387 | Accuracy: 63.1068%  ==
[E ProcessGroupNCCL.cpp:828] [Rank 2] Watchdog caught collective operation timeout: WorkNCCL(SeqNum=490, OpType=ALLREDUCE, Timeout(ms)=1800000) ran for 1800544 milliseconds before timing out.
[E ProcessGroupNCCL.cpp:828] [Rank 0] Watchdog caught collective operation timeout: WorkNCCL(SeqNum=490, OpType=ALLREDUCE, Timeout(ms)=1800000) ran for 1800367 milliseconds before timing out.
[E ProcessGroupNCCL.cpp:828] [Rank 1] Watchdog caught collective operation timeout: WorkNCCL(SeqNum=490, OpType=ALLREDUCE, Timeout(ms)=1800000) ran for 1800545 milliseconds before timing out.
[E ProcessGroupNCCL.cpp:455] Some NCCL operations have failed or timed out. Due to the asynchronous nature of CUDA kernels, subsequent GPU operations might run on corrupted/incomplete data.
[E ProcessGroupNCCL.cpp:460] To avoid data inconsistency, we are taking the entire process down.
terminate called after throwing an instance of 'std::runtime_error'
  what():  [Rank 1] Watchdog caught collective operation timeout: WorkNCCL(SeqNum=490, OpType=ALLREDUCE, Timeout(ms)=1800000) ran for 1800545 milliseconds before timing out.
[E ProcessGroupNCCL.cpp:455] Some NCCL operations have failed or timed out. Due to the asynchronous nature of CUDA kernels, subsequent GPU operations might run on corrupted/incomplete data.
[E ProcessGroupNCCL.cpp:460] To avoid data inconsistency, we are taking the entire process down.
terminate called after throwing an instance of 'std::runtime_error'
  what():  [Rank 0] Watchdog caught collective operation timeout: WorkNCCL(SeqNum=490, OpType=ALLREDUCE, Timeout(ms)=1800000) ran for 1800367 milliseconds before timing out.
WARNING:torch.distributed.elastic.multiprocessing.api:Sending process 3374695 closing signal SIGTERM
WARNING:torch.distributed.elastic.multiprocessing.api:Sending process 3374697 closing signal SIGTERM
ERROR:torch.distributed.elastic.multiprocessing.api:failed (exitcode: -6) local_rank: 1 (pid: 3374696) of binary: /home/kli3/.conda/envs/scbert/bin/python3
Traceback (most recent call last):
  File "/home/kli3/.conda/envs/scbert/lib/python3.9/runpy.py", line 197, in _run_module_as_main
    return _run_code(code, main_globals, None,
  File "/home/kli3/.conda/envs/scbert/lib/python3.9/runpy.py", line 87, in _run_code
    exec(code, run_globals)
  File "/home/kli3/.conda/envs/scbert/lib/python3.9/site-packages/torch/distributed/launch.py", line 196, in <module>
    main()
  File "/home/kli3/.conda/envs/scbert/lib/python3.9/site-packages/torch/distributed/launch.py", line 192, in main
    launch(args)
  File "/home/kli3/.conda/envs/scbert/lib/python3.9/site-packages/torch/distributed/launch.py", line 177, in launch
    run(args)
  File "/home/kli3/.conda/envs/scbert/lib/python3.9/site-packages/torch/distributed/run.py", line 785, in run
    elastic_launch(
  File "/home/kli3/.conda/envs/scbert/lib/python3.9/site-packages/torch/distributed/launcher/api.py", line 134, in __call__
    return launch_agent(self._config, self._entrypoint, list(args))
  File "/home/kli3/.conda/envs/scbert/lib/python3.9/site-packages/torch/distributed/launcher/api.py", line 250, in launch_agent
    raise ChildFailedError(
torch.distributed.elastic.multiprocessing.errors.ChildFailedError: 
========================================================
scout_pretrain.py FAILED
--------------------------------------------------------
Failures:
  <NO_OTHER_FAILURES>
--------------------------------------------------------
Root Cause (first observed failure):
[0]:
  time      : 2023-04-02_19:15:49
  host      : gpu003.atstor.adapt.nccs.nasa.gov
  rank      : 1 (local_rank: 1)
  exitcode  : -6 (pid: 3374696)
  error_file: <N/A>
  traceback : Signal 6 (SIGABRT) received by PID 3374696
========================================================
JobID        JobIDRaw        JobName  Partition  MaxVMSize  MaxVMSizeNode  MaxVMSizeTask  AveVMSize     MaxRSS MaxRSSNode MaxRSSTask     AveRSS MaxPages MaxPagesNode   MaxPagesTask   AvePages     MinCPU MinCPUNode MinCPUTask     AveCPU   NTasks  AllocCPUS    Elapsed      State ExitCode AveCPUFreq ReqCPUFreqMin ReqCPUFreqMax ReqCPUFreqGov     ReqMem ConsumedEnergy  MaxDiskRead MaxDiskReadNode MaxDiskReadTask    AveDiskRead MaxDiskWrite MaxDiskWriteNode MaxDiskWriteTask   AveDiskWrite    ReqTRES  AllocTRES TRESUsageInAve TRESUsageInMax TRESUsageInMaxNode TRESUsageInMaxTask TRESUsageInMin TRESUsageInMinNode TRESUsageInMinTask TRESUsageInTot TRESUsageOutMax TRESUsageOutMaxNode TRESUsageOutMaxTask TRESUsageOutAve TRESUsageOutTot 
------------ ------------ ---------- ---------- ---------- -------------- -------------- ---------- ---------- ---------- ---------- ---------- -------- ------------ -------------- ---------- ---------- ---------- ---------- ---------- -------- ---------- ---------- ---------- -------- ---------- ------------- ------------- ------------- ---------- -------------- ------------ --------------- --------------- -------------- ------------ ---------------- ---------------- -------------- ---------- ---------- -------------- -------------- ------------------ ------------------ -------------- ------------------ ------------------ -------------- --------------- ------------------- ------------------- --------------- --------------- 
36514496     36514496     scouttest+    compute                                                                                                                                                                                                              32   01:35:59    RUNNING      0:0                  Unknown       Unknown       Unknown       720G                                                                                                                                          billing=3+ billing=3+                                                                                                                                                                                                                                 
36514496.ba+ 36514496.ba+      batch                                                                                                                                                                                                               1         32   01:35:59    RUNNING      0:0          0             0             0             0                         0                                                                                                                                      cpu=32,gr+                                                                                                                                                                                                                                 
