/home/kli3/.conda/envs/scbert/lib/python3.9/site-packages/torch/distributed/launch.py:180: FutureWarning: The module torch.distributed.launch is deprecated
and will be removed in future. Use torchrun.
Note that --use_env is set by default in torchrun.
If your script expects `--local_rank` argument to be set, please
change it to read from `os.environ['LOCAL_RANK']` instead. See 
https://pytorch.org/docs/stable/distributed.html#launch-utility for 
further instructions

  warnings.warn(
WARNING:torch.distributed.run:
*****************************************
Setting OMP_NUM_THREADS environment variable for each process to be 1 in default, to avoid your system being overloaded, please further tune the variable for optimal performance in your application as needed. 
*****************************************
Batch Size (per node):  3
Learning Rate:  1e-05
Batch Size (per node):  3
Learning Rate:  1e-05
Batch Size (per node):  3
Learning Rate:  1e-05
Batch Size (per node):  3
Learning Rate:  1e-05
DEVICES:  [<torch.cuda.device object at 0x1514a77a4610>, <torch.cuda.device object at 0x1514a77a45e0>, <torch.cuda.device object at 0x1514a77a4460>, <torch.cuda.device object at 0x1514a77a4640>]
DEVICES:  [<torch.cuda.device object at 0x148f78fa6580>, <torch.cuda.device object at 0x148f78fa6610>, <torch.cuda.device object at 0x148f78fa6490>, <torch.cuda.device object at 0x148f78fa6670>]
DEVICES: DEVICES:   [<torch.cuda.device object at 0x147da266c550>, <torch.cuda.device object at 0x147da266c5e0>, <torch.cuda.device object at 0x147da266c460>, <torch.cuda.device object at 0x147da266c640>][<torch.cuda.device object at 0x154793ee4550>, <torch.cuda.device object at 0x154793ee45e0>, <torch.cuda.device object at 0x154793ee4460>, <torch.cuda.device object at 0x154793ee4640>]

/panfs/ccds02/nobackup/people/kli3/RNALearner/performer_pytorch/performer_pytorch.py:115: UserWarning: torch.qr is deprecated in favor of torch.linalg.qr and will be removed in a future PyTorch release.
The boolean parameter 'some' has been replaced with a string parameter 'mode'.
Q, R = torch.qr(A, some)
should be replaced with
Q, R = torch.linalg.qr(A, 'reduced' if some else 'complete') (Triggered internally at ../aten/src/ATen/native/BatchLinearAlgebra.cpp:2349.)
  q, r = torch.qr(unstructured_block.cpu(), some = True)
/panfs/ccds02/nobackup/people/kli3/RNALearner/performer_pytorch/performer_pytorch.py:115: UserWarning: torch.qr is deprecated in favor of torch.linalg.qr and will be removed in a future PyTorch release.
The boolean parameter 'some' has been replaced with a string parameter 'mode'.
Q, R = torch.qr(A, some)
should be replaced with
Q, R = torch.linalg.qr(A, 'reduced' if some else 'complete') (Triggered internally at ../aten/src/ATen/native/BatchLinearAlgebra.cpp:2349.)
  q, r = torch.qr(unstructured_block.cpu(), some = True)
/panfs/ccds02/nobackup/people/kli3/RNALearner/performer_pytorch/performer_pytorch.py:115: UserWarning: torch.qr is deprecated in favor of torch.linalg.qr and will be removed in a future PyTorch release.
The boolean parameter 'some' has been replaced with a string parameter 'mode'.
Q, R = torch.qr(A, some)
should be replaced with
Q, R = torch.linalg.qr(A, 'reduced' if some else 'complete') (Triggered internally at ../aten/src/ATen/native/BatchLinearAlgebra.cpp:2349.)
  q, r = torch.qr(unstructured_block.cpu(), some = True)
/panfs/ccds02/nobackup/people/kli3/RNALearner/performer_pytorch/performer_pytorch.py:115: UserWarning: torch.qr is deprecated in favor of torch.linalg.qr and will be removed in a future PyTorch release.
The boolean parameter 'some' has been replaced with a string parameter 'mode'.
Q, R = torch.qr(A, some)
should be replaced with
Q, R = torch.linalg.qr(A, 'reduced' if some else 'complete') (Triggered internally at ../aten/src/ATen/native/BatchLinearAlgebra.cpp:2349.)
  q, r = torch.qr(unstructured_block.cpu(), some = True)
    ==  Epoch: 1 | Training Loss: 0.006514 | Accuracy:    nan%  ==
    ==  Epoch: 1 | Validation Loss: 0.385380 | Accuracy: 90.1370%  ==
    ==  Epoch: 2 | Training Loss: 0.006456 | Accuracy:    nan%  ==
    ==  Epoch: 2 | Validation Loss: 0.385147 | Accuracy: 89.0411%  ==
    ==  Epoch: 3 | Training Loss: 0.006438 | Accuracy:    nan%  ==
    ==  Epoch: 3 | Validation Loss: 0.389827 | Accuracy: 83.6158%  ==
    ==  Epoch: 4 | Training Loss: 0.006434 | Accuracy:    nan%  ==
    ==  Epoch: 4 | Validation Loss: 0.387221 | Accuracy: 82.4242%  ==
    ==  Epoch: 5 | Training Loss: 0.006426 | Accuracy:    nan%  ==
    ==  Epoch: 5 | Validation Loss: 0.382562 | Accuracy: 72.0721%  ==
    ==  Epoch: 6 | Training Loss: 0.006379 | Accuracy:    nan%  ==
    ==  Epoch: 6 | Validation Loss: 0.383825 | Accuracy: 82.1918%  ==
    ==  Epoch: 7 | Training Loss: 0.006406 | Accuracy: 83.8712%  ==
    ==  Epoch: 7 | Validation Loss: 0.384816 | Accuracy: 43.6893%  ==
    ==  Epoch: 8 | Training Loss: 0.006385 | Accuracy:    nan%  ==
    ==  Epoch: 8 | Validation Loss: 0.387168 | Accuracy: 77.8195%  ==
    ==  Epoch: 9 | Training Loss: 0.006369 | Accuracy:    nan%  ==
    ==  Epoch: 9 | Validation Loss: 0.381142 | Accuracy: 93.3735%  ==
    ==  Epoch: 10 | Training Loss: 0.006353 | Accuracy:    nan%  ==
    ==  Epoch: 10 | Validation Loss: 0.377834 | Accuracy: 88.9831%  ==
    ==  Epoch: 11 | Training Loss: 0.006373 | Accuracy: 83.9464%  ==
    ==  Epoch: 11 | Validation Loss: 0.385176 | Accuracy: 92.2819%  ==
    ==  Epoch: 12 | Training Loss: 0.006341 | Accuracy:    nan%  ==
    ==  Epoch: 12 | Validation Loss: 0.382321 | Accuracy: 76.1506%  ==
    ==  Epoch: 13 | Training Loss: 0.006349 | Accuracy: 84.0181%  ==
    ==  Epoch: 13 | Validation Loss: 0.377206 | Accuracy: 95.8333%  ==
    ==  Epoch: 14 | Training Loss: 0.006344 | Accuracy:    nan%  ==
    ==  Epoch: 14 | Validation Loss: 0.380771 | Accuracy: 93.2584%  ==
    ==  Epoch: 15 | Training Loss: 0.006346 | Accuracy:    nan%  ==
    ==  Epoch: 15 | Validation Loss: 0.382712 | Accuracy: 91.1504%  ==
    ==  Epoch: 16 | Training Loss: 0.006355 | Accuracy:    nan%  ==
    ==  Epoch: 16 | Validation Loss: 0.383669 | Accuracy: 84.1667%  ==
    ==  Epoch: 17 | Training Loss: 0.006325 | Accuracy:    nan%  ==
    ==  Epoch: 17 | Validation Loss: 0.378610 | Accuracy: 95.0166%  ==
    ==  Epoch: 18 | Training Loss: 0.006344 | Accuracy:    nan%  ==
    ==  Epoch: 18 | Validation Loss: 0.375670 | Accuracy: 80.1980%  ==
    ==  Epoch: 19 | Training Loss: 0.006316 | Accuracy:    nan%  ==
    ==  Epoch: 19 | Validation Loss: 0.375312 | Accuracy: 87.0000%  ==
    ==  Epoch: 20 | Training Loss: 0.006315 | Accuracy:    nan%  ==
    ==  Epoch: 20 | Validation Loss: 0.378691 | Accuracy: 73.8281%  ==
JobID        JobIDRaw        JobName  Partition  MaxVMSize  MaxVMSizeNode  MaxVMSizeTask  AveVMSize     MaxRSS MaxRSSNode MaxRSSTask     AveRSS MaxPages MaxPagesNode   MaxPagesTask   AvePages     MinCPU MinCPUNode MinCPUTask     AveCPU   NTasks  AllocCPUS    Elapsed      State ExitCode AveCPUFreq ReqCPUFreqMin ReqCPUFreqMax ReqCPUFreqGov     ReqMem ConsumedEnergy  MaxDiskRead MaxDiskReadNode MaxDiskReadTask    AveDiskRead MaxDiskWrite MaxDiskWriteNode MaxDiskWriteTask   AveDiskWrite    ReqTRES  AllocTRES TRESUsageInAve TRESUsageInMax TRESUsageInMaxNode TRESUsageInMaxTask TRESUsageInMin TRESUsageInMinNode TRESUsageInMinTask TRESUsageInTot TRESUsageOutMax TRESUsageOutMaxNode TRESUsageOutMaxTask TRESUsageOutAve TRESUsageOutTot 
------------ ------------ ---------- ---------- ---------- -------------- -------------- ---------- ---------- ---------- ---------- ---------- -------- ------------ -------------- ---------- ---------- ---------- ---------- ---------- -------- ---------- ---------- ---------- -------- ---------- ------------- ------------- ------------- ---------- -------------- ------------ --------------- --------------- -------------- ------------ ---------------- ---------------- -------------- ---------- ---------- -------------- -------------- ------------------ ------------------ -------------- ------------------ ------------------ -------------- --------------- ------------------- ------------------- --------------- --------------- 
36513414     36513414     scbertpre+    compute                                                                                                                                                                                                              32 2-09:08:53    RUNNING      0:0                  Unknown       Unknown       Unknown       720G                                                                                                                                          billing=3+ billing=3+                                                                                                                                                                                                                                 
36513414.ba+ 36513414.ba+      batch                                                                                                                                                                                                               1         32 2-09:08:53    RUNNING      0:0          0             0             0             0                         0                                                                                                                                      cpu=32,gr+                                                                                                                                                                                                                                 
