/home/kli3/.conda/envs/scbert/lib/python3.9/site-packages/torch/distributed/launch.py:181: FutureWarning: The module torch.distributed.launch is deprecated
and will be removed in future. Use torchrun.
Note that --use-env is set by default in torchrun.
If your script expects `--local-rank` argument to be set, please
change it to read from `os.environ['LOCAL_RANK']` instead. See 
https://pytorch.org/docs/stable/distributed.html#launch-utility for 
further instructions

  warnings.warn(
WARNING:torch.distributed.run:
*****************************************
Setting OMP_NUM_THREADS environment variable for each process to be 1 in default, to avoid your system being overloaded, please further tune the variable for optimal performance in your application as needed. 
*****************************************
Batch Size (per node): Batch Size (per node):   33Batch Size (per node): 

 Learning Rate: Learning Rate: Batch Size (per node): 3  
 Learning Rate: 1e-051e-053 


1e-05Learning Rate: 
 1e-05
DEVICES:  [<torch.cuda.device object at 0x151e35c10520>, <torch.cuda.device object at 0x151e35c104f0>, <torch.cuda.device object at 0x151e35c10370>, <torch.cuda.device object at 0x151e35c10550>]
DEVICES:  [<torch.cuda.device object at 0x148010933460>, <torch.cuda.device object at 0x1480109334f0>, <torch.cuda.device object at 0x148010933370>, <torch.cuda.device object at 0x148010933550>]
DEVICES:  [<torch.cuda.device object at 0x1533daee7490>, <torch.cuda.device object at 0x1533daee7520>, <torch.cuda.device object at 0x1533daee73a0>, <torch.cuda.device object at 0x1533daee7580>]
DEVICES:  [<torch.cuda.device object at 0x14cbb1b34490>, <torch.cuda.device object at 0x14cbb1b34520>, <torch.cuda.device object at 0x14cbb1b343a0>, <torch.cuda.device object at 0x14cbb1b34580>]
/panfs/ccds02/nobackup/people/kli3/RNALearner/performer_pytorch/performer_pytorch.py:115: UserWarning: torch.qr is deprecated in favor of torch.linalg.qr and will be removed in a future PyTorch release.
The boolean parameter 'some' has been replaced with a string parameter 'mode'.
Q, R = torch.qr(A, some)
should be replaced with
Q, R = torch.linalg.qr(A, 'reduced' if some else 'complete') (Triggered internally at /opt/conda/conda-bld/pytorch_1678402374358/work/aten/src/ATen/native/BatchLinearAlgebra.cpp:2425.)
  q, r = torch.qr(unstructured_block.cpu(), some = True)
/panfs/ccds02/nobackup/people/kli3/RNALearner/performer_pytorch/performer_pytorch.py:115: UserWarning: torch.qr is deprecated in favor of torch.linalg.qr and will be removed in a future PyTorch release.
The boolean parameter 'some' has been replaced with a string parameter 'mode'.
Q, R = torch.qr(A, some)
should be replaced with
Q, R = torch.linalg.qr(A, 'reduced' if some else 'complete') (Triggered internally at /opt/conda/conda-bld/pytorch_1678402374358/work/aten/src/ATen/native/BatchLinearAlgebra.cpp:2425.)
  q, r = torch.qr(unstructured_block.cpu(), some = True)
/panfs/ccds02/nobackup/people/kli3/RNALearner/performer_pytorch/performer_pytorch.py:115: UserWarning: torch.qr is deprecated in favor of torch.linalg.qr and will be removed in a future PyTorch release.
The boolean parameter 'some' has been replaced with a string parameter 'mode'.
Q, R = torch.qr(A, some)
should be replaced with
Q, R = torch.linalg.qr(A, 'reduced' if some else 'complete') (Triggered internally at /opt/conda/conda-bld/pytorch_1678402374358/work/aten/src/ATen/native/BatchLinearAlgebra.cpp:2425.)
  q, r = torch.qr(unstructured_block.cpu(), some = True)
/panfs/ccds02/nobackup/people/kli3/RNALearner/performer_pytorch/performer_pytorch.py:115: UserWarning: torch.qr is deprecated in favor of torch.linalg.qr and will be removed in a future PyTorch release.
The boolean parameter 'some' has been replaced with a string parameter 'mode'.
Q, R = torch.qr(A, some)
should be replaced with
Q, R = torch.linalg.qr(A, 'reduced' if some else 'complete') (Triggered internally at /opt/conda/conda-bld/pytorch_1678402374358/work/aten/src/ATen/native/BatchLinearAlgebra.cpp:2425.)
  q, r = torch.qr(unstructured_block.cpu(), some = True)
    ==  Epoch: 1 | Training Loss: 0.038688 | Accuracy:    nan%  ==
    ==  Epoch: 1 | Validation Loss: 2.201460 | Accuracy: 1.8182%  ==
    ==  Epoch: 2 | Training Loss: 0.031972 | Accuracy:    nan%  ==
    ==  Epoch: 2 | Validation Loss: 1.658068 | Accuracy: 11.7188%  ==
    ==  Epoch: 3 | Training Loss: 0.024274 | Accuracy:    nan%  ==
    ==  Epoch: 3 | Validation Loss: 1.294901 | Accuracy: 28.5714%  ==
    ==  Epoch: 4 | Training Loss: 0.021028 | Accuracy:    nan%  ==
    ==  Epoch: 4 | Validation Loss: 1.231751 | Accuracy: 75.0000%  ==
    ==  Epoch: 5 | Training Loss: 0.020113 | Accuracy:    nan%  ==
    ==  Epoch: 5 | Validation Loss: 1.203297 | Accuracy: 21.6216%  ==
    ==  Epoch: 6 | Training Loss: 0.019410 | Accuracy: 63.5068%  ==
    ==  Epoch: 6 | Validation Loss: 1.227354 | Accuracy: 42.8571%  ==
    ==  Epoch: 7 | Training Loss: 0.019331 | Accuracy:    nan%  ==
    ==  Epoch: 7 | Validation Loss: 1.173106 | Accuracy: 40.0000%  ==
    ==  Epoch: 8 | Training Loss: 0.019037 | Accuracy:    nan%  ==
    ==  Epoch: 8 | Validation Loss: 1.159337 | Accuracy: 89.4737%  ==
    ==  Epoch: 9 | Training Loss: 0.018965 | Accuracy: 64.8199%  ==
    ==  Epoch: 9 | Validation Loss: 1.155894 | Accuracy: 20.3704%  ==
    ==  Epoch: 10 | Training Loss: 0.019031 | Accuracy:    nan%  ==
    ==  Epoch: 10 | Validation Loss: 1.165353 | Accuracy: 70.4545%  ==
    ==  Epoch: 11 | Training Loss: 0.018678 | Accuracy: 65.2372%  ==
    ==  Epoch: 11 | Validation Loss: 1.138601 | Accuracy: 71.8750%  ==
    ==  Epoch: 12 | Training Loss: 0.018910 | Accuracy:    nan%  ==
    ==  Epoch: 12 | Validation Loss: 1.086022 | Accuracy: 80.0000%  ==
    ==  Epoch: 13 | Training Loss: 0.018639 | Accuracy:    nan%  ==
    ==  Epoch: 13 | Validation Loss: 1.093711 | Accuracy: 83.3333%  ==
    ==  Epoch: 14 | Training Loss: 0.018784 | Accuracy:    nan%  ==
    ==  Epoch: 14 | Validation Loss: 1.138930 | Accuracy: 26.7176%  ==
    ==  Epoch: 15 | Training Loss: 0.018526 | Accuracy:    nan%  ==
    ==  Epoch: 15 | Validation Loss: 1.201807 | Accuracy: 77.7778%  ==
    ==  Epoch: 16 | Training Loss: 0.018575 | Accuracy:    nan%  ==
    ==  Epoch: 16 | Validation Loss: 1.123011 | Accuracy: 90.0000%  ==
    ==  Epoch: 17 | Training Loss: 0.018664 | Accuracy:    nan%  ==
    ==  Epoch: 17 | Validation Loss: 1.092583 | Accuracy: 73.2143%  ==
[E ProcessGroupNCCL.cpp:828] [Rank 2] Watchdog caught collective operation timeout: WorkNCCL(SeqNum=1098, OpType=ALLREDUCE, Timeout(ms)=1800000) ran for 1800153 milliseconds before timing out.
[E ProcessGroupNCCL.cpp:828] [Rank 1] Watchdog caught collective operation timeout: WorkNCCL(SeqNum=1098, OpType=ALLREDUCE, Timeout(ms)=1800000) ran for 1800153 milliseconds before timing out.
[E ProcessGroupNCCL.cpp:828] [Rank 3] Watchdog caught collective operation timeout: WorkNCCL(SeqNum=1098, OpType=ALLREDUCE, Timeout(ms)=1800000) ran for 1800153 milliseconds before timing out.
[E ProcessGroupNCCL.cpp:455] Some NCCL operations have failed or timed out. Due to the asynchronous nature of CUDA kernels, subsequent GPU operations might run on corrupted/incomplete data.
[E ProcessGroupNCCL.cpp:460] To avoid data inconsistency, we are taking the entire process down.
terminate called after throwing an instance of 'std::runtime_error'
  what():  [Rank 3] Watchdog caught collective operation timeout: WorkNCCL(SeqNum=1098, OpType=ALLREDUCE, Timeout(ms)=1800000) ran for 1800153 milliseconds before timing out.
[E ProcessGroupNCCL.cpp:455] Some NCCL operations have failed or timed out. Due to the asynchronous nature of CUDA kernels, subsequent GPU operations might run on corrupted/incomplete data.
[E ProcessGroupNCCL.cpp:460] To avoid data inconsistency, we are taking the entire process down.
terminate called after throwing an instance of 'std::runtime_error'
  what():  [Rank 1] Watchdog caught collective operation timeout: WorkNCCL(SeqNum=1098, OpType=ALLREDUCE, Timeout(ms)=1800000) ran for 1800153 milliseconds before timing out.
[E ProcessGroupNCCL.cpp:455] Some NCCL operations have failed or timed out. Due to the asynchronous nature of CUDA kernels, subsequent GPU operations might run on corrupted/incomplete data.
[E ProcessGroupNCCL.cpp:460] To avoid data inconsistency, we are taking the entire process down.
terminate called after throwing an instance of 'std::runtime_error'
  what():  [Rank 2] Watchdog caught collective operation timeout: WorkNCCL(SeqNum=1098, OpType=ALLREDUCE, Timeout(ms)=1800000) ran for 1800153 milliseconds before timing out.
ERROR:torch.distributed.elastic.multiprocessing.api:failed (exitcode: -6) local_rank: 1 (pid: 3362065) of binary: /home/kli3/.conda/envs/scbert/bin/python3
Traceback (most recent call last):
  File "/home/kli3/.conda/envs/scbert/lib/python3.9/runpy.py", line 197, in _run_module_as_main
    return _run_code(code, main_globals, None,
  File "/home/kli3/.conda/envs/scbert/lib/python3.9/runpy.py", line 87, in _run_code
    exec(code, run_globals)
  File "/home/kli3/.conda/envs/scbert/lib/python3.9/site-packages/torch/distributed/launch.py", line 196, in <module>
    main()
  File "/home/kli3/.conda/envs/scbert/lib/python3.9/site-packages/torch/distributed/launch.py", line 192, in main
    launch(args)
  File "/home/kli3/.conda/envs/scbert/lib/python3.9/site-packages/torch/distributed/launch.py", line 177, in launch
    run(args)
  File "/home/kli3/.conda/envs/scbert/lib/python3.9/site-packages/torch/distributed/run.py", line 785, in run
    elastic_launch(
  File "/home/kli3/.conda/envs/scbert/lib/python3.9/site-packages/torch/distributed/launcher/api.py", line 134, in __call__
    return launch_agent(self._config, self._entrypoint, list(args))
  File "/home/kli3/.conda/envs/scbert/lib/python3.9/site-packages/torch/distributed/launcher/api.py", line 250, in launch_agent
    raise ChildFailedError(
torch.distributed.elastic.multiprocessing.errors.ChildFailedError: 
========================================================
scout_pretrain.py FAILED
--------------------------------------------------------
Failures:
[1]:
  time      : 2023-04-02_17:39:49
  host      : gpu003.atstor.adapt.nccs.nasa.gov
  rank      : 2 (local_rank: 2)
  exitcode  : -6 (pid: 3362066)
  error_file: <N/A>
  traceback : Signal 6 (SIGABRT) received by PID 3362066
[2]:
  time      : 2023-04-02_17:39:49
  host      : gpu003.atstor.adapt.nccs.nasa.gov
  rank      : 3 (local_rank: 3)
  exitcode  : -6 (pid: 3362067)
  error_file: <N/A>
  traceback : Signal 6 (SIGABRT) received by PID 3362067
--------------------------------------------------------
Root Cause (first observed failure):
[0]:
  time      : 2023-04-02_17:39:49
  host      : gpu003.atstor.adapt.nccs.nasa.gov
  rank      : 1 (local_rank: 1)
  exitcode  : -6 (pid: 3362065)
  error_file: <N/A>
  traceback : Signal 6 (SIGABRT) received by PID 3362065
========================================================
JobID        JobIDRaw        JobName  Partition  MaxVMSize  MaxVMSizeNode  MaxVMSizeTask  AveVMSize     MaxRSS MaxRSSNode MaxRSSTask     AveRSS MaxPages MaxPagesNode   MaxPagesTask   AvePages     MinCPU MinCPUNode MinCPUTask     AveCPU   NTasks  AllocCPUS    Elapsed      State ExitCode AveCPUFreq ReqCPUFreqMin ReqCPUFreqMax ReqCPUFreqGov     ReqMem ConsumedEnergy  MaxDiskRead MaxDiskReadNode MaxDiskReadTask    AveDiskRead MaxDiskWrite MaxDiskWriteNode MaxDiskWriteTask   AveDiskWrite    ReqTRES  AllocTRES TRESUsageInAve TRESUsageInMax TRESUsageInMaxNode TRESUsageInMaxTask TRESUsageInMin TRESUsageInMinNode TRESUsageInMinTask TRESUsageInTot TRESUsageOutMax TRESUsageOutMaxNode TRESUsageOutMaxTask TRESUsageOutAve TRESUsageOutTot 
------------ ------------ ---------- ---------- ---------- -------------- -------------- ---------- ---------- ---------- ---------- ---------- -------- ------------ -------------- ---------- ---------- ---------- ---------- ---------- -------- ---------- ---------- ---------- -------- ---------- ------------- ------------- ------------- ---------- -------------- ------------ --------------- --------------- -------------- ------------ ---------------- ---------------- -------------- ---------- ---------- -------------- -------------- ------------------ ------------------ -------------- ------------------ ------------------ -------------- --------------- ------------------- ------------------- --------------- --------------- 
36514495     36514495      rc3scout2    compute                                                                                                                                                                                                              32   03:07:49    RUNNING      0:0                  Unknown       Unknown       Unknown       720G                                                                                                                                          billing=3+ billing=3+                                                                                                                                                                                                                                 
36514495.ba+ 36514495.ba+      batch                                                                                                                                                                                                               1         32   03:07:49    RUNNING      0:0          0             0             0             0                         0                                                                                                                                      cpu=32,gr+                                                                                                                                                                                                                                 
