/home/kli3/.conda/envs/scbert/lib/python3.9/site-packages/torch/distributed/launch.py:180: FutureWarning: The module torch.distributed.launch is deprecated
and will be removed in future. Use torchrun.
Note that --use_env is set by default in torchrun.
If your script expects `--local_rank` argument to be set, please
change it to read from `os.environ['LOCAL_RANK']` instead. See 
https://pytorch.org/docs/stable/distributed.html#launch-utility for 
further instructions

  warnings.warn(
WARNING:torch.distributed.run:
*****************************************
Setting OMP_NUM_THREADS environment variable for each process to be 1 in default, to avoid your system being overloaded, please further tune the variable for optimal performance in your application as needed. 
*****************************************
Batch Size (per node):  3
Learning Rate:  0.001
Batch Size (per node):  3
Learning Rate:  0.001Batch Size (per node): 
Batch Size (per node):  3 
3Learning Rate: 
 Learning Rate: 0.001 
0.001
DEVICES:  [<torch.cuda.device object at 0x14d4a0810610>, <torch.cuda.device object at 0x14d4a08105e0>, <torch.cuda.device object at 0x14d4a0810460>, <torch.cuda.device object at 0x14d4a0810640>]
DEVICES:  [<torch.cuda.device object at 0x153bc4755550>, <torch.cuda.device object at 0x153bc47555e0>, <torch.cuda.device object at 0x153bc4755460>, <torch.cuda.device object at 0x153bc4755640>]
DEVICES:  [<torch.cuda.device object at 0x15295948e520>, <torch.cuda.device object at 0x15295948e5b0>, <torch.cuda.device object at 0x15295948e430>, <torch.cuda.device object at 0x15295948e610>]
DEVICES:  [<torch.cuda.device object at 0x15365e74b5b0>, <torch.cuda.device object at 0x15365e74b640>, <torch.cuda.device object at 0x15365e74b4c0>, <torch.cuda.device object at 0x15365e74b6a0>]
/panfs/ccds02/nobackup/people/kli3/RNALearner/performer_pytorch/performer_pytorch.py:115: UserWarning: torch.qr is deprecated in favor of torch.linalg.qr and will be removed in a future PyTorch release.
The boolean parameter 'some' has been replaced with a string parameter 'mode'.
Q, R = torch.qr(A, some)
should be replaced with
Q, R = torch.linalg.qr(A, 'reduced' if some else 'complete') (Triggered internally at ../aten/src/ATen/native/BatchLinearAlgebra.cpp:2349.)
  q, r = torch.qr(unstructured_block.cpu(), some = True)
/panfs/ccds02/nobackup/people/kli3/RNALearner/performer_pytorch/performer_pytorch.py:115: UserWarning: torch.qr is deprecated in favor of torch.linalg.qr and will be removed in a future PyTorch release.
The boolean parameter 'some' has been replaced with a string parameter 'mode'.
Q, R = torch.qr(A, some)
should be replaced with
Q, R = torch.linalg.qr(A, 'reduced' if some else 'complete') (Triggered internally at ../aten/src/ATen/native/BatchLinearAlgebra.cpp:2349.)
  q, r = torch.qr(unstructured_block.cpu(), some = True)
/panfs/ccds02/nobackup/people/kli3/RNALearner/performer_pytorch/performer_pytorch.py:115: UserWarning: torch.qr is deprecated in favor of torch.linalg.qr and will be removed in a future PyTorch release.
The boolean parameter 'some' has been replaced with a string parameter 'mode'.
Q, R = torch.qr(A, some)
should be replaced with
Q, R = torch.linalg.qr(A, 'reduced' if some else 'complete') (Triggered internally at ../aten/src/ATen/native/BatchLinearAlgebra.cpp:2349.)
  q, r = torch.qr(unstructured_block.cpu(), some = True)
/panfs/ccds02/nobackup/people/kli3/RNALearner/performer_pytorch/performer_pytorch.py:115: UserWarning: torch.qr is deprecated in favor of torch.linalg.qr and will be removed in a future PyTorch release.
The boolean parameter 'some' has been replaced with a string parameter 'mode'.
Q, R = torch.qr(A, some)
should be replaced with
Q, R = torch.linalg.qr(A, 'reduced' if some else 'complete') (Triggered internally at ../aten/src/ATen/native/BatchLinearAlgebra.cpp:2349.)
  q, r = torch.qr(unstructured_block.cpu(), some = True)
    ==  Epoch: 1 | Training Loss: 0.006514 | Accuracy:    nan%  ==
    ==  Epoch: 1 | Validation Loss: 0.385380 | Accuracy: 90.1370%  ==
    ==  Epoch: 2 | Training Loss: 0.010759 | Accuracy:    nan%  ==
    ==  Epoch: 2 | Validation Loss: 0.606908 | Accuracy: 89.4977%  ==
    ==  Epoch: 3 | Training Loss: 0.010731 | Accuracy:    nan%  ==
    ==  Epoch: 3 | Validation Loss: 0.630341 | Accuracy: 83.0508%  ==
    ==  Epoch: 4 | Training Loss: 0.010321 | Accuracy:    nan%  ==
    ==  Epoch: 4 | Validation Loss: 0.590727 | Accuracy: 75.7576%  ==
    ==  Epoch: 5 | Training Loss: 0.010673 | Accuracy:    nan%  ==
    ==  Epoch: 5 | Validation Loss: 0.643966 | Accuracy: 71.1712%  ==
    ==  Epoch: 6 | Training Loss: 0.010195 | Accuracy:    nan%  ==
    ==  Epoch: 6 | Validation Loss: 0.595152 | Accuracy: 83.2192%  ==
    ==  Epoch: 7 | Training Loss: 0.009754 | Accuracy: 79.1391%  ==
    ==  Epoch: 7 | Validation Loss: 0.572939 | Accuracy: 27.1845%  ==
    ==  Epoch: 8 | Training Loss: 0.009003 | Accuracy:    nan%  ==
    ==  Epoch: 8 | Validation Loss: 0.517516 | Accuracy: 76.6917%  ==
    ==  Epoch: 9 | Training Loss: 0.008419 | Accuracy:    nan%  ==
    ==  Epoch: 9 | Validation Loss: 0.535259 | Accuracy: 87.9518%  ==
    ==  Epoch: 10 | Training Loss: 0.009018 | Accuracy:    nan%  ==
    ==  Epoch: 10 | Validation Loss: 0.531706 | Accuracy: 79.6610%  ==
    ==  Epoch: 11 | Training Loss: 0.008267 | Accuracy: 80.4468%  ==
    ==  Epoch: 11 | Validation Loss: 0.478476 | Accuracy: 83.8926%  ==
    ==  Epoch: 12 | Training Loss: 0.007956 | Accuracy:    nan%  ==
    ==  Epoch: 12 | Validation Loss: 0.468084 | Accuracy: 76.5690%  ==
    ==  Epoch: 13 | Training Loss: 0.007706 | Accuracy: 81.5743%  ==
    ==  Epoch: 13 | Validation Loss: 0.458236 | Accuracy: 91.6667%  ==
    ==  Epoch: 14 | Training Loss: 0.007577 | Accuracy:    nan%  ==
    ==  Epoch: 14 | Validation Loss: 0.453973 | Accuracy: 88.7640%  ==
    ==  Epoch: 15 | Training Loss: 0.007525 | Accuracy:    nan%  ==
    ==  Epoch: 15 | Validation Loss: 0.449039 | Accuracy: 88.0531%  ==
    ==  Epoch: 16 | Training Loss: 0.007513 | Accuracy:    nan%  ==
    ==  Epoch: 16 | Validation Loss: 0.451480 | Accuracy: 84.1667%  ==
    ==  Epoch: 17 | Training Loss: 0.007614 | Accuracy:    nan%  ==
    ==  Epoch: 17 | Validation Loss: 0.447345 | Accuracy: 94.6844%  ==
    ==  Epoch: 18 | Training Loss: 0.009025 | Accuracy:    nan%  ==
    ==  Epoch: 18 | Validation Loss: 0.482313 | Accuracy: 77.2277%  ==
    ==  Epoch: 19 | Training Loss: 0.008171 | Accuracy:    nan%  ==
    ==  Epoch: 19 | Validation Loss: 0.477103 | Accuracy: 81.0000%  ==
    ==  Epoch: 20 | Training Loss: 0.008132 | Accuracy:    nan%  ==
    ==  Epoch: 20 | Validation Loss: 0.470226 | Accuracy: 72.6562%  ==
JobID        JobIDRaw        JobName  Partition  MaxVMSize  MaxVMSizeNode  MaxVMSizeTask  AveVMSize     MaxRSS MaxRSSNode MaxRSSTask     AveRSS MaxPages MaxPagesNode   MaxPagesTask   AvePages     MinCPU MinCPUNode MinCPUTask     AveCPU   NTasks  AllocCPUS    Elapsed      State ExitCode AveCPUFreq ReqCPUFreqMin ReqCPUFreqMax ReqCPUFreqGov     ReqMem ConsumedEnergy  MaxDiskRead MaxDiskReadNode MaxDiskReadTask    AveDiskRead MaxDiskWrite MaxDiskWriteNode MaxDiskWriteTask   AveDiskWrite    ReqTRES  AllocTRES TRESUsageInAve TRESUsageInMax TRESUsageInMaxNode TRESUsageInMaxTask TRESUsageInMin TRESUsageInMinNode TRESUsageInMinTask TRESUsageInTot TRESUsageOutMax TRESUsageOutMaxNode TRESUsageOutMaxTask TRESUsageOutAve TRESUsageOutTot 
------------ ------------ ---------- ---------- ---------- -------------- -------------- ---------- ---------- ---------- ---------- ---------- -------- ------------ -------------- ---------- ---------- ---------- ---------- ---------- -------- ---------- ---------- ---------- -------- ---------- ------------- ------------- ------------- ---------- -------------- ------------ --------------- --------------- -------------- ------------ ---------------- ---------------- -------------- ---------- ---------- -------------- -------------- ------------------ ------------------ -------------- ------------------ ------------------ -------------- --------------- ------------------- ------------------- --------------- --------------- 
36513415     36513415     scbertpre+    compute                                                                                                                                                                                                              32 2-08:57:08    RUNNING      0:0                  Unknown       Unknown       Unknown       720G                                                                                                                                          billing=3+ billing=3+                                                                                                                                                                                                                                 
36513415.ba+ 36513415.ba+      batch                                                                                                                                                                                                               1         32 2-08:57:08    RUNNING      0:0          0             0             0             0                         0                                                                                                                                      cpu=32,gr+                                                                                                                                                                                                                                 
