/home/kli3/.conda/envs/scbert/lib/python3.9/site-packages/torch/distributed/launch.py:181: FutureWarning: The module torch.distributed.launch is deprecated
and will be removed in future. Use torchrun.
Note that --use-env is set by default in torchrun.
If your script expects `--local-rank` argument to be set, please
change it to read from `os.environ['LOCAL_RANK']` instead. See 
https://pytorch.org/docs/stable/distributed.html#launch-utility for 
further instructions

  warnings.warn(
WARNING:torch.distributed.run:
*****************************************
Setting OMP_NUM_THREADS environment variable for each process to be 1 in default, to avoid your system being overloaded, please further tune the variable for optimal performance in your application as needed. 
*****************************************
(12641, 15117)
(3161, 15117)
(12641, 15117)
(3161, 15117)
(12641, 15117)
(3161, 15117)
(12641, 15117)
(3161, 15117)
/panfs/ccds02/nobackup/people/kli3/RNALearner/performer_pytorch/performer_pytorch.py:115: UserWarning: torch.qr is deprecated in favor of torch.linalg.qr and will be removed in a future PyTorch release.
The boolean parameter 'some' has been replaced with a string parameter 'mode'.
Q, R = torch.qr(A, some)
should be replaced with
Q, R = torch.linalg.qr(A, 'reduced' if some else 'complete') (Triggered internally at /opt/conda/conda-bld/pytorch_1678402374358/work/aten/src/ATen/native/BatchLinearAlgebra.cpp:2425.)
  q, r = torch.qr(unstructured_block.cpu(), some = True)
/panfs/ccds02/nobackup/people/kli3/RNALearner/performer_pytorch/performer_pytorch.py:115: UserWarning: torch.qr is deprecated in favor of torch.linalg.qr and will be removed in a future PyTorch release.
The boolean parameter 'some' has been replaced with a string parameter 'mode'.
Q, R = torch.qr(A, some)
should be replaced with
Q, R = torch.linalg.qr(A, 'reduced' if some else 'complete') (Triggered internally at /opt/conda/conda-bld/pytorch_1678402374358/work/aten/src/ATen/native/BatchLinearAlgebra.cpp:2425.)
  q, r = torch.qr(unstructured_block.cpu(), some = True)
/panfs/ccds02/nobackup/people/kli3/RNALearner/performer_pytorch/performer_pytorch.py:115: UserWarning: torch.qr is deprecated in favor of torch.linalg.qr and will be removed in a future PyTorch release.
The boolean parameter 'some' has been replaced with a string parameter 'mode'.
Q, R = torch.qr(A, some)
should be replaced with
Q, R = torch.linalg.qr(A, 'reduced' if some else 'complete') (Triggered internally at /opt/conda/conda-bld/pytorch_1678402374358/work/aten/src/ATen/native/BatchLinearAlgebra.cpp:2425.)
  q, r = torch.qr(unstructured_block.cpu(), some = True)
/panfs/ccds02/nobackup/people/kli3/RNALearner/performer_pytorch/performer_pytorch.py:115: UserWarning: torch.qr is deprecated in favor of torch.linalg.qr and will be removed in a future PyTorch release.
The boolean parameter 'some' has been replaced with a string parameter 'mode'.
Q, R = torch.qr(A, some)
should be replaced with
Q, R = torch.linalg.qr(A, 'reduced' if some else 'complete') (Triggered internally at /opt/conda/conda-bld/pytorch_1678402374358/work/aten/src/ATen/native/BatchLinearAlgebra.cpp:2425.)
  q, r = torch.qr(unstructured_block.cpu(), some = True)
begin trainingbegin trainingbegin training
begin training


    ==  Epoch: 1 | Training Loss: 0.670261 | Accuracy: 69.2916%  ==
    ==  Epoch: 1 | Validation Loss: 0.668285 | Accuracy: 69.3135%  ==
[[   0  970]
 [   0 2191]]
    ==  Epoch: 2 | Training Loss: 0.483963 | Accuracy: 87.5474%  ==
    ==  Epoch: 2 | Validation Loss: 0.171924 | Accuracy: 95.8874%  ==
[[ 841  129]
 [   1 2190]]
    ==  Epoch: 3 | Training Loss: 0.050646 | Accuracy: 98.3792%  ==
    ==  Epoch: 3 | Validation Loss: 0.038550 | Accuracy: 98.2600%  ==
[[ 957   13]
 [  42 2149]]
    ==  Epoch: 4 | Training Loss: 0.025533 | Accuracy: 98.9484%  ==
    ==  Epoch: 4 | Validation Loss: 0.026668 | Accuracy: 98.7662%  ==
[[ 953   17]
 [  22 2169]]
    ==  Epoch: 5 | Training Loss: 0.015914 | Accuracy: 99.3596%  ==
    ==  Epoch: 5 | Validation Loss: 0.026345 | Accuracy: 98.8295%  ==
[[ 963    7]
 [  30 2161]]
    ==  Epoch: 6 | Training Loss: 0.009877 | Accuracy: 99.6284%  ==
    ==  Epoch: 6 | Validation Loss: 0.022308 | Accuracy: 99.0826%  ==
[[ 948   22]
 [   7 2184]]
    ==  Epoch: 7 | Training Loss: 0.006205 | Accuracy: 99.8260%  ==
    ==  Epoch: 7 | Validation Loss: 0.024413 | Accuracy: 98.7978%  ==
[[ 961    9]
 [  29 2162]]
    ==  Epoch: 8 | Training Loss: 0.003490 | Accuracy: 99.9526%  ==
    ==  Epoch: 8 | Validation Loss: 0.022507 | Accuracy: 99.0509%  ==
[[ 958   12]
 [  18 2173]]
    ==  Epoch: 9 | Training Loss: 0.002096 | Accuracy: 99.9921%  ==
    ==  Epoch: 9 | Validation Loss: 0.019817 | Accuracy: 99.1142%  ==
[[ 956   14]
 [  14 2177]]
    ==  Epoch: 10 | Training Loss: 0.001436 | Accuracy: 100.0000%  ==
    ==  Epoch: 10 | Validation Loss: 0.019819 | Accuracy: 99.1142%  ==
[[ 957   13]
 [  15 2176]]
    ==  Epoch: 11 | Training Loss: 0.001169 | Accuracy: 100.0000%  ==
    ==  Epoch: 11 | Validation Loss: 0.020526 | Accuracy: 99.0509%  ==
[[ 959   11]
 [  19 2172]]
    ==  Epoch: 12 | Training Loss: 0.001050 | Accuracy: 100.0000%  ==
    ==  Epoch: 12 | Validation Loss: 0.019199 | Accuracy: 99.1142%  ==
[[ 957   13]
 [  15 2176]]
    ==  Epoch: 13 | Training Loss: 0.000940 | Accuracy: 100.0000%  ==
    ==  Epoch: 13 | Validation Loss: 0.019938 | Accuracy: 99.0509%  ==
[[ 953   17]
 [  13 2178]]
    ==  Epoch: 14 | Training Loss: 0.000924 | Accuracy: 100.0000%  ==
    ==  Epoch: 14 | Validation Loss: 0.020286 | Accuracy: 99.1142%  ==
[[ 956   14]
 [  14 2177]]
    ==  Epoch: 15 | Training Loss: 0.000932 | Accuracy: 100.0000%  ==
    ==  Epoch: 15 | Validation Loss: 0.021331 | Accuracy: 99.0826%  ==
[[ 960   10]
 [  19 2172]]
    ==  Epoch: 16 | Training Loss: 0.001109 | Accuracy: 100.0000%  ==
    ==  Epoch: 16 | Validation Loss: 0.019759 | Accuracy: 99.0509%  ==
[[ 953   17]
 [  13 2178]]
    ==  Epoch: 17 | Training Loss: 0.000995 | Accuracy: 100.0000%  ==
    ==  Epoch: 17 | Validation Loss: 0.020443 | Accuracy: 99.0826%  ==
[[ 957   13]
 [  16 2175]]
    ==  Epoch: 18 | Training Loss: 0.000951 | Accuracy: 100.0000%  ==
    ==  Epoch: 18 | Validation Loss: 0.021137 | Accuracy: 99.0826%  ==
[[ 952   18]
 [  11 2180]]
    ==  Epoch: 19 | Training Loss: 0.001044 | Accuracy: 100.0000%  ==
    ==  Epoch: 19 | Validation Loss: 0.020823 | Accuracy: 98.9877%  ==
[[ 955   15]
 [  17 2174]]
    ==  Epoch: 20 | Training Loss: 0.000850 | Accuracy: 100.0000%  ==
    ==  Epoch: 20 | Validation Loss: 0.020750 | Accuracy: 99.1458%  ==
[[ 952   18]
 [   9 2182]]
    ==  Epoch: 21 | Training Loss: 0.000693 | Accuracy: 99.9921%  ==
    ==  Epoch: 21 | Validation Loss: 0.020745 | Accuracy: 99.0826%  ==
[[ 953   17]
 [  12 2179]]
    ==  Epoch: 22 | Training Loss: 0.000581 | Accuracy: 100.0000%  ==
    ==  Epoch: 22 | Validation Loss: 0.020334 | Accuracy: 99.0826%  ==
[[ 952   18]
 [  11 2180]]
[E ProcessGroupNCCL.cpp:828] [Rank 0] Watchdog caught collective operation timeout: WorkNCCL(SeqNum=1704, OpType=ALLREDUCE, Timeout(ms)=1800000) ran for 1803621 milliseconds before timing out.
[E ProcessGroupNCCL.cpp:828] [Rank 3] Watchdog caught collective operation timeout: WorkNCCL(SeqNum=1704, OpType=ALLREDUCE, Timeout(ms)=1800000) ran for 1803623 milliseconds before timing out.
[E ProcessGroupNCCL.cpp:828] [Rank 1] Watchdog caught collective operation timeout: WorkNCCL(SeqNum=1704, OpType=ALLREDUCE, Timeout(ms)=1800000) ran for 1803623 milliseconds before timing out.
[E ProcessGroupNCCL.cpp:455] Some NCCL operations have failed or timed out. Due to the asynchronous nature of CUDA kernels, subsequent GPU operations might run on corrupted/incomplete data.
[E ProcessGroupNCCL.cpp:460] To avoid data inconsistency, we are taking the entire process down.
terminate called after throwing an instance of 'std::runtime_error'
  what():  [Rank 3] Watchdog caught collective operation timeout: WorkNCCL(SeqNum=1704, OpType=ALLREDUCE, Timeout(ms)=1800000) ran for 1803623 milliseconds before timing out.
[E ProcessGroupNCCL.cpp:455] Some NCCL operations have failed or timed out. Due to the asynchronous nature of CUDA kernels, subsequent GPU operations might run on corrupted/incomplete data.
[E ProcessGroupNCCL.cpp:460] To avoid data inconsistency, we are taking the entire process down.
terminate called after throwing an instance of 'std::runtime_error'
  what():  [Rank 1] Watchdog caught collective operation timeout: WorkNCCL(SeqNum=1704, OpType=ALLREDUCE, Timeout(ms)=1800000) ran for 1803623 milliseconds before timing out.
[E ProcessGroupNCCL.cpp:455] Some NCCL operations have failed or timed out. Due to the asynchronous nature of CUDA kernels, subsequent GPU operations might run on corrupted/incomplete data.
[E ProcessGroupNCCL.cpp:460] To avoid data inconsistency, we are taking the entire process down.
terminate called after throwing an instance of 'std::runtime_error'
  what():  [Rank 0] Watchdog caught collective operation timeout: WorkNCCL(SeqNum=1704, OpType=ALLREDUCE, Timeout(ms)=1800000) ran for 1803621 milliseconds before timing out.
WARNING:torch.distributed.elastic.multiprocessing.api:Sending process 305676 closing signal SIGTERM
ERROR:torch.distributed.elastic.multiprocessing.api:failed (exitcode: -6) local_rank: 0 (pid: 305675) of binary: /home/kli3/.conda/envs/scbert/bin/python3
Traceback (most recent call last):
  File "/home/kli3/.conda/envs/scbert/lib/python3.9/runpy.py", line 197, in _run_module_as_main
    return _run_code(code, main_globals, None,
  File "/home/kli3/.conda/envs/scbert/lib/python3.9/runpy.py", line 87, in _run_code
    exec(code, run_globals)
  File "/home/kli3/.conda/envs/scbert/lib/python3.9/site-packages/torch/distributed/launch.py", line 196, in <module>
    main()
  File "/home/kli3/.conda/envs/scbert/lib/python3.9/site-packages/torch/distributed/launch.py", line 192, in main
    launch(args)
  File "/home/kli3/.conda/envs/scbert/lib/python3.9/site-packages/torch/distributed/launch.py", line 177, in launch
    run(args)
  File "/home/kli3/.conda/envs/scbert/lib/python3.9/site-packages/torch/distributed/run.py", line 785, in run
    elastic_launch(
  File "/home/kli3/.conda/envs/scbert/lib/python3.9/site-packages/torch/distributed/launcher/api.py", line 134, in __call__
    return launch_agent(self._config, self._entrypoint, list(args))
  File "/home/kli3/.conda/envs/scbert/lib/python3.9/site-packages/torch/distributed/launcher/api.py", line 250, in launch_agent
    raise ChildFailedError(
torch.distributed.elastic.multiprocessing.errors.ChildFailedError: 
=======================================================
scout.py FAILED
-------------------------------------------------------
Failures:
[1]:
  time      : 2023-04-22_14:32:06
  host      : gpu012.atstor.adapt.nccs.nasa.gov
  rank      : 3 (local_rank: 3)
  exitcode  : -6 (pid: 305678)
  error_file: <N/A>
  traceback : Signal 6 (SIGABRT) received by PID 305678
-------------------------------------------------------
Root Cause (first observed failure):
[0]:
  time      : 2023-04-22_14:32:06
  host      : gpu012.atstor.adapt.nccs.nasa.gov
  rank      : 0 (local_rank: 0)
  exitcode  : -6 (pid: 305675)
  error_file: <N/A>
  traceback : Signal 6 (SIGABRT) received by PID 305675
=======================================================
JobID        JobIDRaw        JobName  Partition  MaxVMSize  MaxVMSizeNode  MaxVMSizeTask  AveVMSize     MaxRSS MaxRSSNode MaxRSSTask     AveRSS MaxPages MaxPagesNode   MaxPagesTask   AvePages     MinCPU MinCPUNode MinCPUTask     AveCPU   NTasks  AllocCPUS    Elapsed      State ExitCode AveCPUFreq ReqCPUFreqMin ReqCPUFreqMax ReqCPUFreqGov     ReqMem ConsumedEnergy  MaxDiskRead MaxDiskReadNode MaxDiskReadTask    AveDiskRead MaxDiskWrite MaxDiskWriteNode MaxDiskWriteTask   AveDiskWrite    ReqTRES  AllocTRES TRESUsageInAve TRESUsageInMax TRESUsageInMaxNode TRESUsageInMaxTask TRESUsageInMin TRESUsageInMinNode TRESUsageInMinTask TRESUsageInTot TRESUsageOutMax TRESUsageOutMaxNode TRESUsageOutMaxTask TRESUsageOutAve TRESUsageOutTot 
------------ ------------ ---------- ---------- ---------- -------------- -------------- ---------- ---------- ---------- ---------- ---------- -------- ------------ -------------- ---------- ---------- ---------- ---------- ---------- -------- ---------- ---------- ---------- -------- ---------- ------------- ------------- ------------- ---------- -------------- ------------ --------------- --------------- -------------- ------------ ---------------- ---------------- -------------- ---------- ---------- -------------- -------------- ------------------ ------------------ -------------- ------------------ ------------------ -------------- --------------- ------------------- ------------------- --------------- --------------- 
36516233     36516233          scout    compute                                                                                                                                                                                                              32   02:59:29    RUNNING      0:0                  Unknown       Unknown       Unknown       720G                                                                                                                                          billing=3+ billing=3+                                                                                                                                                                                                                                 
36516233.ba+ 36516233.ba+      batch                                                                                                                                                                                                               1         32   02:59:29    RUNNING      0:0          0             0             0             0                         0                                                                                                                                      cpu=32,gr+                                                                                                                                                                                                                                 
