/home/kli3/.conda/envs/scbert/lib/python3.9/site-packages/torch/distributed/launch.py:181: FutureWarning: The module torch.distributed.launch is deprecated
and will be removed in future. Use torchrun.
Note that --use-env is set by default in torchrun.
If your script expects `--local-rank` argument to be set, please
change it to read from `os.environ['LOCAL_RANK']` instead. See 
https://pytorch.org/docs/stable/distributed.html#launch-utility for 
further instructions

  warnings.warn(
WARNING:torch.distributed.run:
*****************************************
Setting OMP_NUM_THREADS environment variable for each process to be 1 in default, to avoid your system being overloaded, please further tune the variable for optimal performance in your application as needed. 
*****************************************
Batch Size (per node): Batch Size (per node): Batch Size (per node):    333


Learning Rate: Learning Rate: Learning Rate:    0.00010.00010.0001


Patience: Patience: Patience:    444


model: model: model:    recount3_mouse_15117_bulk_pretrain_with_earlystop_guide_and_graph_continue_from_30recount3_mouse_15117_bulk_pretrain_with_earlystop_guide_and_graph_continue_from_30recount3_mouse_15117_bulk_pretrain_with_earlystop_guide_and_graph_continue_from_30


Batch Size (per node):  3
Learning Rate:  0.0001
Patience:  4
model:  recount3_mouse_15117_bulk_pretrain_with_earlystop_guide_and_graph_continue_from_30
DEVICES:  [<torch.cuda.device object at 0x1519b52424c0>, <torch.cuda.device object at 0x1519b52425e0>, <torch.cuda.device object at 0x1519b5242460>, <torch.cuda.device object at 0x1519b5242640>]
DEVICES:  [<torch.cuda.device object at 0x1537e43b9550>, <torch.cuda.device object at 0x1537e43b9670>, <torch.cuda.device object at 0x1537e43b94f0>, <torch.cuda.device object at 0x1537e43b96d0>]
DEVICES:  [<torch.cuda.device object at 0x15406d6e5550>, <torch.cuda.device object at 0x15406d6e5670>, <torch.cuda.device object at 0x15406d6e54f0>, <torch.cuda.device object at 0x15406d6e56d0>]
DEVICES:  [<torch.cuda.device object at 0x14d9e7f21580>, <torch.cuda.device object at 0x14d9e7f216a0>, <torch.cuda.device object at 0x14d9e7f21520>, <torch.cuda.device object at 0x14d9e7f21700>]
/panfs/ccds02/nobackup/people/kli3/RNALearner/performer_pytorch/performer_pytorch.py:115: UserWarning: torch.qr is deprecated in favor of torch.linalg.qr and will be removed in a future PyTorch release.
The boolean parameter 'some' has been replaced with a string parameter 'mode'.
Q, R = torch.qr(A, some)
should be replaced with
Q, R = torch.linalg.qr(A, 'reduced' if some else 'complete') (Triggered internally at /opt/conda/conda-bld/pytorch_1678402374358/work/aten/src/ATen/native/BatchLinearAlgebra.cpp:2425.)
  q, r = torch.qr(unstructured_block.cpu(), some = True)
/panfs/ccds02/nobackup/people/kli3/RNALearner/performer_pytorch/performer_pytorch.py:115: UserWarning: torch.qr is deprecated in favor of torch.linalg.qr and will be removed in a future PyTorch release.
The boolean parameter 'some' has been replaced with a string parameter 'mode'.
Q, R = torch.qr(A, some)
should be replaced with
Q, R = torch.linalg.qr(A, 'reduced' if some else 'complete') (Triggered internally at /opt/conda/conda-bld/pytorch_1678402374358/work/aten/src/ATen/native/BatchLinearAlgebra.cpp:2425.)
  q, r = torch.qr(unstructured_block.cpu(), some = True)
/panfs/ccds02/nobackup/people/kli3/RNALearner/performer_pytorch/performer_pytorch.py:115: UserWarning: torch.qr is deprecated in favor of torch.linalg.qr and will be removed in a future PyTorch release.
The boolean parameter 'some' has been replaced with a string parameter 'mode'.
Q, R = torch.qr(A, some)
should be replaced with
Q, R = torch.linalg.qr(A, 'reduced' if some else 'complete') (Triggered internally at /opt/conda/conda-bld/pytorch_1678402374358/work/aten/src/ATen/native/BatchLinearAlgebra.cpp:2425.)
  q, r = torch.qr(unstructured_block.cpu(), some = True)
/panfs/ccds02/nobackup/people/kli3/RNALearner/performer_pytorch/performer_pytorch.py:115: UserWarning: torch.qr is deprecated in favor of torch.linalg.qr and will be removed in a future PyTorch release.
The boolean parameter 'some' has been replaced with a string parameter 'mode'.
Q, R = torch.qr(A, some)
should be replaced with
Q, R = torch.linalg.qr(A, 'reduced' if some else 'complete') (Triggered internally at /opt/conda/conda-bld/pytorch_1678402374358/work/aten/src/ATen/native/BatchLinearAlgebra.cpp:2425.)
  q, r = torch.qr(unstructured_block.cpu(), some = True)
    ==  Epoch: 1 | Training Loss: 0.006072 | Accuracy:    nan%  ==
    ==  Epoch: 1 | Validation Loss: 0.361117 | Accuracy: 91.6107%  ==
    ==  Epoch: 2 | Training Loss: 0.006027 | Accuracy:    nan%  ==
    ==  Epoch: 2 | Validation Loss: 0.356246 | Accuracy: 90.0383%  ==
    ==  Epoch: 3 | Training Loss: 0.005984 | Accuracy: 84.8197%  ==
    ==  Epoch: 3 | Validation Loss: 0.358388 | Accuracy: 87.7323%  ==
    ==  Epoch: 4 | Training Loss: 0.006004 | Accuracy:    nan%  ==
    ==  Epoch: 4 | Validation Loss: 0.354869 | Accuracy: 92.3077%  ==
    ==  Epoch: 5 | Training Loss: 0.006008 | Accuracy:    nan%  ==
    ==  Epoch: 5 | Validation Loss: 0.363602 | Accuracy: 74.9091%  ==
    ==  Epoch: 6 | Training Loss: 0.006030 | Accuracy:    nan%  ==
    ==  Epoch: 6 | Validation Loss: 0.356484 | Accuracy: 84.9711%  ==
    ==  Epoch: 7 | Training Loss: 0.005931 | Accuracy:    nan%  ==
    ==  Epoch: 7 | Validation Loss: 0.349880 | Accuracy: 92.2481%  ==
    ==  Epoch: 8 | Training Loss: 0.005885 | Accuracy:    nan%  ==
    ==  Epoch: 8 | Validation Loss: 0.351632 | Accuracy: 82.3105%  ==
    ==  Epoch: 9 | Training Loss: 0.005859 | Accuracy:    nan%  ==
    ==  Epoch: 9 | Validation Loss: 0.349763 | Accuracy: 87.8307%  ==
    ==  Epoch: 10 | Training Loss: 0.005802 | Accuracy:    nan%  ==
    ==  Epoch: 10 | Validation Loss: 0.355699 | Accuracy: 95.8621%  ==
    ==  Epoch: 11 | Training Loss: 0.005758 | Accuracy:    nan%  ==
    ==  Epoch: 11 | Validation Loss: 0.342548 | Accuracy: 95.5272%  ==
    ==  Epoch: 12 | Training Loss: 0.005731 | Accuracy:    nan%  ==
    ==  Epoch: 12 | Validation Loss: 0.340796 | Accuracy: 75.2252%  ==
    ==  Epoch: 13 | Training Loss: 0.005696 | Accuracy:    nan%  ==
    ==  Epoch: 13 | Validation Loss: 0.344893 | Accuracy: 94.1860%  ==
    ==  Epoch: 14 | Training Loss: 0.005692 | Accuracy:    nan%  ==
    ==  Epoch: 14 | Validation Loss: 0.337676 | Accuracy: 85.0000%  ==
    ==  Epoch: 15 | Training Loss: 0.005703 | Accuracy:    nan%  ==
    ==  Epoch: 15 | Validation Loss: 0.338371 | Accuracy: 75.8333%  ==
    ==  Epoch: 16 | Training Loss: 0.005700 | Accuracy:    nan%  ==
    ==  Epoch: 16 | Validation Loss: 0.339354 | Accuracy: 93.8224%  ==
    ==  Epoch: 17 | Training Loss: 0.005718 | Accuracy:    nan%  ==
    ==  Epoch: 17 | Validation Loss: 0.337581 | Accuracy: 88.7160%  ==
    ==  Epoch: 18 | Training Loss: 0.005679 | Accuracy:    nan%  ==
    ==  Epoch: 18 | Validation Loss: 0.346036 | Accuracy: 83.7104%  ==
    ==  Epoch: 19 | Training Loss: 0.005726 | Accuracy:    nan%  ==
    ==  Epoch: 19 | Validation Loss: 0.339476 | Accuracy: 67.2986%  ==
[E ProcessGroupNCCL.cpp:828] [Rank 3] Watchdog caught collective operation timeout: WorkNCCL(SeqNum=19618, OpType=ALLREDUCE, Timeout(ms)=7200000) ran for 7209999 milliseconds before timing out.
[E ProcessGroupNCCL.cpp:828] [Rank 0] Watchdog caught collective operation timeout: WorkNCCL(SeqNum=19618, OpType=ALLREDUCE, Timeout(ms)=7200000) ran for 7209827 milliseconds before timing out.
[E ProcessGroupNCCL.cpp:455] Some NCCL operations have failed or timed out. Due to the asynchronous nature of CUDA kernels, subsequent GPU operations might run on corrupted/incomplete data.
[E ProcessGroupNCCL.cpp:460] To avoid data inconsistency, we are taking the entire process down.
terminate called after throwing an instance of 'std::runtime_error'
  what():  [Rank 0] Watchdog caught collective operation timeout: WorkNCCL(SeqNum=19618, OpType=ALLREDUCE, Timeout(ms)=7200000) ran for 7209827 milliseconds before timing out.
[E ProcessGroupNCCL.cpp:455] Some NCCL operations have failed or timed out. Due to the asynchronous nature of CUDA kernels, subsequent GPU operations might run on corrupted/incomplete data.
[E ProcessGroupNCCL.cpp:460] To avoid data inconsistency, we are taking the entire process down.
terminate called after throwing an instance of 'std::runtime_error'
  what():  [Rank 3] Watchdog caught collective operation timeout: WorkNCCL(SeqNum=19618, OpType=ALLREDUCE, Timeout(ms)=7200000) ran for 7209999 milliseconds before timing out.
ERROR:torch.distributed.elastic.multiprocessing.api:failed (exitcode: -6) local_rank: 0 (pid: 1278741) of binary: /home/kli3/.conda/envs/scbert/bin/python3
Traceback (most recent call last):
  File "/home/kli3/.conda/envs/scbert/lib/python3.9/runpy.py", line 197, in _run_module_as_main
    return _run_code(code, main_globals, None,
  File "/home/kli3/.conda/envs/scbert/lib/python3.9/runpy.py", line 87, in _run_code
    exec(code, run_globals)
  File "/home/kli3/.conda/envs/scbert/lib/python3.9/site-packages/torch/distributed/launch.py", line 196, in <module>
    main()
  File "/home/kli3/.conda/envs/scbert/lib/python3.9/site-packages/torch/distributed/launch.py", line 192, in main
    launch(args)
  File "/home/kli3/.conda/envs/scbert/lib/python3.9/site-packages/torch/distributed/launch.py", line 177, in launch
    run(args)
  File "/home/kli3/.conda/envs/scbert/lib/python3.9/site-packages/torch/distributed/run.py", line 785, in run
    elastic_launch(
  File "/home/kli3/.conda/envs/scbert/lib/python3.9/site-packages/torch/distributed/launcher/api.py", line 134, in __call__
    return launch_agent(self._config, self._entrypoint, list(args))
  File "/home/kli3/.conda/envs/scbert/lib/python3.9/site-packages/torch/distributed/launcher/api.py", line 250, in launch_agent
    raise ChildFailedError(
torch.distributed.elastic.multiprocessing.errors.ChildFailedError: 
========================================================
pretrain.py FAILED
--------------------------------------------------------
Failures:
[1]:
  time      : 2023-04-06_14:13:00
  host      : gpu007.atstor.adapt.nccs.nasa.gov
  rank      : 3 (local_rank: 3)
  exitcode  : -6 (pid: 1278744)
  error_file: <N/A>
  traceback : Signal 6 (SIGABRT) received by PID 1278744
--------------------------------------------------------
Root Cause (first observed failure):
[0]:
  time      : 2023-04-06_14:13:00
  host      : gpu007.atstor.adapt.nccs.nasa.gov
  rank      : 0 (local_rank: 0)
  exitcode  : -6 (pid: 1278741)
  error_file: <N/A>
  traceback : Signal 6 (SIGABRT) received by PID 1278741
========================================================
JobID        JobIDRaw        JobName  Partition  MaxVMSize  MaxVMSizeNode  MaxVMSizeTask  AveVMSize     MaxRSS MaxRSSNode MaxRSSTask     AveRSS MaxPages MaxPagesNode   MaxPagesTask   AvePages     MinCPU MinCPUNode MinCPUTask     AveCPU   NTasks  AllocCPUS    Elapsed      State ExitCode AveCPUFreq ReqCPUFreqMin ReqCPUFreqMax ReqCPUFreqGov     ReqMem ConsumedEnergy  MaxDiskRead MaxDiskReadNode MaxDiskReadTask    AveDiskRead MaxDiskWrite MaxDiskWriteNode MaxDiskWriteTask   AveDiskWrite    ReqTRES  AllocTRES TRESUsageInAve TRESUsageInMax TRESUsageInMaxNode TRESUsageInMaxTask TRESUsageInMin TRESUsageInMinNode TRESUsageInMinTask TRESUsageInTot TRESUsageOutMax TRESUsageOutMaxNode TRESUsageOutMaxTask TRESUsageOutAve TRESUsageOutTot 
------------ ------------ ---------- ---------- ---------- -------------- -------------- ---------- ---------- ---------- ---------- ---------- -------- ------------ -------------- ---------- ---------- ---------- ---------- ---------- -------- ---------- ---------- ---------- -------- ---------- ------------- ------------- ------------- ---------- -------------- ------------ --------------- --------------- -------------- ------------ ---------------- ---------------- -------------- ---------- ---------- -------------- -------------- ------------------ ------------------ -------------- ------------------ ------------------ -------------- --------------- ------------------- ------------------- --------------- --------------- 
36514546     36514546     rc3pretra+    compute                                                                                                                                                                                                              32 2-06:31:53    RUNNING      0:0                  Unknown       Unknown       Unknown       720G                                                                                                                                          billing=3+ billing=3+                                                                                                                                                                                                                                 
36514546.ba+ 36514546.ba+      batch                                                                                                                                                                                                               1         32 2-06:31:53    RUNNING      0:0          0             0             0             0                         0                                                                                                                                      cpu=32,gr+                                                                                                                                                                                                                                 
