/home/kli3/.conda/envs/scbert/lib/python3.9/site-packages/torch/distributed/launch.py:181: FutureWarning: The module torch.distributed.launch is deprecated
and will be removed in future. Use torchrun.
Note that --use-env is set by default in torchrun.
If your script expects `--local-rank` argument to be set, please
change it to read from `os.environ['LOCAL_RANK']` instead. See 
https://pytorch.org/docs/stable/distributed.html#launch-utility for 
further instructions

  warnings.warn(
WARNING:torch.distributed.run:
*****************************************
Setting OMP_NUM_THREADS environment variable for each process to be 1 in default, to avoid your system being overloaded, please further tune the variable for optimal performance in your application as needed. 
*****************************************
Test: Test: Test: Test: [3861 6862] [7038 7078 5839 1237 2519 3755 7787  288 2910 5814]
[3861 6862] [3861 6862][3861 6862][7038 7078 5839 1237 2519 3755 7787  288 2910 5814]  
[7038 7078 5839 1237 2519 3755 7787  288 2910 5814][7038 7078 5839 1237 2519 3755 7787  288 2910 5814]

Train label:  Train label: Train label:   Train label:  tensor([1, 0])  Val label:  tensor([0, 0, 0, 1, 1, 1, 0, 1, 1, 0])
tensor([1, 0])(2, 15117)tensor([1, 0])
 tensor([1, 0])(10, 15117)  Val label: 
  Val label:   Val label:   tensor([0, 0, 0, 1, 1, 1, 0, 1, 1, 0])tensor([0, 0, 0, 1, 1, 1, 0, 1, 1, 0])
tensor([0, 0, 0, 1, 1, 1, 0, 1, 1, 0])

(2, 15117)
(10, 15117)(2, 15117)
(2, 15117)

(10, 15117)(10, 15117)

/panfs/ccds02/nobackup/people/kli3/RNALearner/performer_pytorch/performer_pytorch.py:115: UserWarning: torch.qr is deprecated in favor of torch.linalg.qr and will be removed in a future PyTorch release.
The boolean parameter 'some' has been replaced with a string parameter 'mode'.
Q, R = torch.qr(A, some)
should be replaced with
Q, R = torch.linalg.qr(A, 'reduced' if some else 'complete') (Triggered internally at /opt/conda/conda-bld/pytorch_1678402374358/work/aten/src/ATen/native/BatchLinearAlgebra.cpp:2425.)
  q, r = torch.qr(unstructured_block.cpu(), some = True)
/panfs/ccds02/nobackup/people/kli3/RNALearner/performer_pytorch/performer_pytorch.py:115: UserWarning: torch.qr is deprecated in favor of torch.linalg.qr and will be removed in a future PyTorch release.
The boolean parameter 'some' has been replaced with a string parameter 'mode'.
Q, R = torch.qr(A, some)
should be replaced with
Q, R = torch.linalg.qr(A, 'reduced' if some else 'complete') (Triggered internally at /opt/conda/conda-bld/pytorch_1678402374358/work/aten/src/ATen/native/BatchLinearAlgebra.cpp:2425.)
  q, r = torch.qr(unstructured_block.cpu(), some = True)
/panfs/ccds02/nobackup/people/kli3/RNALearner/performer_pytorch/performer_pytorch.py:115: UserWarning: torch.qr is deprecated in favor of torch.linalg.qr and will be removed in a future PyTorch release.
The boolean parameter 'some' has been replaced with a string parameter 'mode'.
Q, R = torch.qr(A, some)
should be replaced with
Q, R = torch.linalg.qr(A, 'reduced' if some else 'complete') (Triggered internally at /opt/conda/conda-bld/pytorch_1678402374358/work/aten/src/ATen/native/BatchLinearAlgebra.cpp:2425.)
  q, r = torch.qr(unstructured_block.cpu(), some = True)
/panfs/ccds02/nobackup/people/kli3/RNALearner/performer_pytorch/performer_pytorch.py:115: UserWarning: torch.qr is deprecated in favor of torch.linalg.qr and will be removed in a future PyTorch release.
The boolean parameter 'some' has been replaced with a string parameter 'mode'.
Q, R = torch.qr(A, some)
should be replaced with
Q, R = torch.linalg.qr(A, 'reduced' if some else 'complete') (Triggered internally at /opt/conda/conda-bld/pytorch_1678402374358/work/aten/src/ATen/native/BatchLinearAlgebra.cpp:2425.)
  q, r = torch.qr(unstructured_block.cpu(), some = True)
begin trainingbegin trainingbegin training


begin training
0 tensor([[0, 0, 0,  ..., 0, 0, 0],
        [0, 0, 0,  ..., 0, 2, 0]], device='cuda:3') tensor([1, 0])
0 0 0 tensor([[0, 0, 0,  ..., 0, 0, 0],
        [0, 0, 0,  ..., 0, 2, 0]], device='cuda:1') tensor([[0, 0, 0,  ..., 0, 0, 0],
        [0, 0, 0,  ..., 0, 2, 0]], device='cuda:0') tensor([[0, 0, 0,  ..., 0, 0, 0],
        [0, 0, 0,  ..., 0, 2, 0]], device='cuda:2') tensor([1, 0])
tensor([1, 0])
tensor([1, 0])
    ==  Epoch: 1 | Training Loss: 0.691880 | Accuracy: 50.0000%  ==
    ==  Epoch: 1 | Validation Loss: 0.699675 | Accuracy: 50.0000%  ==
Traceback (most recent call last):
Traceback (most recent call last):
  File "/panfs/ccds02/nobackup/people/kli3/RNALearner/scout.py", line 326, in <module>
  File "/panfs/ccds02/nobackup/people/kli3/RNALearner/scout.py", line 326, in <module>
Traceback (most recent call last):
  File "/panfs/ccds02/nobackup/people/kli3/RNALearner/scout.py", line 326, in <module>
    save_best_ckpt(i, model, optimizer, scheduler, val_loss, model_name, ckpt_dir)    
save_best_ckpt(i, model, optimizer, scheduler, val_loss, model_name, ckpt_dir)[[0 5]
 [0 5]]      File "/panfs/ccds02/nobackup/people/kli3/RNALearner/utils.py", line 107, in save_best_ckpt


save_best_ckpt(i, model, optimizer, scheduler, val_loss, model_name, ckpt_dir)  File "/panfs/ccds02/nobackup/people/kli3/RNALearner/utils.py", line 107, in save_best_ckpt

  File "/panfs/ccds02/nobackup/people/kli3/RNALearner/utils.py", line 107, in save_best_ckpt
Traceback (most recent call last):
  File "/panfs/ccds02/nobackup/people/kli3/RNALearner/scout.py", line 326, in <module>
    save_best_ckpt(i, model, optimizer, scheduler, val_loss, model_name, ckpt_dir)
  File "/panfs/ccds02/nobackup/people/kli3/RNALearner/utils.py", line 107, in save_best_ckpt
    'model_state_dict': model.module.state_dict(),
      File "/home/kli3/.conda/envs/scbert/lib/python3.9/site-packages/torch/nn/modules/module.py", line 1614, in __getattr__
'model_state_dict': model.module.state_dict(),
  File "/home/kli3/.conda/envs/scbert/lib/python3.9/site-packages/torch/nn/modules/module.py", line 1614, in __getattr__
        'model_state_dict': model.module.state_dict(),'model_state_dict': model.module.state_dict(),

  File "/home/kli3/.conda/envs/scbert/lib/python3.9/site-packages/torch/nn/modules/module.py", line 1614, in __getattr__
  File "/home/kli3/.conda/envs/scbert/lib/python3.9/site-packages/torch/nn/modules/module.py", line 1614, in __getattr__
            raise AttributeError("'{}' object has no attribute '{}'".format(    raise AttributeError("'{}' object has no attribute '{}'".format(raise AttributeError("'{}' object has no attribute '{}'".format(
raise AttributeError("'{}' object has no attribute '{}'".format(


AttributeErrorAttributeErrorAttributeError: AttributeError: : 'PerformerLM' object has no attribute 'module': 'PerformerLM' object has no attribute 'module''PerformerLM' object has no attribute 'module'
'PerformerLM' object has no attribute 'module'


ERROR:torch.distributed.elastic.multiprocessing.api:failed (exitcode: 1) local_rank: 0 (pid: 1594480) of binary: /home/kli3/.conda/envs/scbert/bin/python3
Traceback (most recent call last):
  File "/home/kli3/.conda/envs/scbert/lib/python3.9/runpy.py", line 197, in _run_module_as_main
    return _run_code(code, main_globals, None,
  File "/home/kli3/.conda/envs/scbert/lib/python3.9/runpy.py", line 87, in _run_code
    exec(code, run_globals)
  File "/home/kli3/.conda/envs/scbert/lib/python3.9/site-packages/torch/distributed/launch.py", line 196, in <module>
    main()
  File "/home/kli3/.conda/envs/scbert/lib/python3.9/site-packages/torch/distributed/launch.py", line 192, in main
    launch(args)
  File "/home/kli3/.conda/envs/scbert/lib/python3.9/site-packages/torch/distributed/launch.py", line 177, in launch
    run(args)
  File "/home/kli3/.conda/envs/scbert/lib/python3.9/site-packages/torch/distributed/run.py", line 785, in run
    elastic_launch(
  File "/home/kli3/.conda/envs/scbert/lib/python3.9/site-packages/torch/distributed/launcher/api.py", line 134, in __call__
    return launch_agent(self._config, self._entrypoint, list(args))
  File "/home/kli3/.conda/envs/scbert/lib/python3.9/site-packages/torch/distributed/launcher/api.py", line 250, in launch_agent
    raise ChildFailedError(
torch.distributed.elastic.multiprocessing.errors.ChildFailedError: 
============================================================
scout.py FAILED
------------------------------------------------------------
Failures:
[1]:
  time      : 2023-04-07_02:44:06
  host      : gpu009.atstor.adapt.nccs.nasa.gov
  rank      : 1 (local_rank: 1)
  exitcode  : 1 (pid: 1594481)
  error_file: <N/A>
  traceback : To enable traceback see: https://pytorch.org/docs/stable/elastic/errors.html
[2]:
  time      : 2023-04-07_02:44:06
  host      : gpu009.atstor.adapt.nccs.nasa.gov
  rank      : 2 (local_rank: 2)
  exitcode  : 1 (pid: 1594482)
  error_file: <N/A>
  traceback : To enable traceback see: https://pytorch.org/docs/stable/elastic/errors.html
[3]:
  time      : 2023-04-07_02:44:06
  host      : gpu009.atstor.adapt.nccs.nasa.gov
  rank      : 3 (local_rank: 3)
  exitcode  : 1 (pid: 1594483)
  error_file: <N/A>
  traceback : To enable traceback see: https://pytorch.org/docs/stable/elastic/errors.html
------------------------------------------------------------
Root Cause (first observed failure):
[0]:
  time      : 2023-04-07_02:44:06
  host      : gpu009.atstor.adapt.nccs.nasa.gov
  rank      : 0 (local_rank: 0)
  exitcode  : 1 (pid: 1594480)
  error_file: <N/A>
  traceback : To enable traceback see: https://pytorch.org/docs/stable/elastic/errors.html
============================================================
JobID        JobIDRaw        JobName  Partition  MaxVMSize  MaxVMSizeNode  MaxVMSizeTask  AveVMSize     MaxRSS MaxRSSNode MaxRSSTask     AveRSS MaxPages MaxPagesNode   MaxPagesTask   AvePages     MinCPU MinCPUNode MinCPUTask     AveCPU   NTasks  AllocCPUS    Elapsed      State ExitCode AveCPUFreq ReqCPUFreqMin ReqCPUFreqMax ReqCPUFreqGov     ReqMem ConsumedEnergy  MaxDiskRead MaxDiskReadNode MaxDiskReadTask    AveDiskRead MaxDiskWrite MaxDiskWriteNode MaxDiskWriteTask   AveDiskWrite    ReqTRES  AllocTRES TRESUsageInAve TRESUsageInMax TRESUsageInMaxNode TRESUsageInMaxTask TRESUsageInMin TRESUsageInMinNode TRESUsageInMinTask TRESUsageInTot TRESUsageOutMax TRESUsageOutMaxNode TRESUsageOutMaxTask TRESUsageOutAve TRESUsageOutTot 
------------ ------------ ---------- ---------- ---------- -------------- -------------- ---------- ---------- ---------- ---------- ---------- -------- ------------ -------------- ---------- ---------- ---------- ---------- ---------- -------- ---------- ---------- ---------- -------- ---------- ------------- ------------- ------------- ---------- -------------- ------------ --------------- --------------- -------------- ------------ ---------------- ---------------- -------------- ---------- ---------- -------------- -------------- ------------------ ------------------ -------------- ------------------ ------------------ -------------- --------------- ------------------- ------------------- --------------- --------------- 
36514773     36514773          scout    compute                                                                                                                                                                                                              32   00:00:58    RUNNING      0:0                  Unknown       Unknown       Unknown       720G                                                                                                                                          billing=3+ billing=3+                                                                                                                                                                                                                                 
36514773.ba+ 36514773.ba+      batch                                                                                                                                                                                                               1         32   00:00:58    RUNNING      0:0          0             0             0             0                         0                                                                                                                                      cpu=32,gr+                                                                                                                                                                                                                                 
