/home/kli3/.conda/envs/scbert/lib/python3.9/site-packages/torch/distributed/launch.py:180: FutureWarning: The module torch.distributed.launch is deprecated
and will be removed in future. Use torchrun.
Note that --use_env is set by default in torchrun.
If your script expects `--local_rank` argument to be set, please
change it to read from `os.environ['LOCAL_RANK']` instead. See 
https://pytorch.org/docs/stable/distributed.html#launch-utility for 
further instructions

  warnings.warn(
Train label:  tensor([0, 1, 1, 0])  Val label:  tensor([0, 0, 1, 0, 1, 0, 1, 1])
/panfs/ccds02/nobackup/people/kli3/RNALearner/performer_pytorch/performer_pytorch.py:115: UserWarning: torch.qr is deprecated in favor of torch.linalg.qr and will be removed in a future PyTorch release.
The boolean parameter 'some' has been replaced with a string parameter 'mode'.
Q, R = torch.qr(A, some)
should be replaced with
Q, R = torch.linalg.qr(A, 'reduced' if some else 'complete') (Triggered internally at ../aten/src/ATen/native/BatchLinearAlgebra.cpp:2349.)
  q, r = torch.qr(unstructured_block.cpu(), some = True)
begin training
    ==  Epoch: 1 | Training Loss: 0.694694 | Accuracy: 50.0000%  ==
    ==  Epoch: 1 | Validation Loss: 0.680310 | Accuracy: 62.5000%  ==
[[0 3]
 [0 5]]
    ==  Epoch: 2 | Training Loss: 0.694980 | Accuracy: 50.0000%  ==
    ==  Epoch: 2 | Validation Loss: 0.695141 | Accuracy: 50.0000%  ==
[[0 4]
 [0 4]]
    ==  Epoch: 3 | Training Loss: 0.694694 | Accuracy: 50.0000%  ==
    ==  Epoch: 3 | Validation Loss: 0.680516 | Accuracy: 62.5000%  ==
[[0 3]
 [0 5]]
    ==  Epoch: 4 | Training Loss: 0.664709 | Accuracy: 75.0000%  ==
    ==  Epoch: 4 | Validation Loss: 0.709897 | Accuracy: 37.5000%  ==
[[0 5]
 [0 3]]
    ==  Epoch: 5 | Training Loss: 0.694741 | Accuracy: 50.0000%  ==
    ==  Epoch: 5 | Validation Loss: 0.664952 | Accuracy: 75.0000%  ==
[[0 2]
 [0 6]]
    ==  Epoch: 6 | Training Loss: 0.694647 | Accuracy: 50.0000%  ==
    ==  Epoch: 6 | Validation Loss: 0.695127 | Accuracy: 50.0000%  ==
[[0 4]
 [0 4]]
    ==  Epoch: 7 | Training Loss: 0.754876 | Accuracy: 0.0000%  ==
    ==  Epoch: 7 | Validation Loss: 0.709716 | Accuracy: 37.5000%  ==
[[0 5]
 [0 3]]
    ==  Epoch: 8 | Training Loss: 0.725011 | Accuracy: 25.0000%  ==
    ==  Epoch: 8 | Validation Loss: 0.709626 | Accuracy: 37.5000%  ==
[[0 5]
 [0 3]]
    ==  Epoch: 9 | Training Loss: 0.724725 | Accuracy: 25.0000%  ==
    ==  Epoch: 9 | Validation Loss: 0.695153 | Accuracy: 50.0000%  ==
[[0 4]
 [0 4]]
    ==  Epoch: 10 | Training Loss: 0.694528 | Accuracy: 50.0000%  ==
    ==  Epoch: 10 | Validation Loss: 0.694550 | Accuracy: 50.0000%  ==
[[0 4]
 [0 4]]
    ==  Epoch: 11 | Training Loss: 0.664663 | Accuracy: 75.0000%  ==
    ==  Epoch: 11 | Validation Loss: 0.709547 | Accuracy: 37.5000%  ==
[[0 5]
 [0 3]]
    ==  Epoch: 12 | Training Loss: 0.664709 | Accuracy: 75.0000%  ==
    ==  Epoch: 12 | Validation Loss: 0.679928 | Accuracy: 62.5000%  ==
[[0 3]
 [0 5]]
    ==  Epoch: 13 | Training Loss: 0.694694 | Accuracy: 50.0000%  ==
    ==  Epoch: 13 | Validation Loss: 0.695026 | Accuracy: 50.0000%  ==
[[0 4]
 [0 4]]
    ==  Epoch: 14 | Training Loss: 0.724392 | Accuracy: 25.0000%  ==
    ==  Epoch: 14 | Validation Loss: 0.650046 | Accuracy: 87.5000%  ==
[[0 1]
 [0 7]]
    ==  Epoch: 15 | Training Loss: 0.634439 | Accuracy: 100.0000%  ==
    ==  Epoch: 15 | Validation Loss: 0.694951 | Accuracy: 50.0000%  ==
[[0 4]
 [0 4]]
    ==  Epoch: 16 | Training Loss: 0.694694 | Accuracy: 50.0000%  ==
    ==  Epoch: 16 | Validation Loss: 0.665029 | Accuracy: 75.0000%  ==
[[0 2]
 [0 6]]
    ==  Epoch: 17 | Training Loss: 0.724559 | Accuracy: 25.0000%  ==
    ==  Epoch: 17 | Validation Loss: 0.679651 | Accuracy: 62.5000%  ==
[[0 3]
 [0 5]]
    ==  Epoch: 18 | Training Loss: 0.694694 | Accuracy: 50.0000%  ==
    ==  Epoch: 18 | Validation Loss: 0.695035 | Accuracy: 50.0000%  ==
[[0 4]
 [0 4]]
    ==  Epoch: 19 | Training Loss: 0.694814 | Accuracy: 50.0000%  ==
    ==  Epoch: 19 | Validation Loss: 0.679719 | Accuracy: 62.5000%  ==
[[0 3]
 [0 5]]
    ==  Epoch: 20 | Training Loss: 0.724559 | Accuracy: 25.0000%  ==
    ==  Epoch: 20 | Validation Loss: 0.739598 | Accuracy: 12.5000%  ==
[[0 7]
 [0 1]]
    ==  Epoch: 21 | Training Loss: 0.634678 | Accuracy: 100.0000%  ==
    ==  Epoch: 21 | Validation Loss: 0.679836 | Accuracy: 62.5000%  ==
[[0 3]
 [0 5]]
    ==  Epoch: 22 | Training Loss: 0.694647 | Accuracy: 50.0000%  ==
    ==  Epoch: 22 | Validation Loss: 0.679679 | Accuracy: 62.5000%  ==
[[0 3]
 [0 5]]
    ==  Epoch: 23 | Training Loss: 0.664709 | Accuracy: 75.0000%  ==
    ==  Epoch: 23 | Validation Loss: 0.679938 | Accuracy: 62.5000%  ==
[[0 3]
 [0 5]]
    ==  Epoch: 24 | Training Loss: 0.754876 | Accuracy: 0.0000%  ==
    ==  Epoch: 24 | Validation Loss: 0.709911 | Accuracy: 37.5000%  ==
[[0 5]
 [0 3]]
    ==  Epoch: 25 | Training Loss: 0.634678 | Accuracy: 100.0000%  ==
    ==  Epoch: 25 | Validation Loss: 0.710104 | Accuracy: 37.5000%  ==
[[0 5]
 [0 3]]
JobID        JobIDRaw        JobName  Partition  MaxVMSize  MaxVMSizeNode  MaxVMSizeTask  AveVMSize     MaxRSS MaxRSSNode MaxRSSTask     AveRSS MaxPages MaxPagesNode   MaxPagesTask   AvePages     MinCPU MinCPUNode MinCPUTask     AveCPU   NTasks  AllocCPUS    Elapsed      State ExitCode AveCPUFreq ReqCPUFreqMin ReqCPUFreqMax ReqCPUFreqGov     ReqMem ConsumedEnergy  MaxDiskRead MaxDiskReadNode MaxDiskReadTask    AveDiskRead MaxDiskWrite MaxDiskWriteNode MaxDiskWriteTask   AveDiskWrite    ReqTRES  AllocTRES TRESUsageInAve TRESUsageInMax TRESUsageInMaxNode TRESUsageInMaxTask TRESUsageInMin TRESUsageInMinNode TRESUsageInMinTask TRESUsageInTot TRESUsageOutMax TRESUsageOutMaxNode TRESUsageOutMaxTask TRESUsageOutAve TRESUsageOutTot 
------------ ------------ ---------- ---------- ---------- -------------- -------------- ---------- ---------- ---------- ---------- ---------- -------- ------------ -------------- ---------- ---------- ---------- ---------- ---------- -------- ---------- ---------- ---------- -------- ---------- ------------- ------------- ------------- ---------- -------------- ------------ --------------- --------------- -------------- ------------ ---------------- ---------------- -------------- ---------- ---------- -------------- -------------- ------------------ ------------------ -------------- ------------------ ------------------ -------------- --------------- ------------------- ------------------- --------------- --------------- 
36514167     36514167     scbertpre+    compute                                                                                                                                                                                                              32   00:00:48    RUNNING      0:0                  Unknown       Unknown       Unknown       720G                                                                                                                                          billing=3+ billing=3+                                                                                                                                                                                                                                 
36514167.ba+ 36514167.ba+      batch                                                                                                                                                                                                               1         32   00:00:48    RUNNING      0:0          0             0             0             0                         0                                                                                                                                      cpu=32,gr+                                                                                                                                                                                                                                 
