/home/kli3/.conda/envs/scbert/lib/python3.9/site-packages/torch/distributed/launch.py:181: FutureWarning: The module torch.distributed.launch is deprecated
and will be removed in future. Use torchrun.
Note that --use-env is set by default in torchrun.
If your script expects `--local-rank` argument to be set, please
change it to read from `os.environ['LOCAL_RANK']` instead. See 
https://pytorch.org/docs/stable/distributed.html#launch-utility for 
further instructions

  warnings.warn(
WARNING:torch.distributed.run:
*****************************************
Setting OMP_NUM_THREADS environment variable for each process to be 1 in default, to avoid your system being overloaded, please further tune the variable for optimal performance in your application as needed. 
*****************************************
Batch Size (per node):  3
Learning Rate:  0.0001
Batch Size (per node):  3
Learning Rate:  0.0001
Batch Size (per node):  3
Learning Rate:  0.0001
Batch Size (per node):  3
Learning Rate:  0.0001
DEVICES:  [<torch.cuda.device object at 0x148defdd7be0>, <torch.cuda.device object at 0x148defdd7bb0>, <torch.cuda.device object at 0x148defdd7a30>, <torch.cuda.device object at 0x148defdd7c10>]
DEVICES:  [<torch.cuda.device object at 0x148516858b50>, <torch.cuda.device object at 0x148516858be0>, <torch.cuda.device object at 0x148516858a60>, <torch.cuda.device object at 0x148516858c40>]
DEVICES:  [<torch.cuda.device object at 0x14aeeb5d3b50>, <torch.cuda.device object at 0x14aeeb5d3be0>, <torch.cuda.device object at 0x14aeeb5d3a60>, <torch.cuda.device object at 0x14aeeb5d3c40>]
DEVICES:  [<torch.cuda.device object at 0x14f6154eeb20>, <torch.cuda.device object at 0x14f6154eebb0>, <torch.cuda.device object at 0x14f6154eea30>, <torch.cuda.device object at 0x14f6154eec10>]
/panfs/ccds02/nobackup/people/kli3/RNALearner/performer_pytorch/performer_pytorch.py:115: UserWarning: torch.qr is deprecated in favor of torch.linalg.qr and will be removed in a future PyTorch release.
The boolean parameter 'some' has been replaced with a string parameter 'mode'.
Q, R = torch.qr(A, some)
should be replaced with
Q, R = torch.linalg.qr(A, 'reduced' if some else 'complete') (Triggered internally at /opt/conda/conda-bld/pytorch_1678402374358/work/aten/src/ATen/native/BatchLinearAlgebra.cpp:2425.)
  q, r = torch.qr(unstructured_block.cpu(), some = True)
/panfs/ccds02/nobackup/people/kli3/RNALearner/performer_pytorch/performer_pytorch.py:115: UserWarning: torch.qr is deprecated in favor of torch.linalg.qr and will be removed in a future PyTorch release.
The boolean parameter 'some' has been replaced with a string parameter 'mode'.
Q, R = torch.qr(A, some)
should be replaced with
Q, R = torch.linalg.qr(A, 'reduced' if some else 'complete') (Triggered internally at /opt/conda/conda-bld/pytorch_1678402374358/work/aten/src/ATen/native/BatchLinearAlgebra.cpp:2425.)
  q, r = torch.qr(unstructured_block.cpu(), some = True)
/panfs/ccds02/nobackup/people/kli3/RNALearner/performer_pytorch/performer_pytorch.py:115: UserWarning: torch.qr is deprecated in favor of torch.linalg.qr and will be removed in a future PyTorch release.
The boolean parameter 'some' has been replaced with a string parameter 'mode'.
Q, R = torch.qr(A, some)
should be replaced with
Q, R = torch.linalg.qr(A, 'reduced' if some else 'complete') (Triggered internally at /opt/conda/conda-bld/pytorch_1678402374358/work/aten/src/ATen/native/BatchLinearAlgebra.cpp:2425.)
  q, r = torch.qr(unstructured_block.cpu(), some = True)
/panfs/ccds02/nobackup/people/kli3/RNALearner/performer_pytorch/performer_pytorch.py:115: UserWarning: torch.qr is deprecated in favor of torch.linalg.qr and will be removed in a future PyTorch release.
The boolean parameter 'some' has been replaced with a string parameter 'mode'.
Q, R = torch.qr(A, some)
should be replaced with
Q, R = torch.linalg.qr(A, 'reduced' if some else 'complete') (Triggered internally at /opt/conda/conda-bld/pytorch_1678402374358/work/aten/src/ATen/native/BatchLinearAlgebra.cpp:2425.)
  q, r = torch.qr(unstructured_block.cpu(), some = True)
Traceback (most recent call last):
  File "/panfs/ccds02/nobackup/people/kli3/RNALearner/pretrain.py", line 235, in <module>
Traceback (most recent call last):
  File "/panfs/ccds02/nobackup/people/kli3/RNALearner/pretrain.py", line 235, in <module>
Traceback (most recent call last):
  File "/panfs/ccds02/nobackup/people/kli3/RNALearner/pretrain.py", line 235, in <module>
Traceback (most recent call last):
  File "/panfs/ccds02/nobackup/people/kli3/RNALearner/pretrain.py", line 235, in <module>
        param.grad *= guidance_mask[name]    param.grad *= guidance_mask[name]
param.grad *= guidance_mask[name]

TypeErrorTypeError: TypeError: unsupported operand type(s) for *=: 'NoneType' and 'int': unsupported operand type(s) for *=: 'NoneType' and 'int'
unsupported operand type(s) for *=: 'NoneType' and 'int'

    param.grad *= guidance_mask[name]
TypeError: unsupported operand type(s) for *=: 'NoneType' and 'int'
ERROR:torch.distributed.elastic.multiprocessing.api:failed (exitcode: 1) local_rank: 0 (pid: 767876) of binary: /home/kli3/.conda/envs/scbert/bin/python3
Traceback (most recent call last):
  File "/home/kli3/.conda/envs/scbert/lib/python3.9/runpy.py", line 197, in _run_module_as_main
    return _run_code(code, main_globals, None,
  File "/home/kli3/.conda/envs/scbert/lib/python3.9/runpy.py", line 87, in _run_code
    exec(code, run_globals)
  File "/home/kli3/.conda/envs/scbert/lib/python3.9/site-packages/torch/distributed/launch.py", line 196, in <module>
    main()
  File "/home/kli3/.conda/envs/scbert/lib/python3.9/site-packages/torch/distributed/launch.py", line 192, in main
    launch(args)
  File "/home/kli3/.conda/envs/scbert/lib/python3.9/site-packages/torch/distributed/launch.py", line 177, in launch
    run(args)
  File "/home/kli3/.conda/envs/scbert/lib/python3.9/site-packages/torch/distributed/run.py", line 785, in run
    elastic_launch(
  File "/home/kli3/.conda/envs/scbert/lib/python3.9/site-packages/torch/distributed/launcher/api.py", line 134, in __call__
    return launch_agent(self._config, self._entrypoint, list(args))
  File "/home/kli3/.conda/envs/scbert/lib/python3.9/site-packages/torch/distributed/launcher/api.py", line 250, in launch_agent
    raise ChildFailedError(
torch.distributed.elastic.multiprocessing.errors.ChildFailedError: 
============================================================
pretrain.py FAILED
------------------------------------------------------------
Failures:
[1]:
  time      : 2023-03-30_20:22:42
  host      : gpu001.atstor.adapt.nccs.nasa.gov
  rank      : 1 (local_rank: 1)
  exitcode  : 1 (pid: 767877)
  error_file: <N/A>
  traceback : To enable traceback see: https://pytorch.org/docs/stable/elastic/errors.html
[2]:
  time      : 2023-03-30_20:22:42
  host      : gpu001.atstor.adapt.nccs.nasa.gov
  rank      : 2 (local_rank: 2)
  exitcode  : 1 (pid: 767878)
  error_file: <N/A>
  traceback : To enable traceback see: https://pytorch.org/docs/stable/elastic/errors.html
[3]:
  time      : 2023-03-30_20:22:42
  host      : gpu001.atstor.adapt.nccs.nasa.gov
  rank      : 3 (local_rank: 3)
  exitcode  : 1 (pid: 767879)
  error_file: <N/A>
  traceback : To enable traceback see: https://pytorch.org/docs/stable/elastic/errors.html
------------------------------------------------------------
Root Cause (first observed failure):
[0]:
  time      : 2023-03-30_20:22:42
  host      : gpu001.atstor.adapt.nccs.nasa.gov
  rank      : 0 (local_rank: 0)
  exitcode  : 1 (pid: 767876)
  error_file: <N/A>
  traceback : To enable traceback see: https://pytorch.org/docs/stable/elastic/errors.html
============================================================
JobID        JobIDRaw        JobName  Partition  MaxVMSize  MaxVMSizeNode  MaxVMSizeTask  AveVMSize     MaxRSS MaxRSSNode MaxRSSTask     AveRSS MaxPages MaxPagesNode   MaxPagesTask   AvePages     MinCPU MinCPUNode MinCPUTask     AveCPU   NTasks  AllocCPUS    Elapsed      State ExitCode AveCPUFreq ReqCPUFreqMin ReqCPUFreqMax ReqCPUFreqGov     ReqMem ConsumedEnergy  MaxDiskRead MaxDiskReadNode MaxDiskReadTask    AveDiskRead MaxDiskWrite MaxDiskWriteNode MaxDiskWriteTask   AveDiskWrite    ReqTRES  AllocTRES TRESUsageInAve TRESUsageInMax TRESUsageInMaxNode TRESUsageInMaxTask TRESUsageInMin TRESUsageInMinNode TRESUsageInMinTask TRESUsageInTot TRESUsageOutMax TRESUsageOutMaxNode TRESUsageOutMaxTask TRESUsageOutAve TRESUsageOutTot 
------------ ------------ ---------- ---------- ---------- -------------- -------------- ---------- ---------- ---------- ---------- ---------- -------- ------------ -------------- ---------- ---------- ---------- ---------- ---------- -------- ---------- ---------- ---------- -------- ---------- ------------- ------------- ------------- ---------- -------------- ------------ --------------- --------------- -------------- ------------ ---------------- ---------------- -------------- ---------- ---------- -------------- -------------- ------------------ ------------------ -------------- ------------------ ------------------ -------------- --------------- ------------------- ------------------- --------------- --------------- 
36514391     36514391        GTLTest    compute                                                                                                                                                                                                              32   00:03:57    RUNNING      0:0                  Unknown       Unknown       Unknown       720G                                                                                                                                          billing=3+ billing=3+                                                                                                                                                                                                                                 
36514391.ba+ 36514391.ba+      batch                                                                                                                                                                                                               1         32   00:03:57    RUNNING      0:0          0             0             0             0                         0                                                                                                                                      cpu=32,gr+                                                                                                                                                                                                                                 
