/home/kli3/.conda/envs/scbert/lib/python3.9/site-packages/torch/distributed/launch.py:180: FutureWarning: The module torch.distributed.launch is deprecated
and will be removed in future. Use torchrun.
Note that --use_env is set by default in torchrun.
If your script expects `--local_rank` argument to be set, please
change it to read from `os.environ['LOCAL_RANK']` instead. See 
https://pytorch.org/docs/stable/distributed.html#launch-utility for 
further instructions

  warnings.warn(
Train label:  tensor([0, 1, 1, 0])  Val label:  tensor([0, 0, 1, 0, 1, 0, 1, 1])
/panfs/ccds02/nobackup/people/kli3/RNALearner/performer_pytorch/performer_pytorch.py:115: UserWarning: torch.qr is deprecated in favor of torch.linalg.qr and will be removed in a future PyTorch release.
The boolean parameter 'some' has been replaced with a string parameter 'mode'.
Q, R = torch.qr(A, some)
should be replaced with
Q, R = torch.linalg.qr(A, 'reduced' if some else 'complete') (Triggered internally at ../aten/src/ATen/native/BatchLinearAlgebra.cpp:2349.)
  q, r = torch.qr(unstructured_block.cpu(), some = True)
begin training
0 tensor([[0, 0, 0,  ..., 0, 0, 0],
        [0, 0, 0,  ..., 0, 0, 0]], device='cuda:0') tensor([0, 1])
Traceback (most recent call last):
  File "/panfs/ccds02/nobackup/people/kli3/RNALearner/de_novo_finetune.py", line 195, in <module>
    with model.no_sync():
  File "/home/kli3/.conda/envs/scbert/lib/python3.9/site-packages/torch/nn/modules/module.py", line 1269, in __getattr__
    raise AttributeError("'{}' object has no attribute '{}'".format(
AttributeError: 'PerformerLM' object has no attribute 'no_sync'
ERROR:torch.distributed.elastic.multiprocessing.api:failed (exitcode: 1) local_rank: 0 (pid: 630377) of binary: /home/kli3/.conda/envs/scbert/bin/python3
Traceback (most recent call last):
  File "/home/kli3/.conda/envs/scbert/lib/python3.9/runpy.py", line 197, in _run_module_as_main
    return _run_code(code, main_globals, None,
  File "/home/kli3/.conda/envs/scbert/lib/python3.9/runpy.py", line 87, in _run_code
    exec(code, run_globals)
  File "/home/kli3/.conda/envs/scbert/lib/python3.9/site-packages/torch/distributed/launch.py", line 195, in <module>
    main()
  File "/home/kli3/.conda/envs/scbert/lib/python3.9/site-packages/torch/distributed/launch.py", line 191, in main
    launch(args)
  File "/home/kli3/.conda/envs/scbert/lib/python3.9/site-packages/torch/distributed/launch.py", line 176, in launch
    run(args)
  File "/home/kli3/.conda/envs/scbert/lib/python3.9/site-packages/torch/distributed/run.py", line 753, in run
    elastic_launch(
  File "/home/kli3/.conda/envs/scbert/lib/python3.9/site-packages/torch/distributed/launcher/api.py", line 132, in __call__
    return launch_agent(self._config, self._entrypoint, list(args))
  File "/home/kli3/.conda/envs/scbert/lib/python3.9/site-packages/torch/distributed/launcher/api.py", line 246, in launch_agent
    raise ChildFailedError(
torch.distributed.elastic.multiprocessing.errors.ChildFailedError: 
============================================================
de_novo_finetune.py FAILED
------------------------------------------------------------
Failures:
  <NO_OTHER_FAILURES>
------------------------------------------------------------
Root Cause (first observed failure):
[0]:
  time      : 2023-03-28_17:45:13
  host      : gpu016.atstor.adapt.nccs.nasa.gov
  rank      : 0 (local_rank: 0)
  exitcode  : 1 (pid: 630377)
  error_file: <N/A>
  traceback : To enable traceback see: https://pytorch.org/docs/stable/elastic/errors.html
============================================================
JobID        JobIDRaw        JobName  Partition  MaxVMSize  MaxVMSizeNode  MaxVMSizeTask  AveVMSize     MaxRSS MaxRSSNode MaxRSSTask     AveRSS MaxPages MaxPagesNode   MaxPagesTask   AvePages     MinCPU MinCPUNode MinCPUTask     AveCPU   NTasks  AllocCPUS    Elapsed      State ExitCode AveCPUFreq ReqCPUFreqMin ReqCPUFreqMax ReqCPUFreqGov     ReqMem ConsumedEnergy  MaxDiskRead MaxDiskReadNode MaxDiskReadTask    AveDiskRead MaxDiskWrite MaxDiskWriteNode MaxDiskWriteTask   AveDiskWrite    ReqTRES  AllocTRES TRESUsageInAve TRESUsageInMax TRESUsageInMaxNode TRESUsageInMaxTask TRESUsageInMin TRESUsageInMinNode TRESUsageInMinTask TRESUsageInTot TRESUsageOutMax TRESUsageOutMaxNode TRESUsageOutMaxTask TRESUsageOutAve TRESUsageOutTot 
------------ ------------ ---------- ---------- ---------- -------------- -------------- ---------- ---------- ---------- ---------- ---------- -------- ------------ -------------- ---------- ---------- ---------- ---------- ---------- -------- ---------- ---------- ---------- -------- ---------- ------------- ------------- ------------- ---------- -------------- ------------ --------------- --------------- -------------- ------------ ---------------- ---------------- -------------- ---------- ---------- -------------- -------------- ------------------ ------------------ -------------- ------------------ ------------------ -------------- --------------- ------------------- ------------------- --------------- --------------- 
36514259     36514259     scbertpre+    compute                                                                                                                                                                                                              32   00:00:14    RUNNING      0:0                  Unknown       Unknown       Unknown       720G                                                                                                                                          billing=3+ billing=3+                                                                                                                                                                                                                                 
36514259.ba+ 36514259.ba+      batch                                                                                                                                                                                                               1         32   00:00:14    RUNNING      0:0          0             0             0             0                         0                                                                                                                                      cpu=32,gr+                                                                                                                                                                                                                                 
