/home/kli3/.conda/envs/scbert/lib/python3.9/site-packages/torch/distributed/launch.py:181: FutureWarning: The module torch.distributed.launch is deprecated
and will be removed in future. Use torchrun.
Note that --use-env is set by default in torchrun.
If your script expects `--local-rank` argument to be set, please
change it to read from `os.environ['LOCAL_RANK']` instead. See 
https://pytorch.org/docs/stable/distributed.html#launch-utility for 
further instructions

  warnings.warn(
WARNING:torch.distributed.run:
*****************************************
Setting OMP_NUM_THREADS environment variable for each process to be 1 in default, to avoid your system being overloaded, please further tune the variable for optimal performance in your application as needed. 
*****************************************
usage: pretrain.py [-h] [--local_rank LOCAL_RANK] [--bin_num BIN_NUM] [--gene_num GENE_NUM] [--epoch EPOCH] [--seed SEED]
                   [--batch_size BATCH_SIZE] [--learning_rate LEARNING_RATE] [--grad_acc GRAD_ACC] [--valid_every VALID_EVERY]
                   [--mask_prob MASK_PROB] [--replace_prob REPLACE_PROB] [--pos_embed POS_EMBED] [--data_path DATA_PATH]
                   [--model_path MODEL_PATH] [--ckpt_dir CKPT_DIR] [--model_name MODEL_NAME]
pretrain.py: error: unrecognized arguments: --local-rank=2
usage: pretrain.py [-h] [--local_rank LOCAL_RANK] [--bin_num BIN_NUM] [--gene_num GENE_NUM] [--epoch EPOCH] [--seed SEED]
                   [--batch_size BATCH_SIZE] [--learning_rate LEARNING_RATE] [--grad_acc GRAD_ACC] [--valid_every VALID_EVERY]
                   [--mask_prob MASK_PROB] [--replace_prob REPLACE_PROB] [--pos_embed POS_EMBED] [--data_path DATA_PATH]
                   [--model_path MODEL_PATH] [--ckpt_dir CKPT_DIR] [--model_name MODEL_NAME]
pretrain.py: error: unrecognized arguments: --local-rank=0
usage: pretrain.py [-h] [--local_rank LOCAL_RANK] [--bin_num BIN_NUM] [--gene_num GENE_NUM] [--epoch EPOCH] [--seed SEED]
                   [--batch_size BATCH_SIZE] [--learning_rate LEARNING_RATE] [--grad_acc GRAD_ACC] [--valid_every VALID_EVERY]
                   [--mask_prob MASK_PROB] [--replace_prob REPLACE_PROB] [--pos_embed POS_EMBED] [--data_path DATA_PATH]
                   [--model_path MODEL_PATH] [--ckpt_dir CKPT_DIR] [--model_name MODEL_NAME]
pretrain.py: error: unrecognized arguments: --local-rank=3
usage: pretrain.py [-h] [--local_rank LOCAL_RANK] [--bin_num BIN_NUM] [--gene_num GENE_NUM] [--epoch EPOCH] [--seed SEED]
                   [--batch_size BATCH_SIZE] [--learning_rate LEARNING_RATE] [--grad_acc GRAD_ACC] [--valid_every VALID_EVERY]
                   [--mask_prob MASK_PROB] [--replace_prob REPLACE_PROB] [--pos_embed POS_EMBED] [--data_path DATA_PATH]
                   [--model_path MODEL_PATH] [--ckpt_dir CKPT_DIR] [--model_name MODEL_NAME]
pretrain.py: error: unrecognized arguments: --local-rank=1
ERROR:torch.distributed.elastic.multiprocessing.api:failed (exitcode: 2) local_rank: 0 (pid: 767447) of binary: /home/kli3/.conda/envs/scbert/bin/python3
Traceback (most recent call last):
  File "/home/kli3/.conda/envs/scbert/lib/python3.9/runpy.py", line 197, in _run_module_as_main
    return _run_code(code, main_globals, None,
  File "/home/kli3/.conda/envs/scbert/lib/python3.9/runpy.py", line 87, in _run_code
    exec(code, run_globals)
  File "/home/kli3/.conda/envs/scbert/lib/python3.9/site-packages/torch/distributed/launch.py", line 196, in <module>
    main()
  File "/home/kli3/.conda/envs/scbert/lib/python3.9/site-packages/torch/distributed/launch.py", line 192, in main
    launch(args)
  File "/home/kli3/.conda/envs/scbert/lib/python3.9/site-packages/torch/distributed/launch.py", line 177, in launch
    run(args)
  File "/home/kli3/.conda/envs/scbert/lib/python3.9/site-packages/torch/distributed/run.py", line 785, in run
    elastic_launch(
  File "/home/kli3/.conda/envs/scbert/lib/python3.9/site-packages/torch/distributed/launcher/api.py", line 134, in __call__
    return launch_agent(self._config, self._entrypoint, list(args))
  File "/home/kli3/.conda/envs/scbert/lib/python3.9/site-packages/torch/distributed/launcher/api.py", line 250, in launch_agent
    raise ChildFailedError(
torch.distributed.elastic.multiprocessing.errors.ChildFailedError: 
============================================================
pretrain.py FAILED
------------------------------------------------------------
Failures:
[1]:
  time      : 2023-03-30_20:15:55
  host      : gpu001.atstor.adapt.nccs.nasa.gov
  rank      : 1 (local_rank: 1)
  exitcode  : 2 (pid: 767448)
  error_file: <N/A>
  traceback : To enable traceback see: https://pytorch.org/docs/stable/elastic/errors.html
[2]:
  time      : 2023-03-30_20:15:55
  host      : gpu001.atstor.adapt.nccs.nasa.gov
  rank      : 2 (local_rank: 2)
  exitcode  : 2 (pid: 767449)
  error_file: <N/A>
  traceback : To enable traceback see: https://pytorch.org/docs/stable/elastic/errors.html
[3]:
  time      : 2023-03-30_20:15:55
  host      : gpu001.atstor.adapt.nccs.nasa.gov
  rank      : 3 (local_rank: 3)
  exitcode  : 2 (pid: 767450)
  error_file: <N/A>
  traceback : To enable traceback see: https://pytorch.org/docs/stable/elastic/errors.html
------------------------------------------------------------
Root Cause (first observed failure):
[0]:
  time      : 2023-03-30_20:15:55
  host      : gpu001.atstor.adapt.nccs.nasa.gov
  rank      : 0 (local_rank: 0)
  exitcode  : 2 (pid: 767447)
  error_file: <N/A>
  traceback : To enable traceback see: https://pytorch.org/docs/stable/elastic/errors.html
============================================================
JobID        JobIDRaw        JobName  Partition  MaxVMSize  MaxVMSizeNode  MaxVMSizeTask  AveVMSize     MaxRSS MaxRSSNode MaxRSSTask     AveRSS MaxPages MaxPagesNode   MaxPagesTask   AvePages     MinCPU MinCPUNode MinCPUTask     AveCPU   NTasks  AllocCPUS    Elapsed      State ExitCode AveCPUFreq ReqCPUFreqMin ReqCPUFreqMax ReqCPUFreqGov     ReqMem ConsumedEnergy  MaxDiskRead MaxDiskReadNode MaxDiskReadTask    AveDiskRead MaxDiskWrite MaxDiskWriteNode MaxDiskWriteTask   AveDiskWrite    ReqTRES  AllocTRES TRESUsageInAve TRESUsageInMax TRESUsageInMaxNode TRESUsageInMaxTask TRESUsageInMin TRESUsageInMinNode TRESUsageInMinTask TRESUsageInTot TRESUsageOutMax TRESUsageOutMaxNode TRESUsageOutMaxTask TRESUsageOutAve TRESUsageOutTot 
------------ ------------ ---------- ---------- ---------- -------------- -------------- ---------- ---------- ---------- ---------- ---------- -------- ------------ -------------- ---------- ---------- ---------- ---------- ---------- -------- ---------- ---------- ---------- -------- ---------- ------------- ------------- ------------- ---------- -------------- ------------ --------------- --------------- -------------- ------------ ---------------- ---------------- -------------- ---------- ---------- -------------- -------------- ------------------ ------------------ -------------- ------------------ ------------------ -------------- --------------- ------------------- ------------------- --------------- --------------- 
36514390     36514390        GTLTest    compute                                                                                                                                                                                                              32   00:00:21    RUNNING      0:0                  Unknown       Unknown       Unknown       720G                                                                                                                                          billing=3+ billing=3+                                                                                                                                                                                                                                 
36514390.ba+ 36514390.ba+      batch                                                                                                                                                                                                               1         32   00:00:21    RUNNING      0:0          0             0             0             0                         0                                                                                                                                      cpu=32,gr+                                                                                                                                                                                                                                 
