/home/kli3/.conda/envs/scbert/lib/python3.9/site-packages/torch/distributed/launch.py:180: FutureWarning: The module torch.distributed.launch is deprecated
and will be removed in future. Use torchrun.
Note that --use_env is set by default in torchrun.
If your script expects `--local_rank` argument to be set, please
change it to read from `os.environ['LOCAL_RANK']` instead. See 
https://pytorch.org/docs/stable/distributed.html#launch-utility for 
further instructions

  warnings.warn(
WARNING:torch.distributed.run:
*****************************************
Setting OMP_NUM_THREADS environment variable for each process to be 1 in default, to avoid your system being overloaded, please further tune the variable for optimal performance in your application as needed. 
*****************************************
Batch Size (per node):  3
Learning Rate:  0.0001
Batch Size (per node):  3
Learning Rate:  0.0001
Batch Size (per node):  Batch Size (per node): 3 
3Learning Rate: 
 Learning Rate: 0.0001 
0.0001
DEVICES:  [<torch.cuda.device object at 0x1533b67b5580>, <torch.cuda.device object at 0x1533b67b5550>, <torch.cuda.device object at 0x1533b67b53d0>, <torch.cuda.device object at 0x1533b67b55b0>]
DEVICES:  [<torch.cuda.device object at 0x15382a48b520>, <torch.cuda.device object at 0x15382a48b5b0>, <torch.cuda.device object at 0x15382a48b430>, <torch.cuda.device object at 0x15382a48b610>]
DEVICES:  [<torch.cuda.device object at 0x1502428064f0>, <torch.cuda.device object at 0x150242806580>, <torch.cuda.device object at 0x150242806400>, <torch.cuda.device object at 0x1502428065e0>]
DEVICES:  [<torch.cuda.device object at 0x1527c5ca7520>, <torch.cuda.device object at 0x1527c5ca75b0>, <torch.cuda.device object at 0x1527c5ca7430>, <torch.cuda.device object at 0x1527c5ca7610>]
/panfs/ccds02/nobackup/people/kli3/RNALearner/performer_pytorch/performer_pytorch.py:115: UserWarning: torch.qr is deprecated in favor of torch.linalg.qr and will be removed in a future PyTorch release.
The boolean parameter 'some' has been replaced with a string parameter 'mode'.
Q, R = torch.qr(A, some)
should be replaced with
Q, R = torch.linalg.qr(A, 'reduced' if some else 'complete') (Triggered internally at ../aten/src/ATen/native/BatchLinearAlgebra.cpp:2349.)
  q, r = torch.qr(unstructured_block.cpu(), some = True)
/panfs/ccds02/nobackup/people/kli3/RNALearner/performer_pytorch/performer_pytorch.py:115: UserWarning: torch.qr is deprecated in favor of torch.linalg.qr and will be removed in a future PyTorch release.
The boolean parameter 'some' has been replaced with a string parameter 'mode'.
Q, R = torch.qr(A, some)
should be replaced with
Q, R = torch.linalg.qr(A, 'reduced' if some else 'complete') (Triggered internally at ../aten/src/ATen/native/BatchLinearAlgebra.cpp:2349.)
  q, r = torch.qr(unstructured_block.cpu(), some = True)
/panfs/ccds02/nobackup/people/kli3/RNALearner/performer_pytorch/performer_pytorch.py:115: UserWarning: torch.qr is deprecated in favor of torch.linalg.qr and will be removed in a future PyTorch release.
The boolean parameter 'some' has been replaced with a string parameter 'mode'.
Q, R = torch.qr(A, some)
should be replaced with
Q, R = torch.linalg.qr(A, 'reduced' if some else 'complete') (Triggered internally at ../aten/src/ATen/native/BatchLinearAlgebra.cpp:2349.)
  q, r = torch.qr(unstructured_block.cpu(), some = True)
/panfs/ccds02/nobackup/people/kli3/RNALearner/performer_pytorch/performer_pytorch.py:115: UserWarning: torch.qr is deprecated in favor of torch.linalg.qr and will be removed in a future PyTorch release.
The boolean parameter 'some' has been replaced with a string parameter 'mode'.
Q, R = torch.qr(A, some)
should be replaced with
Q, R = torch.linalg.qr(A, 'reduced' if some else 'complete') (Triggered internally at ../aten/src/ATen/native/BatchLinearAlgebra.cpp:2349.)
  q, r = torch.qr(unstructured_block.cpu(), some = True)
    ==  Epoch: 1 | Training Loss: 0.006514 | Accuracy:    nan%  ==
    ==  Epoch: 1 | Validation Loss: 0.385380 | Accuracy: 90.1370%  ==
    ==  Epoch: 2 | Training Loss: 0.006434 | Accuracy:    nan%  ==
    ==  Epoch: 2 | Validation Loss: 0.383033 | Accuracy: 89.9543%  ==
    ==  Epoch: 3 | Training Loss: 0.006407 | Accuracy:    nan%  ==
    ==  Epoch: 3 | Validation Loss: 0.387471 | Accuracy: 83.6158%  ==
    ==  Epoch: 4 | Training Loss: 0.006421 | Accuracy:    nan%  ==
    ==  Epoch: 4 | Validation Loss: 0.383742 | Accuracy: 82.4242%  ==
    ==  Epoch: 5 | Training Loss: 0.006915 | Accuracy:    nan%  ==
    ==  Epoch: 5 | Validation Loss: 0.380357 | Accuracy: 74.7748%  ==
    ==  Epoch: 6 | Training Loss: 0.006390 | Accuracy:    nan%  ==
    ==  Epoch: 6 | Validation Loss: 0.381816 | Accuracy: 83.2192%  ==
    ==  Epoch: 7 | Training Loss: 0.006365 | Accuracy: 83.9537%  ==
    ==  Epoch: 7 | Validation Loss: 0.383088 | Accuracy: 42.7184%  ==
    ==  Epoch: 8 | Training Loss: 0.006286 | Accuracy:    nan%  ==
    ==  Epoch: 8 | Validation Loss: 0.378318 | Accuracy: 77.4436%  ==
    ==  Epoch: 9 | Training Loss: 0.006237 | Accuracy:    nan%  ==
    ==  Epoch: 9 | Validation Loss: 0.370718 | Accuracy: 93.0723%  ==
    ==  Epoch: 10 | Training Loss: 0.006167 | Accuracy:    nan%  ==
    ==  Epoch: 10 | Validation Loss: 0.366730 | Accuracy: 89.8305%  ==
    ==  Epoch: 11 | Training Loss: 0.006149 | Accuracy: 84.4218%  ==
    ==  Epoch: 11 | Validation Loss: 0.368716 | Accuracy: 93.2886%  ==
    ==  Epoch: 12 | Training Loss: 0.006084 | Accuracy:    nan%  ==
    ==  Epoch: 12 | Validation Loss: 0.365086 | Accuracy: 74.8954%  ==
    ==  Epoch: 13 | Training Loss: 0.006063 | Accuracy: 84.6360%  ==
    ==  Epoch: 13 | Validation Loss: 0.359747 | Accuracy: 95.8333%  ==
    ==  Epoch: 14 | Training Loss: 0.006055 | Accuracy:    nan%  ==
    ==  Epoch: 14 | Validation Loss: 0.362955 | Accuracy: 92.8839%  ==
    ==  Epoch: 15 | Training Loss: 0.006043 | Accuracy:    nan%  ==
    ==  Epoch: 15 | Validation Loss: 0.366982 | Accuracy: 92.4779%  ==
    ==  Epoch: 16 | Training Loss: 0.006068 | Accuracy:    nan%  ==
    ==  Epoch: 16 | Validation Loss: 0.364445 | Accuracy: 87.5000%  ==
    ==  Epoch: 17 | Training Loss: 0.006033 | Accuracy:    nan%  ==
    ==  Epoch: 17 | Validation Loss: 0.359374 | Accuracy: 95.6811%  ==
    ==  Epoch: 18 | Training Loss: 0.006042 | Accuracy:    nan%  ==
    ==  Epoch: 18 | Validation Loss: 0.356864 | Accuracy: 76.2376%  ==
    ==  Epoch: 19 | Training Loss: 0.006036 | Accuracy:    nan%  ==
    ==  Epoch: 19 | Validation Loss: 0.357249 | Accuracy: 87.0000%  ==
    ==  Epoch: 20 | Training Loss: 0.006631 | Accuracy:    nan%  ==
    ==  Epoch: 20 | Validation Loss: 0.367334 | Accuracy: 74.2188%  ==
JobID        JobIDRaw        JobName  Partition  MaxVMSize  MaxVMSizeNode  MaxVMSizeTask  AveVMSize     MaxRSS MaxRSSNode MaxRSSTask     AveRSS MaxPages MaxPagesNode   MaxPagesTask   AvePages     MinCPU MinCPUNode MinCPUTask     AveCPU   NTasks  AllocCPUS    Elapsed      State ExitCode AveCPUFreq ReqCPUFreqMin ReqCPUFreqMax ReqCPUFreqGov     ReqMem ConsumedEnergy  MaxDiskRead MaxDiskReadNode MaxDiskReadTask    AveDiskRead MaxDiskWrite MaxDiskWriteNode MaxDiskWriteTask   AveDiskWrite    ReqTRES  AllocTRES TRESUsageInAve TRESUsageInMax TRESUsageInMaxNode TRESUsageInMaxTask TRESUsageInMin TRESUsageInMinNode TRESUsageInMinTask TRESUsageInTot TRESUsageOutMax TRESUsageOutMaxNode TRESUsageOutMaxTask TRESUsageOutAve TRESUsageOutTot 
------------ ------------ ---------- ---------- ---------- -------------- -------------- ---------- ---------- ---------- ---------- ---------- -------- ------------ -------------- ---------- ---------- ---------- ---------- ---------- -------- ---------- ---------- ---------- -------- ---------- ------------- ------------- ------------- ---------- -------------- ------------ --------------- --------------- -------------- ------------ ---------------- ---------------- -------------- ---------- ---------- -------------- -------------- ------------------ ------------------ -------------- ------------------ ------------------ -------------- --------------- ------------------- ------------------- --------------- --------------- 
36513413     36513413     scbertpre+    compute                                                                                                                                                                                                              32 2-08:50:25    RUNNING      0:0                  Unknown       Unknown       Unknown       720G                                                                                                                                          billing=3+ billing=3+                                                                                                                                                                                                                                 
36513413.ba+ 36513413.ba+      batch                                                                                                                                                                                                               1         32 2-08:50:25    RUNNING      0:0          0             0             0             0                         0                                                                                                                                      cpu=32,gr+                                                                                                                                                                                                                                 
