/home/kli3/.conda/envs/scbert/lib/python3.9/site-packages/torch/distributed/launch.py:181: FutureWarning: The module torch.distributed.launch is deprecated
and will be removed in future. Use torchrun.
Note that --use-env is set by default in torchrun.
If your script expects `--local-rank` argument to be set, please
change it to read from `os.environ['LOCAL_RANK']` instead. See 
https://pytorch.org/docs/stable/distributed.html#launch-utility for 
further instructions

  warnings.warn(
/home/kli3/.conda/envs/scbert/lib/python3.9/site-packages/anndata/_core/anndata.py:1785: FutureWarning: X.dtype being converted to np.float32 from float64. In the next version of anndata (0.9) conversion will not be automatic. Pass dtype explicitly to avoid this warning. Pass `AnnData(X, dtype=X.dtype, ...)` to get the future behavour.
  [AnnData(sparse.csr_matrix(a.shape), obs=a.obs) for a in all_adatas],
(12, 15117)
(12, 15117)
/panfs/ccds02/nobackup/people/kli3/RNALearner/performer_pytorch/performer_pytorch.py:115: UserWarning: torch.qr is deprecated in favor of torch.linalg.qr and will be removed in a future PyTorch release.
The boolean parameter 'some' has been replaced with a string parameter 'mode'.
Q, R = torch.qr(A, some)
should be replaced with
Q, R = torch.linalg.qr(A, 'reduced' if some else 'complete') (Triggered internally at /opt/conda/conda-bld/pytorch_1678402374358/work/aten/src/ATen/native/BatchLinearAlgebra.cpp:2425.)
  q, r = torch.qr(unstructured_block.cpu(), some = True)
yes path!
begin training
token_emb.weight has no guide value
Name in guidance?:  True
gradient val:  None
pos_emb.emb.weight has no guide value
Name in guidance?:  True
gradient val:  None
performer.net.layers.0.0.norm.weight has no guide value
Name in guidance?:  True
gradient val:  None
performer.net.layers.0.0.norm.bias has no guide value
Name in guidance?:  True
gradient val:  None
performer.net.layers.0.0.fn.to_q.weight has no guide value
Name in guidance?:  True
gradient val:  None
performer.net.layers.0.0.fn.to_k.weight has no guide value
Name in guidance?:  True
gradient val:  None
performer.net.layers.0.0.fn.to_v.weight has no guide value
Name in guidance?:  True
gradient val:  None
performer.net.layers.0.0.fn.to_out.weight has no guide value
Name in guidance?:  True
gradient val:  None
performer.net.layers.0.0.fn.to_out.bias has no guide value
Name in guidance?:  True
gradient val:  None
performer.net.layers.0.1.norm.weight has no guide value
Name in guidance?:  True
gradient val:  None
performer.net.layers.0.1.norm.bias has no guide value
Name in guidance?:  True
gradient val:  None
performer.net.layers.0.1.fn.fn.w1.weight has no guide value
Name in guidance?:  True
gradient val:  None
performer.net.layers.0.1.fn.fn.w1.bias has no guide value
Name in guidance?:  True
gradient val:  None
performer.net.layers.0.1.fn.fn.w2.weight has no guide value
Name in guidance?:  True
gradient val:  None
performer.net.layers.0.1.fn.fn.w2.bias has no guide value
Name in guidance?:  True
gradient val:  None
performer.net.layers.1.0.norm.weight has no guide value
Name in guidance?:  True
gradient val:  None
performer.net.layers.1.0.norm.bias has no guide value
Name in guidance?:  True
gradient val:  None
performer.net.layers.1.0.fn.to_q.weight has no guide value
Name in guidance?:  True
gradient val:  None
performer.net.layers.1.0.fn.to_k.weight has no guide value
Name in guidance?:  True
gradient val:  None
performer.net.layers.1.0.fn.to_v.weight has no guide value
Name in guidance?:  True
gradient val:  None
performer.net.layers.1.0.fn.to_out.weight has no guide value
Name in guidance?:  True
gradient val:  None
performer.net.layers.1.0.fn.to_out.bias has no guide value
Name in guidance?:  True
gradient val:  None
performer.net.layers.1.1.norm.weight has no guide value
Name in guidance?:  True
gradient val:  None
performer.net.layers.1.1.norm.bias has no guide value
Name in guidance?:  True
gradient val:  None
performer.net.layers.1.1.fn.fn.w1.weight has no guide value
Name in guidance?:  True
gradient val:  None
performer.net.layers.1.1.fn.fn.w1.bias has no guide value
Name in guidance?:  True
gradient val:  None
performer.net.layers.1.1.fn.fn.w2.weight has no guide value
Name in guidance?:  True
gradient val:  None
performer.net.layers.1.1.fn.fn.w2.bias has no guide value
Name in guidance?:  True
gradient val:  None
performer.net.layers.2.0.norm.weight has no guide value
Name in guidance?:  True
gradient val:  None
performer.net.layers.2.0.norm.bias has no guide value
Name in guidance?:  True
gradient val:  None
performer.net.layers.2.0.fn.to_q.weight has no guide value
Name in guidance?:  True
gradient val:  None
performer.net.layers.2.0.fn.to_k.weight has no guide value
Name in guidance?:  True
gradient val:  None
performer.net.layers.2.0.fn.to_v.weight has no guide value
Name in guidance?:  True
gradient val:  None
performer.net.layers.2.0.fn.to_out.weight has no guide value
Name in guidance?:  True
gradient val:  None
performer.net.layers.2.0.fn.to_out.bias has no guide value
Name in guidance?:  True
gradient val:  None
performer.net.layers.2.1.norm.weight has no guide value
Name in guidance?:  True
gradient val:  None
performer.net.layers.2.1.norm.bias has no guide value
Name in guidance?:  True
gradient val:  None
performer.net.layers.2.1.fn.fn.w1.weight has no guide value
Name in guidance?:  True
gradient val:  None
performer.net.layers.2.1.fn.fn.w1.bias has no guide value
Name in guidance?:  True
gradient val:  None
performer.net.layers.2.1.fn.fn.w2.weight has no guide value
Name in guidance?:  True
gradient val:  None
performer.net.layers.2.1.fn.fn.w2.bias has no guide value
Name in guidance?:  True
gradient val:  None
performer.net.layers.3.0.norm.weight has no guide value
Name in guidance?:  True
gradient val:  None
performer.net.layers.3.0.norm.bias has no guide value
Name in guidance?:  True
gradient val:  None
performer.net.layers.3.0.fn.to_q.weight has no guide value
Name in guidance?:  True
gradient val:  None
performer.net.layers.3.0.fn.to_k.weight has no guide value
Name in guidance?:  True
gradient val:  None
performer.net.layers.3.0.fn.to_v.weight has no guide value
Name in guidance?:  True
gradient val:  None
performer.net.layers.3.0.fn.to_out.weight has no guide value
Name in guidance?:  True
gradient val:  None
performer.net.layers.3.0.fn.to_out.bias has no guide value
Name in guidance?:  True
gradient val:  None
performer.net.layers.3.1.norm.weight has no guide value
Name in guidance?:  True
gradient val:  None
performer.net.layers.3.1.norm.bias has no guide value
Name in guidance?:  True
gradient val:  None
performer.net.layers.3.1.fn.fn.w1.weight has no guide value
Name in guidance?:  True
gradient val:  None
performer.net.layers.3.1.fn.fn.w1.bias has no guide value
Name in guidance?:  True
gradient val:  None
performer.net.layers.3.1.fn.fn.w2.weight has no guide value
Name in guidance?:  True
gradient val:  None
performer.net.layers.3.1.fn.fn.w2.bias has no guide value
Name in guidance?:  True
gradient val:  None
performer.net.layers.5.0.norm.weight has no guide value
Name in guidance?:  True
gradient val:  None
performer.net.layers.5.0.norm.bias has no guide value
Name in guidance?:  True
gradient val:  None
performer.net.layers.5.0.fn.to_q.weight has no guide value
Name in guidance?:  True
gradient val:  None
performer.net.layers.5.0.fn.to_k.weight has no guide value
Name in guidance?:  True
gradient val:  None
performer.net.layers.5.0.fn.to_v.weight has no guide value
Name in guidance?:  True
gradient val:  None
performer.net.layers.5.0.fn.to_out.weight has no guide value
Name in guidance?:  True
gradient val:  None
performer.net.layers.5.0.fn.to_out.bias has no guide value
Name in guidance?:  True
gradient val:  None
performer.net.layers.5.1.norm.weight has no guide value
Name in guidance?:  True
gradient val:  None
performer.net.layers.5.1.norm.bias has no guide value
Name in guidance?:  True
gradient val:  None
performer.net.layers.5.1.fn.fn.w1.weight has no guide value
Name in guidance?:  True
gradient val:  None
performer.net.layers.5.1.fn.fn.w1.bias has no guide value
Name in guidance?:  True
gradient val:  None
performer.net.layers.5.1.fn.fn.w2.weight has no guide value
Name in guidance?:  True
gradient val:  None
performer.net.layers.5.1.fn.fn.w2.bias has no guide value
Name in guidance?:  True
gradient val:  None
    ==  Epoch: 1 | Training Loss: 0.695288 | Accuracy: 50.0000%  ==
    ==  Epoch: 1 | Validation Loss: 0.694326 | Accuracy: 50.0000%  ==
[[0 6]
 [0 6]]
token_emb.weight has no guide value
Name in guidance?:  True
gradient val:  None
pos_emb.emb.weight has no guide value
Name in guidance?:  True
gradient val:  None
performer.net.layers.0.0.norm.weight has no guide value
Name in guidance?:  True
gradient val:  None
performer.net.layers.0.0.norm.bias has no guide value
Name in guidance?:  True
gradient val:  None
performer.net.layers.0.0.fn.to_q.weight has no guide value
Name in guidance?:  True
gradient val:  None
performer.net.layers.0.0.fn.to_k.weight has no guide value
Name in guidance?:  True
gradient val:  None
performer.net.layers.0.0.fn.to_v.weight has no guide value
Name in guidance?:  True
gradient val:  None
performer.net.layers.0.0.fn.to_out.weight has no guide value
Name in guidance?:  True
gradient val:  None
performer.net.layers.0.0.fn.to_out.bias has no guide value
Name in guidance?:  True
gradient val:  None
performer.net.layers.0.1.norm.weight has no guide value
Name in guidance?:  True
gradient val:  None
performer.net.layers.0.1.norm.bias has no guide value
Name in guidance?:  True
gradient val:  None
performer.net.layers.0.1.fn.fn.w1.weight has no guide value
Name in guidance?:  True
gradient val:  None
performer.net.layers.0.1.fn.fn.w1.bias has no guide value
Name in guidance?:  True
gradient val:  None
performer.net.layers.0.1.fn.fn.w2.weight has no guide value
Name in guidance?:  True
gradient val:  None
performer.net.layers.0.1.fn.fn.w2.bias has no guide value
Name in guidance?:  True
gradient val:  None
performer.net.layers.1.0.norm.weight has no guide value
Name in guidance?:  True
gradient val:  None
performer.net.layers.1.0.norm.bias has no guide value
Name in guidance?:  True
gradient val:  None
performer.net.layers.1.0.fn.to_q.weight has no guide value
Name in guidance?:  True
gradient val:  None
performer.net.layers.1.0.fn.to_k.weight has no guide value
Name in guidance?:  True
gradient val:  None
performer.net.layers.1.0.fn.to_v.weight has no guide value
Name in guidance?:  True
gradient val:  None
performer.net.layers.1.0.fn.to_out.weight has no guide value
Name in guidance?:  True
gradient val:  None
performer.net.layers.1.0.fn.to_out.bias has no guide value
Name in guidance?:  True
gradient val:  None
performer.net.layers.1.1.norm.weight has no guide value
Name in guidance?:  True
gradient val:  None
performer.net.layers.1.1.norm.bias has no guide value
Name in guidance?:  True
gradient val:  None
performer.net.layers.1.1.fn.fn.w1.weight has no guide value
Name in guidance?:  True
gradient val:  None
performer.net.layers.1.1.fn.fn.w1.bias has no guide value
Name in guidance?:  True
gradient val:  None
performer.net.layers.1.1.fn.fn.w2.weight has no guide value
Name in guidance?:  True
gradient val:  None
performer.net.layers.1.1.fn.fn.w2.bias has no guide value
Name in guidance?:  True
gradient val:  None
performer.net.layers.2.0.norm.weight has no guide value
Name in guidance?:  True
gradient val:  None
performer.net.layers.2.0.norm.bias has no guide value
Name in guidance?:  True
gradient val:  None
performer.net.layers.2.0.fn.to_q.weight has no guide value
Name in guidance?:  True
gradient val:  None
performer.net.layers.2.0.fn.to_k.weight has no guide value
Name in guidance?:  True
gradient val:  None
performer.net.layers.2.0.fn.to_v.weight has no guide value
Name in guidance?:  True
gradient val:  None
performer.net.layers.2.0.fn.to_out.weight has no guide value
Name in guidance?:  True
gradient val:  None
performer.net.layers.2.0.fn.to_out.bias has no guide value
Name in guidance?:  True
gradient val:  None
performer.net.layers.2.1.norm.weight has no guide value
Name in guidance?:  True
gradient val:  None
performer.net.layers.2.1.norm.bias has no guide value
Name in guidance?:  True
gradient val:  None
performer.net.layers.2.1.fn.fn.w1.weight has no guide value
Name in guidance?:  True
gradient val:  None
performer.net.layers.2.1.fn.fn.w1.bias has no guide value
Name in guidance?:  True
gradient val:  None
performer.net.layers.2.1.fn.fn.w2.weight has no guide value
Name in guidance?:  True
gradient val:  None
performer.net.layers.2.1.fn.fn.w2.bias has no guide value
Name in guidance?:  True
gradient val:  None
performer.net.layers.3.0.norm.weight has no guide value
Name in guidance?:  True
gradient val:  None
performer.net.layers.3.0.norm.bias has no guide value
Name in guidance?:  True
gradient val:  None
performer.net.layers.3.0.fn.to_q.weight has no guide value
Name in guidance?:  True
gradient val:  None
performer.net.layers.3.0.fn.to_k.weight has no guide value
Name in guidance?:  True
gradient val:  None
performer.net.layers.3.0.fn.to_v.weight has no guide value
Name in guidance?:  True
gradient val:  None
performer.net.layers.3.0.fn.to_out.weight has no guide value
Name in guidance?:  True
gradient val:  None
performer.net.layers.3.0.fn.to_out.bias has no guide value
Name in guidance?:  True
gradient val:  None
performer.net.layers.3.1.norm.weight has no guide value
Name in guidance?:  True
gradient val:  None
performer.net.layers.3.1.norm.bias has no guide value
Name in guidance?:  True
gradient val:  None
performer.net.layers.3.1.fn.fn.w1.weight has no guide value
Name in guidance?:  True
gradient val:  None
performer.net.layers.3.1.fn.fn.w1.bias has no guide value
Name in guidance?:  True
gradient val:  None
performer.net.layers.3.1.fn.fn.w2.weight has no guide value
Name in guidance?:  True
gradient val:  None
performer.net.layers.3.1.fn.fn.w2.bias has no guide value
Name in guidance?:  True
gradient val:  None
performer.net.layers.5.0.norm.weight has no guide value
Name in guidance?:  True
gradient val:  None
performer.net.layers.5.0.norm.bias has no guide value
Name in guidance?:  True
gradient val:  None
performer.net.layers.5.0.fn.to_q.weight has no guide value
Name in guidance?:  True
gradient val:  None
performer.net.layers.5.0.fn.to_k.weight has no guide value
Name in guidance?:  True
gradient val:  None
performer.net.layers.5.0.fn.to_v.weight has no guide value
Name in guidance?:  True
gradient val:  None
performer.net.layers.5.0.fn.to_out.weight has no guide value
Name in guidance?:  True
gradient val:  None
performer.net.layers.5.0.fn.to_out.bias has no guide value
Name in guidance?:  True
gradient val:  None
performer.net.layers.5.1.norm.weight has no guide value
Name in guidance?:  True
gradient val:  None
performer.net.layers.5.1.norm.bias has no guide value
Name in guidance?:  True
gradient val:  None
performer.net.layers.5.1.fn.fn.w1.weight has no guide value
Name in guidance?:  True
gradient val:  None
performer.net.layers.5.1.fn.fn.w1.bias has no guide value
Name in guidance?:  True
gradient val:  None
performer.net.layers.5.1.fn.fn.w2.weight has no guide value
Name in guidance?:  True
gradient val:  None
performer.net.layers.5.1.fn.fn.w2.bias has no guide value
Name in guidance?:  True
gradient val:  None
    ==  Epoch: 2 | Training Loss: 0.695146 | Accuracy: 50.0000%  ==
    ==  Epoch: 2 | Validation Loss: 0.694270 | Accuracy: 50.0000%  ==
[[0 6]
 [0 6]]
token_emb.weight has no guide value
Name in guidance?:  True
gradient val:  None
pos_emb.emb.weight has no guide value
Name in guidance?:  True
gradient val:  None
performer.net.layers.0.0.norm.weight has no guide value
Name in guidance?:  True
gradient val:  None
performer.net.layers.0.0.norm.bias has no guide value
Name in guidance?:  True
gradient val:  None
performer.net.layers.0.0.fn.to_q.weight has no guide value
Name in guidance?:  True
gradient val:  None
performer.net.layers.0.0.fn.to_k.weight has no guide value
Name in guidance?:  True
gradient val:  None
performer.net.layers.0.0.fn.to_v.weight has no guide value
Name in guidance?:  True
gradient val:  None
performer.net.layers.0.0.fn.to_out.weight has no guide value
Name in guidance?:  True
gradient val:  None
performer.net.layers.0.0.fn.to_out.bias has no guide value
Name in guidance?:  True
gradient val:  None
performer.net.layers.0.1.norm.weight has no guide value
Name in guidance?:  True
gradient val:  None
performer.net.layers.0.1.norm.bias has no guide value
Name in guidance?:  True
gradient val:  None
performer.net.layers.0.1.fn.fn.w1.weight has no guide value
Name in guidance?:  True
gradient val:  None
performer.net.layers.0.1.fn.fn.w1.bias has no guide value
Name in guidance?:  True
gradient val:  None
performer.net.layers.0.1.fn.fn.w2.weight has no guide value
Name in guidance?:  True
gradient val:  None
performer.net.layers.0.1.fn.fn.w2.bias has no guide value
Name in guidance?:  True
gradient val:  None
performer.net.layers.1.0.norm.weight has no guide value
Name in guidance?:  True
gradient val:  None
performer.net.layers.1.0.norm.bias has no guide value
Name in guidance?:  True
gradient val:  None
performer.net.layers.1.0.fn.to_q.weight has no guide value
Name in guidance?:  True
gradient val:  None
performer.net.layers.1.0.fn.to_k.weight has no guide value
Name in guidance?:  True
gradient val:  None
performer.net.layers.1.0.fn.to_v.weight has no guide value
Name in guidance?:  True
gradient val:  None
performer.net.layers.1.0.fn.to_out.weight has no guide value
Name in guidance?:  True
gradient val:  None
performer.net.layers.1.0.fn.to_out.bias has no guide value
Name in guidance?:  True
gradient val:  None
performer.net.layers.1.1.norm.weight has no guide value
Name in guidance?:  True
gradient val:  None
performer.net.layers.1.1.norm.bias has no guide value
Name in guidance?:  True
gradient val:  None
performer.net.layers.1.1.fn.fn.w1.weight has no guide value
Name in guidance?:  True
gradient val:  None
performer.net.layers.1.1.fn.fn.w1.bias has no guide value
Name in guidance?:  True
gradient val:  None
performer.net.layers.1.1.fn.fn.w2.weight has no guide value
Name in guidance?:  True
gradient val:  None
performer.net.layers.1.1.fn.fn.w2.bias has no guide value
Name in guidance?:  True
gradient val:  None
performer.net.layers.2.0.norm.weight has no guide value
Name in guidance?:  True
gradient val:  None
performer.net.layers.2.0.norm.bias has no guide value
Name in guidance?:  True
gradient val:  None
performer.net.layers.2.0.fn.to_q.weight has no guide value
Name in guidance?:  True
gradient val:  None
performer.net.layers.2.0.fn.to_k.weight has no guide value
Name in guidance?:  True
gradient val:  None
performer.net.layers.2.0.fn.to_v.weight has no guide value
Name in guidance?:  True
gradient val:  None
performer.net.layers.2.0.fn.to_out.weight has no guide value
Name in guidance?:  True
gradient val:  None
performer.net.layers.2.0.fn.to_out.bias has no guide value
Name in guidance?:  True
gradient val:  None
performer.net.layers.2.1.norm.weight has no guide value
Name in guidance?:  True
gradient val:  None
performer.net.layers.2.1.norm.bias has no guide value
Name in guidance?:  True
gradient val:  None
performer.net.layers.2.1.fn.fn.w1.weight has no guide value
Name in guidance?:  True
gradient val:  None
performer.net.layers.2.1.fn.fn.w1.bias has no guide value
Name in guidance?:  True
gradient val:  None
performer.net.layers.2.1.fn.fn.w2.weight has no guide value
Name in guidance?:  True
gradient val:  None
performer.net.layers.2.1.fn.fn.w2.bias has no guide value
Name in guidance?:  True
gradient val:  None
performer.net.layers.3.0.norm.weight has no guide value
Name in guidance?:  True
gradient val:  None
performer.net.layers.3.0.norm.bias has no guide value
Name in guidance?:  True
gradient val:  None
performer.net.layers.3.0.fn.to_q.weight has no guide value
Name in guidance?:  True
gradient val:  None
performer.net.layers.3.0.fn.to_k.weight has no guide value
Name in guidance?:  True
gradient val:  None
performer.net.layers.3.0.fn.to_v.weight has no guide value
Name in guidance?:  True
gradient val:  None
performer.net.layers.3.0.fn.to_out.weight has no guide value
Name in guidance?:  True
gradient val:  None
performer.net.layers.3.0.fn.to_out.bias has no guide value
Name in guidance?:  True
gradient val:  None
performer.net.layers.3.1.norm.weight has no guide value
Name in guidance?:  True
gradient val:  None
performer.net.layers.3.1.norm.bias has no guide value
Name in guidance?:  True
gradient val:  None
performer.net.layers.3.1.fn.fn.w1.weight has no guide value
Name in guidance?:  True
gradient val:  None
performer.net.layers.3.1.fn.fn.w1.bias has no guide value
Name in guidance?:  True
gradient val:  None
performer.net.layers.3.1.fn.fn.w2.weight has no guide value
Name in guidance?:  True
gradient val:  None
performer.net.layers.3.1.fn.fn.w2.bias has no guide value
Name in guidance?:  True
gradient val:  None
performer.net.layers.5.0.norm.weight has no guide value
Name in guidance?:  True
gradient val:  None
performer.net.layers.5.0.norm.bias has no guide value
Name in guidance?:  True
gradient val:  None
performer.net.layers.5.0.fn.to_q.weight has no guide value
Name in guidance?:  True
gradient val:  None
performer.net.layers.5.0.fn.to_k.weight has no guide value
Name in guidance?:  True
gradient val:  None
performer.net.layers.5.0.fn.to_v.weight has no guide value
Name in guidance?:  True
gradient val:  None
performer.net.layers.5.0.fn.to_out.weight has no guide value
Name in guidance?:  True
gradient val:  None
performer.net.layers.5.0.fn.to_out.bias has no guide value
Name in guidance?:  True
gradient val:  None
performer.net.layers.5.1.norm.weight has no guide value
Name in guidance?:  True
gradient val:  None
performer.net.layers.5.1.norm.bias has no guide value
Name in guidance?:  True
gradient val:  None
performer.net.layers.5.1.fn.fn.w1.weight has no guide value
Name in guidance?:  True
gradient val:  None
performer.net.layers.5.1.fn.fn.w1.bias has no guide value
Name in guidance?:  True
gradient val:  None
performer.net.layers.5.1.fn.fn.w2.weight has no guide value
Name in guidance?:  True
gradient val:  None
performer.net.layers.5.1.fn.fn.w2.bias has no guide value
Name in guidance?:  True
gradient val:  None
    ==  Epoch: 3 | Training Loss: 0.694791 | Accuracy: 50.0000%  ==
    ==  Epoch: 3 | Validation Loss: 0.694196 | Accuracy: 50.0000%  ==
[[0 6]
 [0 6]]
token_emb.weight has no guide value
Name in guidance?:  True
gradient val:  None
pos_emb.emb.weight has no guide value
Name in guidance?:  True
gradient val:  None
performer.net.layers.0.0.norm.weight has no guide value
Name in guidance?:  True
gradient val:  None
performer.net.layers.0.0.norm.bias has no guide value
Name in guidance?:  True
gradient val:  None
performer.net.layers.0.0.fn.to_q.weight has no guide value
Name in guidance?:  True
gradient val:  None
performer.net.layers.0.0.fn.to_k.weight has no guide value
Name in guidance?:  True
gradient val:  None
performer.net.layers.0.0.fn.to_v.weight has no guide value
Name in guidance?:  True
gradient val:  None
performer.net.layers.0.0.fn.to_out.weight has no guide value
Name in guidance?:  True
gradient val:  None
performer.net.layers.0.0.fn.to_out.bias has no guide value
Name in guidance?:  True
gradient val:  None
performer.net.layers.0.1.norm.weight has no guide value
Name in guidance?:  True
gradient val:  None
performer.net.layers.0.1.norm.bias has no guide value
Name in guidance?:  True
gradient val:  None
performer.net.layers.0.1.fn.fn.w1.weight has no guide value
Name in guidance?:  True
gradient val:  None
performer.net.layers.0.1.fn.fn.w1.bias has no guide value
Name in guidance?:  True
gradient val:  None
performer.net.layers.0.1.fn.fn.w2.weight has no guide value
Name in guidance?:  True
gradient val:  None
performer.net.layers.0.1.fn.fn.w2.bias has no guide value
Name in guidance?:  True
gradient val:  None
performer.net.layers.1.0.norm.weight has no guide value
Name in guidance?:  True
gradient val:  None
performer.net.layers.1.0.norm.bias has no guide value
Name in guidance?:  True
gradient val:  None
performer.net.layers.1.0.fn.to_q.weight has no guide value
Name in guidance?:  True
gradient val:  None
performer.net.layers.1.0.fn.to_k.weight has no guide value
Name in guidance?:  True
gradient val:  None
performer.net.layers.1.0.fn.to_v.weight has no guide value
Name in guidance?:  True
gradient val:  None
performer.net.layers.1.0.fn.to_out.weight has no guide value
Name in guidance?:  True
gradient val:  None
performer.net.layers.1.0.fn.to_out.bias has no guide value
Name in guidance?:  True
gradient val:  None
performer.net.layers.1.1.norm.weight has no guide value
Name in guidance?:  True
gradient val:  None
performer.net.layers.1.1.norm.bias has no guide value
Name in guidance?:  True
gradient val:  None
performer.net.layers.1.1.fn.fn.w1.weight has no guide value
Name in guidance?:  True
gradient val:  None
performer.net.layers.1.1.fn.fn.w1.bias has no guide value
Name in guidance?:  True
gradient val:  None
performer.net.layers.1.1.fn.fn.w2.weight has no guide value
Name in guidance?:  True
gradient val:  None
performer.net.layers.1.1.fn.fn.w2.bias has no guide value
Name in guidance?:  True
gradient val:  None
performer.net.layers.2.0.norm.weight has no guide value
Name in guidance?:  True
gradient val:  None
performer.net.layers.2.0.norm.bias has no guide value
Name in guidance?:  True
gradient val:  None
performer.net.layers.2.0.fn.to_q.weight has no guide value
Name in guidance?:  True
gradient val:  None
performer.net.layers.2.0.fn.to_k.weight has no guide value
Name in guidance?:  True
gradient val:  None
performer.net.layers.2.0.fn.to_v.weight has no guide value
Name in guidance?:  True
gradient val:  None
performer.net.layers.2.0.fn.to_out.weight has no guide value
Name in guidance?:  True
gradient val:  None
performer.net.layers.2.0.fn.to_out.bias has no guide value
Name in guidance?:  True
gradient val:  None
performer.net.layers.2.1.norm.weight has no guide value
Name in guidance?:  True
gradient val:  None
performer.net.layers.2.1.norm.bias has no guide value
Name in guidance?:  True
gradient val:  None
performer.net.layers.2.1.fn.fn.w1.weight has no guide value
Name in guidance?:  True
gradient val:  None
performer.net.layers.2.1.fn.fn.w1.bias has no guide value
Name in guidance?:  True
gradient val:  None
performer.net.layers.2.1.fn.fn.w2.weight has no guide value
Name in guidance?:  True
gradient val:  None
performer.net.layers.2.1.fn.fn.w2.bias has no guide value
Name in guidance?:  True
gradient val:  None
performer.net.layers.3.0.norm.weight has no guide value
Name in guidance?:  True
gradient val:  None
performer.net.layers.3.0.norm.bias has no guide value
Name in guidance?:  True
gradient val:  None
performer.net.layers.3.0.fn.to_q.weight has no guide value
Name in guidance?:  True
gradient val:  None
performer.net.layers.3.0.fn.to_k.weight has no guide value
Name in guidance?:  True
gradient val:  None
performer.net.layers.3.0.fn.to_v.weight has no guide value
Name in guidance?:  True
gradient val:  None
performer.net.layers.3.0.fn.to_out.weight has no guide value
Name in guidance?:  True
gradient val:  None
performer.net.layers.3.0.fn.to_out.bias has no guide value
Name in guidance?:  True
gradient val:  None
performer.net.layers.3.1.norm.weight has no guide value
Name in guidance?:  True
gradient val:  None
performer.net.layers.3.1.norm.bias has no guide value
Name in guidance?:  True
gradient val:  None
performer.net.layers.3.1.fn.fn.w1.weight has no guide value
Name in guidance?:  True
gradient val:  None
performer.net.layers.3.1.fn.fn.w1.bias has no guide value
Name in guidance?:  True
gradient val:  None
performer.net.layers.3.1.fn.fn.w2.weight has no guide value
Name in guidance?:  True
gradient val:  None
performer.net.layers.3.1.fn.fn.w2.bias has no guide value
Name in guidance?:  True
gradient val:  None
performer.net.layers.5.0.norm.weight has no guide value
Name in guidance?:  True
gradient val:  None
performer.net.layers.5.0.norm.bias has no guide value
Name in guidance?:  True
gradient val:  None
performer.net.layers.5.0.fn.to_q.weight has no guide value
Name in guidance?:  True
gradient val:  None
performer.net.layers.5.0.fn.to_k.weight has no guide value
Name in guidance?:  True
gradient val:  None
performer.net.layers.5.0.fn.to_v.weight has no guide value
Name in guidance?:  True
gradient val:  None
performer.net.layers.5.0.fn.to_out.weight has no guide value
Name in guidance?:  True
gradient val:  None
performer.net.layers.5.0.fn.to_out.bias has no guide value
Name in guidance?:  True
gradient val:  None
performer.net.layers.5.1.norm.weight has no guide value
Name in guidance?:  True
gradient val:  None
performer.net.layers.5.1.norm.bias has no guide value
Name in guidance?:  True
gradient val:  None
performer.net.layers.5.1.fn.fn.w1.weight has no guide value
Name in guidance?:  True
gradient val:  None
performer.net.layers.5.1.fn.fn.w1.bias has no guide value
Name in guidance?:  True
gradient val:  None
performer.net.layers.5.1.fn.fn.w2.weight has no guide value
Name in guidance?:  True
gradient val:  None
performer.net.layers.5.1.fn.fn.w2.bias has no guide value
Name in guidance?:  True
gradient val:  None
    ==  Epoch: 4 | Training Loss: 0.694303 | Accuracy: 50.0000%  ==
    ==  Epoch: 4 | Validation Loss: 0.694125 | Accuracy: 50.0000%  ==
[[0 6]
 [0 6]]
token_emb.weight has no guide value
Name in guidance?:  True
gradient val:  None
pos_emb.emb.weight has no guide value
Name in guidance?:  True
gradient val:  None
performer.net.layers.0.0.norm.weight has no guide value
Name in guidance?:  True
gradient val:  None
performer.net.layers.0.0.norm.bias has no guide value
Name in guidance?:  True
gradient val:  None
performer.net.layers.0.0.fn.to_q.weight has no guide value
Name in guidance?:  True
gradient val:  None
performer.net.layers.0.0.fn.to_k.weight has no guide value
Name in guidance?:  True
gradient val:  None
performer.net.layers.0.0.fn.to_v.weight has no guide value
Name in guidance?:  True
gradient val:  None
performer.net.layers.0.0.fn.to_out.weight has no guide value
Name in guidance?:  True
gradient val:  None
performer.net.layers.0.0.fn.to_out.bias has no guide value
Name in guidance?:  True
gradient val:  None
performer.net.layers.0.1.norm.weight has no guide value
Name in guidance?:  True
gradient val:  None
performer.net.layers.0.1.norm.bias has no guide value
Name in guidance?:  True
gradient val:  None
performer.net.layers.0.1.fn.fn.w1.weight has no guide value
Name in guidance?:  True
gradient val:  None
performer.net.layers.0.1.fn.fn.w1.bias has no guide value
Name in guidance?:  True
gradient val:  None
performer.net.layers.0.1.fn.fn.w2.weight has no guide value
Name in guidance?:  True
gradient val:  None
performer.net.layers.0.1.fn.fn.w2.bias has no guide value
Name in guidance?:  True
gradient val:  None
performer.net.layers.1.0.norm.weight has no guide value
Name in guidance?:  True
gradient val:  None
performer.net.layers.1.0.norm.bias has no guide value
Name in guidance?:  True
gradient val:  None
performer.net.layers.1.0.fn.to_q.weight has no guide value
Name in guidance?:  True
gradient val:  None
performer.net.layers.1.0.fn.to_k.weight has no guide value
Name in guidance?:  True
gradient val:  None
performer.net.layers.1.0.fn.to_v.weight has no guide value
Name in guidance?:  True
gradient val:  None
performer.net.layers.1.0.fn.to_out.weight has no guide value
Name in guidance?:  True
gradient val:  None
performer.net.layers.1.0.fn.to_out.bias has no guide value
Name in guidance?:  True
gradient val:  None
performer.net.layers.1.1.norm.weight has no guide value
Name in guidance?:  True
gradient val:  None
performer.net.layers.1.1.norm.bias has no guide value
Name in guidance?:  True
gradient val:  None
performer.net.layers.1.1.fn.fn.w1.weight has no guide value
Name in guidance?:  True
gradient val:  None
performer.net.layers.1.1.fn.fn.w1.bias has no guide value
Name in guidance?:  True
gradient val:  None
performer.net.layers.1.1.fn.fn.w2.weight has no guide value
Name in guidance?:  True
gradient val:  None
performer.net.layers.1.1.fn.fn.w2.bias has no guide value
Name in guidance?:  True
gradient val:  None
performer.net.layers.2.0.norm.weight has no guide value
Name in guidance?:  True
gradient val:  None
performer.net.layers.2.0.norm.bias has no guide value
Name in guidance?:  True
gradient val:  None
performer.net.layers.2.0.fn.to_q.weight has no guide value
Name in guidance?:  True
gradient val:  None
performer.net.layers.2.0.fn.to_k.weight has no guide value
Name in guidance?:  True
gradient val:  None
performer.net.layers.2.0.fn.to_v.weight has no guide value
Name in guidance?:  True
gradient val:  None
performer.net.layers.2.0.fn.to_out.weight has no guide value
Name in guidance?:  True
gradient val:  None
performer.net.layers.2.0.fn.to_out.bias has no guide value
Name in guidance?:  True
gradient val:  None
performer.net.layers.2.1.norm.weight has no guide value
Name in guidance?:  True
gradient val:  None
performer.net.layers.2.1.norm.bias has no guide value
Name in guidance?:  True
gradient val:  None
performer.net.layers.2.1.fn.fn.w1.weight has no guide value
Name in guidance?:  True
gradient val:  None
performer.net.layers.2.1.fn.fn.w1.bias has no guide value
Name in guidance?:  True
gradient val:  None
performer.net.layers.2.1.fn.fn.w2.weight has no guide value
Name in guidance?:  True
gradient val:  None
performer.net.layers.2.1.fn.fn.w2.bias has no guide value
Name in guidance?:  True
gradient val:  None
performer.net.layers.3.0.norm.weight has no guide value
Name in guidance?:  True
gradient val:  None
performer.net.layers.3.0.norm.bias has no guide value
Name in guidance?:  True
gradient val:  None
performer.net.layers.3.0.fn.to_q.weight has no guide value
Name in guidance?:  True
gradient val:  None
performer.net.layers.3.0.fn.to_k.weight has no guide value
Name in guidance?:  True
gradient val:  None
performer.net.layers.3.0.fn.to_v.weight has no guide value
Name in guidance?:  True
gradient val:  None
performer.net.layers.3.0.fn.to_out.weight has no guide value
Name in guidance?:  True
gradient val:  None
performer.net.layers.3.0.fn.to_out.bias has no guide value
Name in guidance?:  True
gradient val:  None
performer.net.layers.3.1.norm.weight has no guide value
Name in guidance?:  True
gradient val:  None
performer.net.layers.3.1.norm.bias has no guide value
Name in guidance?:  True
gradient val:  None
performer.net.layers.3.1.fn.fn.w1.weight has no guide value
Name in guidance?:  True
gradient val:  None
performer.net.layers.3.1.fn.fn.w1.bias has no guide value
Name in guidance?:  True
gradient val:  None
performer.net.layers.3.1.fn.fn.w2.weight has no guide value
Name in guidance?:  True
gradient val:  None
performer.net.layers.3.1.fn.fn.w2.bias has no guide value
Name in guidance?:  True
gradient val:  None
performer.net.layers.5.0.norm.weight has no guide value
Name in guidance?:  True
gradient val:  None
performer.net.layers.5.0.norm.bias has no guide value
Name in guidance?:  True
gradient val:  None
performer.net.layers.5.0.fn.to_q.weight has no guide value
Name in guidance?:  True
gradient val:  None
performer.net.layers.5.0.fn.to_k.weight has no guide value
Name in guidance?:  True
gradient val:  None
performer.net.layers.5.0.fn.to_v.weight has no guide value
Name in guidance?:  True
gradient val:  None
performer.net.layers.5.0.fn.to_out.weight has no guide value
Name in guidance?:  True
gradient val:  None
performer.net.layers.5.0.fn.to_out.bias has no guide value
Name in guidance?:  True
gradient val:  None
performer.net.layers.5.1.norm.weight has no guide value
Name in guidance?:  True
gradient val:  None
performer.net.layers.5.1.norm.bias has no guide value
Name in guidance?:  True
gradient val:  None
performer.net.layers.5.1.fn.fn.w1.weight has no guide value
Name in guidance?:  True
gradient val:  None
performer.net.layers.5.1.fn.fn.w1.bias has no guide value
Name in guidance?:  True
gradient val:  None
performer.net.layers.5.1.fn.fn.w2.weight has no guide value
Name in guidance?:  True
gradient val:  None
performer.net.layers.5.1.fn.fn.w2.bias has no guide value
Name in guidance?:  True
gradient val:  None
    ==  Epoch: 5 | Training Loss: 0.693748 | Accuracy: 50.0000%  ==
    ==  Epoch: 5 | Validation Loss: 0.694041 | Accuracy: 50.0000%  ==
[[0 6]
 [0 6]]
token_emb.weight has no guide value
Name in guidance?:  True
gradient val:  None
pos_emb.emb.weight has no guide value
Name in guidance?:  True
gradient val:  None
performer.net.layers.0.0.norm.weight has no guide value
Name in guidance?:  True
gradient val:  None
performer.net.layers.0.0.norm.bias has no guide value
Name in guidance?:  True
gradient val:  None
performer.net.layers.0.0.fn.to_q.weight has no guide value
Name in guidance?:  True
gradient val:  None
performer.net.layers.0.0.fn.to_k.weight has no guide value
Name in guidance?:  True
gradient val:  None
performer.net.layers.0.0.fn.to_v.weight has no guide value
Name in guidance?:  True
gradient val:  None
performer.net.layers.0.0.fn.to_out.weight has no guide value
Name in guidance?:  True
gradient val:  None
performer.net.layers.0.0.fn.to_out.bias has no guide value
Name in guidance?:  True
gradient val:  None
performer.net.layers.0.1.norm.weight has no guide value
Name in guidance?:  True
gradient val:  None
performer.net.layers.0.1.norm.bias has no guide value
Name in guidance?:  True
gradient val:  None
performer.net.layers.0.1.fn.fn.w1.weight has no guide value
Name in guidance?:  True
gradient val:  None
performer.net.layers.0.1.fn.fn.w1.bias has no guide value
Name in guidance?:  True
gradient val:  None
performer.net.layers.0.1.fn.fn.w2.weight has no guide value
Name in guidance?:  True
gradient val:  None
performer.net.layers.0.1.fn.fn.w2.bias has no guide value
Name in guidance?:  True
gradient val:  None
performer.net.layers.1.0.norm.weight has no guide value
Name in guidance?:  True
gradient val:  None
performer.net.layers.1.0.norm.bias has no guide value
Name in guidance?:  True
gradient val:  None
performer.net.layers.1.0.fn.to_q.weight has no guide value
Name in guidance?:  True
gradient val:  None
performer.net.layers.1.0.fn.to_k.weight has no guide value
Name in guidance?:  True
gradient val:  None
performer.net.layers.1.0.fn.to_v.weight has no guide value
Name in guidance?:  True
gradient val:  None
performer.net.layers.1.0.fn.to_out.weight has no guide value
Name in guidance?:  True
gradient val:  None
performer.net.layers.1.0.fn.to_out.bias has no guide value
Name in guidance?:  True
gradient val:  None
performer.net.layers.1.1.norm.weight has no guide value
Name in guidance?:  True
gradient val:  None
performer.net.layers.1.1.norm.bias has no guide value
Name in guidance?:  True
gradient val:  None
performer.net.layers.1.1.fn.fn.w1.weight has no guide value
Name in guidance?:  True
gradient val:  None
performer.net.layers.1.1.fn.fn.w1.bias has no guide value
Name in guidance?:  True
gradient val:  None
performer.net.layers.1.1.fn.fn.w2.weight has no guide value
Name in guidance?:  True
gradient val:  None
performer.net.layers.1.1.fn.fn.w2.bias has no guide value
Name in guidance?:  True
gradient val:  None
performer.net.layers.2.0.norm.weight has no guide value
Name in guidance?:  True
gradient val:  None
performer.net.layers.2.0.norm.bias has no guide value
Name in guidance?:  True
gradient val:  None
performer.net.layers.2.0.fn.to_q.weight has no guide value
Name in guidance?:  True
gradient val:  None
performer.net.layers.2.0.fn.to_k.weight has no guide value
Name in guidance?:  True
gradient val:  None
performer.net.layers.2.0.fn.to_v.weight has no guide value
Name in guidance?:  True
gradient val:  None
performer.net.layers.2.0.fn.to_out.weight has no guide value
Name in guidance?:  True
gradient val:  None
performer.net.layers.2.0.fn.to_out.bias has no guide value
Name in guidance?:  True
gradient val:  None
performer.net.layers.2.1.norm.weight has no guide value
Name in guidance?:  True
gradient val:  None
performer.net.layers.2.1.norm.bias has no guide value
Name in guidance?:  True
gradient val:  None
performer.net.layers.2.1.fn.fn.w1.weight has no guide value
Name in guidance?:  True
gradient val:  None
performer.net.layers.2.1.fn.fn.w1.bias has no guide value
Name in guidance?:  True
gradient val:  None
performer.net.layers.2.1.fn.fn.w2.weight has no guide value
Name in guidance?:  True
gradient val:  None
performer.net.layers.2.1.fn.fn.w2.bias has no guide value
Name in guidance?:  True
gradient val:  None
performer.net.layers.3.0.norm.weight has no guide value
Name in guidance?:  True
gradient val:  None
performer.net.layers.3.0.norm.bias has no guide value
Name in guidance?:  True
gradient val:  None
performer.net.layers.3.0.fn.to_q.weight has no guide value
Name in guidance?:  True
gradient val:  None
performer.net.layers.3.0.fn.to_k.weight has no guide value
Name in guidance?:  True
gradient val:  None
performer.net.layers.3.0.fn.to_v.weight has no guide value
Name in guidance?:  True
gradient val:  None
performer.net.layers.3.0.fn.to_out.weight has no guide value
Name in guidance?:  True
gradient val:  None
performer.net.layers.3.0.fn.to_out.bias has no guide value
Name in guidance?:  True
gradient val:  None
performer.net.layers.3.1.norm.weight has no guide value
Name in guidance?:  True
gradient val:  None
performer.net.layers.3.1.norm.bias has no guide value
Name in guidance?:  True
gradient val:  None
performer.net.layers.3.1.fn.fn.w1.weight has no guide value
Name in guidance?:  True
gradient val:  None
performer.net.layers.3.1.fn.fn.w1.bias has no guide value
Name in guidance?:  True
gradient val:  None
performer.net.layers.3.1.fn.fn.w2.weight has no guide value
Name in guidance?:  True
gradient val:  None
performer.net.layers.3.1.fn.fn.w2.bias has no guide value
Name in guidance?:  True
gradient val:  None
performer.net.layers.5.0.norm.weight has no guide value
Name in guidance?:  True
gradient val:  None
performer.net.layers.5.0.norm.bias has no guide value
Name in guidance?:  True
gradient val:  None
performer.net.layers.5.0.fn.to_q.weight has no guide value
Name in guidance?:  True
gradient val:  None
performer.net.layers.5.0.fn.to_k.weight has no guide value
Name in guidance?:  True
gradient val:  None
performer.net.layers.5.0.fn.to_v.weight has no guide value
Name in guidance?:  True
gradient val:  None
performer.net.layers.5.0.fn.to_out.weight has no guide value
Name in guidance?:  True
gradient val:  None
performer.net.layers.5.0.fn.to_out.bias has no guide value
Name in guidance?:  True
gradient val:  None
performer.net.layers.5.1.norm.weight has no guide value
Name in guidance?:  True
gradient val:  None
performer.net.layers.5.1.norm.bias has no guide value
Name in guidance?:  True
gradient val:  None
performer.net.layers.5.1.fn.fn.w1.weight has no guide value
Name in guidance?:  True
gradient val:  None
performer.net.layers.5.1.fn.fn.w1.bias has no guide value
Name in guidance?:  True
gradient val:  None
performer.net.layers.5.1.fn.fn.w2.weight has no guide value
Name in guidance?:  True
gradient val:  None
performer.net.layers.5.1.fn.fn.w2.bias has no guide value
Name in guidance?:  True
gradient val:  None
    ==  Epoch: 6 | Training Loss: 0.693070 | Accuracy: 50.0000%  ==
    ==  Epoch: 6 | Validation Loss: 0.693925 | Accuracy: 50.0000%  ==
[[0 6]
 [0 6]]
token_emb.weight has no guide value
Name in guidance?:  True
gradient val:  None
pos_emb.emb.weight has no guide value
Name in guidance?:  True
gradient val:  None
performer.net.layers.0.0.norm.weight has no guide value
Name in guidance?:  True
gradient val:  None
performer.net.layers.0.0.norm.bias has no guide value
Name in guidance?:  True
gradient val:  None
performer.net.layers.0.0.fn.to_q.weight has no guide value
Name in guidance?:  True
gradient val:  None
performer.net.layers.0.0.fn.to_k.weight has no guide value
Name in guidance?:  True
gradient val:  None
performer.net.layers.0.0.fn.to_v.weight has no guide value
Name in guidance?:  True
gradient val:  None
performer.net.layers.0.0.fn.to_out.weight has no guide value
Name in guidance?:  True
gradient val:  None
performer.net.layers.0.0.fn.to_out.bias has no guide value
Name in guidance?:  True
gradient val:  None
performer.net.layers.0.1.norm.weight has no guide value
Name in guidance?:  True
gradient val:  None
performer.net.layers.0.1.norm.bias has no guide value
Name in guidance?:  True
gradient val:  None
performer.net.layers.0.1.fn.fn.w1.weight has no guide value
Name in guidance?:  True
gradient val:  None
performer.net.layers.0.1.fn.fn.w1.bias has no guide value
Name in guidance?:  True
gradient val:  None
performer.net.layers.0.1.fn.fn.w2.weight has no guide value
Name in guidance?:  True
gradient val:  None
performer.net.layers.0.1.fn.fn.w2.bias has no guide value
Name in guidance?:  True
gradient val:  None
performer.net.layers.1.0.norm.weight has no guide value
Name in guidance?:  True
gradient val:  None
performer.net.layers.1.0.norm.bias has no guide value
Name in guidance?:  True
gradient val:  None
performer.net.layers.1.0.fn.to_q.weight has no guide value
Name in guidance?:  True
gradient val:  None
performer.net.layers.1.0.fn.to_k.weight has no guide value
Name in guidance?:  True
gradient val:  None
performer.net.layers.1.0.fn.to_v.weight has no guide value
Name in guidance?:  True
gradient val:  None
performer.net.layers.1.0.fn.to_out.weight has no guide value
Name in guidance?:  True
gradient val:  None
performer.net.layers.1.0.fn.to_out.bias has no guide value
Name in guidance?:  True
gradient val:  None
performer.net.layers.1.1.norm.weight has no guide value
Name in guidance?:  True
gradient val:  None
performer.net.layers.1.1.norm.bias has no guide value
Name in guidance?:  True
gradient val:  None
performer.net.layers.1.1.fn.fn.w1.weight has no guide value
Name in guidance?:  True
gradient val:  None
performer.net.layers.1.1.fn.fn.w1.bias has no guide value
Name in guidance?:  True
gradient val:  None
performer.net.layers.1.1.fn.fn.w2.weight has no guide value
Name in guidance?:  True
gradient val:  None
performer.net.layers.1.1.fn.fn.w2.bias has no guide value
Name in guidance?:  True
gradient val:  None
performer.net.layers.2.0.norm.weight has no guide value
Name in guidance?:  True
gradient val:  None
performer.net.layers.2.0.norm.bias has no guide value
Name in guidance?:  True
gradient val:  None
performer.net.layers.2.0.fn.to_q.weight has no guide value
Name in guidance?:  True
gradient val:  None
performer.net.layers.2.0.fn.to_k.weight has no guide value
Name in guidance?:  True
gradient val:  None
performer.net.layers.2.0.fn.to_v.weight has no guide value
Name in guidance?:  True
gradient val:  None
performer.net.layers.2.0.fn.to_out.weight has no guide value
Name in guidance?:  True
gradient val:  None
performer.net.layers.2.0.fn.to_out.bias has no guide value
Name in guidance?:  True
gradient val:  None
performer.net.layers.2.1.norm.weight has no guide value
Name in guidance?:  True
gradient val:  None
performer.net.layers.2.1.norm.bias has no guide value
Name in guidance?:  True
gradient val:  None
performer.net.layers.2.1.fn.fn.w1.weight has no guide value
Name in guidance?:  True
gradient val:  None
performer.net.layers.2.1.fn.fn.w1.bias has no guide value
Name in guidance?:  True
gradient val:  None
performer.net.layers.2.1.fn.fn.w2.weight has no guide value
Name in guidance?:  True
gradient val:  None
performer.net.layers.2.1.fn.fn.w2.bias has no guide value
Name in guidance?:  True
gradient val:  None
performer.net.layers.3.0.norm.weight has no guide value
Name in guidance?:  True
gradient val:  None
performer.net.layers.3.0.norm.bias has no guide value
Name in guidance?:  True
gradient val:  None
performer.net.layers.3.0.fn.to_q.weight has no guide value
Name in guidance?:  True
gradient val:  None
performer.net.layers.3.0.fn.to_k.weight has no guide value
Name in guidance?:  True
gradient val:  None
performer.net.layers.3.0.fn.to_v.weight has no guide value
Name in guidance?:  True
gradient val:  None
performer.net.layers.3.0.fn.to_out.weight has no guide value
Name in guidance?:  True
gradient val:  None
performer.net.layers.3.0.fn.to_out.bias has no guide value
Name in guidance?:  True
gradient val:  None
performer.net.layers.3.1.norm.weight has no guide value
Name in guidance?:  True
gradient val:  None
performer.net.layers.3.1.norm.bias has no guide value
Name in guidance?:  True
gradient val:  None
performer.net.layers.3.1.fn.fn.w1.weight has no guide value
Name in guidance?:  True
gradient val:  None
performer.net.layers.3.1.fn.fn.w1.bias has no guide value
Name in guidance?:  True
gradient val:  None
performer.net.layers.3.1.fn.fn.w2.weight has no guide value
Name in guidance?:  True
gradient val:  None
performer.net.layers.3.1.fn.fn.w2.bias has no guide value
Name in guidance?:  True
gradient val:  None
performer.net.layers.5.0.norm.weight has no guide value
Name in guidance?:  True
gradient val:  None
performer.net.layers.5.0.norm.bias has no guide value
Name in guidance?:  True
gradient val:  None
performer.net.layers.5.0.fn.to_q.weight has no guide value
Name in guidance?:  True
gradient val:  None
performer.net.layers.5.0.fn.to_k.weight has no guide value
Name in guidance?:  True
gradient val:  None
performer.net.layers.5.0.fn.to_v.weight has no guide value
Name in guidance?:  True
gradient val:  None
performer.net.layers.5.0.fn.to_out.weight has no guide value
Name in guidance?:  True
gradient val:  None
performer.net.layers.5.0.fn.to_out.bias has no guide value
Name in guidance?:  True
gradient val:  None
performer.net.layers.5.1.norm.weight has no guide value
Name in guidance?:  True
gradient val:  None
performer.net.layers.5.1.norm.bias has no guide value
Name in guidance?:  True
gradient val:  None
performer.net.layers.5.1.fn.fn.w1.weight has no guide value
Name in guidance?:  True
gradient val:  None
performer.net.layers.5.1.fn.fn.w1.bias has no guide value
Name in guidance?:  True
gradient val:  None
performer.net.layers.5.1.fn.fn.w2.weight has no guide value
Name in guidance?:  True
gradient val:  None
performer.net.layers.5.1.fn.fn.w2.bias has no guide value
Name in guidance?:  True
gradient val:  None
    ==  Epoch: 7 | Training Loss: 0.692218 | Accuracy: 50.0000%  ==
    ==  Epoch: 7 | Validation Loss: 0.693797 | Accuracy: 50.0000%  ==
[[0 6]
 [0 6]]
token_emb.weight has no guide value
Name in guidance?:  True
gradient val:  None
pos_emb.emb.weight has no guide value
Name in guidance?:  True
gradient val:  None
performer.net.layers.0.0.norm.weight has no guide value
Name in guidance?:  True
gradient val:  None
performer.net.layers.0.0.norm.bias has no guide value
Name in guidance?:  True
gradient val:  None
performer.net.layers.0.0.fn.to_q.weight has no guide value
Name in guidance?:  True
gradient val:  None
performer.net.layers.0.0.fn.to_k.weight has no guide value
Name in guidance?:  True
gradient val:  None
performer.net.layers.0.0.fn.to_v.weight has no guide value
Name in guidance?:  True
gradient val:  None
performer.net.layers.0.0.fn.to_out.weight has no guide value
Name in guidance?:  True
gradient val:  None
performer.net.layers.0.0.fn.to_out.bias has no guide value
Name in guidance?:  True
gradient val:  None
performer.net.layers.0.1.norm.weight has no guide value
Name in guidance?:  True
gradient val:  None
performer.net.layers.0.1.norm.bias has no guide value
Name in guidance?:  True
gradient val:  None
performer.net.layers.0.1.fn.fn.w1.weight has no guide value
Name in guidance?:  True
gradient val:  None
performer.net.layers.0.1.fn.fn.w1.bias has no guide value
Name in guidance?:  True
gradient val:  None
performer.net.layers.0.1.fn.fn.w2.weight has no guide value
Name in guidance?:  True
gradient val:  None
performer.net.layers.0.1.fn.fn.w2.bias has no guide value
Name in guidance?:  True
gradient val:  None
performer.net.layers.1.0.norm.weight has no guide value
Name in guidance?:  True
gradient val:  None
performer.net.layers.1.0.norm.bias has no guide value
Name in guidance?:  True
gradient val:  None
performer.net.layers.1.0.fn.to_q.weight has no guide value
Name in guidance?:  True
gradient val:  None
performer.net.layers.1.0.fn.to_k.weight has no guide value
Name in guidance?:  True
gradient val:  None
performer.net.layers.1.0.fn.to_v.weight has no guide value
Name in guidance?:  True
gradient val:  None
performer.net.layers.1.0.fn.to_out.weight has no guide value
Name in guidance?:  True
gradient val:  None
performer.net.layers.1.0.fn.to_out.bias has no guide value
Name in guidance?:  True
gradient val:  None
performer.net.layers.1.1.norm.weight has no guide value
Name in guidance?:  True
gradient val:  None
performer.net.layers.1.1.norm.bias has no guide value
Name in guidance?:  True
gradient val:  None
performer.net.layers.1.1.fn.fn.w1.weight has no guide value
Name in guidance?:  True
gradient val:  None
performer.net.layers.1.1.fn.fn.w1.bias has no guide value
Name in guidance?:  True
gradient val:  None
performer.net.layers.1.1.fn.fn.w2.weight has no guide value
Name in guidance?:  True
gradient val:  None
performer.net.layers.1.1.fn.fn.w2.bias has no guide value
Name in guidance?:  True
gradient val:  None
performer.net.layers.2.0.norm.weight has no guide value
Name in guidance?:  True
gradient val:  None
performer.net.layers.2.0.norm.bias has no guide value
Name in guidance?:  True
gradient val:  None
performer.net.layers.2.0.fn.to_q.weight has no guide value
Name in guidance?:  True
gradient val:  None
performer.net.layers.2.0.fn.to_k.weight has no guide value
Name in guidance?:  True
gradient val:  None
performer.net.layers.2.0.fn.to_v.weight has no guide value
Name in guidance?:  True
gradient val:  None
performer.net.layers.2.0.fn.to_out.weight has no guide value
Name in guidance?:  True
gradient val:  None
performer.net.layers.2.0.fn.to_out.bias has no guide value
Name in guidance?:  True
gradient val:  None
performer.net.layers.2.1.norm.weight has no guide value
Name in guidance?:  True
gradient val:  None
performer.net.layers.2.1.norm.bias has no guide value
Name in guidance?:  True
gradient val:  None
performer.net.layers.2.1.fn.fn.w1.weight has no guide value
Name in guidance?:  True
gradient val:  None
performer.net.layers.2.1.fn.fn.w1.bias has no guide value
Name in guidance?:  True
gradient val:  None
performer.net.layers.2.1.fn.fn.w2.weight has no guide value
Name in guidance?:  True
gradient val:  None
performer.net.layers.2.1.fn.fn.w2.bias has no guide value
Name in guidance?:  True
gradient val:  None
performer.net.layers.3.0.norm.weight has no guide value
Name in guidance?:  True
gradient val:  None
performer.net.layers.3.0.norm.bias has no guide value
Name in guidance?:  True
gradient val:  None
performer.net.layers.3.0.fn.to_q.weight has no guide value
Name in guidance?:  True
gradient val:  None
performer.net.layers.3.0.fn.to_k.weight has no guide value
Name in guidance?:  True
gradient val:  None
performer.net.layers.3.0.fn.to_v.weight has no guide value
Name in guidance?:  True
gradient val:  None
performer.net.layers.3.0.fn.to_out.weight has no guide value
Name in guidance?:  True
gradient val:  None
performer.net.layers.3.0.fn.to_out.bias has no guide value
Name in guidance?:  True
gradient val:  None
performer.net.layers.3.1.norm.weight has no guide value
Name in guidance?:  True
gradient val:  None
performer.net.layers.3.1.norm.bias has no guide value
Name in guidance?:  True
gradient val:  None
performer.net.layers.3.1.fn.fn.w1.weight has no guide value
Name in guidance?:  True
gradient val:  None
performer.net.layers.3.1.fn.fn.w1.bias has no guide value
Name in guidance?:  True
gradient val:  None
performer.net.layers.3.1.fn.fn.w2.weight has no guide value
Name in guidance?:  True
gradient val:  None
performer.net.layers.3.1.fn.fn.w2.bias has no guide value
Name in guidance?:  True
gradient val:  None
performer.net.layers.5.0.norm.weight has no guide value
Name in guidance?:  True
gradient val:  None
performer.net.layers.5.0.norm.bias has no guide value
Name in guidance?:  True
gradient val:  None
performer.net.layers.5.0.fn.to_q.weight has no guide value
Name in guidance?:  True
gradient val:  None
performer.net.layers.5.0.fn.to_k.weight has no guide value
Name in guidance?:  True
gradient val:  None
performer.net.layers.5.0.fn.to_v.weight has no guide value
Name in guidance?:  True
gradient val:  None
performer.net.layers.5.0.fn.to_out.weight has no guide value
Name in guidance?:  True
gradient val:  None
performer.net.layers.5.0.fn.to_out.bias has no guide value
Name in guidance?:  True
gradient val:  None
performer.net.layers.5.1.norm.weight has no guide value
Name in guidance?:  True
gradient val:  None
performer.net.layers.5.1.norm.bias has no guide value
Name in guidance?:  True
gradient val:  None
performer.net.layers.5.1.fn.fn.w1.weight has no guide value
Name in guidance?:  True
gradient val:  None
performer.net.layers.5.1.fn.fn.w1.bias has no guide value
Name in guidance?:  True
gradient val:  None
performer.net.layers.5.1.fn.fn.w2.weight has no guide value
Name in guidance?:  True
gradient val:  None
performer.net.layers.5.1.fn.fn.w2.bias has no guide value
Name in guidance?:  True
gradient val:  None
    ==  Epoch: 8 | Training Loss: 0.691369 | Accuracy: 50.0000%  ==
    ==  Epoch: 8 | Validation Loss: 0.693690 | Accuracy: 50.0000%  ==
[[0 6]
 [0 6]]
token_emb.weight has no guide value
Name in guidance?:  True
gradient val:  None
pos_emb.emb.weight has no guide value
Name in guidance?:  True
gradient val:  None
performer.net.layers.0.0.norm.weight has no guide value
Name in guidance?:  True
gradient val:  None
performer.net.layers.0.0.norm.bias has no guide value
Name in guidance?:  True
gradient val:  None
performer.net.layers.0.0.fn.to_q.weight has no guide value
Name in guidance?:  True
gradient val:  None
performer.net.layers.0.0.fn.to_k.weight has no guide value
Name in guidance?:  True
gradient val:  None
performer.net.layers.0.0.fn.to_v.weight has no guide value
Name in guidance?:  True
gradient val:  None
performer.net.layers.0.0.fn.to_out.weight has no guide value
Name in guidance?:  True
gradient val:  None
performer.net.layers.0.0.fn.to_out.bias has no guide value
Name in guidance?:  True
gradient val:  None
performer.net.layers.0.1.norm.weight has no guide value
Name in guidance?:  True
gradient val:  None
performer.net.layers.0.1.norm.bias has no guide value
Name in guidance?:  True
gradient val:  None
performer.net.layers.0.1.fn.fn.w1.weight has no guide value
Name in guidance?:  True
gradient val:  None
performer.net.layers.0.1.fn.fn.w1.bias has no guide value
Name in guidance?:  True
gradient val:  None
performer.net.layers.0.1.fn.fn.w2.weight has no guide value
Name in guidance?:  True
gradient val:  None
performer.net.layers.0.1.fn.fn.w2.bias has no guide value
Name in guidance?:  True
gradient val:  None
performer.net.layers.1.0.norm.weight has no guide value
Name in guidance?:  True
gradient val:  None
performer.net.layers.1.0.norm.bias has no guide value
Name in guidance?:  True
gradient val:  None
performer.net.layers.1.0.fn.to_q.weight has no guide value
Name in guidance?:  True
gradient val:  None
performer.net.layers.1.0.fn.to_k.weight has no guide value
Name in guidance?:  True
gradient val:  None
performer.net.layers.1.0.fn.to_v.weight has no guide value
Name in guidance?:  True
gradient val:  None
performer.net.layers.1.0.fn.to_out.weight has no guide value
Name in guidance?:  True
gradient val:  None
performer.net.layers.1.0.fn.to_out.bias has no guide value
Name in guidance?:  True
gradient val:  None
performer.net.layers.1.1.norm.weight has no guide value
Name in guidance?:  True
gradient val:  None
performer.net.layers.1.1.norm.bias has no guide value
Name in guidance?:  True
gradient val:  None
performer.net.layers.1.1.fn.fn.w1.weight has no guide value
Name in guidance?:  True
gradient val:  None
performer.net.layers.1.1.fn.fn.w1.bias has no guide value
Name in guidance?:  True
gradient val:  None
performer.net.layers.1.1.fn.fn.w2.weight has no guide value
Name in guidance?:  True
gradient val:  None
performer.net.layers.1.1.fn.fn.w2.bias has no guide value
Name in guidance?:  True
gradient val:  None
performer.net.layers.2.0.norm.weight has no guide value
Name in guidance?:  True
gradient val:  None
performer.net.layers.2.0.norm.bias has no guide value
Name in guidance?:  True
gradient val:  None
performer.net.layers.2.0.fn.to_q.weight has no guide value
Name in guidance?:  True
gradient val:  None
performer.net.layers.2.0.fn.to_k.weight has no guide value
Name in guidance?:  True
gradient val:  None
performer.net.layers.2.0.fn.to_v.weight has no guide value
Name in guidance?:  True
gradient val:  None
performer.net.layers.2.0.fn.to_out.weight has no guide value
Name in guidance?:  True
gradient val:  None
performer.net.layers.2.0.fn.to_out.bias has no guide value
Name in guidance?:  True
gradient val:  None
performer.net.layers.2.1.norm.weight has no guide value
Name in guidance?:  True
gradient val:  None
performer.net.layers.2.1.norm.bias has no guide value
Name in guidance?:  True
gradient val:  None
performer.net.layers.2.1.fn.fn.w1.weight has no guide value
Name in guidance?:  True
gradient val:  None
performer.net.layers.2.1.fn.fn.w1.bias has no guide value
Name in guidance?:  True
gradient val:  None
performer.net.layers.2.1.fn.fn.w2.weight has no guide value
Name in guidance?:  True
gradient val:  None
performer.net.layers.2.1.fn.fn.w2.bias has no guide value
Name in guidance?:  True
gradient val:  None
performer.net.layers.3.0.norm.weight has no guide value
Name in guidance?:  True
gradient val:  None
performer.net.layers.3.0.norm.bias has no guide value
Name in guidance?:  True
gradient val:  None
performer.net.layers.3.0.fn.to_q.weight has no guide value
Name in guidance?:  True
gradient val:  None
performer.net.layers.3.0.fn.to_k.weight has no guide value
Name in guidance?:  True
gradient val:  None
performer.net.layers.3.0.fn.to_v.weight has no guide value
Name in guidance?:  True
gradient val:  None
performer.net.layers.3.0.fn.to_out.weight has no guide value
Name in guidance?:  True
gradient val:  None
performer.net.layers.3.0.fn.to_out.bias has no guide value
Name in guidance?:  True
gradient val:  None
performer.net.layers.3.1.norm.weight has no guide value
Name in guidance?:  True
gradient val:  None
performer.net.layers.3.1.norm.bias has no guide value
Name in guidance?:  True
gradient val:  None
performer.net.layers.3.1.fn.fn.w1.weight has no guide value
Name in guidance?:  True
gradient val:  None
performer.net.layers.3.1.fn.fn.w1.bias has no guide value
Name in guidance?:  True
gradient val:  None
performer.net.layers.3.1.fn.fn.w2.weight has no guide value
Name in guidance?:  True
gradient val:  None
performer.net.layers.3.1.fn.fn.w2.bias has no guide value
Name in guidance?:  True
gradient val:  None
performer.net.layers.5.0.norm.weight has no guide value
Name in guidance?:  True
gradient val:  None
performer.net.layers.5.0.norm.bias has no guide value
Name in guidance?:  True
gradient val:  None
performer.net.layers.5.0.fn.to_q.weight has no guide value
Name in guidance?:  True
gradient val:  None
performer.net.layers.5.0.fn.to_k.weight has no guide value
Name in guidance?:  True
gradient val:  None
performer.net.layers.5.0.fn.to_v.weight has no guide value
Name in guidance?:  True
gradient val:  None
performer.net.layers.5.0.fn.to_out.weight has no guide value
Name in guidance?:  True
gradient val:  None
performer.net.layers.5.0.fn.to_out.bias has no guide value
Name in guidance?:  True
gradient val:  None
performer.net.layers.5.1.norm.weight has no guide value
Name in guidance?:  True
gradient val:  None
performer.net.layers.5.1.norm.bias has no guide value
Name in guidance?:  True
gradient val:  None
performer.net.layers.5.1.fn.fn.w1.weight has no guide value
Name in guidance?:  True
gradient val:  None
performer.net.layers.5.1.fn.fn.w1.bias has no guide value
Name in guidance?:  True
gradient val:  None
performer.net.layers.5.1.fn.fn.w2.weight has no guide value
Name in guidance?:  True
gradient val:  None
performer.net.layers.5.1.fn.fn.w2.bias has no guide value
Name in guidance?:  True
gradient val:  None
    ==  Epoch: 9 | Training Loss: 0.690466 | Accuracy: 50.0000%  ==
    ==  Epoch: 9 | Validation Loss: 0.693586 | Accuracy: 50.0000%  ==
[[0 6]
 [0 6]]
token_emb.weight has no guide value
Name in guidance?:  True
gradient val:  None
pos_emb.emb.weight has no guide value
Name in guidance?:  True
gradient val:  None
performer.net.layers.0.0.norm.weight has no guide value
Name in guidance?:  True
gradient val:  None
performer.net.layers.0.0.norm.bias has no guide value
Name in guidance?:  True
gradient val:  None
performer.net.layers.0.0.fn.to_q.weight has no guide value
Name in guidance?:  True
gradient val:  None
performer.net.layers.0.0.fn.to_k.weight has no guide value
Name in guidance?:  True
gradient val:  None
performer.net.layers.0.0.fn.to_v.weight has no guide value
Name in guidance?:  True
gradient val:  None
performer.net.layers.0.0.fn.to_out.weight has no guide value
Name in guidance?:  True
gradient val:  None
performer.net.layers.0.0.fn.to_out.bias has no guide value
Name in guidance?:  True
gradient val:  None
performer.net.layers.0.1.norm.weight has no guide value
Name in guidance?:  True
gradient val:  None
performer.net.layers.0.1.norm.bias has no guide value
Name in guidance?:  True
gradient val:  None
performer.net.layers.0.1.fn.fn.w1.weight has no guide value
Name in guidance?:  True
gradient val:  None
performer.net.layers.0.1.fn.fn.w1.bias has no guide value
Name in guidance?:  True
gradient val:  None
performer.net.layers.0.1.fn.fn.w2.weight has no guide value
Name in guidance?:  True
gradient val:  None
performer.net.layers.0.1.fn.fn.w2.bias has no guide value
Name in guidance?:  True
gradient val:  None
performer.net.layers.1.0.norm.weight has no guide value
Name in guidance?:  True
gradient val:  None
performer.net.layers.1.0.norm.bias has no guide value
Name in guidance?:  True
gradient val:  None
performer.net.layers.1.0.fn.to_q.weight has no guide value
Name in guidance?:  True
gradient val:  None
performer.net.layers.1.0.fn.to_k.weight has no guide value
Name in guidance?:  True
gradient val:  None
performer.net.layers.1.0.fn.to_v.weight has no guide value
Name in guidance?:  True
gradient val:  None
performer.net.layers.1.0.fn.to_out.weight has no guide value
Name in guidance?:  True
gradient val:  None
performer.net.layers.1.0.fn.to_out.bias has no guide value
Name in guidance?:  True
gradient val:  None
performer.net.layers.1.1.norm.weight has no guide value
Name in guidance?:  True
gradient val:  None
performer.net.layers.1.1.norm.bias has no guide value
Name in guidance?:  True
gradient val:  None
performer.net.layers.1.1.fn.fn.w1.weight has no guide value
Name in guidance?:  True
gradient val:  None
performer.net.layers.1.1.fn.fn.w1.bias has no guide value
Name in guidance?:  True
gradient val:  None
performer.net.layers.1.1.fn.fn.w2.weight has no guide value
Name in guidance?:  True
gradient val:  None
performer.net.layers.1.1.fn.fn.w2.bias has no guide value
Name in guidance?:  True
gradient val:  None
performer.net.layers.2.0.norm.weight has no guide value
Name in guidance?:  True
gradient val:  None
performer.net.layers.2.0.norm.bias has no guide value
Name in guidance?:  True
gradient val:  None
performer.net.layers.2.0.fn.to_q.weight has no guide value
Name in guidance?:  True
gradient val:  None
performer.net.layers.2.0.fn.to_k.weight has no guide value
Name in guidance?:  True
gradient val:  None
performer.net.layers.2.0.fn.to_v.weight has no guide value
Name in guidance?:  True
gradient val:  None
performer.net.layers.2.0.fn.to_out.weight has no guide value
Name in guidance?:  True
gradient val:  None
performer.net.layers.2.0.fn.to_out.bias has no guide value
Name in guidance?:  True
gradient val:  None
performer.net.layers.2.1.norm.weight has no guide value
Name in guidance?:  True
gradient val:  None
performer.net.layers.2.1.norm.bias has no guide value
Name in guidance?:  True
gradient val:  None
performer.net.layers.2.1.fn.fn.w1.weight has no guide value
Name in guidance?:  True
gradient val:  None
performer.net.layers.2.1.fn.fn.w1.bias has no guide value
Name in guidance?:  True
gradient val:  None
performer.net.layers.2.1.fn.fn.w2.weight has no guide value
Name in guidance?:  True
gradient val:  None
performer.net.layers.2.1.fn.fn.w2.bias has no guide value
Name in guidance?:  True
gradient val:  None
performer.net.layers.3.0.norm.weight has no guide value
Name in guidance?:  True
gradient val:  None
performer.net.layers.3.0.norm.bias has no guide value
Name in guidance?:  True
gradient val:  None
performer.net.layers.3.0.fn.to_q.weight has no guide value
Name in guidance?:  True
gradient val:  None
performer.net.layers.3.0.fn.to_k.weight has no guide value
Name in guidance?:  True
gradient val:  None
performer.net.layers.3.0.fn.to_v.weight has no guide value
Name in guidance?:  True
gradient val:  None
performer.net.layers.3.0.fn.to_out.weight has no guide value
Name in guidance?:  True
gradient val:  None
performer.net.layers.3.0.fn.to_out.bias has no guide value
Name in guidance?:  True
gradient val:  None
performer.net.layers.3.1.norm.weight has no guide value
Name in guidance?:  True
gradient val:  None
performer.net.layers.3.1.norm.bias has no guide value
Name in guidance?:  True
gradient val:  None
performer.net.layers.3.1.fn.fn.w1.weight has no guide value
Name in guidance?:  True
gradient val:  None
performer.net.layers.3.1.fn.fn.w1.bias has no guide value
Name in guidance?:  True
gradient val:  None
performer.net.layers.3.1.fn.fn.w2.weight has no guide value
Name in guidance?:  True
gradient val:  None
performer.net.layers.3.1.fn.fn.w2.bias has no guide value
Name in guidance?:  True
gradient val:  None
performer.net.layers.5.0.norm.weight has no guide value
Name in guidance?:  True
gradient val:  None
performer.net.layers.5.0.norm.bias has no guide value
Name in guidance?:  True
gradient val:  None
performer.net.layers.5.0.fn.to_q.weight has no guide value
Name in guidance?:  True
gradient val:  None
performer.net.layers.5.0.fn.to_k.weight has no guide value
Name in guidance?:  True
gradient val:  None
performer.net.layers.5.0.fn.to_v.weight has no guide value
Name in guidance?:  True
gradient val:  None
performer.net.layers.5.0.fn.to_out.weight has no guide value
Name in guidance?:  True
gradient val:  None
performer.net.layers.5.0.fn.to_out.bias has no guide value
Name in guidance?:  True
gradient val:  None
performer.net.layers.5.1.norm.weight has no guide value
Name in guidance?:  True
gradient val:  None
performer.net.layers.5.1.norm.bias has no guide value
Name in guidance?:  True
gradient val:  None
performer.net.layers.5.1.fn.fn.w1.weight has no guide value
Name in guidance?:  True
gradient val:  None
performer.net.layers.5.1.fn.fn.w1.bias has no guide value
Name in guidance?:  True
gradient val:  None
performer.net.layers.5.1.fn.fn.w2.weight has no guide value
Name in guidance?:  True
gradient val:  None
performer.net.layers.5.1.fn.fn.w2.bias has no guide value
Name in guidance?:  True
gradient val:  None
    ==  Epoch: 10 | Training Loss: 0.689620 | Accuracy: 50.0000%  ==
    ==  Epoch: 10 | Validation Loss: 0.693512 | Accuracy: 50.0000%  ==
[[0 6]
 [0 6]]
JobID        JobIDRaw        JobName  Partition  MaxVMSize  MaxVMSizeNode  MaxVMSizeTask  AveVMSize     MaxRSS MaxRSSNode MaxRSSTask     AveRSS MaxPages MaxPagesNode   MaxPagesTask   AvePages     MinCPU MinCPUNode MinCPUTask     AveCPU   NTasks  AllocCPUS    Elapsed      State ExitCode AveCPUFreq ReqCPUFreqMin ReqCPUFreqMax ReqCPUFreqGov     ReqMem ConsumedEnergy  MaxDiskRead MaxDiskReadNode MaxDiskReadTask    AveDiskRead MaxDiskWrite MaxDiskWriteNode MaxDiskWriteTask   AveDiskWrite    ReqTRES  AllocTRES TRESUsageInAve TRESUsageInMax TRESUsageInMaxNode TRESUsageInMaxTask TRESUsageInMin TRESUsageInMinNode TRESUsageInMinTask TRESUsageInTot TRESUsageOutMax TRESUsageOutMaxNode TRESUsageOutMaxTask TRESUsageOutAve TRESUsageOutTot 
------------ ------------ ---------- ---------- ---------- -------------- -------------- ---------- ---------- ---------- ---------- ---------- -------- ------------ -------------- ---------- ---------- ---------- ---------- ---------- -------- ---------- ---------- ---------- -------- ---------- ------------- ------------- ------------- ---------- -------------- ------------ --------------- --------------- -------------- ------------ ---------------- ---------------- -------------- ---------- ---------- -------------- -------------- ------------------ ------------------ -------------- ------------------ ------------------ -------------- --------------- ------------------- ------------------- --------------- --------------- 
36516267     36516267     scbertpre+    compute                                                                                                                                                                                                              32   00:00:39    RUNNING      0:0                  Unknown       Unknown       Unknown       720G                                                                                                                                          billing=3+ billing=3+                                                                                                                                                                                                                                 
36516267.ba+ 36516267.ba+      batch                                                                                                                                                                                                               1         32   00:00:39    RUNNING      0:0          0             0             0             0                         0                                                                                                                                      cpu=32,gr+                                                                                                                                                                                                                                 
