/home/kli3/.conda/envs/scbert/lib/python3.9/site-packages/torch/distributed/launch.py:180: FutureWarning: The module torch.distributed.launch is deprecated
and will be removed in future. Use torchrun.
Note that --use_env is set by default in torchrun.
If your script expects `--local_rank` argument to be set, please
change it to read from `os.environ['LOCAL_RANK']` instead. See 
https://pytorch.org/docs/stable/distributed.html#launch-utility for 
further instructions

  warnings.warn(
WARNING:torch.distributed.run:
*****************************************
Setting OMP_NUM_THREADS environment variable for each process to be 1 in default, to avoid your system being overloaded, please further tune the variable for optimal performance in your application as needed. 
*****************************************
DEVICES:  [<torch.cuda.device object at 0x1500c050e520>, <torch.cuda.device object at 0x1500c050e4f0>, <torch.cuda.device object at 0x1500c050e370>, <torch.cuda.device object at 0x1500c050e550>]
DEVICES:  [<torch.cuda.device object at 0x153efa4cb3a0>, <torch.cuda.device object at 0x153efa4cb430>, <torch.cuda.device object at 0x153efa4cb2b0>, <torch.cuda.device object at 0x153efa4cb490>]
DEVICES:  [<torch.cuda.device object at 0x14fe1b308400>, <torch.cuda.device object at 0x14fe1b308490>, <torch.cuda.device object at 0x14fe1b308310>, <torch.cuda.device object at 0x14fe1b3084f0>]
DEVICES:  [<torch.cuda.device object at 0x154ce7849460>, <torch.cuda.device object at 0x154ce78494f0>, <torch.cuda.device object at 0x154ce7849370>, <torch.cuda.device object at 0x154ce7849550>]
DEBUG:  /panfs/ccds02/nobackup/people/kli3/RNALearner
/panfs/ccds02/nobackup/people/kli3/RNALearner/performer_pytorch/performer_pytorch.py:115: UserWarning: torch.qr is deprecated in favor of torch.linalg.qr and will be removed in a future PyTorch release.
The boolean parameter 'some' has been replaced with a string parameter 'mode'.
Q, R = torch.qr(A, some)
should be replaced with
Q, R = torch.linalg.qr(A, 'reduced' if some else 'complete') (Triggered internally at ../aten/src/ATen/native/BatchLinearAlgebra.cpp:2349.)
  q, r = torch.qr(unstructured_block.cpu(), some = True)
DEBUG:  /panfs/ccds02/nobackup/people/kli3/RNALearner
/panfs/ccds02/nobackup/people/kli3/RNALearner/performer_pytorch/performer_pytorch.py:115: UserWarning: torch.qr is deprecated in favor of torch.linalg.qr and will be removed in a future PyTorch release.
The boolean parameter 'some' has been replaced with a string parameter 'mode'.
Q, R = torch.qr(A, some)
should be replaced with
Q, R = torch.linalg.qr(A, 'reduced' if some else 'complete') (Triggered internally at ../aten/src/ATen/native/BatchLinearAlgebra.cpp:2349.)
  q, r = torch.qr(unstructured_block.cpu(), some = True)
DEBUG:  /panfs/ccds02/nobackup/people/kli3/RNALearner
DEBUG:  /panfs/ccds02/nobackup/people/kli3/RNALearner
/panfs/ccds02/nobackup/people/kli3/RNALearner/performer_pytorch/performer_pytorch.py:115: UserWarning: torch.qr is deprecated in favor of torch.linalg.qr and will be removed in a future PyTorch release.
The boolean parameter 'some' has been replaced with a string parameter 'mode'.
Q, R = torch.qr(A, some)
should be replaced with
Q, R = torch.linalg.qr(A, 'reduced' if some else 'complete') (Triggered internally at ../aten/src/ATen/native/BatchLinearAlgebra.cpp:2349.)
  q, r = torch.qr(unstructured_block.cpu(), some = True)
/panfs/ccds02/nobackup/people/kli3/RNALearner/performer_pytorch/performer_pytorch.py:115: UserWarning: torch.qr is deprecated in favor of torch.linalg.qr and will be removed in a future PyTorch release.
The boolean parameter 'some' has been replaced with a string parameter 'mode'.
Q, R = torch.qr(A, some)
should be replaced with
Q, R = torch.linalg.qr(A, 'reduced' if some else 'complete') (Triggered internally at ../aten/src/ATen/native/BatchLinearAlgebra.cpp:2349.)
  q, r = torch.qr(unstructured_block.cpu(), some = True)
Traceback (most recent call last):
  File "/panfs/ccds02/nobackup/people/kli3/RNALearner/pretrain.py", line 209, in <module>
    logits = model(data)
  File "/home/kli3/.conda/envs/scbert/lib/python3.9/site-packages/torch/nn/modules/module.py", line 1194, in _call_impl
    return forward_call(*input, **kwargs)
  File "/home/kli3/.conda/envs/scbert/lib/python3.9/site-packages/torch/nn/parallel/distributed.py", line 1040, in forward
    output = self._run_ddp_forward(*inputs, **kwargs)
  File "/home/kli3/.conda/envs/scbert/lib/python3.9/site-packages/torch/nn/parallel/distributed.py", line 1000, in _run_ddp_forward
    return module_to_run(*inputs[0], **kwargs[0])
  File "/home/kli3/.conda/envs/scbert/lib/python3.9/site-packages/torch/nn/modules/module.py", line 1194, in _call_impl
    return forward_call(*input, **kwargs)
  File "/panfs/ccds02/nobackup/people/kli3/RNALearner/performer_pytorch/performer_pytorch.py", line 630, in forward
    x = self.performer(x, pos_emb = layer_pos_emb, output_attentions = output_attentions, **kwargs)
  File "/home/kli3/.conda/envs/scbert/lib/python3.9/site-packages/torch/nn/modules/module.py", line 1194, in _call_impl
    return forward_call(*input, **kwargs)
  File "/panfs/ccds02/nobackup/people/kli3/RNALearner/performer_pytorch/performer_pytorch.py", line 544, in forward
    return self.net(x, output_attentions = output_attentions, **kwargs)
  File "/home/kli3/.conda/envs/scbert/lib/python3.9/site-packages/torch/nn/modules/module.py", line 1194, in _call_impl
    return forward_call(*input, **kwargs)
  File "/panfs/ccds02/nobackup/people/kli3/RNALearner/performer_pytorch/reversible.py", line 144, in forward
    x = x + f(x, **f_args)
  File "/home/kli3/.conda/envs/scbert/lib/python3.9/site-packages/torch/nn/modules/module.py", line 1194, in _call_impl
    return forward_call(*input, **kwargs)
  File "/panfs/ccds02/nobackup/people/kli3/RNALearner/performer_pytorch/performer_pytorch.py", line 298, in forward
    return self.fn(self.norm(x), **kwargs)
  File "/home/kli3/.conda/envs/scbert/lib/python3.9/site-packages/torch/nn/modules/module.py", line 1194, in _call_impl
    return forward_call(*input, **kwargs)
  File "/panfs/ccds02/nobackup/people/kli3/RNALearner/performer_pytorch/performer_pytorch.py", line 395, in forward
    out = self.fast_attention(q, k, v)
  File "/home/kli3/.conda/envs/scbert/lib/python3.9/site-packages/torch/nn/modules/module.py", line 1194, in _call_impl
    return forward_call(*input, **kwargs)
  File "/panfs/ccds02/nobackup/people/kli3/RNALearner/performer_pytorch/performer_pytorch.py", line 249, in forward
    q = create_kernel(q, is_query = True)
  File "/panfs/ccds02/nobackup/people/kli3/RNALearner/performer_pytorch/performer_pytorch.py", line 80, in softmax_kernel
    data_dash = torch.einsum('...id,...jd->...ij', (data_normalizer * data), projection)
  File "/home/kli3/.conda/envs/scbert/lib/python3.9/site-packages/torch/functional.py", line 378, in einsum
    return _VF.einsum(equation, operands)  # type: ignore[attr-defined]
torch.cuda.OutOfMemoryError: CUDA out of memory. Tried to allocate 922.00 MiB (GPU 0; 31.74 GiB total capacity; 26.99 GiB already allocated; 337.38 MiB free; 27.35 GiB reserved in total by PyTorch) If reserved memory is >> allocated memory try setting max_split_size_mb to avoid fragmentation.  See documentation for Memory Management and PYTORCH_CUDA_ALLOC_CONF
Traceback (most recent call last):
  File "/panfs/ccds02/nobackup/people/kli3/RNALearner/pretrain.py", line 209, in <module>
Traceback (most recent call last):
    logits = model(data)
  File "/panfs/ccds02/nobackup/people/kli3/RNALearner/pretrain.py", line 209, in <module>
  File "/home/kli3/.conda/envs/scbert/lib/python3.9/site-packages/torch/nn/modules/module.py", line 1194, in _call_impl
    logits = model(data)
  File "/home/kli3/.conda/envs/scbert/lib/python3.9/site-packages/torch/nn/modules/module.py", line 1194, in _call_impl
    return forward_call(*input, **kwargs)
  File "/home/kli3/.conda/envs/scbert/lib/python3.9/site-packages/torch/nn/parallel/distributed.py", line 1040, in forward
    return forward_call(*input, **kwargs)
  File "/home/kli3/.conda/envs/scbert/lib/python3.9/site-packages/torch/nn/parallel/distributed.py", line 1040, in forward
    output = self._run_ddp_forward(*inputs, **kwargs)
  File "/home/kli3/.conda/envs/scbert/lib/python3.9/site-packages/torch/nn/parallel/distributed.py", line 1000, in _run_ddp_forward
    output = self._run_ddp_forward(*inputs, **kwargs)
  File "/home/kli3/.conda/envs/scbert/lib/python3.9/site-packages/torch/nn/parallel/distributed.py", line 1000, in _run_ddp_forward
    return module_to_run(*inputs[0], **kwargs[0])
  File "/home/kli3/.conda/envs/scbert/lib/python3.9/site-packages/torch/nn/modules/module.py", line 1194, in _call_impl
    return module_to_run(*inputs[0], **kwargs[0])
  File "/home/kli3/.conda/envs/scbert/lib/python3.9/site-packages/torch/nn/modules/module.py", line 1194, in _call_impl
    return forward_call(*input, **kwargs)
  File "/panfs/ccds02/nobackup/people/kli3/RNALearner/performer_pytorch/performer_pytorch.py", line 630, in forward
    return forward_call(*input, **kwargs)    
x = self.performer(x, pos_emb = layer_pos_emb, output_attentions = output_attentions, **kwargs)  File "/panfs/ccds02/nobackup/people/kli3/RNALearner/performer_pytorch/performer_pytorch.py", line 630, in forward

  File "/home/kli3/.conda/envs/scbert/lib/python3.9/site-packages/torch/nn/modules/module.py", line 1194, in _call_impl
    x = self.performer(x, pos_emb = layer_pos_emb, output_attentions = output_attentions, **kwargs)
  File "/home/kli3/.conda/envs/scbert/lib/python3.9/site-packages/torch/nn/modules/module.py", line 1194, in _call_impl
    return forward_call(*input, **kwargs)
  File "/panfs/ccds02/nobackup/people/kli3/RNALearner/performer_pytorch/performer_pytorch.py", line 544, in forward
    return self.net(x, output_attentions = output_attentions, **kwargs)
  File "/home/kli3/.conda/envs/scbert/lib/python3.9/site-packages/torch/nn/modules/module.py", line 1194, in _call_impl
    return forward_call(*input, **kwargs)
  File "/panfs/ccds02/nobackup/people/kli3/RNALearner/performer_pytorch/performer_pytorch.py", line 544, in forward
    return self.net(x, output_attentions = output_attentions, **kwargs)
  File "/home/kli3/.conda/envs/scbert/lib/python3.9/site-packages/torch/nn/modules/module.py", line 1194, in _call_impl
    return forward_call(*input, **kwargs)
  File "/panfs/ccds02/nobackup/people/kli3/RNALearner/performer_pytorch/reversible.py", line 144, in forward
    x = x + f(x, **f_args)
  File "/home/kli3/.conda/envs/scbert/lib/python3.9/site-packages/torch/nn/modules/module.py", line 1194, in _call_impl
    return forward_call(*input, **kwargs)
  File "/panfs/ccds02/nobackup/people/kli3/RNALearner/performer_pytorch/reversible.py", line 144, in forward
    x = x + f(x, **f_args)
  File "/home/kli3/.conda/envs/scbert/lib/python3.9/site-packages/torch/nn/modules/module.py", line 1194, in _call_impl
    return forward_call(*input, **kwargs)
  File "/panfs/ccds02/nobackup/people/kli3/RNALearner/performer_pytorch/performer_pytorch.py", line 298, in forward
    return self.fn(self.norm(x), **kwargs)
  File "/home/kli3/.conda/envs/scbert/lib/python3.9/site-packages/torch/nn/modules/module.py", line 1194, in _call_impl
    return forward_call(*input, **kwargs)
  File "/panfs/ccds02/nobackup/people/kli3/RNALearner/performer_pytorch/performer_pytorch.py", line 298, in forward
    return self.fn(self.norm(x), **kwargs)
  File "/home/kli3/.conda/envs/scbert/lib/python3.9/site-packages/torch/nn/modules/module.py", line 1194, in _call_impl
    return forward_call(*input, **kwargs)
  File "/panfs/ccds02/nobackup/people/kli3/RNALearner/performer_pytorch/performer_pytorch.py", line 395, in forward
    out = self.fast_attention(q, k, v)
  File "/home/kli3/.conda/envs/scbert/lib/python3.9/site-packages/torch/nn/modules/module.py", line 1194, in _call_impl
    return forward_call(*input, **kwargs)
  File "/panfs/ccds02/nobackup/people/kli3/RNALearner/performer_pytorch/performer_pytorch.py", line 395, in forward
    out = self.fast_attention(q, k, v)
  File "/home/kli3/.conda/envs/scbert/lib/python3.9/site-packages/torch/nn/modules/module.py", line 1194, in _call_impl
    return forward_call(*input, **kwargs)
  File "/panfs/ccds02/nobackup/people/kli3/RNALearner/performer_pytorch/performer_pytorch.py", line 249, in forward
    q = create_kernel(q, is_query = True)
  File "/panfs/ccds02/nobackup/people/kli3/RNALearner/performer_pytorch/performer_pytorch.py", line 88, in softmax_kernel
    return forward_call(*input, **kwargs)
      File "/panfs/ccds02/nobackup/people/kli3/RNALearner/performer_pytorch/performer_pytorch.py", line 249, in forward
data_dash = ratio * (
torch.cuda.OutOfMemoryError: CUDA out of memory. Tried to allocate 922.00 MiB (GPU 3; 31.74 GiB total capacity; 29.19 GiB already allocated; 913.38 MiB free; 29.53 GiB reserved in total by PyTorch) If reserved memory is >> allocated memory try setting max_split_size_mb to avoid fragmentation.  See documentation for Memory Management and PYTORCH_CUDA_ALLOC_CONF
    q = create_kernel(q, is_query = True)
  File "/panfs/ccds02/nobackup/people/kli3/RNALearner/performer_pytorch/performer_pytorch.py", line 88, in softmax_kernel
    data_dash = ratio * (
torch.cuda.OutOfMemoryError: CUDA out of memory. Tried to allocate 922.00 MiB (GPU 1; 31.74 GiB total capacity; 29.19 GiB already allocated; 919.38 MiB free; 29.53 GiB reserved in total by PyTorch) If reserved memory is >> allocated memory try setting max_split_size_mb to avoid fragmentation.  See documentation for Memory Management and PYTORCH_CUDA_ALLOC_CONF
Traceback (most recent call last):
  File "/panfs/ccds02/nobackup/people/kli3/RNALearner/pretrain.py", line 209, in <module>
    logits = model(data)
  File "/home/kli3/.conda/envs/scbert/lib/python3.9/site-packages/torch/nn/modules/module.py", line 1194, in _call_impl
    return forward_call(*input, **kwargs)
  File "/home/kli3/.conda/envs/scbert/lib/python3.9/site-packages/torch/nn/parallel/distributed.py", line 1040, in forward
    output = self._run_ddp_forward(*inputs, **kwargs)
  File "/home/kli3/.conda/envs/scbert/lib/python3.9/site-packages/torch/nn/parallel/distributed.py", line 1000, in _run_ddp_forward
    return module_to_run(*inputs[0], **kwargs[0])
  File "/home/kli3/.conda/envs/scbert/lib/python3.9/site-packages/torch/nn/modules/module.py", line 1194, in _call_impl
    return forward_call(*input, **kwargs)
  File "/panfs/ccds02/nobackup/people/kli3/RNALearner/performer_pytorch/performer_pytorch.py", line 630, in forward
    x = self.performer(x, pos_emb = layer_pos_emb, output_attentions = output_attentions, **kwargs)
  File "/home/kli3/.conda/envs/scbert/lib/python3.9/site-packages/torch/nn/modules/module.py", line 1194, in _call_impl
    return forward_call(*input, **kwargs)
  File "/panfs/ccds02/nobackup/people/kli3/RNALearner/performer_pytorch/performer_pytorch.py", line 544, in forward
    return self.net(x, output_attentions = output_attentions, **kwargs)
  File "/home/kli3/.conda/envs/scbert/lib/python3.9/site-packages/torch/nn/modules/module.py", line 1194, in _call_impl
    return forward_call(*input, **kwargs)
  File "/panfs/ccds02/nobackup/people/kli3/RNALearner/performer_pytorch/reversible.py", line 144, in forward
    x = x + f(x, **f_args)
  File "/home/kli3/.conda/envs/scbert/lib/python3.9/site-packages/torch/nn/modules/module.py", line 1194, in _call_impl
    return forward_call(*input, **kwargs)
  File "/panfs/ccds02/nobackup/people/kli3/RNALearner/performer_pytorch/performer_pytorch.py", line 298, in forward
    return self.fn(self.norm(x), **kwargs)
  File "/home/kli3/.conda/envs/scbert/lib/python3.9/site-packages/torch/nn/modules/module.py", line 1194, in _call_impl
    return forward_call(*input, **kwargs)
  File "/panfs/ccds02/nobackup/people/kli3/RNALearner/performer_pytorch/performer_pytorch.py", line 395, in forward
    out = self.fast_attention(q, k, v)
  File "/home/kli3/.conda/envs/scbert/lib/python3.9/site-packages/torch/nn/modules/module.py", line 1194, in _call_impl
    return forward_call(*input, **kwargs)
  File "/panfs/ccds02/nobackup/people/kli3/RNALearner/performer_pytorch/performer_pytorch.py", line 249, in forward
    q = create_kernel(q, is_query = True)
  File "/panfs/ccds02/nobackup/people/kli3/RNALearner/performer_pytorch/performer_pytorch.py", line 88, in softmax_kernel
    data_dash = ratio * (
torch.cuda.OutOfMemoryError: CUDA out of memory. Tried to allocate 922.00 MiB (GPU 2; 31.74 GiB total capacity; 29.19 GiB already allocated; 919.38 MiB free; 29.53 GiB reserved in total by PyTorch) If reserved memory is >> allocated memory try setting max_split_size_mb to avoid fragmentation.  See documentation for Memory Management and PYTORCH_CUDA_ALLOC_CONF
ERROR:torch.distributed.elastic.multiprocessing.api:failed (exitcode: 1) local_rank: 0 (pid: 4095882) of binary: /home/kli3/.conda/envs/scbert/bin/python3
Traceback (most recent call last):
  File "/home/kli3/.conda/envs/scbert/lib/python3.9/runpy.py", line 197, in _run_module_as_main
    return _run_code(code, main_globals, None,
  File "/home/kli3/.conda/envs/scbert/lib/python3.9/runpy.py", line 87, in _run_code
    exec(code, run_globals)
  File "/home/kli3/.conda/envs/scbert/lib/python3.9/site-packages/torch/distributed/launch.py", line 195, in <module>
    main()
  File "/home/kli3/.conda/envs/scbert/lib/python3.9/site-packages/torch/distributed/launch.py", line 191, in main
    launch(args)
  File "/home/kli3/.conda/envs/scbert/lib/python3.9/site-packages/torch/distributed/launch.py", line 176, in launch
    run(args)
  File "/home/kli3/.conda/envs/scbert/lib/python3.9/site-packages/torch/distributed/run.py", line 753, in run
    elastic_launch(
  File "/home/kli3/.conda/envs/scbert/lib/python3.9/site-packages/torch/distributed/launcher/api.py", line 132, in __call__
    return launch_agent(self._config, self._entrypoint, list(args))
  File "/home/kli3/.conda/envs/scbert/lib/python3.9/site-packages/torch/distributed/launcher/api.py", line 246, in launch_agent
    raise ChildFailedError(
torch.distributed.elastic.multiprocessing.errors.ChildFailedError: 
============================================================
pretrain.py FAILED
------------------------------------------------------------
Failures:
[1]:
  time      : 2023-03-08_06:10:10
  host      : gpu016.atstor.adapt.nccs.nasa.gov
  rank      : 1 (local_rank: 1)
  exitcode  : 1 (pid: 4095883)
  error_file: <N/A>
  traceback : To enable traceback see: https://pytorch.org/docs/stable/elastic/errors.html
[2]:
  time      : 2023-03-08_06:10:10
  host      : gpu016.atstor.adapt.nccs.nasa.gov
  rank      : 2 (local_rank: 2)
  exitcode  : 1 (pid: 4095884)
  error_file: <N/A>
  traceback : To enable traceback see: https://pytorch.org/docs/stable/elastic/errors.html
[3]:
  time      : 2023-03-08_06:10:10
  host      : gpu016.atstor.adapt.nccs.nasa.gov
  rank      : 3 (local_rank: 3)
  exitcode  : 1 (pid: 4095885)
  error_file: <N/A>
  traceback : To enable traceback see: https://pytorch.org/docs/stable/elastic/errors.html
------------------------------------------------------------
Root Cause (first observed failure):
[0]:
  time      : 2023-03-08_06:10:10
  host      : gpu016.atstor.adapt.nccs.nasa.gov
  rank      : 0 (local_rank: 0)
  exitcode  : 1 (pid: 4095882)
  error_file: <N/A>
  traceback : To enable traceback see: https://pytorch.org/docs/stable/elastic/errors.html
============================================================
JobID        JobIDRaw        JobName  Partition  MaxVMSize  MaxVMSizeNode  MaxVMSizeTask  AveVMSize     MaxRSS MaxRSSNode MaxRSSTask     AveRSS MaxPages MaxPagesNode   MaxPagesTask   AvePages     MinCPU MinCPUNode MinCPUTask     AveCPU   NTasks  AllocCPUS    Elapsed      State ExitCode AveCPUFreq ReqCPUFreqMin ReqCPUFreqMax ReqCPUFreqGov     ReqMem ConsumedEnergy  MaxDiskRead MaxDiskReadNode MaxDiskReadTask    AveDiskRead MaxDiskWrite MaxDiskWriteNode MaxDiskWriteTask   AveDiskWrite    ReqTRES  AllocTRES TRESUsageInAve TRESUsageInMax TRESUsageInMaxNode TRESUsageInMaxTask TRESUsageInMin TRESUsageInMinNode TRESUsageInMinTask TRESUsageInTot TRESUsageOutMax TRESUsageOutMaxNode TRESUsageOutMaxTask TRESUsageOutAve TRESUsageOutTot 
------------ ------------ ---------- ---------- ---------- -------------- -------------- ---------- ---------- ---------- ---------- ---------- -------- ------------ -------------- ---------- ---------- ---------- ---------- ---------- -------- ---------- ---------- ---------- -------- ---------- ------------- ------------- ------------- ---------- -------------- ------------ --------------- --------------- -------------- ------------ ---------------- ---------------- -------------- ---------- ---------- -------------- -------------- ------------------ ------------------ -------------- ------------------ ------------------ -------------- --------------- ------------------- ------------------- --------------- --------------- 
36513391     36513391     scbertpre+    compute                                                                                                                                                                                                              32   00:01:25    RUNNING      0:0                  Unknown       Unknown       Unknown       720G                                                                                                                                          billing=3+ billing=3+                                                                                                                                                                                                                                 
36513391.ba+ 36513391.ba+      batch                                                                                                                                                                                                               1         32   00:01:25    RUNNING      0:0          0             0             0             0                         0                                                                                                                                      cpu=32,gr+                                                                                                                                                                                                                                 
