/home/kli3/.conda/envs/scbert/lib/python3.9/site-packages/torch/distributed/launch.py:180: FutureWarning: The module torch.distributed.launch is deprecated
and will be removed in future. Use torchrun.
Note that --use_env is set by default in torchrun.
If your script expects `--local_rank` argument to be set, please
change it to read from `os.environ['LOCAL_RANK']` instead. See 
https://pytorch.org/docs/stable/distributed.html#launch-utility for 
further instructions

  warnings.warn(
/home/kli3/.conda/envs/scbert/lib/python3.9/site-packages/anndata/_core/anndata.py:1785: FutureWarning: X.dtype being converted to np.float32 from float64. In the next version of anndata (0.9) conversion will not be automatic. Pass dtype explicitly to avoid this warning. Pass `AnnData(X, dtype=X.dtype, ...)` to get the future behavour.
  [AnnData(sparse.csr_matrix(a.shape), obs=a.obs) for a in all_adatas],
Traceback (most recent call last):
  File "/panfs/ccds02/nobackup/people/kli3/RNALearner/de_novo_finetune.py", line 162, in <module>
    data_train, label_train = data[:total_len / 2], label[:total_len / 2]
  File "/home/kli3/.conda/envs/scbert/lib/python3.9/site-packages/scipy/sparse/_index.py", line 49, in __getitem__
    return self._get_sliceXslice(row, col)
  File "/home/kli3/.conda/envs/scbert/lib/python3.9/site-packages/scipy/sparse/compressed.py", line 654, in _get_sliceXslice
    return self._get_submatrix(major, minor, copy=True)
  File "/home/kli3/.conda/envs/scbert/lib/python3.9/site-packages/scipy/sparse/compressed.py", line 793, in _get_submatrix
    i0, i1 = _process_slice(major, M)
  File "/home/kli3/.conda/envs/scbert/lib/python3.9/site-packages/scipy/sparse/compressed.py", line 1292, in _process_slice
    i0, i1, stride = sl.indices(num)
TypeError: slice indices must be integers or None or have an __index__ method
ERROR:torch.distributed.elastic.multiprocessing.api:failed (exitcode: 1) local_rank: 0 (pid: 674755) of binary: /home/kli3/.conda/envs/scbert/bin/python3
Traceback (most recent call last):
  File "/home/kli3/.conda/envs/scbert/lib/python3.9/runpy.py", line 197, in _run_module_as_main
    return _run_code(code, main_globals, None,
  File "/home/kli3/.conda/envs/scbert/lib/python3.9/runpy.py", line 87, in _run_code
    exec(code, run_globals)
  File "/home/kli3/.conda/envs/scbert/lib/python3.9/site-packages/torch/distributed/launch.py", line 195, in <module>
    main()
  File "/home/kli3/.conda/envs/scbert/lib/python3.9/site-packages/torch/distributed/launch.py", line 191, in main
    launch(args)
  File "/home/kli3/.conda/envs/scbert/lib/python3.9/site-packages/torch/distributed/launch.py", line 176, in launch
    run(args)
  File "/home/kli3/.conda/envs/scbert/lib/python3.9/site-packages/torch/distributed/run.py", line 753, in run
    elastic_launch(
  File "/home/kli3/.conda/envs/scbert/lib/python3.9/site-packages/torch/distributed/launcher/api.py", line 132, in __call__
    return launch_agent(self._config, self._entrypoint, list(args))
  File "/home/kli3/.conda/envs/scbert/lib/python3.9/site-packages/torch/distributed/launcher/api.py", line 246, in launch_agent
    raise ChildFailedError(
torch.distributed.elastic.multiprocessing.errors.ChildFailedError: 
============================================================
de_novo_finetune.py FAILED
------------------------------------------------------------
Failures:
  <NO_OTHER_FAILURES>
------------------------------------------------------------
Root Cause (first observed failure):
[0]:
  time      : 2023-03-29_02:11:24
  host      : gpu003.atstor.adapt.nccs.nasa.gov
  rank      : 0 (local_rank: 0)
  exitcode  : 1 (pid: 674755)
  error_file: <N/A>
  traceback : To enable traceback see: https://pytorch.org/docs/stable/elastic/errors.html
============================================================
JobID        JobIDRaw        JobName  Partition  MaxVMSize  MaxVMSizeNode  MaxVMSizeTask  AveVMSize     MaxRSS MaxRSSNode MaxRSSTask     AveRSS MaxPages MaxPagesNode   MaxPagesTask   AvePages     MinCPU MinCPUNode MinCPUTask     AveCPU   NTasks  AllocCPUS    Elapsed      State ExitCode AveCPUFreq ReqCPUFreqMin ReqCPUFreqMax ReqCPUFreqGov     ReqMem ConsumedEnergy  MaxDiskRead MaxDiskReadNode MaxDiskReadTask    AveDiskRead MaxDiskWrite MaxDiskWriteNode MaxDiskWriteTask   AveDiskWrite    ReqTRES  AllocTRES TRESUsageInAve TRESUsageInMax TRESUsageInMaxNode TRESUsageInMaxTask TRESUsageInMin TRESUsageInMinNode TRESUsageInMinTask TRESUsageInTot TRESUsageOutMax TRESUsageOutMaxNode TRESUsageOutMaxTask TRESUsageOutAve TRESUsageOutTot 
------------ ------------ ---------- ---------- ---------- -------------- -------------- ---------- ---------- ---------- ---------- ---------- -------- ------------ -------------- ---------- ---------- ---------- ---------- ---------- -------- ---------- ---------- ---------- -------- ---------- ------------- ------------- ------------- ---------- -------------- ------------ --------------- --------------- -------------- ------------ ---------------- ---------------- -------------- ---------- ---------- -------------- -------------- ------------------ ------------------ -------------- ------------------ ------------------ -------------- --------------- ------------------- ------------------- --------------- --------------- 
36514299     36514299     scbertpre+    compute                                                                                                                                                                                                              32   00:00:08    RUNNING      0:0                  Unknown       Unknown       Unknown       720G                                                                                                                                          billing=3+ billing=3+                                                                                                                                                                                                                                 
36514299.ba+ 36514299.ba+      batch                                                                                                                                                                                                               1         32   00:00:08    RUNNING      0:0          0             0             0             0                         0                                                                                                                                      cpu=32,gr+                                                                                                                                                                                                                                 
