Total number of projects targeted:  10088
Start:  5001
End:  8001
Traceback (most recent call last):
  File "/panfs/ccds02/nobackup/people/kli3/scBERT/data/recount3_preprocessing.py", line 24, in <module>
    full = pd.read_csv(selected_projects['gene'][start], skiprows = 2, sep="\t", header=0)
  File "/home/kli3/.conda/envs/scbert/lib/python3.9/site-packages/pandas/util/_decorators.py", line 311, in wrapper
    return func(*args, **kwargs)
  File "/home/kli3/.conda/envs/scbert/lib/python3.9/site-packages/pandas/io/parsers/readers.py", line 586, in read_csv
    return _read(filepath_or_buffer, kwds)
  File "/home/kli3/.conda/envs/scbert/lib/python3.9/site-packages/pandas/io/parsers/readers.py", line 482, in _read
    parser = TextFileReader(filepath_or_buffer, **kwds)
  File "/home/kli3/.conda/envs/scbert/lib/python3.9/site-packages/pandas/io/parsers/readers.py", line 811, in __init__
    self._engine = self._make_engine(self.engine)
  File "/home/kli3/.conda/envs/scbert/lib/python3.9/site-packages/pandas/io/parsers/readers.py", line 1040, in _make_engine
    return mapping[engine](self.f, **self.options)  # type: ignore[call-arg]
  File "/home/kli3/.conda/envs/scbert/lib/python3.9/site-packages/pandas/io/parsers/c_parser_wrapper.py", line 51, in __init__
    self._open_handles(src, kwds)
  File "/home/kli3/.conda/envs/scbert/lib/python3.9/site-packages/pandas/io/parsers/base_parser.py", line 222, in _open_handles
    self.handles = get_handle(
  File "/home/kli3/.conda/envs/scbert/lib/python3.9/site-packages/pandas/io/common.py", line 609, in get_handle
    ioargs = _get_filepath_or_buffer(
  File "/home/kli3/.conda/envs/scbert/lib/python3.9/site-packages/pandas/io/common.py", line 312, in _get_filepath_or_buffer
    with urlopen(req_info) as req:
  File "/home/kli3/.conda/envs/scbert/lib/python3.9/site-packages/pandas/io/common.py", line 212, in urlopen
    return urllib.request.urlopen(*args, **kwargs)
  File "/home/kli3/.conda/envs/scbert/lib/python3.9/urllib/request.py", line 214, in urlopen
    return opener.open(url, data, timeout)
  File "/home/kli3/.conda/envs/scbert/lib/python3.9/urllib/request.py", line 523, in open
    response = meth(req, response)
  File "/home/kli3/.conda/envs/scbert/lib/python3.9/urllib/request.py", line 632, in http_response
    response = self.parent.error(
  File "/home/kli3/.conda/envs/scbert/lib/python3.9/urllib/request.py", line 555, in error
    result = self._call_chain(*args)
  File "/home/kli3/.conda/envs/scbert/lib/python3.9/urllib/request.py", line 494, in _call_chain
    result = func(*args)
  File "/home/kli3/.conda/envs/scbert/lib/python3.9/urllib/request.py", line 747, in http_error_302
    return self.parent.open(new, timeout=req.timeout)
  File "/home/kli3/.conda/envs/scbert/lib/python3.9/urllib/request.py", line 523, in open
    response = meth(req, response)
  File "/home/kli3/.conda/envs/scbert/lib/python3.9/urllib/request.py", line 632, in http_response
    response = self.parent.error(
  File "/home/kli3/.conda/envs/scbert/lib/python3.9/urllib/request.py", line 561, in error
    return self._call_chain(*args)
  File "/home/kli3/.conda/envs/scbert/lib/python3.9/urllib/request.py", line 494, in _call_chain
    result = func(*args)
  File "/home/kli3/.conda/envs/scbert/lib/python3.9/urllib/request.py", line 641, in http_error_default
    raise HTTPError(req.full_url, code, msg, hdrs, fp)
urllib.error.HTTPError: HTTP Error 404: Not Found
JobID        JobIDRaw        JobName  Partition  MaxVMSize  MaxVMSizeNode  MaxVMSizeTask  AveVMSize     MaxRSS MaxRSSNode MaxRSSTask     AveRSS MaxPages MaxPagesNode   MaxPagesTask   AvePages     MinCPU MinCPUNode MinCPUTask     AveCPU   NTasks  AllocCPUS    Elapsed      State ExitCode AveCPUFreq ReqCPUFreqMin ReqCPUFreqMax ReqCPUFreqGov     ReqMem ConsumedEnergy  MaxDiskRead MaxDiskReadNode MaxDiskReadTask    AveDiskRead MaxDiskWrite MaxDiskWriteNode MaxDiskWriteTask   AveDiskWrite    ReqTRES  AllocTRES TRESUsageInAve TRESUsageInMax TRESUsageInMaxNode TRESUsageInMaxTask TRESUsageInMin TRESUsageInMinNode TRESUsageInMinTask TRESUsageInTot TRESUsageOutMax TRESUsageOutMaxNode TRESUsageOutMaxTask TRESUsageOutAve TRESUsageOutTot 
------------ ------------ ---------- ---------- ---------- -------------- -------------- ---------- ---------- ---------- ---------- ---------- -------- ------------ -------------- ---------- ---------- ---------- ---------- ---------- -------- ---------- ---------- ---------- -------- ---------- ------------- ------------- ------------- ---------- -------------- ------------ --------------- --------------- -------------- ------------ ---------------- ---------------- -------------- ---------- ---------- -------------- -------------- ------------------ ------------------ -------------- ------------------ ------------------ -------------- --------------- ------------------- ------------------- --------------- --------------- 
36505743     36505743     fullrecou+    compute                                                                                                                                                                                                              32   00:00:05    RUNNING      0:0                  Unknown       Unknown       Unknown       400G                                                                                                                                          billing=3+ billing=3+                                                                                                                                                                                                                                 
36505743.ba+ 36505743.ba+      batch                                                                                                                                                                                                               1         32   00:00:05    RUNNING      0:0          0             0             0             0                         0                                                                                                                                      cpu=32,me+                                                                                                                                                                                                                                 
