/home/kli3/.conda/envs/scbert/lib/python3.9/site-packages/torch/distributed/launch.py:181: FutureWarning: The module torch.distributed.launch is deprecated
and will be removed in future. Use torchrun.
Note that --use-env is set by default in torchrun.
If your script expects `--local-rank` argument to be set, please
change it to read from `os.environ['LOCAL_RANK']` instead. See 
https://pytorch.org/docs/stable/distributed.html#launch-utility for 
further instructions

  warnings.warn(
WARNING:torch.distributed.run:
*****************************************
Setting OMP_NUM_THREADS environment variable for each process to be 1 in default, to avoid your system being overloaded, please further tune the variable for optimal performance in your application as needed. 
*****************************************
Batch Size (per node):  3
Learning Rate:  0.0001
model:  recount3_mouse_15117_bulk_scoutingkmeans30_cluster1_TEST_LONGER_TIMEOUT_val_10percent
Batch Size (per node):  3
Learning Rate:  0.0001
model:  recount3_mouse_15117_bulk_scoutingkmeans30_cluster1_TEST_LONGER_TIMEOUT_val_10percent
Batch Size (per node):  3
Learning Rate:  0.0001
model:  recount3_mouse_15117_bulk_scoutingkmeans30_cluster1_TEST_LONGER_TIMEOUT_val_10percent
Batch Size (per node):  3
Learning Rate:  0.0001
model:  recount3_mouse_15117_bulk_scoutingkmeans30_cluster1_TEST_LONGER_TIMEOUT_val_10percent
DEVICES:  [<torch.cuda.device object at 0x1471b263f730>, <torch.cuda.device object at 0x1471b263f850>, <torch.cuda.device object at 0x1471b263f6d0>, <torch.cuda.device object at 0x1471b263f8b0>]
DEVICES:  [<torch.cuda.device object at 0x14711f4236a0>, <torch.cuda.device object at 0x14711f4237c0>, <torch.cuda.device object at 0x14711f423640>, <torch.cuda.device object at 0x14711f423820>]
DEVICES:  [<torch.cuda.device object at 0x148f90df36d0>, <torch.cuda.device object at 0x148f90df37f0>, <torch.cuda.device object at 0x148f90df3670>, <torch.cuda.device object at 0x148f90df3850>]
DEVICES:  [<torch.cuda.device object at 0x14c01720c760>, <torch.cuda.device object at 0x14c01720c880>, <torch.cuda.device object at 0x14c01720c700>, <torch.cuda.device object at 0x14c01720c8e0>]
/panfs/ccds02/nobackup/people/kli3/RNALearner/performer_pytorch/performer_pytorch.py:115: UserWarning: torch.qr is deprecated in favor of torch.linalg.qr and will be removed in a future PyTorch release.
The boolean parameter 'some' has been replaced with a string parameter 'mode'.
Q, R = torch.qr(A, some)
should be replaced with
Q, R = torch.linalg.qr(A, 'reduced' if some else 'complete') (Triggered internally at /opt/conda/conda-bld/pytorch_1678402374358/work/aten/src/ATen/native/BatchLinearAlgebra.cpp:2425.)
  q, r = torch.qr(unstructured_block.cpu(), some = True)
/panfs/ccds02/nobackup/people/kli3/RNALearner/performer_pytorch/performer_pytorch.py:115: UserWarning: torch.qr is deprecated in favor of torch.linalg.qr and will be removed in a future PyTorch release.
The boolean parameter 'some' has been replaced with a string parameter 'mode'.
Q, R = torch.qr(A, some)
should be replaced with
Q, R = torch.linalg.qr(A, 'reduced' if some else 'complete') (Triggered internally at /opt/conda/conda-bld/pytorch_1678402374358/work/aten/src/ATen/native/BatchLinearAlgebra.cpp:2425.)
  q, r = torch.qr(unstructured_block.cpu(), some = True)
/panfs/ccds02/nobackup/people/kli3/RNALearner/performer_pytorch/performer_pytorch.py:115: UserWarning: torch.qr is deprecated in favor of torch.linalg.qr and will be removed in a future PyTorch release.
The boolean parameter 'some' has been replaced with a string parameter 'mode'.
Q, R = torch.qr(A, some)
should be replaced with
Q, R = torch.linalg.qr(A, 'reduced' if some else 'complete') (Triggered internally at /opt/conda/conda-bld/pytorch_1678402374358/work/aten/src/ATen/native/BatchLinearAlgebra.cpp:2425.)
  q, r = torch.qr(unstructured_block.cpu(), some = True)
/panfs/ccds02/nobackup/people/kli3/RNALearner/performer_pytorch/performer_pytorch.py:115: UserWarning: torch.qr is deprecated in favor of torch.linalg.qr and will be removed in a future PyTorch release.
The boolean parameter 'some' has been replaced with a string parameter 'mode'.
Q, R = torch.qr(A, some)
should be replaced with
Q, R = torch.linalg.qr(A, 'reduced' if some else 'complete') (Triggered internally at /opt/conda/conda-bld/pytorch_1678402374358/work/aten/src/ATen/native/BatchLinearAlgebra.cpp:2425.)
  q, r = torch.qr(unstructured_block.cpu(), some = True)
pred_num:  tensor([150, 100, 256], device='cuda:0')
correct_num:  tensor([0, 0, 4], device='cuda:0')
true divide result:  tensor([0.0000, 0.0000, 0.0156], device='cuda:0')
pred_num:  tensor([223, 224, 210], device='cuda:3')
correct_num:  tensor([1, 3, 0], device='cuda:3')
true divide result:  tensor([0.0045, 0.0134, 0.0000], device='cuda:3')
pred_num:  tensor([252, 205, 202], device='cuda:2')
correct_num:  tensor([1, 0, 0], device='cuda:2')
true divide result:  pred_num:  tensor([0.0040, 0.0000, 0.0000], device='cuda:2')
tensor([259, 254, 131], device='cuda:1')
correct_num:  tensor([0, 1, 1], device='cuda:1')
true divide result:  tensor([0.0000, 0.0039, 0.0076], device='cuda:1')
pred_num:  tensor([254, 218, 197], device='cuda:0')
correct_num:  tensor([1, 3, 1], device='cuda:0')
true divide result:  tensor([0.0039, 0.0138, 0.0051], device='cuda:0')
pred_num:  tensor([258, 253, 232], device='cuda:3')
correct_num:  tensor([2, 1, 3], device='cuda:3')
true divide result:  tensor([0.0078, 0.0040, 0.0129], device='cuda:3')
pred_num:  tensor([269, 151,  77], device='cuda:2')
correct_num:  tensor([1, 0, 0], device='cuda:2')
true divide result:  tensor([0.0037, 0.0000, 0.0000], device='cuda:2')
pred_num:  tensor([234, 133, 265], device='cuda:1')
correct_num:  tensor([2, 3, 1], device='cuda:1')
true divide result:  tensor([0.0085, 0.0226, 0.0038], device='cuda:1')
pred_num:  tensor([260, 247, 127], device='cuda:0')
correct_num:  tensor([0, 0, 0], device='cuda:0')
true divide result:  tensor([0., 0., 0.], device='cuda:0')
pred_num:  tensor([249, 230,  77], device='cuda:3')
correct_num:  tensor([1, 1, 0], device='cuda:3')
true divide result:  tensor([0.0040, 0.0043, 0.0000], device='cuda:3')
pred_num:  tensor([241, 140, 161], device='cuda:2')
correct_num:  tensor([1, 1, 0], device='cuda:2')
true divide result:  tensor([0.0041, 0.0071, 0.0000], device='cuda:2')
pred_num:  tensor([266, 162, 306], device='cuda:1')
correct_num:  tensor([0, 3, 1], device='cuda:1')
true divide result:  tensor([0.0000, 0.0185, 0.0033], device='cuda:1')
pred_num:  tensor([195, 199, 256], device='cuda:0')
correct_num:  tensor([2, 0, 3], device='cuda:0')
true divide result:  tensor([0.0103, 0.0000, 0.0117], device='cuda:0')
pred_num:  tensor([107, 257,  98], device='cuda:3')
correct_num:  tensor([0, 1, 0], device='cuda:3')
true divide result:  tensor([0.0000, 0.0039, 0.0000], device='cuda:3')
pred_num:  tensor([244, 263, 235], device='cuda:2')
correct_num:  tensor([2, 1, 4], device='cuda:2')
true divide result:  tensor([0.0082, 0.0038, 0.0170], device='cuda:2')
pred_num:  tensor([220, 185, 232], device='cuda:1')
correct_num:  tensor([2, 0, 1], device='cuda:1')
true divide result:  tensor([0.0091, 0.0000, 0.0043], device='cuda:1')
pred_num:  tensor([236, 214, 113], device='cuda:0')
correct_num:  tensor([0, 1, 0], device='cuda:0')
true divide result:  tensor([0.0000, 0.0047, 0.0000], device='cuda:0')
pred_num:  pred_num:  tensor([240, 263, 221], device='cuda:2')
tensor([168, 185, 225], device='cuda:3')
correct_num:  correct_num:  tensor([3, 0, 1], device='cuda:2')
tensor([0, 0, 2], device='cuda:3')
true divide result:  true divide result:  tensor([0.0125, 0.0000, 0.0045], device='cuda:2')tensor([0.0000, 0.0000, 0.0089], device='cuda:3')

pred_num:  tensor([241, 113, 258], device='cuda:1')
correct_num:  tensor([2, 1, 0], device='cuda:1')
true divide result:  tensor([0.0083, 0.0088, 0.0000], device='cuda:1')
pred_num:  tensor([253, 229, 184], device='cuda:0')
correct_num:  tensor([3, 3, 3], device='cuda:0')
true divide result:  tensor([0.0119, 0.0131, 0.0163], device='cuda:0')
pred_num:  tensor([173, 194, 129], device='cuda:2')
correct_num:  tensor([1, 1, 2], device='cuda:2')
true divide result:  tensor([0.0058, 0.0052, 0.0155], device='cuda:2')
pred_num:  tensor([216, 234, 255], device='cuda:3')
correct_num:  tensor([0, 0, 2], device='cuda:3')
true divide result:  tensor([0.0000, 0.0000, 0.0078], device='cuda:3')
pred_num:  tensor([166, 199, 214], device='cuda:1')
correct_num:  tensor([1, 1, 3], device='cuda:1')
true divide result:  tensor([0.0060, 0.0050, 0.0140], device='cuda:1')
pred_num:  tensor([147, 146, 194], device='cuda:0')
correct_num:  tensor([3, 1, 1], device='cuda:0')
true divide result:  tensor([0.0204, 0.0068, 0.0052], device='cuda:0')
pred_num:  tensor([178, 232, 137], device='cuda:2')
correct_num:  tensor([0, 2, 0], device='cuda:2')
true divide result:  tensor([0.0000, 0.0086, 0.0000], device='cuda:2')
pred_num:  tensor([326, 140,  94], device='cuda:3')
correct_num:  tensor([3, 0, 0], device='cuda:3')
true divide result:  tensor([0.0092, 0.0000, 0.0000], device='cuda:3')
pred_num:  tensor([179, 265, 200], device='cuda:1')
correct_num:  tensor([1, 2, 1], device='cuda:1')
true divide result:  tensor([0.0056, 0.0075, 0.0050], device='cuda:1')
pred_num:  tensor([271, 150, 146], device='cuda:0')
correct_num:  tensor([3, 2, 2], device='cuda:0')
true divide result:  tensor([0.0111, 0.0133, 0.0137], device='cuda:0')
pred_num:  tensor([165,  90, 292], device='cuda:2')
correct_num:  tensor([1, 0, 1], device='cuda:2')
true divide result:  tensor([0.0061, 0.0000, 0.0034], device='cuda:2')
pred_num:  tensor([169, 299, 138], device='cuda:3')
correct_num:  tensor([1, 0, 0], device='cuda:3')
true divide result:  tensor([0.0059, 0.0000, 0.0000], device='cuda:3')
pred_num:  tensor([172, 231, 156], device='cuda:1')
correct_num:  tensor([0, 1, 0], device='cuda:1')
true divide result:  tensor([0.0000, 0.0043, 0.0000], device='cuda:1')
pred_num:  tensor([195, 104, 221], device='cuda:0')
correct_num:  tensor([2, 1, 0], device='cuda:0')
true divide result:  tensor([0.0103, 0.0096, 0.0000], device='cuda:0')
pred_num:  tensor([270, 232, 262], device='cuda:2')
correct_num:  tensor([0, 1, 1], device='cuda:2')
true divide result:  tensor([0.0000, 0.0043, 0.0038], device='cuda:2')
pred_num:  tensor([129, 223, 198], device='cuda:3')
correct_num:  tensor([1, 2, 2], device='cuda:3')
true divide result:  tensor([0.0078, 0.0090, 0.0101], device='cuda:3')
pred_num:  tensor([250, 144, 254], device='cuda:1')
correct_num:  tensor([1, 0, 1], device='cuda:1')
true divide result:  tensor([0.0040, 0.0000, 0.0039], device='cuda:1')
pred_num:  tensor([210, 214, 198], device='cuda:0')
correct_num:  tensor([1, 1, 0], device='cuda:0')
true divide result:  tensor([0.0048, 0.0047, 0.0000], device='cuda:0')
pred_num:  tensor([267, 190, 237], device='cuda:2')
correct_num:  tensor([0, 3, 1], device='cuda:2')
true divide result:  tensor([0.0000, 0.0158, 0.0042], device='cuda:2')
pred_num:  tensor([220, 217, 175], device='cuda:3')
correct_num:  tensor([1, 2, 0], device='cuda:3')
true divide result:  tensor([0.0045, 0.0092, 0.0000], device='cuda:3')
pred_num:  tensor([215, 305, 260], device='cuda:1')
correct_num:  tensor([2, 0, 1], device='cuda:1')
true divide result:  tensor([0.0093, 0.0000, 0.0038], device='cuda:1')
pred_num:  tensor([170, 218, 203], device='cuda:0')
correct_num:  tensor([1, 1, 0], device='cuda:0')
true divide result:  tensor([0.0059, 0.0046, 0.0000], device='cuda:0')
pred_num:  tensor([218, 118, 208], device='cuda:2')
correct_num:  tensor([0, 0, 1], device='cuda:2')
true divide result:  tensor([0.0000, 0.0000, 0.0048], device='cuda:2')
pred_num:  tensor([139, 186, 211], device='cuda:3')
correct_num:  tensor([0, 1, 5], device='cuda:3')
true divide result:  tensor([0.0000, 0.0054, 0.0237], device='cuda:3')
pred_num:  tensor([136, 201, 131], device='cuda:1')
correct_num:  tensor([0, 0, 1], device='cuda:1')
true divide result:  tensor([0.0000, 0.0000, 0.0076], device='cuda:1')
pred_num:  tensor([261, 216, 204], device='cuda:0')
correct_num:  tensor([2, 2, 0], device='cuda:0')
true divide result:  tensor([0.0077, 0.0093, 0.0000], device='cuda:0')
pred_num:  tensor([259, 197, 196], device='cuda:2')
correct_num:  tensor([0, 1, 0], device='cuda:2')
true divide result:  tensor([0.0000, 0.0051, 0.0000], device='cuda:2')
pred_num:  pred_num:  tensor([258, 278, 244], device='cuda:3')
correct_num:  tensor([183, 194, 233], device='cuda:1')
correct_num:  tensor([4, 2, 1], device='cuda:3')
true divide result:  tensor([0, 1, 3], device='cuda:1')
true divide result:  tensor([0.0155, 0.0072, 0.0041], device='cuda:3')
tensor([0.0000, 0.0052, 0.0129], device='cuda:1')
pred_num:  tensor([183, 286, 225], device='cuda:0')
correct_num:  tensor([2, 0, 1], device='cuda:0')
true divide result:  tensor([0.0109, 0.0000, 0.0044], device='cuda:0')
pred_num:  tensor([229, 241, 252], device='cuda:2')
correct_num:  tensor([0, 1, 0], device='cuda:2')
true divide result:  tensor([0.0000, 0.0041, 0.0000], device='cuda:2')
pred_num:  tensor([213, 132, 135], device='cuda:1')
correct_num:  tensor([2, 1, 0], device='cuda:1')
true divide result:  tensor([0.0094, 0.0076, 0.0000], device='cuda:1')
pred_num:  tensor([200, 261, 158], device='cuda:3')
correct_num:  tensor([0, 2, 0], device='cuda:3')
true divide result:  tensor([0.0000, 0.0077, 0.0000], device='cuda:3')
pred_num:  tensor([106, 236,  83], device='cuda:0')
correct_num:  tensor([1, 0, 0], device='cuda:0')
true divide result:  tensor([0.0094, 0.0000, 0.0000], device='cuda:0')
pred_num:  tensor([144, 269, 182], device='cuda:2')
correct_num:  tensor([2, 3, 2], device='cuda:2')
true divide result:  tensor([0.0139, 0.0112, 0.0110], device='cuda:2')
pred_num:  tensor([262, 171, 240], device='cuda:1')
correct_num:  tensor([2, 0, 4], device='cuda:1')
true divide result:  tensor([0.0076, 0.0000, 0.0167], device='cuda:1')
pred_num:  tensor([183, 197, 109], device='cuda:3')
correct_num:  tensor([0, 0, 0], device='cuda:3')
true divide result:  tensor([0., 0., 0.], device='cuda:3')
pred_num:  tensor([152, 255, 249], device='cuda:0')
correct_num:  tensor([1, 1, 1], device='cuda:0')
true divide result:  tensor([0.0066, 0.0039, 0.0040], device='cuda:0')
pred_num:  tensor([155, 142, 249], device='cuda:2')
correct_num:  tensor([0, 0, 0], device='cuda:2')
true divide result:  tensor([0., 0., 0.], device='cuda:2')
pred_num:  tensor([296, 164, 223], device='cuda:1')
correct_num:  tensor([0, 1, 2], device='cuda:1')
true divide result:  tensor([0.0000, 0.0061, 0.0090], device='cuda:1')
pred_num:  tensor([220, 217, 134], device='cuda:3')
correct_num:  tensor([0, 2, 0], device='cuda:3')
true divide result:  tensor([0.0000, 0.0092, 0.0000], device='cuda:3')
pred_num:  tensor([131, 222, 221], device='cuda:0')
correct_num:  tensor([1, 2, 0], device='cuda:0')
true divide result:  tensor([0.0076, 0.0090, 0.0000], device='cuda:0')
pred_num:  tensor([176, 223, 116], device='cuda:2')
correct_num:  tensor([0, 0, 0], device='cuda:2')
true divide result:  tensor([0., 0., 0.], device='cuda:2')
pred_num:  tensor([136, 181, 276], device='cuda:1')
correct_num:  tensor([0, 1, 4], device='cuda:1')
true divide result:  tensor([0.0000, 0.0055, 0.0145], device='cuda:1')
pred_num:  tensor([236, 149, 226], device='cuda:3')
correct_num:  tensor([0, 1, 0], device='cuda:3')
true divide result:  tensor([0.0000, 0.0067, 0.0000], device='cuda:3')
pred_num:  tensor([170, 167, 219], device='cuda:0')
correct_num:  tensor([1, 1, 2], device='cuda:0')
true divide result:  tensor([0.0059, 0.0060, 0.0091], device='cuda:0')
pred_num:  tensor([276, 232, 285], device='cuda:2')
correct_num:  tensor([1, 1, 1], device='cuda:2')
true divide result:  tensor([0.0036, 0.0043, 0.0035], device='cuda:2')
pred_num:  tensor([207, 149, 164], device='cuda:1')
correct_num:  tensor([0, 1, 1], device='cuda:1')
true divide result:  tensor([0.0000, 0.0067, 0.0061], device='cuda:1')
pred_num:  tensor([138, 236, 235], device='cuda:3')
correct_num:  tensor([1, 1, 2], device='cuda:3')
true divide result:  tensor([0.0072, 0.0042, 0.0085], device='cuda:3')
pred_num:  tensor([228, 316, 186], device='cuda:0')
correct_num:  tensor([0, 1, 3], device='cuda:0')
true divide result:  tensor([0.0000, 0.0032, 0.0161], device='cuda:0')
pred_num:  tensor([156, 157, 218], device='cuda:2')
correct_num:  tensor([0, 1, 1], device='cuda:2')
true divide result:  tensor([0.0000, 0.0064, 0.0046], device='cuda:2')
pred_num:  tensor([261, 199, 293], device='cuda:1')
correct_num:  tensor([1, 0, 1], device='cuda:1')
true divide result:  tensor([0.0038, 0.0000, 0.0034], device='cuda:1')
pred_num:  tensor([134, 250,  81], device='cuda:3')
correct_num:  tensor([0, 2, 0], device='cuda:3')
true divide result:  tensor([0.0000, 0.0080, 0.0000], device='cuda:3')
pred_num:  tensor([193, 264, 218], device='cuda:0')
correct_num:  tensor([4, 1, 1], device='cuda:0')
true divide result:  tensor([0.0207, 0.0038, 0.0046], device='cuda:0')
pred_num:  tensor([214, 222, 256], device='cuda:2')
correct_num:  tensor([0, 5, 3], device='cuda:2')
true divide result:  tensor([0.0000, 0.0225, 0.0117], device='cuda:2')
pred_num:  tensor([221, 114, 134], device='cuda:1')
correct_num:  tensor([1, 1, 0], device='cuda:1')
true divide result:  tensor([0.0045, 0.0088, 0.0000], device='cuda:1')
pred_num:  tensor([252, 123, 238], device='cuda:3')
correct_num:  tensor([0, 0, 1], device='cuda:3')
true divide result:  tensor([0.0000, 0.0000, 0.0042], device='cuda:3')
pred_num:  tensor([196, 249, 299], device='cuda:0')
correct_num:  tensor([0, 4, 1], device='cuda:0')
true divide result:  tensor([0.0000, 0.0161, 0.0033], device='cuda:0')
pred_num:  tensor([239, 212, 230], device='cuda:2')
correct_num:  tensor([2, 0, 3], device='cuda:2')
true divide result:  tensor([0.0084, 0.0000, 0.0130], device='cuda:2')
pred_num:  tensor([284, 270, 224], device='cuda:1')
correct_num:  tensor([0, 2, 1], device='cuda:1')
true divide result:  tensor([0.0000, 0.0074, 0.0045], device='cuda:1')
pred_num:  tensor([ 71, 169, 186], device='cuda:3')
correct_num:  tensor([0, 3, 0], device='cuda:3')
true divide result:  tensor([0.0000, 0.0178, 0.0000], device='cuda:3')
pred_num:  tensor([232, 134, 167], device='cuda:0')
correct_num:  tensor([2, 0, 0], device='cuda:0')
true divide result:  tensor([0.0086, 0.0000, 0.0000], device='cuda:0')
pred_num:  tensor([181,  70, 326], device='cuda:2')
correct_num:  tensor([2, 0, 2], device='cuda:2')
true divide result:  tensor([0.0110, 0.0000, 0.0061], device='cuda:2')
pred_num:  tensor([229, 250, 172], device='cuda:1')
correct_num:  tensor([1, 0, 0], device='cuda:1')
true divide result:  tensor([0.0044, 0.0000, 0.0000], device='cuda:1')
pred_num:  tensor([150, 156, 211], device='cuda:3')
correct_num:  tensor([1, 0, 1], device='cuda:3')
true divide result:  tensor([0.0067, 0.0000, 0.0047], device='cuda:3')
pred_num:  tensor([263, 272, 145], device='cuda:0')
correct_num:  tensor([0, 0, 2], device='cuda:0')
true divide result:  tensor([0.0000, 0.0000, 0.0138], device='cuda:0')
pred_num:  tensor([ 73,  91, 140], device='cuda:2')
correct_num:  tensor([0, 0, 0], device='cuda:2')
true divide result:  tensor([0., 0., 0.], device='cuda:2')
pred_num:  tensor([194, 249, 291], device='cuda:1')
correct_num:  tensor([2, 1, 1], device='cuda:1')
true divide result:  tensor([0.0103, 0.0040, 0.0034], device='cuda:1')
pred_num:  tensor([144, 248, 227], device='cuda:3')
correct_num:  tensor([1, 1, 1], device='cuda:3')
true divide result:  tensor([0.0069, 0.0040, 0.0044], device='cuda:3')
pred_num:  tensor([120, 249, 203], device='cuda:0')
correct_num:  tensor([0, 1, 1], device='cuda:0')
true divide result:  tensor([0.0000, 0.0040, 0.0049], device='cuda:0')
pred_num:  tensor([206, 197, 119], device='cuda:2')
correct_num:  tensor([0, 1, 0], device='cuda:2')
true divide result:  tensor([0.0000, 0.0051, 0.0000], device='cuda:2')
pred_num:  tensor([246, 202, 186], device='cuda:1')
correct_num:  tensor([2, 4, 1], device='cuda:1')
true divide result:  tensor([0.0081, 0.0198, 0.0054], device='cuda:1')
pred_num:  tensor([191, 181, 230], device='cuda:3')
correct_num:  tensor([0, 2, 0], device='cuda:3')
true divide result:  tensor([0.0000, 0.0110, 0.0000], device='cuda:3')
pred_num:  tensor([ 71, 239, 232], device='cuda:0')
correct_num:  tensor([1, 1, 2], device='cuda:0')
true divide result:  tensor([0.0141, 0.0042, 0.0086], device='cuda:0')
pred_num:  tensor([265, 266, 233], device='cuda:2')
correct_num:  tensor([1, 1, 1], device='cuda:2')
true divide result:  tensor([0.0038, 0.0038, 0.0043], device='cuda:2')
pred_num:  tensor([225, 191, 221], device='cuda:1')
correct_num:  tensor([0, 1, 1], device='cuda:1')
true divide result:  tensor([0.0000, 0.0052, 0.0045], device='cuda:1')
pred_num:  tensor([ 69, 295, 235], device='cuda:3')
correct_num:  tensor([1, 3, 0], device='cuda:3')
true divide result:  tensor([0.0145, 0.0102, 0.0000], device='cuda:3')
pred_num:  tensor([176, 209, 193], device='cuda:0')
correct_num:  tensor([0, 2, 0], device='cuda:0')
true divide result:  tensor([0.0000, 0.0096, 0.0000], device='cuda:0')
pred_num:  tensor([182, 125, 140], device='cuda:2')
correct_num:  tensor([0, 0, 0], device='cuda:2')
true divide result:  tensor([0., 0., 0.], device='cuda:2')
pred_num:  tensor([182, 167, 250], device='cuda:1')
correct_num:  tensor([1, 1, 4], device='cuda:1')
true divide result:  tensor([0.0055, 0.0060, 0.0160], device='cuda:1')
pred_num:  tensor([308, 192, 179], device='cuda:3')
correct_num:  tensor([2, 0, 1], device='cuda:3')
true divide result:  tensor([0.0065, 0.0000, 0.0056], device='cuda:3')
pred_num:  tensor([191, 154, 198], device='cuda:0')
correct_num:  tensor([1, 2, 2], device='cuda:0')
true divide result:  tensor([0.0052, 0.0130, 0.0101], device='cuda:0')
pred_num:  tensor([223, 264, 267], device='cuda:2')
correct_num:  tensor([0, 1, 1], device='cuda:2')
true divide result:  tensor([0.0000, 0.0038, 0.0037], device='cuda:2')
pred_num:  tensor([256, 267, 181], device='cuda:1')
correct_num:  tensor([2, 0, 1], device='cuda:1')
true divide result:  tensor([0.0078, 0.0000, 0.0055], device='cuda:1')
pred_num:  tensor([116, 175, 185], device='cuda:3')
correct_num:  tensor([1, 0, 1], device='cuda:3')
true divide result:  tensor([0.0086, 0.0000, 0.0054], device='cuda:3')
pred_num:  tensor([272, 212,  88], device='cuda:0')
correct_num:  tensor([1, 1, 0], device='cuda:0')
true divide result:  tensor([0.0037, 0.0047, 0.0000], device='cuda:0')
pred_num:  tensor([162,  81, 233], device='cuda:2')
correct_num:  tensor([1, 1, 1], device='cuda:2')
true divide result:  tensor([0.0062, 0.0123, 0.0043], device='cuda:2')
pred_num:  tensor([ 95, 198, 224], device='cuda:1')
correct_num:  tensor([0, 2, 1], device='cuda:1')
true divide result:  tensor([0.0000, 0.0101, 0.0045], device='cuda:1')
pred_num:  tensor([271, 181, 139], device='cuda:3')
correct_num:  tensor([0, 2, 0], device='cuda:3')
true divide result:  tensor([0.0000, 0.0110, 0.0000], device='cuda:3')
pred_num:  tensor([190, 258, 140], device='cuda:0')
correct_num:  tensor([0, 0, 0], device='cuda:0')
true divide result:  tensor([0., 0., 0.], device='cuda:0')
pred_num:  tensor([166, 183, 167], device='cuda:2')
correct_num:  tensor([1, 2, 0], device='cuda:2')
true divide result:  tensor([0.0060, 0.0109, 0.0000], device='cuda:2')
pred_num:  tensor([151, 152, 223], device='cuda:1')
correct_num:  tensor([1, 0, 1], device='cuda:1')
true divide result:  tensor([0.0066, 0.0000, 0.0045], device='cuda:1')
pred_num:  tensor([140, 280, 227], device='cuda:3')
correct_num:  tensor([0, 2, 1], device='cuda:3')
true divide result:  tensor([0.0000, 0.0071, 0.0044], device='cuda:3')
pred_num:  tensor([259, 235, 231], device='cuda:0')
correct_num:  tensor([1, 1, 1], device='cuda:0')
true divide result:  tensor([0.0039, 0.0043, 0.0043], device='cuda:0')
pred_num:  tensor([106, 118, 194], device='cuda:2')
correct_num:  tensor([1, 1, 2], device='cuda:2')
true divide result:  tensor([0.0094, 0.0085, 0.0103], device='cuda:2')
pred_num:  tensor([176, 138, 305], device='cuda:1')
correct_num:  tensor([2, 1, 1], device='cuda:1')
true divide result:  tensor([0.0114, 0.0072, 0.0033], device='cuda:1')
pred_num:  tensor([158, 139, 288], device='cuda:3')
correct_num:  tensor([1, 1, 2], device='cuda:3')
true divide result:  tensor([0.0063, 0.0072, 0.0069], device='cuda:3')
pred_num:  tensor([186, 236, 229], device='cuda:0')
correct_num:  tensor([0, 0, 1], device='cuda:0')
true divide result:  tensor([0.0000, 0.0000, 0.0044], device='cuda:0')
pred_num:  tensor([167, 150, 255], device='cuda:2')
correct_num:  tensor([0, 0, 1], device='cuda:2')
true divide result:  tensor([0.0000, 0.0000, 0.0039], device='cuda:2')
pred_num:  tensor([209, 200, 219], device='cuda:1')
correct_num:  tensor([0, 1, 1], device='cuda:1')
true divide result:  tensor([0.0000, 0.0050, 0.0046], device='cuda:1')
pred_num:  tensor([245, 279, 237], device='cuda:3')
correct_num:  tensor([3, 1, 2], device='cuda:3')
true divide result:  tensor([0.0122, 0.0036, 0.0084], device='cuda:3')
pred_num:  tensor([158, 204,  71], device='cuda:0')
correct_num:  tensor([1, 1, 0], device='cuda:0')
true divide result:  tensor([0.0063, 0.0049, 0.0000], device='cuda:0')
pred_num:  tensor([280, 199, 263], device='cuda:2')
correct_num:  tensor([1, 2, 2], device='cuda:2')
true divide result:  tensor([0.0036, 0.0101, 0.0076], device='cuda:2')
pred_num:  tensor([254,  76, 173], device='cuda:1')
correct_num:  tensor([0, 0, 0], device='cuda:1')
true divide result:  tensor([0., 0., 0.], device='cuda:1')
pred_num:  tensor([214, 231, 231], device='cuda:3')
correct_num:  tensor([3, 1, 0], device='cuda:3')
true divide result:  tensor([0.0140, 0.0043, 0.0000], device='cuda:3')
pred_num:  tensor([283, 107, 161], device='cuda:0')
correct_num:  tensor([0, 0, 1], device='cuda:0')
true divide result:  tensor([0.0000, 0.0000, 0.0062], device='cuda:0')
pred_num:  tensor([230, 202, 253], device='cuda:2')
correct_num:  tensor([0, 1, 0], device='cuda:2')
true divide result:  tensor([0.0000, 0.0050, 0.0000], device='cuda:2')
pred_num:  tensor([226, 304, 213], device='cuda:1')
correct_num:  tensor([1, 0, 1], device='cuda:1')
true divide result:  tensor([0.0044, 0.0000, 0.0047], device='cuda:1')
pred_num:  tensor([254, 269, 295], device='cuda:3')
correct_num:  tensor([3, 1, 2], device='cuda:3')
true divide result:  tensor([0.0118, 0.0037, 0.0068], device='cuda:3')
pred_num:  tensor([179, 196, 226], device='cuda:0')
correct_num:  tensor([1, 0, 2], device='cuda:0')
true divide result:  tensor([0.0056, 0.0000, 0.0088], device='cuda:0')
pred_num:  tensor([252, 254, 270], device='cuda:2')
correct_num:  tensor([1, 1, 1], device='cuda:2')
true divide result:  tensor([0.0040, 0.0039, 0.0037], device='cuda:2')
pred_num:  tensor([189, 112, 140], device='cuda:1')
correct_num:  tensor([3, 1, 0], device='cuda:1')
true divide result:  tensor([0.0159, 0.0089, 0.0000], device='cuda:1')
pred_num:  tensor([141, 207, 270], device='cuda:3')
correct_num:  tensor([0, 0, 0], device='cuda:3')
true divide result:  tensor([0., 0., 0.], device='cuda:3')
pred_num:  tensor([239, 238, 208], device='cuda:0')
correct_num:  tensor([1, 4, 2], device='cuda:0')
true divide result:  tensor([0.0042, 0.0168, 0.0096], device='cuda:0')
pred_num:  tensor([258, 253,  88], device='cuda:2')
correct_num:  tensor([2, 1, 0], device='cuda:2')
true divide result:  tensor([0.0078, 0.0040, 0.0000], device='cuda:2')
pred_num:  tensor([178, 252, 190], device='cuda:1')
correct_num:  tensor([1, 1, 0], device='cuda:1')
true divide result:  tensor([0.0056, 0.0040, 0.0000], device='cuda:1')
pred_num:  tensor([180, 133, 288], device='cuda:3')
correct_num:  tensor([1, 0, 2], device='cuda:3')
true divide result:  tensor([0.0056, 0.0000, 0.0069], device='cuda:3')
pred_num:  tensor([135, 247, 240], device='cuda:0')
correct_num:  tensor([0, 1, 2], device='cuda:0')
true divide result:  tensor([0.0000, 0.0040, 0.0083], device='cuda:0')
pred_num:  tensor([216, 255,  80], device='cuda:2')
correct_num:  tensor([1, 2, 0], device='cuda:2')
true divide result:  tensor([0.0046, 0.0078, 0.0000], device='cuda:2')
pred_num:  tensor([136, 223, 194], device='cuda:1')
correct_num:  tensor([0, 0, 0], device='cuda:1')
true divide result:  tensor([0., 0., 0.], device='cuda:1')
pred_num:  tensor([235, 183, 268], device='cuda:3')
correct_num:  tensor([2, 0, 1], device='cuda:3')
true divide result:  tensor([0.0085, 0.0000, 0.0037], device='cuda:3')
pred_num:  tensor([157, 183,  93], device='cuda:0')
correct_num:  tensor([0, 2, 0], device='cuda:0')
true divide result:  tensor([0.0000, 0.0109, 0.0000], device='cuda:0')
pred_num:  tensor([150, 233, 217], device='cuda:2')
correct_num:  tensor([1, 1, 0], device='cuda:2')
true divide result:  tensor([0.0067, 0.0043, 0.0000], device='cuda:2')
pred_num:  tensor([145, 107,  77], device='cuda:1')
correct_num:  tensor([0, 0, 0], device='cuda:1')
true divide result:  tensor([0., 0., 0.], device='cuda:1')
pred_num:  tensor([216, 201, 178], device='cuda:3')
correct_num:  tensor([1, 1, 0], device='cuda:3')
true divide result:  tensor([0.0046, 0.0050, 0.0000], device='cuda:3')
pred_num:  tensor([180, 240, 128], device='cuda:0')
correct_num:  tensor([2, 2, 0], device='cuda:0')
true divide result:  tensor([0.0111, 0.0083, 0.0000], device='cuda:0')
pred_num:  tensor([270, 122, 216], device='cuda:2')
correct_num:  tensor([2, 0, 0], device='cuda:2')
true divide result:  tensor([0.0074, 0.0000, 0.0000], device='cuda:2')
pred_num:  tensor([174, 248, 249], device='cuda:1')
correct_num:  tensor([1, 0, 3], device='cuda:1')
true divide result:  tensor([0.0057, 0.0000, 0.0120], device='cuda:1')
pred_num:  tensor([268, 144, 262], device='cuda:3')
correct_num:  tensor([1, 0, 2], device='cuda:3')
true divide result:  tensor([0.0037, 0.0000, 0.0076], device='cuda:3')
pred_num:  tensor([280, 237, 257], device='cuda:0')
correct_num:  tensor([3, 1, 3], device='cuda:0')
true divide result:  tensor([0.0107, 0.0042, 0.0117], device='cuda:0')
pred_num:  tensor([168, 211, 176], device='cuda:2')
correct_num:  tensor([1, 1, 0], device='cuda:2')
true divide result:  tensor([0.0060, 0.0047, 0.0000], device='cuda:2')
pred_num:  tensor([212, 196, 253], device='cuda:1')
correct_num:  tensor([0, 1, 0], device='cuda:1')
true divide result:  tensor([0.0000, 0.0051, 0.0000], device='cuda:1')
pred_num:  tensor([198,  93, 278], device='cuda:3')
correct_num:  tensor([3, 0, 0], device='cuda:3')
true divide result:  tensor([0.0152, 0.0000, 0.0000], device='cuda:3')
pred_num:  tensor([179, 190, 136], device='cuda:0')
correct_num:  tensor([1, 1, 0], device='cuda:0')
true divide result:  tensor([0.0056, 0.0053, 0.0000], device='cuda:0')
pred_num:  tensor([129, 214, 130], device='cuda:2')
correct_num:  tensor([0, 1, 1], device='cuda:2')
true divide result:  tensor([0.0000, 0.0047, 0.0077], device='cuda:2')
pred_num:  tensor([279, 290, 192], device='cuda:1')
correct_num:  tensor([3, 2, 1], device='cuda:1')
true divide result:  tensor([0.0108, 0.0069, 0.0052], device='cuda:1')
pred_num:  tensor([235, 265, 207], device='cuda:3')
correct_num:  tensor([0, 1, 2], device='cuda:3')
true divide result:  tensor([0.0000, 0.0038, 0.0097], device='cuda:3')
pred_num:  tensor([247, 171, 224], device='cuda:0')
correct_num:  tensor([1, 0, 1], device='cuda:0')
true divide result:  tensor([0.0040, 0.0000, 0.0045], device='cuda:0')
pred_num:  tensor([274, 144, 157], device='cuda:2')
correct_num:  tensor([1, 0, 0], device='cuda:2')
true divide result:  tensor([0.0036, 0.0000, 0.0000], device='cuda:2')
pred_num:  tensor([239, 289, 131], device='cuda:1')
correct_num:  tensor([1, 2, 0], device='cuda:1')
true divide result:  tensor([0.0042, 0.0069, 0.0000], device='cuda:1')
pred_num:  tensor([256, 266, 178], device='cuda:3')
correct_num:  tensor([3, 2, 0], device='cuda:3')
true divide result:  tensor([0.0117, 0.0075, 0.0000], device='cuda:3')
pred_num:  tensor([165, 148, 244], device='cuda:0')
correct_num:  tensor([2, 1, 0], device='cuda:0')
true divide result:  tensor([0.0121, 0.0068, 0.0000], device='cuda:0')
pred_num:  tensor([157, 209, 192], device='cuda:2')
correct_num:  tensor([0, 0, 1], device='cuda:2')
true divide result:  tensor([0.0000, 0.0000, 0.0052], device='cuda:2')
pred_num:  tensor([273, 169, 230], device='cuda:1')
correct_num:  tensor([5, 0, 1], device='cuda:1')
true divide result:  tensor([0.0183, 0.0000, 0.0043], device='cuda:1')
pred_num:  tensor([272, 224, 227], device='cuda:3')
correct_num:  tensor([1, 1, 1], device='cuda:3')
true divide result:  tensor([0.0037, 0.0045, 0.0044], device='cuda:3')
pred_num:  tensor([267, 250, 266], device='cuda:0')
correct_num:  tensor([1, 0, 1], device='cuda:0')
true divide result:  tensor([0.0037, 0.0000, 0.0038], device='cuda:0')
pred_num:  tensor([212, 157, 266], device='cuda:2')
correct_num:  tensor([4, 1, 0], device='cuda:2')
true divide result:  tensor([0.0189, 0.0064, 0.0000], device='cuda:2')
pred_num:  tensor([286, 213, 218], device='cuda:1')
correct_num:  tensor([1, 1, 2], device='cuda:1')
true divide result:  tensor([0.0035, 0.0047, 0.0092], device='cuda:1')
pred_num:  tensor([238, 266, 167], device='cuda:3')
correct_num:  tensor([2, 2, 0], device='cuda:3')
true divide result:  tensor([0.0084, 0.0075, 0.0000], device='cuda:3')
pred_num:  tensor([215, 267, 214], device='cuda:0')
correct_num:  tensor([0, 3, 2], device='cuda:0')
true divide result:  tensor([0.0000, 0.0112, 0.0093], device='cuda:0')
pred_num:  tensor([278, 239, 237], device='cuda:2')
correct_num:  tensor([2, 1, 0], device='cuda:2')
true divide result:  tensor([0.0072, 0.0042, 0.0000], device='cuda:2')
pred_num:  tensor([104, 267, 168], device='cuda:1')
correct_num:  tensor([0, 1, 0], device='cuda:1')
true divide result:  tensor([0.0000, 0.0037, 0.0000], device='cuda:1')
pred_num:  tensor([225, 128, 124], device='cuda:3')
correct_num:  tensor([3, 0, 0], device='cuda:3')
true divide result:  tensor([0.0133, 0.0000, 0.0000], device='cuda:3')
pred_num:  tensor([265, 250, 195], device='cuda:0')
correct_num:  tensor([1, 3, 0], device='cuda:0')
true divide result:  tensor([0.0038, 0.0120, 0.0000], device='cuda:0')
pred_num:  tensor([124, 152, 196], device='cuda:2')
correct_num:  tensor([0, 0, 0], device='cuda:2')
true divide result:  tensor([0., 0., 0.], device='cuda:2')
pred_num:  tensor([236, 227, 266], device='cuda:1')
correct_num:  tensor([0, 2, 2], device='cuda:1')
true divide result:  tensor([0.0000, 0.0088, 0.0075], device='cuda:1')
pred_num:  tensor([225, 124, 265], device='cuda:3')
correct_num:  tensor([1, 2, 1], device='cuda:3')
true divide result:  tensor([0.0044, 0.0161, 0.0038], device='cuda:3')
pred_num:  tensor([ 56, 189, 186], device='cuda:0')
correct_num:  tensor([0, 1, 0], device='cuda:0')
true divide result:  tensor([0.0000, 0.0053, 0.0000], device='cuda:0')
pred_num:  tensor([236, 161, 126], device='cuda:2')
correct_num:  tensor([1, 0, 1], device='cuda:2')
true divide result:  tensor([0.0042, 0.0000, 0.0079], device='cuda:2')
pred_num:  tensor([233, 188, 144], device='cuda:1')
correct_num:  tensor([0, 0, 1], device='cuda:1')
true divide result:  tensor([0.0000, 0.0000, 0.0069], device='cuda:1')
pred_num:  tensor([307, 262, 227], device='cuda:3')
correct_num:  tensor([2, 3, 2], device='cuda:3')
true divide result:  tensor([0.0065, 0.0115, 0.0088], device='cuda:3')
pred_num:  tensor([165, 235,  98], device='cuda:0')
correct_num:  tensor([2, 1, 1], device='cuda:0')
true divide result:  tensor([0.0121, 0.0043, 0.0102], device='cuda:0')
pred_num:  tensor([295, 145, 230], device='cuda:2')
correct_num:  tensor([1, 3, 1], device='cuda:2')
true divide result:  tensor([0.0034, 0.0207, 0.0043], device='cuda:2')
pred_num:  tensor([143,  75, 136], device='cuda:1')
correct_num:  tensor([2, 0, 1], device='cuda:1')
true divide result:  tensor([0.0140, 0.0000, 0.0074], device='cuda:1')
pred_num:  tensor([214, 275, 226], device='cuda:3')
correct_num:  tensor([3, 3, 2], device='cuda:3')
true divide result:  tensor([0.0140, 0.0109, 0.0088], device='cuda:3')
pred_num:  tensor([241, 284, 246], device='cuda:0')
correct_num:  tensor([0, 1, 1], device='cuda:0')
true divide result:  tensor([0.0000, 0.0035, 0.0041], device='cuda:0')
pred_num:  tensor([176, 218, 177], device='cuda:2')
correct_num:  tensor([1, 2, 0], device='cuda:2')
true divide result:  tensor([0.0057, 0.0092, 0.0000], device='cuda:2')
pred_num:  tensor([135, 221, 132], device='cuda:1')
correct_num:  tensor([0, 1, 0], device='cuda:1')
true divide result:  tensor([0.0000, 0.0045, 0.0000], device='cuda:1')
pred_num:  tensor([ 70, 173, 203], device='cuda:3')
correct_num:  tensor([0, 0, 1], device='cuda:3')
true divide result:  tensor([0.0000, 0.0000, 0.0049], device='cuda:3')
pred_num:  tensor([155, 271, 154], device='cuda:0')
correct_num:  tensor([2, 1, 0], device='cuda:0')
true divide result:  tensor([0.0129, 0.0037, 0.0000], device='cuda:0')
pred_num:  tensor([126, 273, 223], device='cuda:2')
correct_num:  tensor([1, 1, 0], device='cuda:2')
true divide result:  tensor([0.0079, 0.0037, 0.0000], device='cuda:2')
pred_num:  tensor([235, 237, 223], device='cuda:1')
correct_num:  tensor([0, 1, 1], device='cuda:1')
true divide result:  tensor([0.0000, 0.0042, 0.0045], device='cuda:1')
pred_num:  tensor([256, 134, 264], device='cuda:3')
correct_num:  tensor([1, 1, 3], device='cuda:3')
true divide result:  tensor([0.0039, 0.0075, 0.0114], device='cuda:3')
pred_num:  tensor([257, 241, 167], device='cuda:0')
correct_num:  tensor([3, 0, 1], device='cuda:0')
true divide result:  tensor([0.0117, 0.0000, 0.0060], device='cuda:0')
pred_num:  tensor([194,  80, 224], device='cuda:2')
correct_num:  tensor([1, 0, 2], device='cuda:2')
true divide result:  tensor([0.0052, 0.0000, 0.0089], device='cuda:2')
pred_num:  tensor([179, 266, 184], device='cuda:1')
correct_num:  tensor([0, 0, 2], device='cuda:1')
true divide result:  tensor([0.0000, 0.0000, 0.0109], device='cuda:1')
pred_num:  tensor([232, 211, 224], device='cuda:3')
correct_num:  tensor([1, 0, 0], device='cuda:3')
true divide result:  tensor([0.0043, 0.0000, 0.0000], device='cuda:3')
pred_num:  tensor([189, 149, 213], device='cuda:0')
correct_num:  tensor([2, 0, 0], device='cuda:0')
true divide result:  tensor([0.0106, 0.0000, 0.0000], device='cuda:0')
pred_num:  tensor([216, 195, 172], device='cuda:2')
correct_num:  tensor([0, 1, 0], device='cuda:2')
true divide result:  tensor([0.0000, 0.0051, 0.0000], device='cuda:2')
pred_num:  tensor([210, 228, 187], device='cuda:1')
correct_num:  tensor([3, 0, 2], device='cuda:1')
true divide result:  tensor([0.0143, 0.0000, 0.0107], device='cuda:1')
pred_num:  tensor([150, 226, 271], device='cuda:3')
correct_num:  tensor([0, 0, 3], device='cuda:3')
true divide result:  tensor([0.0000, 0.0000, 0.0111], device='cuda:3')
pred_num:  tensor([126, 208, 210], device='cuda:0')
correct_num:  tensor([0, 0, 0], device='cuda:0')
true divide result:  tensor([0., 0., 0.], device='cuda:0')
pred_num:  tensor([202, 251, 176], device='cuda:2')
correct_num:  tensor([1, 1, 2], device='cuda:2')
true divide result:  tensor([0.0050, 0.0040, 0.0114], device='cuda:2')
pred_num:  tensor([210, 208, 110], device='cuda:1')
correct_num:  tensor([0, 0, 1], device='cuda:1')
true divide result:  tensor([0.0000, 0.0000, 0.0091], device='cuda:1')
pred_num:  tensor([168, 231, 270], device='cuda:3')
correct_num:  tensor([2, 2, 0], device='cuda:3')
true divide result:  tensor([0.0119, 0.0087, 0.0000], device='cuda:3')
pred_num:  tensor([258, 143, 147], device='cuda:0')
correct_num:  tensor([0, 0, 0], device='cuda:0')
true divide result:  tensor([0., 0., 0.], device='cuda:0')
pred_num:  tensor([240, 255, 126], device='cuda:2')
correct_num:  tensor([0, 3, 0], device='cuda:2')
true divide result:  tensor([0.0000, 0.0118, 0.0000], device='cuda:2')
pred_num:  tensor([250, 101, 282], device='cuda:1')
correct_num:  tensor([0, 0, 3], device='cuda:1')
true divide result:  tensor([0.0000, 0.0000, 0.0106], device='cuda:1')
pred_num:  tensor([233, 172, 141], device='cuda:3')
correct_num:  tensor([2, 2, 1], device='cuda:3')
true divide result:  tensor([0.0086, 0.0116, 0.0071], device='cuda:3')
pred_num:  tensor([296, 264, 116], device='cuda:0')
correct_num:  tensor([1, 4, 1], device='cuda:0')
true divide result:  tensor([0.0034, 0.0152, 0.0086], device='cuda:0')
pred_num:  tensor([192, 191, 218], device='cuda:2')
correct_num:  tensor([2, 1, 1], device='cuda:2')
true divide result:  tensor([0.0104, 0.0052, 0.0046], device='cuda:2')
pred_num:  tensor([239, 195, 244], device='cuda:1')
correct_num:  tensor([1, 0, 1], device='cuda:1')
true divide result:  tensor([0.0042, 0.0000, 0.0041], device='cuda:1')
pred_num:  tensor([246, 172, 249], device='cuda:3')
correct_num:  tensor([1, 1, 1], device='cuda:3')
true divide result:  tensor([0.0041, 0.0058, 0.0040], device='cuda:3')
pred_num:  tensor([234, 183, 134], device='cuda:0')
correct_num:  tensor([0, 0, 0], device='cuda:0')
true divide result:  tensor([0., 0., 0.], device='cuda:0')
pred_num:  tensor([210, 304, 248], device='cuda:2')
correct_num:  tensor([0, 2, 1], device='cuda:2')
true divide result:  tensor([0.0000, 0.0066, 0.0040], device='cuda:2')
pred_num:  tensor([164, 220, 227], device='cuda:1')
correct_num:  tensor([2, 0, 1], device='cuda:1')
true divide result:  tensor([0.0122, 0.0000, 0.0044], device='cuda:1')
pred_num:  tensor([264, 199, 268], device='cuda:3')
correct_num:  tensor([0, 1, 3], device='cuda:3')
true divide result:  tensor([0.0000, 0.0050, 0.0112], device='cuda:3')
pred_num:  tensor([251, 202, 213], device='cuda:0')
correct_num:  tensor([2, 2, 1], device='cuda:0')
true divide result:  tensor([0.0080, 0.0099, 0.0047], device='cuda:0')
pred_num:  tensor([265, 110, 127], device='cuda:2')
correct_num:  tensor([1, 0, 0], device='cuda:2')
true divide result:  tensor([0.0038, 0.0000, 0.0000], device='cuda:2')
pred_num:  tensor([206, 150, 191], device='cuda:1')
correct_num:  tensor([2, 2, 1], device='cuda:1')
true divide result:  tensor([0.0097, 0.0133, 0.0052], device='cuda:1')
pred_num:  tensor([209, 238, 258], device='cuda:3')
correct_num:  tensor([0, 1, 2], device='cuda:3')
true divide result:  tensor([0.0000, 0.0042, 0.0078], device='cuda:3')
pred_num:  tensor([172,  71, 218], device='cuda:0')
correct_num:  tensor([0, 0, 0], device='cuda:0')
true divide result:  tensor([0., 0., 0.], device='cuda:0')
pred_num:  tensor([254, 186, 196], device='cuda:2')
correct_num:  tensor([1, 0, 0], device='cuda:2')
true divide result:  tensor([0.0039, 0.0000, 0.0000], device='cuda:2')
pred_num:  tensor([216, 227, 102], device='cuda:1')
correct_num:  tensor([1, 0, 0], device='cuda:1')
true divide result:  tensor([0.0046, 0.0000, 0.0000], device='cuda:1')
pred_num:  tensor([223, 196, 248], device='cuda:3')
correct_num:  tensor([0, 0, 4], device='cuda:3')
true divide result:  tensor([0.0000, 0.0000, 0.0161], device='cuda:3')
pred_num:  tensor([189,  78, 181], device='cuda:0')
correct_num:  tensor([1, 0, 0], device='cuda:0')
true divide result:  tensor([0.0053, 0.0000, 0.0000], device='cuda:0')
pred_num:  tensor([234, 226, 237], device='cuda:2')
correct_num:  tensor([1, 0, 1], device='cuda:2')
true divide result:  tensor([0.0043, 0.0000, 0.0042], device='cuda:2')
pred_num:  tensor([ 71, 174, 255], device='cuda:1')
correct_num:  tensor([2, 1, 4], device='cuda:1')
true divide result:  tensor([0.0282, 0.0057, 0.0157], device='cuda:1')
pred_num:  tensor([249,  92, 186], device='cuda:3')
correct_num:  tensor([2, 0, 1], device='cuda:3')
true divide result:  tensor([0.0080, 0.0000, 0.0054], device='cuda:3')
pred_num:  tensor([212,  99, 227], device='cuda:0')
correct_num:  tensor([2, 1, 3], device='cuda:0')
true divide result:  tensor([0.0094, 0.0101, 0.0132], device='cuda:0')
pred_num:  tensor([178, 257, 185], device='cuda:2')
correct_num:  tensor([1, 0, 0], device='cuda:2')
true divide result:  tensor([0.0056, 0.0000, 0.0000], device='cuda:2')
pred_num:  tensor([240, 134, 200], device='cuda:1')
correct_num:  tensor([2, 0, 3], device='cuda:1')
true divide result:  tensor([0.0083, 0.0000, 0.0150], device='cuda:1')
pred_num:  tensor([107, 177, 235], device='cuda:3')
correct_num:  tensor([1, 0, 2], device='cuda:3')
true divide result:  tensor([0.0093, 0.0000, 0.0085], device='cuda:3')
pred_num:  tensor([199, 127, 142], device='cuda:0')
correct_num:  tensor([2, 1, 0], device='cuda:0')
true divide result:  tensor([0.0101, 0.0079, 0.0000], device='cuda:0')
pred_num:  tensor([235, 248, 173], device='cuda:2')
correct_num:  tensor([1, 2, 0], device='cuda:2')
true divide result:  tensor([0.0043, 0.0081, 0.0000], device='cuda:2')
pred_num:  tensor([230, 176, 233], device='cuda:1')
correct_num:  tensor([2, 1, 1], device='cuda:1')
true divide result:  tensor([0.0087, 0.0057, 0.0043], device='cuda:1')
pred_num:  tensor([ 76, 222, 107], device='cuda:3')
correct_num:  tensor([0, 1, 1], device='cuda:3')
true divide result:  tensor([0.0000, 0.0045, 0.0093], device='cuda:3')
pred_num:  tensor([248, 270, 108], device='cuda:1')
correct_num:  tensor([0, 3, 1], device='cuda:1')
true divide result:  pred_num:  tensor([168, 178, 124], device='cuda:2')
correct_num:  tensor([0.0000, 0.0111, 0.0093], device='cuda:1')
tensor([5, 0, 1], device='cuda:2')
true divide result:  pred_num:  tensor([253, 265, 301], device='cuda:0')
tensor([0.0298, 0.0000, 0.0081], device='cuda:2')
correct_num:  tensor([0, 1, 5], device='cuda:0')
true divide result:  pred_num:  tensor([266, 244, 184], device='cuda:3')
correct_num: tensor([0.0000, 0.0038, 0.0166], device='cuda:0') 
tensor([1, 1, 2], device='cuda:3')
true divide result:  tensor([0.0038, 0.0041, 0.0109], device='cuda:3')
pred_num:  tensor([253, 147, 169], device='cuda:0')
correct_num:  tensor([0, 0, 0], device='cuda:0')
true divide result:  tensor([0., 0., 0.], device='cuda:0')
pred_num:  tensor([237, 256, 159], device='cuda:2')
correct_num:  tensor([0, 3, 1], device='cuda:2')
true divide result:  tensor([0.0000, 0.0117, 0.0063], device='cuda:2')
pred_num:  tensor([235, 213, 275], device='cuda:1')
correct_num:  tensor([2, 1, 2], device='cuda:1')
true divide result:  tensor([0.0085, 0.0047, 0.0073], device='cuda:1')
pred_num:  tensor([219, 233, 230], device='cuda:3')
correct_num:  tensor([1, 0, 0], device='cuda:3')
true divide result:  tensor([0.0046, 0.0000, 0.0000], device='cuda:3')
pred_num:  tensor([271, 231, 203], device='cuda:0')
correct_num:  tensor([4, 3, 0], device='cuda:0')
true divide result:  tensor([0.0148, 0.0130, 0.0000], device='cuda:0')
pred_num:  tensor([217, 150, 270], device='cuda:2')
correct_num:  tensor([2, 1, 3], device='cuda:2')
true divide result:  tensor([0.0092, 0.0067, 0.0111], device='cuda:2')
pred_num:  tensor([263, 159, 254], device='cuda:1')
correct_num:  tensor([2, 1, 2], device='cuda:1')
true divide result:  tensor([0.0076, 0.0063, 0.0079], device='cuda:1')
pred_num:  tensor([146, 214, 217], device='cuda:3')
correct_num:  tensor([3, 2, 3], device='cuda:3')
true divide result:  tensor([0.0205, 0.0093, 0.0138], device='cuda:3')
pred_num:  tensor([177, 172, 136], device='cuda:0')
correct_num:  tensor([3, 0, 1], device='cuda:0')
true divide result:  tensor([0.0169, 0.0000, 0.0074], device='cuda:0')
pred_num:  tensor([310, 224, 245], device='cuda:2')
correct_num:  tensor([2, 3, 3], device='cuda:2')
true divide result:  tensor([0.0065, 0.0134, 0.0122], device='cuda:2')
pred_num:  tensor([193, 219, 233], device='cuda:1')
correct_num:  tensor([2, 3, 1], device='cuda:1')
true divide result:  tensor([0.0104, 0.0137, 0.0043], device='cuda:1')
pred_num:  tensor([228, 173,  77], device='cuda:3')
correct_num:  tensor([1, 2, 0], device='cuda:3')
true divide result:  tensor([0.0044, 0.0116, 0.0000], device='cuda:3')
pred_num:  tensor([230, 253, 179], device='cuda:0')
correct_num:  tensor([0, 2, 3], device='cuda:0')
true divide result:  tensor([0.0000, 0.0079, 0.0168], device='cuda:0')
pred_num:  tensor([263, 195, 245], device='cuda:2')
correct_num:  tensor([0, 1, 1], device='cuda:2')
true divide result:  tensor([0.0000, 0.0051, 0.0041], device='cuda:2')
pred_num:  tensor([104, 162, 153], device='cuda:1')
correct_num:  tensor([2, 2, 1], device='cuda:1')
true divide result:  tensor([0.0192, 0.0123, 0.0065], device='cuda:1')
pred_num:  tensor([ 90, 126, 177], device='cuda:3')
correct_num:  tensor([0, 0, 0], device='cuda:3')
true divide result:  tensor([0., 0., 0.], device='cuda:3')
pred_num:  tensor([111, 267, 197], device='cuda:0')
correct_num:  tensor([1, 2, 0], device='cuda:0')
true divide result:  tensor([0.0090, 0.0075, 0.0000], device='cuda:0')
pred_num:  tensor([229, 179, 232], device='cuda:2')
correct_num:  tensor([5, 1, 0], device='cuda:2')
true divide result:  tensor([0.0218, 0.0056, 0.0000], device='cuda:2')
pred_num:  tensor([ 62, 241, 260], device='cuda:1')
correct_num:  tensor([1, 3, 2], device='cuda:1')
true divide result:  tensor([0.0161, 0.0124, 0.0077], device='cuda:1')
pred_num:  tensor([225, 287,  75], device='cuda:3')
correct_num:  tensor([3, 0, 0], device='cuda:3')
true divide result:  tensor([0.0133, 0.0000, 0.0000], device='cuda:3')
pred_num:  tensor([168, 267, 147], device='cuda:0')
correct_num:  tensor([0, 5, 0], device='cuda:0')
true divide result:  tensor([0.0000, 0.0187, 0.0000], device='cuda:0')
pred_num:  tensor([236, 261, 234], device='cuda:2')
correct_num:  tensor([3, 1, 1], device='cuda:2')
true divide result:  tensor([0.0127, 0.0038, 0.0043], device='cuda:2')
pred_num:  tensor([218, 241, 249], device='cuda:1')
correct_num:  tensor([0, 1, 1], device='cuda:1')
true divide result:  tensor([0.0000, 0.0041, 0.0040], device='cuda:1')
pred_num:  tensor([316, 245, 141], device='cuda:3')
correct_num:  tensor([2, 1, 1], device='cuda:3')
true divide result:  tensor([0.0063, 0.0041, 0.0071], device='cuda:3')
pred_num:  tensor([224, 214, 243], device='cuda:0')
correct_num:  tensor([0, 2, 1], device='cuda:0')
true divide result:  tensor([0.0000, 0.0093, 0.0041], device='cuda:0')
pred_num:  tensor([275, 144, 176], device='cuda:2')
correct_num:  tensor([1, 0, 1], device='cuda:2')
true divide result:  tensor([0.0036, 0.0000, 0.0057], device='cuda:2')
pred_num:  tensor([139, 233, 253], device='cuda:1')
correct_num:  tensor([0, 1, 0], device='cuda:1')
true divide result:  tensor([0.0000, 0.0043, 0.0000], device='cuda:1')
pred_num:  tensor([251, 278, 176], device='cuda:3')
correct_num:  tensor([1, 2, 1], device='cuda:3')
true divide result:  tensor([0.0040, 0.0072, 0.0057], device='cuda:3')
pred_num:  tensor([177, 217, 139], device='cuda:0')
correct_num:  tensor([0, 1, 0], device='cuda:0')
true divide result:  tensor([0.0000, 0.0046, 0.0000], device='cuda:0')
pred_num:  tensor([198, 126, 236], device='cuda:2')
correct_num:  tensor([1, 1, 2], device='cuda:2')
true divide result:  tensor([0.0051, 0.0079, 0.0085], device='cuda:2')
pred_num:  tensor([211, 250, 187], device='cuda:1')
correct_num:  tensor([3, 0, 3], device='cuda:1')
true divide result:  tensor([0.0142, 0.0000, 0.0160], device='cuda:1')
pred_num:  tensor([149, 108, 233], device='cuda:3')
correct_num:  tensor([1, 0, 1], device='cuda:3')
true divide result:  tensor([0.0067, 0.0000, 0.0043], device='cuda:3')
pred_num:  tensor([218, 281, 136], device='cuda:0')
correct_num:  tensor([2, 3, 0], device='cuda:0')
true divide result:  tensor([0.0092, 0.0107, 0.0000], device='cuda:0')
pred_num:  tensor([204, 177, 283], device='cuda:2')
correct_num:  tensor([2, 0, 5], device='cuda:2')
true divide result:  tensor([0.0098, 0.0000, 0.0177], device='cuda:2')
pred_num:  tensor([270, 276, 213], device='cuda:1')
correct_num:  tensor([0, 4, 1], device='cuda:1')
true divide result:  tensor([0.0000, 0.0145, 0.0047], device='cuda:1')
pred_num:  tensor([ 77, 221, 260], device='cuda:3')
correct_num:  tensor([0, 2, 3], device='cuda:3')
true divide result:  tensor([0.0000, 0.0090, 0.0115], device='cuda:3')
pred_num:  tensor([118, 232, 132], device='cuda:0')
correct_num:  tensor([0, 1, 0], device='cuda:0')
true divide result:  tensor([0.0000, 0.0043, 0.0000], device='cuda:0')
pred_num:  tensor([202, 218, 213], device='cuda:2')
correct_num:  tensor([0, 1, 0], device='cuda:2')
true divide result:  tensor([0.0000, 0.0046, 0.0000], device='cuda:2')
pred_num:  tensor([270, 248,  81], device='cuda:1')
correct_num:  tensor([3, 1, 2], device='cuda:1')
true divide result:  tensor([0.0111, 0.0040, 0.0247], device='cuda:1')
pred_num:  tensor([272, 233, 270], device='cuda:3')
correct_num:  tensor([3, 4, 3], device='cuda:3')
true divide result:  tensor([0.0110, 0.0172, 0.0111], device='cuda:3')
pred_num:  tensor([291, 168,  83], device='cuda:0')
correct_num:  tensor([3, 2, 0], device='cuda:0')
true divide result:  tensor([0.0103, 0.0119, 0.0000], device='cuda:0')
pred_num:  tensor([106, 263, 251], device='cuda:2')
correct_num:  tensor([0, 3, 1], device='cuda:2')
true divide result:  tensor([0.0000, 0.0114, 0.0040], device='cuda:2')
pred_num:  tensor([266, 140, 203], device='cuda:1')
correct_num:  tensor([1, 1, 1], device='cuda:1')
true divide result:  tensor([0.0038, 0.0071, 0.0049], device='cuda:1')
pred_num:  tensor([175, 103, 186], device='cuda:3')
correct_num:  tensor([2, 0, 0], device='cuda:3')
true divide result:  tensor([0.0114, 0.0000, 0.0000], device='cuda:3')
pred_num:  tensor([246, 210, 177], device='cuda:0')
correct_num:  tensor([1, 0, 0], device='cuda:0')
true divide result:  tensor([0.0041, 0.0000, 0.0000], device='cuda:0')
pred_num:  tensor([253, 189, 201], device='cuda:2')
correct_num:  tensor([2, 1, 4], device='cuda:2')
true divide result:  tensor([0.0079, 0.0053, 0.0199], device='cuda:2')
pred_num:  tensor([236, 196, 232], device='cuda:1')
correct_num:  tensor([1, 2, 0], device='cuda:1')
true divide result:  tensor([0.0042, 0.0102, 0.0000], device='cuda:1')
pred_num:  tensor([278, 261, 220], device='cuda:3')
correct_num:  tensor([1, 0, 1], device='cuda:3')
true divide result:  tensor([0.0036, 0.0000, 0.0045], device='cuda:3')
pred_num:  tensor([ 96, 231, 194], device='cuda:0')
correct_num:  tensor([2, 1, 0], device='cuda:0')
true divide result:  tensor([0.0208, 0.0043, 0.0000], device='cuda:0')
pred_num:  tensor([231, 156, 196], device='cuda:2')
correct_num:  tensor([2, 0, 1], device='cuda:2')
true divide result:  tensor([0.0087, 0.0000, 0.0051], device='cuda:2')
pred_num:  tensor([238, 250, 241], device='cuda:1')
correct_num:  tensor([3, 3, 1], device='cuda:1')
true divide result:  tensor([0.0126, 0.0120, 0.0041], device='cuda:1')
pred_num:  tensor([256, 308, 254], device='cuda:3')
correct_num:  tensor([2, 4, 1], device='cuda:3')
true divide result:  tensor([0.0078, 0.0130, 0.0039], device='cuda:3')
pred_num:  tensor([ 84, 240, 290], device='cuda:0')
correct_num:  tensor([0, 3, 1], device='cuda:0')
true divide result:  tensor([0.0000, 0.0125, 0.0034], device='cuda:0')
pred_num:  tensor([288, 192, 234], device='cuda:2')
correct_num:  tensor([0, 1, 3], device='cuda:2')
true divide result:  tensor([0.0000, 0.0052, 0.0128], device='cuda:2')
pred_num:  tensor([281, 249,  88], device='cuda:1')
correct_num:  tensor([1, 3, 0], device='cuda:1')
true divide result:  tensor([0.0036, 0.0120, 0.0000], device='cuda:1')
pred_num:  tensor([270, 300, 241], device='cuda:3')
correct_num:  tensor([1, 2, 1], device='cuda:3')
true divide result:  tensor([0.0037, 0.0067, 0.0041], device='cuda:3')
pred_num:  tensor([347, 189, 252], device='cuda:0')
correct_num:  tensor([3, 1, 1], device='cuda:0')
true divide result:  tensor([0.0086, 0.0053, 0.0040], device='cuda:0')
pred_num:  tensor([266, 182, 225], device='cuda:2')
correct_num:  tensor([0, 0, 0], device='cuda:2')
true divide result:  tensor([0., 0., 0.], device='cuda:2')
pred_num:  tensor([103, 195, 187], device='cuda:1')
correct_num:  tensor([0, 3, 1], device='cuda:1')
true divide result:  tensor([0.0000, 0.0154, 0.0053], device='cuda:1')
pred_num:  tensor([254, 237, 178], device='cuda:3')
correct_num:  tensor([2, 1, 0], device='cuda:3')
true divide result:  tensor([0.0079, 0.0042, 0.0000], device='cuda:3')
pred_num:  tensor([191, 287, 164], device='cuda:0')
correct_num:  tensor([2, 1, 2], device='cuda:0')
true divide result:  tensor([0.0105, 0.0035, 0.0122], device='cuda:0')
pred_num:  tensor([231, 284, 234], device='cuda:2')
correct_num:  tensor([0, 1, 5], device='cuda:2')
true divide result:  tensor([0.0000, 0.0035, 0.0214], device='cuda:2')
pred_num:  tensor([273, 191, 126], device='cuda:1')
correct_num:  tensor([3, 0, 0], device='cuda:1')
true divide result:  tensor([0.0110, 0.0000, 0.0000], device='cuda:1')
pred_num:  tensor([274, 250, 146], device='cuda:3')
correct_num:  tensor([1, 3, 3], device='cuda:3')
true divide result:  tensor([0.0036, 0.0120, 0.0205], device='cuda:3')
pred_num:  tensor([210, 120, 236], device='cuda:0')
correct_num:  tensor([0, 0, 1], device='cuda:0')
true divide result:  tensor([0.0000, 0.0000, 0.0042], device='cuda:0')
pred_num:  tensor([158, 172, 257], device='cuda:2')
correct_num:  tensor([1, 2, 2], device='cuda:2')
true divide result:  tensor([0.0063, 0.0116, 0.0078], device='cuda:2')
pred_num:  tensor([127, 139, 147], device='cuda:1')
correct_num:  tensor([0, 2, 0], device='cuda:1')
true divide result:  tensor([0.0000, 0.0144, 0.0000], device='cuda:1')
pred_num:  tensor([220, 235, 132], device='cuda:3')
correct_num:  tensor([3, 2, 1], device='cuda:3')
true divide result:  tensor([0.0136, 0.0085, 0.0076], device='cuda:3')
pred_num:  tensor([173, 212, 241], device='cuda:0')
correct_num:  tensor([0, 1, 4], device='cuda:0')
true divide result:  tensor([0.0000, 0.0047, 0.0166], device='cuda:0')
pred_num:  tensor([311,  75, 236], device='cuda:2')
correct_num:  tensor([4, 0, 1], device='cuda:2')
true divide result:  tensor([0.0129, 0.0000, 0.0042], device='cuda:2')
pred_num:  tensor([257, 261,  76], device='cuda:1')
correct_num:  tensor([2, 0, 1], device='cuda:1')
true divide result:  tensor([0.0078, 0.0000, 0.0132], device='cuda:1')
pred_num:  tensor([249, 135, 159], device='cuda:3')
correct_num:  tensor([0, 0, 1], device='cuda:3')
true divide result:  tensor([0.0000, 0.0000, 0.0063], device='cuda:3')
pred_num:  tensor([194, 192, 106], device='cuda:0')
correct_num:  tensor([1, 0, 0], device='cuda:0')
true divide result:  tensor([0.0052, 0.0000, 0.0000], device='cuda:0')
pred_num:  tensor([148, 211, 280], device='cuda:2')
correct_num:  tensor([0, 1, 2], device='cuda:2')
true divide result:  tensor([0.0000, 0.0047, 0.0071], device='cuda:2')
pred_num:  tensor([239, 280, 270], device='cuda:1')
correct_num:  tensor([1, 0, 1], device='cuda:1')
true divide result:  tensor([0.0042, 0.0000, 0.0037], device='cuda:1')
pred_num:  tensor([267, 266, 172], device='cuda:3')
correct_num:  tensor([1, 2, 1], device='cuda:3')
true divide result:  tensor([0.0037, 0.0075, 0.0058], device='cuda:3')
pred_num:  tensor([125, 251, 280], device='cuda:0')
correct_num:  tensor([0, 0, 0], device='cuda:0')
true divide result:  tensor([0., 0., 0.], device='cuda:0')
pred_num:  tensor([183, 165, 197], device='cuda:2')
correct_num:  tensor([0, 0, 0], device='cuda:2')
true divide result:  tensor([0., 0., 0.], device='cuda:2')
pred_num:  tensor([207, 273, 187], device='cuda:1')
correct_num:  tensor([2, 4, 0], device='cuda:1')
true divide result:  tensor([0.0097, 0.0147, 0.0000], device='cuda:1')
pred_num:  tensor([209, 259, 160], device='cuda:3')
correct_num:  tensor([1, 1, 1], device='cuda:3')
true divide result:  tensor([0.0048, 0.0039, 0.0063], device='cuda:3')
pred_num:  tensor([145, 167, 155], device='cuda:0')
correct_num:  tensor([1, 0, 1], device='cuda:0')
true divide result:  tensor([0.0069, 0.0000, 0.0065], device='cuda:0')
pred_num:  tensor([178,  83, 232], device='cuda:2')
correct_num:  tensor([1, 1, 2], device='cuda:2')
true divide result:  tensor([0.0056, 0.0120, 0.0086], device='cuda:2')
pred_num:  tensor([247, 203, 236], device='cuda:1')
correct_num:  tensor([3, 1, 1], device='cuda:1')
true divide result:  tensor([0.0121, 0.0049, 0.0042], device='cuda:1')
pred_num:  tensor([228, 192, 181], device='cuda:3')
correct_num:  tensor([1, 0, 0], device='cuda:3')
true divide result:  tensor([0.0044, 0.0000, 0.0000], device='cuda:3')
pred_num:  tensor([131, 257, 273], device='cuda:0')
correct_num:  tensor([1, 1, 1], device='cuda:0')
true divide result:  tensor([0.0076, 0.0039, 0.0037], device='cuda:0')
pred_num:  tensor([214, 191, 243], device='cuda:2')
correct_num:  tensor([1, 0, 3], device='cuda:2')
true divide result:  tensor([0.0047, 0.0000, 0.0123], device='cuda:2')
pred_num:  tensor([225, 265, 291], device='cuda:1')
correct_num:  tensor([4, 3, 1], device='cuda:1')
true divide result:  tensor([0.0178, 0.0113, 0.0034], device='cuda:1')
pred_num:  tensor([257, 172, 252], device='cuda:3')
correct_num:  tensor([3, 0, 2], device='cuda:3')
true divide result:  tensor([0.0117, 0.0000, 0.0079], device='cuda:3')
pred_num:  tensor([230, 176, 266], device='cuda:0')
correct_num:  tensor([5, 0, 3], device='cuda:0')
true divide result:  tensor([0.0217, 0.0000, 0.0113], device='cuda:0')
pred_num:  tensor([259, 284, 165], device='cuda:2')
correct_num:  tensor([2, 2, 0], device='cuda:2')
true divide result:  tensor([0.0077, 0.0070, 0.0000], device='cuda:2')
pred_num:  tensor([170, 221, 248], device='cuda:1')
correct_num:  tensor([0, 2, 0], device='cuda:1')
true divide result:  tensor([0.0000, 0.0090, 0.0000], device='cuda:1')
pred_num:  tensor([259, 223, 216], device='cuda:3')
correct_num:  tensor([1, 0, 1], device='cuda:3')
true divide result:  tensor([0.0039, 0.0000, 0.0046], device='cuda:3')
pred_num:  tensor([211, 149, 148], device='cuda:0')
correct_num:  tensor([0, 1, 1], device='cuda:0')
true divide result:  tensor([0.0000, 0.0067, 0.0068], device='cuda:0')
pred_num:  tensor([236, 130, 212], device='cuda:2')
correct_num:  tensor([1, 0, 3], device='cuda:2')
true divide result:  tensor([0.0042, 0.0000, 0.0142], device='cuda:2')
pred_num:  tensor([262, 235, 251], device='cuda:1')
correct_num:  tensor([3, 0, 0], device='cuda:1')
true divide result:  tensor([0.0115, 0.0000, 0.0000], device='cuda:1')
pred_num:  tensor([149, 124, 193], device='cuda:3')
correct_num:  tensor([1, 0, 1], device='cuda:3')
true divide result:  tensor([0.0067, 0.0000, 0.0052], device='cuda:3')
pred_num:  tensor([115, 170, 117], device='cuda:0')
correct_num:  tensor([1, 0, 1], device='cuda:0')
true divide result:  tensor([0.0087, 0.0000, 0.0085], device='cuda:0')
pred_num:  tensor([249, 243, 142], device='cuda:2')
correct_num:  tensor([1, 0, 1], device='cuda:2')
true divide result:  tensor([0.0040, 0.0000, 0.0070], device='cuda:2')
pred_num:  tensor([124, 221, 160], device='cuda:1')
correct_num:  tensor([0, 0, 3], device='cuda:1')
true divide result:  tensor([0.0000, 0.0000, 0.0188], device='cuda:1')
pred_num:  tensor([142, 296, 143], device='cuda:3')
correct_num:  tensor([0, 5, 1], device='cuda:3')
true divide result:  tensor([0.0000, 0.0169, 0.0070], device='cuda:3')
pred_num:  tensor([231, 172, 246], device='cuda:0')
correct_num:  tensor([1, 0, 0], device='cuda:0')
true divide result:  tensor([0.0043, 0.0000, 0.0000], device='cuda:0')
pred_num:  tensor([302, 259, 201], device='cuda:2')
correct_num:  tensor([7, 3, 0], device='cuda:2')
true divide result:  tensor([0.0232, 0.0116, 0.0000], device='cuda:2')
pred_num:  tensor([232, 269, 182], device='cuda:1')
correct_num:  tensor([0, 1, 1], device='cuda:1')
true divide result:  tensor([0.0000, 0.0037, 0.0055], device='cuda:1')
pred_num:  tensor([206, 199, 280], device='cuda:3')
correct_num:  tensor([1, 0, 1], device='cuda:3')
true divide result:  tensor([0.0049, 0.0000, 0.0036], device='cuda:3')
pred_num:  tensor([215, 224, 230], device='cuda:0')
correct_num:  tensor([0, 1, 2], device='cuda:0')
true divide result:  tensor([0.0000, 0.0045, 0.0087], device='cuda:0')
pred_num:  tensor([221,  88, 269], device='cuda:2')
correct_num:  tensor([2, 0, 2], device='cuda:2')
true divide result:  tensor([0.0090, 0.0000, 0.0074], device='cuda:2')
pred_num:  tensor([245, 250, 301], device='cuda:1')
correct_num:  tensor([2, 1, 2], device='cuda:1')
true divide result:  tensor([0.0082, 0.0040, 0.0066], device='cuda:1')
pred_num:  tensor([ 85, 115, 245], device='cuda:3')
correct_num:  tensor([1, 1, 2], device='cuda:3')
true divide result:  tensor([0.0118, 0.0087, 0.0082], device='cuda:3')
pred_num:  tensor([205, 106, 269], device='cuda:0')
correct_num:  tensor([0, 1, 1], device='cuda:0')
true divide result:  tensor([0.0000, 0.0094, 0.0037], device='cuda:0')
pred_num:  tensor([154, 179, 178], device='cuda:2')
correct_num:  tensor([2, 0, 1], device='cuda:2')
true divide result:  tensor([0.0130, 0.0000, 0.0056], device='cuda:2')
pred_num:  tensor([218, 246, 263], device='cuda:1')
correct_num:  tensor([2, 0, 1], device='cuda:1')
true divide result:  tensor([0.0092, 0.0000, 0.0038], device='cuda:1')
pred_num:  tensor([209, 251, 216], device='cuda:3')
correct_num:  tensor([1, 5, 2], device='cuda:3')
true divide result:  tensor([0.0048, 0.0199, 0.0093], device='cuda:3')
pred_num:  tensor([168, 207, 139], device='cuda:0')
correct_num:  tensor([1, 0, 0], device='cuda:0')
true divide result:  tensor([0.0060, 0.0000, 0.0000], device='cuda:0')
pred_num:  tensor([183, 255, 260], device='cuda:2')
correct_num:  tensor([2, 1, 1], device='cuda:2')
true divide result:  tensor([0.0109, 0.0039, 0.0038], device='cuda:2')
pred_num:  tensor([ 65,  77, 202], device='cuda:1')
correct_num:  tensor([1, 0, 1], device='cuda:1')
true divide result:  tensor([0.0154, 0.0000, 0.0050], device='cuda:1')
pred_num:  tensor([134, 245, 149], device='cuda:3')
correct_num:  tensor([2, 2, 0], device='cuda:3')
true divide result:  tensor([0.0149, 0.0082, 0.0000], device='cuda:3')
pred_num:  tensor([147, 188, 244], device='cuda:0')
correct_num:  tensor([1, 1, 1], device='cuda:0')
true divide result:  tensor([0.0068, 0.0053, 0.0041], device='cuda:0')
pred_num:  tensor([256, 249, 135], device='cuda:2')
correct_num:  tensor([1, 0, 0], device='cuda:2')
true divide result:  tensor([0.0039, 0.0000, 0.0000], device='cuda:2')
pred_num:  tensor([ 78, 185, 230], device='cuda:1')
correct_num:  tensor([0, 0, 2], device='cuda:1')
true divide result:  tensor([0.0000, 0.0000, 0.0087], device='cuda:1')
pred_num:  tensor([300, 229, 228], device='cuda:3')
correct_num:  tensor([2, 3, 0], device='cuda:3')
true divide result:  tensor([0.0067, 0.0131, 0.0000], device='cuda:3')
pred_num:  tensor([224, 265, 324], device='cuda:0')
correct_num:  tensor([2, 2, 2], device='cuda:0')
true divide result:  tensor([0.0089, 0.0075, 0.0062], device='cuda:0')
pred_num:  tensor([187, 249, 258], device='cuda:2')
correct_num:  tensor([0, 2, 1], device='cuda:2')
true divide result:  tensor([0.0000, 0.0080, 0.0039], device='cuda:2')
pred_num:  tensor([120, 290, 115], device='cuda:1')
correct_num:  tensor([0, 2, 0], device='cuda:1')
true divide result:  tensor([0.0000, 0.0069, 0.0000], device='cuda:1')
pred_num:  tensor([188, 187, 168], device='cuda:3')
correct_num:  tensor([2, 1, 1], device='cuda:3')
true divide result:  tensor([0.0106, 0.0053, 0.0060], device='cuda:3')
pred_num:  tensor([152, 226, 231], device='cuda:0')
correct_num:  tensor([2, 0, 3], device='cuda:0')
true divide result:  tensor([0.0132, 0.0000, 0.0130], device='cuda:0')
pred_num:  tensor([179, 310, 218], device='cuda:2')
correct_num:  tensor([1, 3, 1], device='cuda:2')
true divide result:  tensor([0.0056, 0.0097, 0.0046], device='cuda:2')
pred_num:  tensor([192, 162, 250], device='cuda:1')
correct_num:  tensor([0, 1, 2], device='cuda:1')
true divide result:  tensor([0.0000, 0.0062, 0.0080], device='cuda:1')
pred_num:  tensor([150, 261, 169], device='cuda:3')
correct_num:  tensor([0, 2, 0], device='cuda:3')
true divide result:  tensor([0.0000, 0.0077, 0.0000], device='cuda:3')
pred_num:  tensor([232, 181, 261], device='cuda:0')
correct_num:  tensor([4, 5, 3], device='cuda:0')
true divide result:  tensor([0.0172, 0.0276, 0.0115], device='cuda:0')
pred_num:  tensor([215, 215, 254], device='cuda:2')
correct_num:  tensor([0, 2, 0], device='cuda:2')
true divide result:  tensor([0.0000, 0.0093, 0.0000], device='cuda:2')
pred_num:  tensor([182, 230, 238], device='cuda:1')
correct_num:  tensor([1, 1, 1], device='cuda:1')
true divide result:  tensor([0.0055, 0.0043, 0.0042], device='cuda:1')
pred_num:  tensor([247, 269, 153], device='cuda:3')
correct_num:  tensor([1, 1, 2], device='cuda:3')
true divide result:  tensor([0.0040, 0.0037, 0.0131], device='cuda:3')
pred_num:  tensor([226, 243, 103], device='cuda:0')
correct_num:  tensor([2, 0, 1], device='cuda:0')
true divide result:  tensor([0.0088, 0.0000, 0.0097], device='cuda:0')
pred_num:  tensor([196, 196, 281], device='cuda:2')
correct_num:  tensor([0, 2, 4], device='cuda:2')
true divide result:  tensor([0.0000, 0.0102, 0.0142], device='cuda:2')
pred_num:  tensor([211, 148, 150], device='cuda:1')
correct_num:  tensor([1, 0, 1], device='cuda:1')
true divide result:  tensor([0.0047, 0.0000, 0.0067], device='cuda:1')
pred_num:  tensor([261, 236, 263], device='cuda:3')
correct_num:  tensor([0, 0, 2], device='cuda:3')
true divide result:  tensor([0.0000, 0.0000, 0.0076], device='cuda:3')
pred_num:  tensor([186, 208, 168], device='cuda:0')
correct_num:  tensor([2, 0, 0], device='cuda:0')
true divide result:  tensor([0.0108, 0.0000, 0.0000], device='cuda:0')
pred_num:  tensor([175, 300, 158], device='cuda:2')
correct_num:  tensor([0, 0, 1], device='cuda:2')
true divide result:  tensor([0.0000, 0.0000, 0.0063], device='cuda:2')
pred_num:  tensor([216, 157, 254], device='cuda:1')
correct_num:  tensor([1, 0, 1], device='cuda:1')
true divide result:  tensor([0.0046, 0.0000, 0.0039], device='cuda:1')
pred_num:  tensor([162, 264, 171], device='cuda:3')
correct_num:  tensor([0, 1, 1], device='cuda:3')
true divide result:  tensor([0.0000, 0.0038, 0.0058], device='cuda:3')
pred_num:  tensor([157, 193, 259], device='cuda:0')
correct_num:  tensor([0, 0, 0], device='cuda:0')
true divide result:  tensor([0., 0., 0.], device='cuda:0')
pred_num:  tensor([159, 274, 229], device='cuda:2')
correct_num:  tensor([1, 2, 1], device='cuda:2')
true divide result:  tensor([0.0063, 0.0073, 0.0044], device='cuda:2')
pred_num:  tensor([179, 187, 236], device='cuda:1')
correct_num:  tensor([1, 3, 2], device='cuda:1')
true divide result:  tensor([0.0056, 0.0160, 0.0085], device='cuda:1')
pred_num:  tensor([259, 211, 150], device='cuda:3')
correct_num:  tensor([4, 1, 0], device='cuda:3')
true divide result:  tensor([0.0154, 0.0047, 0.0000], device='cuda:3')
pred_num:  tensor([217, 218, 214], device='cuda:0')
correct_num:  tensor([0, 1, 2], device='cuda:0')
true divide result:  tensor([0.0000, 0.0046, 0.0093], device='cuda:0')
pred_num:  tensor([248, 170, 210], device='cuda:2')
correct_num:  tensor([6, 0, 0], device='cuda:2')
true divide result:  tensor([0.0242, 0.0000, 0.0000], device='cuda:2')
pred_num:  tensor([124, 143, 252], device='cuda:1')
correct_num:  tensor([0, 1, 1], device='cuda:1')
true divide result:  tensor([0.0000, 0.0070, 0.0040], device='cuda:1')
pred_num:  tensor([154, 238, 166], device='cuda:3')
correct_num:  tensor([0, 1, 0], device='cuda:3')
true divide result:  tensor([0.0000, 0.0042, 0.0000], device='cuda:3')
pred_num:  tensor([220, 290, 266], device='cuda:0')
correct_num:  tensor([0, 4, 3], device='cuda:0')
true divide result:  tensor([0.0000, 0.0138, 0.0113], device='cuda:0')
pred_num:  tensor([217, 234,  77], device='cuda:2')
correct_num:  tensor([0, 1, 0], device='cuda:2')
true divide result:  tensor([0.0000, 0.0043, 0.0000], device='cuda:2')
pred_num:  tensor([267, 161, 247], device='cuda:1')
correct_num:  tensor([1, 1, 2], device='cuda:1')
true divide result:  tensor([0.0037, 0.0062, 0.0081], device='cuda:1')
pred_num:  tensor([214, 271, 143], device='cuda:3')
correct_num:  tensor([2, 1, 0], device='cuda:3')
true divide result:  tensor([0.0093, 0.0037, 0.0000], device='cuda:3')
pred_num:  tensor([262, 248, 136], device='cuda:0')
correct_num:  tensor([1, 2, 0], device='cuda:0')
true divide result:  tensor([0.0038, 0.0081, 0.0000], device='cuda:0')
pred_num:  tensor([278,  90, 119], device='cuda:2')
correct_num:  tensor([1, 0, 0], device='cuda:2')
true divide result:  tensor([0.0036, 0.0000, 0.0000], device='cuda:2')
pred_num:  tensor([145, 228, 267], device='cuda:1')
correct_num:  tensor([3, 3, 1], device='cuda:1')
true divide result:  tensor([0.0207, 0.0132, 0.0037], device='cuda:1')
pred_num:  tensor([222, 244, 260], device='cuda:3')
correct_num:  tensor([1, 1, 0], device='cuda:3')
true divide result:  tensor([0.0045, 0.0041, 0.0000], device='cuda:3')
pred_num:  tensor([191, 161, 204], device='cuda:0')
correct_num:  tensor([0, 0, 0], device='cuda:0')
true divide result:  tensor([0., 0., 0.], device='cuda:0')
pred_num:  tensor([227, 188, 210], device='cuda:2')
correct_num:  tensor([3, 2, 1], device='cuda:2')
true divide result:  tensor([0.0132, 0.0106, 0.0048], device='cuda:2')
pred_num:  tensor([282, 249, 251], device='cuda:1')
correct_num:  tensor([1, 2, 0], device='cuda:1')
true divide result:  tensor([0.0035, 0.0080, 0.0000], device='cuda:1')
pred_num:  tensor([202, 239, 236], device='cuda:3')
correct_num:  tensor([2, 4, 0], device='cuda:3')
true divide result:  tensor([0.0099, 0.0167, 0.0000], device='cuda:3')
pred_num:  tensor([252, 185, 188], device='cuda:0')
correct_num:  tensor([2, 0, 0], device='cuda:0')
true divide result:  tensor([0.0079, 0.0000, 0.0000], device='cuda:0')
pred_num:  tensor([253, 231, 130], device='cuda:2')
correct_num:  tensor([1, 3, 0], device='cuda:2')
true divide result:  tensor([0.0040, 0.0130, 0.0000], device='cuda:2')
pred_num:  tensor([277, 241, 248], device='cuda:1')
correct_num:  tensor([1, 1, 2], device='cuda:1')
true divide result:  tensor([0.0036, 0.0041, 0.0081], device='cuda:1')
pred_num:  tensor([248, 244, 184], device='cuda:3')
correct_num:  tensor([2, 3, 1], device='cuda:3')
true divide result:  tensor([0.0081, 0.0123, 0.0054], device='cuda:3')
pred_num:  tensor([242, 118, 246], device='cuda:0')
correct_num:  tensor([2, 0, 1], device='cuda:0')
true divide result:  tensor([0.0083, 0.0000, 0.0041], device='cuda:0')
pred_num:  tensor([289, 232, 167], device='cuda:2')
correct_num:  tensor([4, 2, 1], device='cuda:2')
true divide result:  tensor([0.0138, 0.0086, 0.0060], device='cuda:2')
pred_num:  tensor([168, 207, 225], device='cuda:1')
correct_num:  tensor([2, 1, 2], device='cuda:1')
true divide result:  tensor([0.0119, 0.0048, 0.0089], device='cuda:1')
pred_num:  tensor([226, 327, 204], device='cuda:3')
correct_num:  tensor([2, 3, 3], device='cuda:3')
true divide result:  tensor([0.0088, 0.0092, 0.0147], device='cuda:3')
pred_num:  tensor([235, 267, 237], device='cuda:0')
correct_num:  tensor([0, 2, 5], device='cuda:0')
true divide result:  tensor([0.0000, 0.0075, 0.0211], device='cuda:0')
pred_num:  tensor([150, 166, 159], device='cuda:2')
correct_num:  tensor([1, 1, 0], device='cuda:2')
true divide result:  tensor([0.0067, 0.0060, 0.0000], device='cuda:2')
pred_num:  tensor([232, 165, 145], device='cuda:1')
correct_num:  tensor([0, 2, 1], device='cuda:1')
true divide result:  tensor([0.0000, 0.0121, 0.0069], device='cuda:1')
pred_num:  tensor([227, 235, 183], device='cuda:3')
correct_num:  tensor([1, 0, 2], device='cuda:3')
true divide result:  tensor([0.0044, 0.0000, 0.0109], device='cuda:3')
pred_num:  tensor([228,  79, 196], device='cuda:0')
correct_num:  tensor([2, 1, 2], device='cuda:0')
true divide result:  tensor([0.0088, 0.0127, 0.0102], device='cuda:0')
pred_num:  tensor([257, 186, 200], device='cuda:2')
correct_num:  tensor([0, 2, 1], device='cuda:2')
true divide result:  tensor([0.0000, 0.0108, 0.0050], device='cuda:2')
pred_num:  tensor([240, 257, 270], device='cuda:1')
correct_num:  tensor([0, 4, 2], device='cuda:1')
true divide result:  tensor([0.0000, 0.0156, 0.0074], device='cuda:1')
pred_num:  tensor([139, 251, 217], device='cuda:3')
correct_num:  tensor([0, 1, 1], device='cuda:3')
true divide result:  tensor([0.0000, 0.0040, 0.0046], device='cuda:3')
pred_num:  tensor([238, 199, 223], device='cuda:0')
correct_num:  tensor([1, 0, 4], device='cuda:0')
true divide result:  tensor([0.0042, 0.0000, 0.0179], device='cuda:0')
pred_num:  tensor([279, 202, 144], device='cuda:2')
correct_num:  tensor([0, 1, 0], device='cuda:2')
true divide result:  tensor([0.0000, 0.0050, 0.0000], device='cuda:2')
pred_num:  tensor([214, 212, 309], device='cuda:1')
correct_num:  tensor([2, 4, 2], device='cuda:1')
true divide result:  tensor([0.0093, 0.0189, 0.0065], device='cuda:1')
pred_num:  tensor([167, 254, 163], device='cuda:3')
correct_num:  tensor([2, 1, 0], device='cuda:3')
true divide result:  tensor([0.0120, 0.0039, 0.0000], device='cuda:3')
pred_num:  tensor([219, 118, 241], device='cuda:0')
correct_num:  tensor([7, 0, 0], device='cuda:0')
true divide result:  tensor([0.0320, 0.0000, 0.0000], device='cuda:0')
pred_num:  tensor([138, 151, 248], device='cuda:2')
correct_num:  tensor([0, 2, 2], device='cuda:2')
true divide result:  tensor([0.0000, 0.0132, 0.0081], device='cuda:2')
pred_num:  tensor([179, 224, 267], device='cuda:1')
correct_num:  tensor([1, 2, 4], device='cuda:1')
true divide result:  tensor([0.0056, 0.0089, 0.0150], device='cuda:1')
pred_num:  tensor([149, 224, 270], device='cuda:3')
correct_num:  tensor([1, 1, 4], device='cuda:3')
true divide result:  tensor([0.0067, 0.0045, 0.0148], device='cuda:3')
pred_num:  tensor([222, 197, 282], device='cuda:0')
correct_num:  tensor([3, 0, 2], device='cuda:0')
true divide result:  tensor([0.0135, 0.0000, 0.0071], device='cuda:0')
pred_num:  tensor([206, 176,  81], device='cuda:2')
correct_num:  tensor([2, 0, 0], device='cuda:2')
true divide result:  tensor([0.0097, 0.0000, 0.0000], device='cuda:2')
pred_num:  tensor([140, 137, 230], device='cuda:1')
correct_num:  tensor([0, 1, 2], device='cuda:1')
true divide result:  tensor([0.0000, 0.0073, 0.0087], device='cuda:1')
pred_num:  tensor([252, 176, 249], device='cuda:3')
correct_num:  tensor([1, 0, 0], device='cuda:3')
true divide result:  tensor([0.0040, 0.0000, 0.0000], device='cuda:3')
pred_num:  tensor([108, 216, 263], device='cuda:0')
correct_num:  tensor([0, 3, 2], device='cuda:0')
true divide result:  tensor([0.0000, 0.0139, 0.0076], device='cuda:0')
pred_num:  tensor([281, 188, 214], device='cuda:2')
correct_num:  tensor([1, 1, 2], device='cuda:2')
true divide result:  tensor([0.0036, 0.0053, 0.0093], device='cuda:2')
pred_num:  tensor([191, 217, 239], device='cuda:1')
correct_num:  tensor([0, 0, 0], device='cuda:1')
true divide result:  tensor([0., 0., 0.], device='cuda:1')
pred_num:  tensor([309, 165, 189], device='cuda:3')
correct_num:  tensor([4, 1, 0], device='cuda:3')
true divide result:  tensor([0.0129, 0.0061, 0.0000], device='cuda:3')
pred_num:  tensor([289, 170, 253], device='cuda:0')
correct_num:  tensor([3, 0, 0], device='cuda:0')
true divide result:  tensor([0.0104, 0.0000, 0.0000], device='cuda:0')
pred_num:  tensor([279, 257, 206], device='cuda:2')
correct_num:  tensor([2, 3, 3], device='cuda:2')
true divide result:  tensor([0.0072, 0.0117, 0.0146], device='cuda:2')
pred_num:  tensor([224, 100, 202], device='cuda:1')
correct_num:  tensor([4, 0, 1], device='cuda:1')
true divide result:  tensor([0.0179, 0.0000, 0.0050], device='cuda:1')
pred_num:  tensor([225, 160, 176], device='cuda:3')
correct_num:  tensor([3, 3, 0], device='cuda:3')
true divide result:  tensor([0.0133, 0.0188, 0.0000], device='cuda:3')
pred_num:  tensor([217, 232, 191], device='cuda:0')
correct_num:  tensor([0, 0, 1], device='cuda:0')
true divide result:  tensor([0.0000, 0.0000, 0.0052], device='cuda:0')
pred_num:  tensor([259, 212, 237], device='cuda:2')
correct_num:  tensor([3, 1, 1], device='cuda:2')
true divide result:  tensor([0.0116, 0.0047, 0.0042], device='cuda:2')
pred_num:  tensor([158, 242, 143], device='cuda:1')
correct_num:  tensor([0, 2, 1], device='cuda:1')
true divide result:  tensor([0.0000, 0.0083, 0.0070], device='cuda:1')
pred_num:  tensor([234, 175, 122], device='cuda:3')
correct_num:  tensor([0, 2, 0], device='cuda:3')
true divide result:  tensor([0.0000, 0.0114, 0.0000], device='cuda:3')
pred_num:  tensor([156, 204, 194], device='cuda:0')
correct_num:  tensor([0, 1, 0], device='cuda:0')
true divide result:  tensor([0.0000, 0.0049, 0.0000], device='cuda:0')
pred_num:  tensor([139, 166, 224], device='cuda:2')
correct_num:  tensor([1, 1, 1], device='cuda:2')
true divide result:  tensor([0.0072, 0.0060, 0.0045], device='cuda:2')
pred_num:  tensor([219, 220, 177], device='cuda:1')
correct_num:  tensor([2, 1, 0], device='cuda:1')
true divide result:  tensor([0.0091, 0.0045, 0.0000], device='cuda:1')
pred_num:  tensor([156, 241, 264], device='cuda:3')
correct_num:  tensor([0, 1, 1], device='cuda:3')
true divide result:  tensor([0.0000, 0.0041, 0.0038], device='cuda:3')
pred_num:  tensor([285, 260, 196], device='cuda:0')
correct_num:  tensor([1, 2, 0], device='cuda:0')
true divide result:  tensor([0.0035, 0.0077, 0.0000], device='cuda:0')
pred_num:  tensor([200, 219, 234], device='cuda:2')
correct_num:  tensor([2, 3, 0], device='cuda:2')
true divide result:  tensor([0.0100, 0.0137, 0.0000], device='cuda:2')
pred_num:  tensor([158,  76, 259], device='cuda:1')
correct_num:  tensor([0, 0, 0], device='cuda:1')
true divide result:  tensor([0., 0., 0.], device='cuda:1')
pred_num:  tensor([261, 199, 185], device='cuda:3')
correct_num:  tensor([1, 2, 2], device='cuda:3')
true divide result:  tensor([0.0038, 0.0101, 0.0108], device='cuda:3')
pred_num:  tensor([220, 207,  80], device='cuda:0')
correct_num:  tensor([0, 0, 0], device='cuda:0')
true divide result:  tensor([0., 0., 0.], device='cuda:0')
pred_num:  tensor([177, 303, 229], device='cuda:2')
correct_num:  tensor([0, 2, 1], device='cuda:2')
true divide result:  tensor([0.0000, 0.0066, 0.0044], device='cuda:2')
pred_num:  tensor([209, 251, 219], device='cuda:1')
correct_num:  tensor([1, 5, 2], device='cuda:1')
true divide result:  tensor([0.0048, 0.0199, 0.0091], device='cuda:1')
pred_num:  tensor([299, 252,  67], device='cuda:3')
correct_num:  tensor([2, 3, 0], device='cuda:3')
true divide result:  tensor([0.0067, 0.0119, 0.0000], device='cuda:3')
pred_num:  tensor([240, 284, 125], device='cuda:0')
correct_num:  tensor([2, 0, 0], device='cuda:0')
true divide result:  tensor([0.0083, 0.0000, 0.0000], device='cuda:0')
pred_num:  tensor([258, 220, 242], device='cuda:2')
correct_num:  tensor([1, 1, 2], device='cuda:2')
true divide result:  tensor([0.0039, 0.0045, 0.0083], device='cuda:2')
pred_num:  tensor([111, 197, 213], device='cuda:1')
correct_num:  tensor([2, 3, 1], device='cuda:1')
true divide result:  tensor([0.0180, 0.0152, 0.0047], device='cuda:1')
pred_num:  tensor([127, 165, 288], device='cuda:3')
correct_num:  tensor([1, 0, 3], device='cuda:3')
true divide result:  tensor([0.0079, 0.0000, 0.0104], device='cuda:3')
pred_num:  tensor([172, 270, 150], device='cuda:0')
correct_num:  tensor([2, 0, 1], device='cuda:0')
true divide result:  tensor([0.0116, 0.0000, 0.0067], device='cuda:0')
pred_num:  tensor([190, 268, 148], device='cuda:2')
correct_num:  tensor([1, 1, 1], device='cuda:2')
true divide result:  tensor([0.0053, 0.0037, 0.0068], device='cuda:2')
pred_num:  tensor([193, 279, 262], device='cuda:1')
correct_num:  tensor([2, 1, 0], device='cuda:1')
true divide result:  tensor([0.0104, 0.0036, 0.0000], device='cuda:1')
pred_num:  tensor([289, 248, 297], device='cuda:3')
correct_num:  tensor([3, 1, 2], device='cuda:3')
true divide result:  tensor([0.0104, 0.0040, 0.0067], device='cuda:3')
pred_num:  tensor([248, 197, 299], device='cuda:0')
correct_num:  tensor([1, 1, 0], device='cuda:0')
true divide result:  tensor([0.0040, 0.0051, 0.0000], device='cuda:0')
pred_num:  tensor([287, 185, 260], device='cuda:2')
correct_num:  tensor([3, 3, 1], device='cuda:2')
true divide result:  tensor([0.0105, 0.0162, 0.0038], device='cuda:2')
pred_num:  tensor([301, 265, 205], device='cuda:1')
correct_num:  tensor([3, 1, 1], device='cuda:1')
true divide result:  tensor([0.0100, 0.0038, 0.0049], device='cuda:1')
pred_num:  tensor([177, 175, 267], device='cuda:3')
correct_num:  tensor([1, 2, 1], device='cuda:3')
true divide result:  tensor([0.0056, 0.0114, 0.0037], device='cuda:3')
pred_num:  tensor([152, 240, 280], device='cuda:0')
correct_num:  tensor([1, 2, 2], device='cuda:0')
true divide result:  tensor([0.0066, 0.0083, 0.0071], device='cuda:0')
pred_num:  tensor([250, 120, 127], device='cuda:2')
correct_num:  tensor([1, 4, 1], device='cuda:2')
true divide result:  tensor([0.0040, 0.0333, 0.0079], device='cuda:2')
pred_num:  tensor([211, 199, 252], device='cuda:1')
correct_num:  tensor([2, 2, 3], device='cuda:1')
true divide result:  tensor([0.0095, 0.0101, 0.0119], device='cuda:1')
pred_num:  tensor([224, 231, 214], device='cuda:3')
correct_num:  tensor([0, 1, 0], device='cuda:3')
true divide result:  tensor([0.0000, 0.0043, 0.0000], device='cuda:3')
pred_num:  tensor([167, 230, 256], device='cuda:0')
correct_num:  tensor([0, 1, 2], device='cuda:0')
true divide result:  tensor([0.0000, 0.0043, 0.0078], device='cuda:0')
pred_num:  tensor([209, 154, 240], device='cuda:2')
correct_num:  tensor([2, 0, 2], device='cuda:2')
true divide result:  tensor([0.0096, 0.0000, 0.0083], device='cuda:2')
pred_num:  tensor([230, 148, 214], device='cuda:1')
correct_num:  tensor([1, 1, 0], device='cuda:1')
true divide result:  tensor([0.0043, 0.0068, 0.0000], device='cuda:1')
pred_num:  tensor([182, 265, 239], device='cuda:3')
correct_num:  tensor([2, 3, 2], device='cuda:3')
true divide result:  tensor([0.0110, 0.0113, 0.0084], device='cuda:3')
pred_num:  tensor([251, 166, 178], device='cuda:0')
correct_num:  tensor([2, 3, 1], device='cuda:0')
true divide result:  tensor([0.0080, 0.0181, 0.0056], device='cuda:0')
