/home/kli3/.conda/envs/scbert/lib/python3.9/site-packages/torch/distributed/launch.py:181: FutureWarning: The module torch.distributed.launch is deprecated
and will be removed in future. Use torchrun.
Note that --use-env is set by default in torchrun.
If your script expects `--local-rank` argument to be set, please
change it to read from `os.environ['LOCAL_RANK']` instead. See 
https://pytorch.org/docs/stable/distributed.html#launch-utility for 
further instructions

  warnings.warn(
WARNING:torch.distributed.run:
*****************************************
Setting OMP_NUM_THREADS environment variable for each process to be 1 in default, to avoid your system being overloaded, please further tune the variable for optimal performance in your application as needed. 
*****************************************
Batch Size (per node):  3
Learning Rate:  0.0001
Batch Size (per node):  Batch Size (per node): Batch Size (per node): 3  
33Learning Rate: 

 Learning Rate: Learning Rate: 0.0001  
0.00010.0001

DEVICES:  [<torch.cuda.device object at 0x14691bb2df10>, <torch.cuda.device object at 0x14691bb2dee0>, <torch.cuda.device object at 0x14691bb2dd60>, <torch.cuda.device object at 0x14691bb2df40>]
DEVICES:  [<torch.cuda.device object at 0x149f66e4bdc0>, <torch.cuda.device object at 0x149f66e4be50>, <torch.cuda.device object at 0x149f66e4bcd0>, <torch.cuda.device object at 0x149f66e4beb0>]
DEVICES:  [<torch.cuda.device object at 0x148bb9c96dc0>, <torch.cuda.device object at 0x148bb9c96e50>, <torch.cuda.device object at 0x148bb9c96cd0>, <torch.cuda.device object at 0x148bb9c96eb0>]
DEVICES:  [<torch.cuda.device object at 0x146161c7cdc0>, <torch.cuda.device object at 0x146161c7ce50>, <torch.cuda.device object at 0x146161c7ccd0>, <torch.cuda.device object at 0x146161c7ceb0>]
/panfs/ccds02/nobackup/people/kli3/RNALearner/performer_pytorch/performer_pytorch.py:115: UserWarning: torch.qr is deprecated in favor of torch.linalg.qr and will be removed in a future PyTorch release.
The boolean parameter 'some' has been replaced with a string parameter 'mode'.
Q, R = torch.qr(A, some)
should be replaced with
Q, R = torch.linalg.qr(A, 'reduced' if some else 'complete') (Triggered internally at /opt/conda/conda-bld/pytorch_1678402374358/work/aten/src/ATen/native/BatchLinearAlgebra.cpp:2425.)
  q, r = torch.qr(unstructured_block.cpu(), some = True)
/panfs/ccds02/nobackup/people/kli3/RNALearner/performer_pytorch/performer_pytorch.py:115: UserWarning: torch.qr is deprecated in favor of torch.linalg.qr and will be removed in a future PyTorch release.
The boolean parameter 'some' has been replaced with a string parameter 'mode'.
Q, R = torch.qr(A, some)
should be replaced with
Q, R = torch.linalg.qr(A, 'reduced' if some else 'complete') (Triggered internally at /opt/conda/conda-bld/pytorch_1678402374358/work/aten/src/ATen/native/BatchLinearAlgebra.cpp:2425.)
  q, r = torch.qr(unstructured_block.cpu(), some = True)
/panfs/ccds02/nobackup/people/kli3/RNALearner/performer_pytorch/performer_pytorch.py:115: UserWarning: torch.qr is deprecated in favor of torch.linalg.qr and will be removed in a future PyTorch release.
The boolean parameter 'some' has been replaced with a string parameter 'mode'.
Q, R = torch.qr(A, some)
should be replaced with
Q, R = torch.linalg.qr(A, 'reduced' if some else 'complete') (Triggered internally at /opt/conda/conda-bld/pytorch_1678402374358/work/aten/src/ATen/native/BatchLinearAlgebra.cpp:2425.)
  q, r = torch.qr(unstructured_block.cpu(), some = True)
/panfs/ccds02/nobackup/people/kli3/RNALearner/performer_pytorch/performer_pytorch.py:115: UserWarning: torch.qr is deprecated in favor of torch.linalg.qr and will be removed in a future PyTorch release.
The boolean parameter 'some' has been replaced with a string parameter 'mode'.
Q, R = torch.qr(A, some)
should be replaced with
Q, R = torch.linalg.qr(A, 'reduced' if some else 'complete') (Triggered internally at /opt/conda/conda-bld/pytorch_1678402374358/work/aten/src/ATen/native/BatchLinearAlgebra.cpp:2425.)
  q, r = torch.qr(unstructured_block.cpu(), some = True)
    ==  Epoch: 1 | Training Loss: 0.018870 | Accuracy:    nan%  ==
    ==  Epoch: 1 | Validation Loss: 0.768366 | Accuracy: 79.4521%  ==
    ==  Epoch: 2 | Training Loss: 0.011038 | Accuracy:    nan%  ==
    ==  Epoch: 2 | Validation Loss: 0.642332 | Accuracy: 89.0411%  ==
    ==  Epoch: 3 | Training Loss: 0.010378 | Accuracy:    nan%  ==
    ==  Epoch: 3 | Validation Loss: 0.614581 | Accuracy: 84.1808%  ==
    ==  Epoch: 4 | Training Loss: 0.010124 | Accuracy:    nan%  ==
    ==  Epoch: 4 | Validation Loss: 0.593329 | Accuracy: 74.5455%  ==
