/home/kli3/.conda/envs/scbert/lib/python3.9/site-packages/torch/distributed/launch.py:181: FutureWarning: The module torch.distributed.launch is deprecated
and will be removed in future. Use torchrun.
Note that --use-env is set by default in torchrun.
If your script expects `--local-rank` argument to be set, please
change it to read from `os.environ['LOCAL_RANK']` instead. See 
https://pytorch.org/docs/stable/distributed.html#launch-utility for 
further instructions

  warnings.warn(
WARNING:torch.distributed.run:
*****************************************
Setting OMP_NUM_THREADS environment variable for each process to be 1 in default, to avoid your system being overloaded, please further tune the variable for optimal performance in your application as needed. 
*****************************************
Batch Size (per node):  3
Learning Rate:  0.0001
Batch Size (per node):  3
Learning Rate:  0.0001
Batch Size (per node):  3
Learning Rate:  0.0001
Batch Size (per node):  3
Learning Rate:  0.0001
DEVICES:  [<torch.cuda.device object at 0x148defdd7be0>, <torch.cuda.device object at 0x148defdd7bb0>, <torch.cuda.device object at 0x148defdd7a30>, <torch.cuda.device object at 0x148defdd7c10>]
DEVICES:  [<torch.cuda.device object at 0x148516858b50>, <torch.cuda.device object at 0x148516858be0>, <torch.cuda.device object at 0x148516858a60>, <torch.cuda.device object at 0x148516858c40>]
DEVICES:  [<torch.cuda.device object at 0x14aeeb5d3b50>, <torch.cuda.device object at 0x14aeeb5d3be0>, <torch.cuda.device object at 0x14aeeb5d3a60>, <torch.cuda.device object at 0x14aeeb5d3c40>]
DEVICES:  [<torch.cuda.device object at 0x14f6154eeb20>, <torch.cuda.device object at 0x14f6154eebb0>, <torch.cuda.device object at 0x14f6154eea30>, <torch.cuda.device object at 0x14f6154eec10>]
