/home/kli3/.conda/envs/scbert/lib/python3.9/site-packages/torch/distributed/launch.py:180: FutureWarning: The module torch.distributed.launch is deprecated
and will be removed in future. Use torchrun.
Note that --use_env is set by default in torchrun.
If your script expects `--local_rank` argument to be set, please
change it to read from `os.environ['LOCAL_RANK']` instead. See 
https://pytorch.org/docs/stable/distributed.html#launch-utility for 
further instructions

  warnings.warn(
WARNING:torch.distributed.run:
*****************************************
Setting OMP_NUM_THREADS environment variable for each process to be 1 in default, to avoid your system being overloaded, please further tune the variable for optimal performance in your application as needed. 
*****************************************
Batch Size (per node):  3
Learning Rate:  1e-05
Batch Size (per node):  3
Learning Rate:  1e-05
Batch Size (per node):  3
Learning Rate:  1e-05
Batch Size (per node):  3
Learning Rate:  1e-05
DEVICES:  [<torch.cuda.device object at 0x1514a77a4610>, <torch.cuda.device object at 0x1514a77a45e0>, <torch.cuda.device object at 0x1514a77a4460>, <torch.cuda.device object at 0x1514a77a4640>]
DEVICES:  [<torch.cuda.device object at 0x148f78fa6580>, <torch.cuda.device object at 0x148f78fa6610>, <torch.cuda.device object at 0x148f78fa6490>, <torch.cuda.device object at 0x148f78fa6670>]
DEVICES: DEVICES:   [<torch.cuda.device object at 0x147da266c550>, <torch.cuda.device object at 0x147da266c5e0>, <torch.cuda.device object at 0x147da266c460>, <torch.cuda.device object at 0x147da266c640>][<torch.cuda.device object at 0x154793ee4550>, <torch.cuda.device object at 0x154793ee45e0>, <torch.cuda.device object at 0x154793ee4460>, <torch.cuda.device object at 0x154793ee4640>]

/panfs/ccds02/nobackup/people/kli3/RNALearner/performer_pytorch/performer_pytorch.py:115: UserWarning: torch.qr is deprecated in favor of torch.linalg.qr and will be removed in a future PyTorch release.
The boolean parameter 'some' has been replaced with a string parameter 'mode'.
Q, R = torch.qr(A, some)
should be replaced with
Q, R = torch.linalg.qr(A, 'reduced' if some else 'complete') (Triggered internally at ../aten/src/ATen/native/BatchLinearAlgebra.cpp:2349.)
  q, r = torch.qr(unstructured_block.cpu(), some = True)
/panfs/ccds02/nobackup/people/kli3/RNALearner/performer_pytorch/performer_pytorch.py:115: UserWarning: torch.qr is deprecated in favor of torch.linalg.qr and will be removed in a future PyTorch release.
The boolean parameter 'some' has been replaced with a string parameter 'mode'.
Q, R = torch.qr(A, some)
should be replaced with
Q, R = torch.linalg.qr(A, 'reduced' if some else 'complete') (Triggered internally at ../aten/src/ATen/native/BatchLinearAlgebra.cpp:2349.)
  q, r = torch.qr(unstructured_block.cpu(), some = True)
/panfs/ccds02/nobackup/people/kli3/RNALearner/performer_pytorch/performer_pytorch.py:115: UserWarning: torch.qr is deprecated in favor of torch.linalg.qr and will be removed in a future PyTorch release.
The boolean parameter 'some' has been replaced with a string parameter 'mode'.
Q, R = torch.qr(A, some)
should be replaced with
Q, R = torch.linalg.qr(A, 'reduced' if some else 'complete') (Triggered internally at ../aten/src/ATen/native/BatchLinearAlgebra.cpp:2349.)
  q, r = torch.qr(unstructured_block.cpu(), some = True)
/panfs/ccds02/nobackup/people/kli3/RNALearner/performer_pytorch/performer_pytorch.py:115: UserWarning: torch.qr is deprecated in favor of torch.linalg.qr and will be removed in a future PyTorch release.
The boolean parameter 'some' has been replaced with a string parameter 'mode'.
Q, R = torch.qr(A, some)
should be replaced with
Q, R = torch.linalg.qr(A, 'reduced' if some else 'complete') (Triggered internally at ../aten/src/ATen/native/BatchLinearAlgebra.cpp:2349.)
  q, r = torch.qr(unstructured_block.cpu(), some = True)
